[ 2019-08-28T00:00:45+08:00 ] 125.94.22.130 /register/submitcontent.html
INFO: [ app_init ] --START--
INFO: Run Behavior\BuildLiteBehavior [ RunTime:0.000009s ]
INFO: [ app_init ] --END-- [ RunTime:0.000226s ]
INFO: [ app_begin ] --START--
INFO: Run Behavior\ReadHtmlCacheBehavior [ RunTime:0.000320s ]
INFO: [ app_begin ] --END-- [ RunTime:0.000353s ]
SQL: SHOW COLUMNS FROM `xb_mem_info` [ RunTime:0.0007s ]
SQL: SELECT * FROM `xb_mem_info` WHERE `Mobile` = '18176624431' AND `IsDel` = 0 LIMIT 1   [ RunTime:0.0031s ]
SQL: SHOW COLUMNS FROM `xb_mem_ed` [ RunTime:0.0004s ]
SQL: INSERT INTO `xb_mem_ed` (`name`,`mobile`,`userId`,`sex`,`createDate`,`money`,`card`,`houseType`,`carType`,`zy`,`work`,`gjj`,`ysr`,`sb`,`xyk`,`bd`,`city`) VALUES ('黄柏权','18176624431','42610','1','2019-08-28 00:00:45','0.5','','0','0','1','2','0','2','0','0','0','') [ RunTime:0.0039s ]

[ 2019-08-28T00:24:17+08:00 ] 221.120.32.100 /phpmyadmin/
INFO: [ app_init ] --START--
INFO: Run Behavior\BuildLiteBehavior [ RunTime:0.000009s ]
INFO: [ app_init ] --END-- [ RunTime:0.000241s ]
INFO: [ app_begin ] --START--
INFO: Run Behavior\ReadHtmlCacheBehavior [ RunTime:0.000336s ]
INFO: [ app_begin ] --END-- [ RunTime:0.000369s ]
ERR: 无法加载控制器:Phpmyadmin

[ 2019-08-28T01:19:12+08:00 ] 185.224.97.41 /
INFO: [ app_init ] --START--
INFO: Run Behavior\BuildLiteBehavior [ RunTime:0.000010s ]
INFO: [ app_init ] --END-- [ RunTime:0.000228s ]
INFO: [ app_begin ] --START--
INFO: Run Behavior\ReadHtmlCacheBehavior [ RunTime:0.000333s ]
INFO: [ app_begin ] --END-- [ RunTime:0.000366s ]
NOTIC: [8] Use of undefined constant HTTP_X_FORWARDED_FOR - assumed 'HTTP_X_FORWARDED_FOR' /www/wwwroot/xbm.mashangbang.top/Application/Common/Common/function.php 第 1396 行.
NOTIC: [8] Use of undefined constant HTTP_CLIENT_IP - assumed 'HTTP_CLIENT_IP' /www/wwwroot/xbm.mashangbang.top/Application/Common/Common/function.php 第 1398 行.
NOTIC: [8] Use of undefined constant REMOTE_ADDR - assumed 'REMOTE_ADDR' /www/wwwroot/xbm.mashangbang.top/Application/Common/Common/function.php 第 1401 行.
SQL: SHOW COLUMNS FROM `xb_sys_ipaddress` [ RunTime:0.0005s ]
SQL: SELECT * FROM `xb_sys_ipaddress` WHERE `IpAddress` = '185.224.97.41' LIMIT 1   [ RunTime:0.0003s ]
NOTIC: [8] Undefined index: data /www/wwwroot/xbm.mashangbang.top/Application/Common/Common/function.php 第 1423 行.
NOTIC: [8] Undefined index: data /www/wwwroot/xbm.mashangbang.top/Application/Common/Common/function.php 第 1424 行.
SQL: SHOW COLUMNS FROM `xb_sys_adcontent` [ RunTime:0.0005s ]
SQL: SELECT * FROM `xb_sys_adcontent` WHERE `AdvertisingID` = 1 AND `Status` = 1 ORDER BY Sort ASC,ID DESC LIMIT 3   [ RunTime:0.0001s ]
SQL: SHOW COLUMNS FROM `xb_sys_contentmanagement` [ RunTime:0.0004s ]
SQL: SELECT `ID`,`Title` FROM `xb_sys_contentmanagement` WHERE `CategoriesID` = 2 ORDER BY Sort asc,ID desc LIMIT 3   [ RunTime:0.0001s ]
SQL: SHOW COLUMNS FROM `xb_items_category` [ RunTime:0.0003s ]
SQL: SELECT `ID`,`Name`,`Imageurl` FROM `xb_items_category` WHERE `ParentID` = 0 AND `IsDel` = 0 AND `IsRec` = 1 AND `Status` = 1 ORDER BY Sort asc,ID desc LIMIT 8   [ RunTime:0.0001s ]
NOTIC: [8] Undefined variable: areid /www/wwwroot/xbm.mashangbang.top/Application/Home/Controller/IndexController.class.php 第 32 行.
SQL: SHOW COLUMNS FROM `xb_items` [ RunTime:0.0006s ]
SQL: SELECT `ID`,`Name`,`Logurl`,`AppNumbs` FROM `xb_items` WHERE `Itype` = '1' AND `IsRec` = '1' AND `IsDel` = '0' AND `Status` = '1' AND `Showtype` IN ('1','3') AND `Isshow` = '1' ORDER BY Sort asc,ID desc LIMIT 4   [ RunTime:0.0001s ]
NOTIC: [8] Undefined variable: areid /www/wwwroot/xbm.mashangbang.top/Application/Home/Controller/IndexController.class.php 第 45 行.
SQL: SELECT a.ID,a.Name,a.Logurl,a.Intro,a.AppNumbs,c.Name as Jkdays,a.DayfeeRate,b.Name as eduname FROM xb_items a left join xb_items_moneytype b on a.MoneytypeID=b.ID left join xb_items_jktimes c on a.JktimesID=c.ID  WHERE a.Itype = '1' AND a.IsHot = '1' AND a.IsDel = '0' AND a.Status = '1' AND a.Showtype IN ('1','3') AND a.Isshow = '1' ORDER BY a.Sort asc,a.ID desc LIMIT 20   [ RunTime:0.0001s ]
INFO: [ view_parse ] --START--
INFO: [ template_filter ] --START--
INFO: Run Behavior\ContentReplaceBehavior [ RunTime:0.000071s ]
INFO: [ template_filter ] --END-- [ RunTime:0.000100s ]
NOTIC: [8] Undefined variable: SEOTitle /www/wwwroot/xbm.mashangbang.top/Application/Runtime/Cache/Home/2a94b8bda04ff446dcedd42276fc99ee.php 第 11 行.
INFO: Run Behavior\ParseTemplateBehavior [ RunTime:0.006951s ]
INFO: [ view_parse ] --END-- [ RunTime:0.006977s ]
INFO: [ view_filter ] --START--
INFO: Run Behavior\WriteHtmlCacheBehavior [ RunTime:0.000153s ]
INFO: [ view_filter ] --END-- [ RunTime:0.000173s ]
INFO: [ app_end ] --START--
INFO: Run Behavior\ShowPageTraceBehavior [ RunTime:0.000365s ]
INFO: [ app_end ] --END-- [ RunTime:0.000398s ]

[ 2019-08-28T02:20:02+08:00 ] 187.102.51.69 /
INFO: [ app_init ] --START--
INFO: Run Behavior\BuildLiteBehavior [ RunTime:0.000014s ]
INFO: [ app_init ] --END-- [ RunTime:0.000311s ]
INFO: [ app_begin ] --START--
INFO: Run Behavior\ReadHtmlCacheBehavior [ RunTime:0.000318s ]
INFO: [ app_begin ] --END-- [ RunTime:0.000351s ]
NOTIC: [8] Use of undefined constant HTTP_X_FORWARDED_FOR - assumed 'HTTP_X_FORWARDED_FOR' /www/wwwroot/xbm.mashangbang.top/Application/Common/Common/function.php 第 1396 行.
NOTIC: [8] Use of undefined constant HTTP_CLIENT_IP - assumed 'HTTP_CLIENT_IP' /www/wwwroot/xbm.mashangbang.top/Application/Common/Common/function.php 第 1398 行.
NOTIC: [8] Use of undefined constant REMOTE_ADDR - assumed 'REMOTE_ADDR' /www/wwwroot/xbm.mashangbang.top/Application/Common/Common/function.php 第 1401 行.
SQL: SHOW COLUMNS FROM `xb_sys_ipaddress` [ RunTime:0.0005s ]
SQL: SELECT * FROM `xb_sys_ipaddress` WHERE `IpAddress` = '187.102.51.69' LIMIT 1   [ RunTime:0.0003s ]
NOTIC: [8] Undefined index: data /www/wwwroot/xbm.mashangbang.top/Application/Common/Common/function.php 第 1423 行.
NOTIC: [8] Undefined index: data /www/wwwroot/xbm.mashangbang.top/Application/Common/Common/function.php 第 1424 行.
SQL: SHOW COLUMNS FROM `xb_sys_adcontent` [ RunTime:0.0005s ]
SQL: SELECT * FROM `xb_sys_adcontent` WHERE `AdvertisingID` = 1 AND `Status` = 1 ORDER BY Sort ASC,ID DESC LIMIT 3   [ RunTime:0.0001s ]
SQL: SHOW COLUMNS FROM `xb_sys_contentmanagement` [ RunTime:0.0004s ]
SQL: SELECT `ID`,`Title` FROM `xb_sys_contentmanagement` WHERE `CategoriesID` = 2 ORDER BY Sort asc,ID desc LIMIT 3   [ RunTime:0.0001s ]
SQL: SHOW COLUMNS FROM `xb_items_category` [ RunTime:0.0004s ]
SQL: SELECT `ID`,`Name`,`Imageurl` FROM `xb_items_category` WHERE `ParentID` = 0 AND `IsDel` = 0 AND `IsRec` = 1 AND `Status` = 1 ORDER BY Sort asc,ID desc LIMIT 8   [ RunTime:0.0001s ]
NOTIC: [8] Undefined variable: areid /www/wwwroot/xbm.mashangbang.top/Application/Home/Controller/IndexController.class.php 第 32 行.
SQL: SHOW COLUMNS FROM `xb_items` [ RunTime:0.0007s ]
SQL: SELECT `ID`,`Name`,`Logurl`,`AppNumbs` FROM `xb_items` WHERE `Itype` = '1' AND `IsRec` = '1' AND `IsDel` = '0' AND `Status` = '1' AND `Showtype` IN ('1','3') AND `Isshow` = '1' ORDER BY Sort asc,ID desc LIMIT 4   [ RunTime:0.0001s ]
NOTIC: [8] Undefined variable: areid /www/wwwroot/xbm.mashangbang.top/Application/Home/Controller/IndexController.class.php 第 45 行.
SQL: SELECT a.ID,a.Name,a.Logurl,a.Intro,a.AppNumbs,c.Name as Jkdays,a.DayfeeRate,b.Name as eduname FROM xb_items a left join xb_items_moneytype b on a.MoneytypeID=b.ID left join xb_items_jktimes c on a.JktimesID=c.ID  WHERE a.Itype = '1' AND a.IsHot = '1' AND a.IsDel = '0' AND a.Status = '1' AND a.Showtype IN ('1','3') AND a.Isshow = '1' ORDER BY a.Sort asc,a.ID desc LIMIT 20   [ RunTime:0.0001s ]
INFO: [ view_parse ] --START--
INFO: [ template_filter ] --START--
INFO: Run Behavior\ContentReplaceBehavior [ RunTime:0.000072s ]
INFO: [ template_filter ] --END-- [ RunTime:0.000100s ]
NOTIC: [8] Undefined variable: SEOTitle /www/wwwroot/xbm.mashangbang.top/Application/Runtime/Cache/Home/2a94b8bda04ff446dcedd42276fc99ee.php 第 11 行.
INFO: Run Behavior\ParseTemplateBehavior [ RunTime:0.006907s ]
INFO: [ view_parse ] --END-- [ RunTime:0.006948s ]
INFO: [ view_filter ] --START--
INFO: Run Behavior\WriteHtmlCacheBehavior [ RunTime:0.000172s ]
INFO: [ view_filter ] --END-- [ RunTime:0.000197s ]
INFO: [ app_end ] --START--
INFO: Run Behavior\ShowPageTraceBehavior [ RunTime:0.000336s ]
INFO: [ app_end ] --END-- [ RunTime:0.000363s ]

[ 2019-08-28T03:49:05+08:00 ] 3.92.61.227 /
INFO: [ app_init ] --START--
INFO: Run Behavior\BuildLiteBehavior [ RunTime:0.000011s ]
INFO: [ app_init ] --END-- [ RunTime:0.000252s ]
INFO: [ app_begin ] --START--
INFO: Run Behavior\ReadHtmlCacheBehavior [ RunTime:0.000328s ]
INFO: [ app_begin ] --END-- [ RunTime:0.000362s ]
NOTIC: [8] Use of undefined constant HTTP_X_FORWARDED_FOR - assumed 'HTTP_X_FORWARDED_FOR' /www/wwwroot/xbm.mashangbang.top/Application/Common/Common/function.php 第 1396 行.
NOTIC: [8] Use of undefined constant HTTP_CLIENT_IP - assumed 'HTTP_CLIENT_IP' /www/wwwroot/xbm.mashangbang.top/Application/Common/Common/function.php 第 1398 行.
NOTIC: [8] Use of undefined constant REMOTE_ADDR - assumed 'REMOTE_ADDR' /www/wwwroot/xbm.mashangbang.top/Application/Common/Common/function.php 第 1401 行.
SQL: SHOW COLUMNS FROM `xb_sys_ipaddress` [ RunTime:0.0005s ]
SQL: SELECT * FROM `xb_sys_ipaddress` WHERE `IpAddress` = '3.92.61.227' LIMIT 1   [ RunTime:0.0003s ]
NOTIC: [8] Undefined index: data /www/wwwroot/xbm.mashangbang.top/Application/Common/Common/function.php 第 1423 行.
NOTIC: [8] Undefined index: data /www/wwwroot/xbm.mashangbang.top/Application/Common/Common/function.php 第 1424 行.
SQL: SHOW COLUMNS FROM `xb_sys_adcontent` [ RunTime:0.0005s ]
SQL: SELECT * FROM `xb_sys_adcontent` WHERE `AdvertisingID` = 1 AND `Status` = 1 ORDER BY Sort ASC,ID DESC LIMIT 3   [ RunTime:0.0001s ]
SQL: SHOW COLUMNS FROM `xb_sys_contentmanagement` [ RunTime:0.0004s ]
SQL: SELECT `ID`,`Title` FROM `xb_sys_contentmanagement` WHERE `CategoriesID` = 2 ORDER BY Sort asc,ID desc LIMIT 3   [ RunTime:0.0001s ]
SQL: SHOW COLUMNS FROM `xb_items_category` [ RunTime:0.0004s ]
SQL: SELECT `ID`,`Name`,`Imageurl` FROM `xb_items_category` WHERE `ParentID` = 0 AND `IsDel` = 0 AND `IsRec` = 1 AND `Status` = 1 ORDER BY Sort asc,ID desc LIMIT 8   [ RunTime:0.0001s ]
NOTIC: [8] Undefined variable: areid /www/wwwroot/xbm.mashangbang.top/Application/Home/Controller/IndexController.class.php 第 32 行.
SQL: SHOW COLUMNS FROM `xb_items` [ RunTime:0.0007s ]
SQL: SELECT `ID`,`Name`,`Logurl`,`AppNumbs` FROM `xb_items` WHERE `Itype` = '1' AND `IsRec` = '1' AND `IsDel` = '0' AND `Status` = '1' AND `Showtype` IN ('1','3') AND `Isshow` = '1' ORDER BY Sort asc,ID desc LIMIT 4   [ RunTime:0.0001s ]
NOTIC: [8] Undefined variable: areid /www/wwwroot/xbm.mashangbang.top/Application/Home/Controller/IndexController.class.php 第 45 行.
SQL: SELECT a.ID,a.Name,a.Logurl,a.Intro,a.AppNumbs,c.Name as Jkdays,a.DayfeeRate,b.Name as eduname FROM xb_items a left join xb_items_moneytype b on a.MoneytypeID=b.ID left join xb_items_jktimes c on a.JktimesID=c.ID  WHERE a.Itype = '1' AND a.IsHot = '1' AND a.IsDel = '0' AND a.Status = '1' AND a.Showtype IN ('1','3') AND a.Isshow = '1' ORDER BY a.Sort asc,a.ID desc LIMIT 20   [ RunTime:0.0001s ]
INFO: [ view_parse ] --START--
INFO: [ template_filter ] --START--
INFO: Run Behavior\ContentReplaceBehavior [ RunTime:0.000068s ]
INFO: [ template_filter ] --END-- [ RunTime:0.000097s ]
NOTIC: [8] Undefined variable: SEOTitle /www/wwwroot/xbm.mashangbang.top/Application/Runtime/Cache/Home/2a94b8bda04ff446dcedd42276fc99ee.php 第 11 行.
INFO: Run Behavior\ParseTemplateBehavior [ RunTime:0.007422s ]
INFO: [ view_parse ] --END-- [ RunTime:0.007449s ]
INFO: [ view_filter ] --START--
INFO: Run Behavior\WriteHtmlCacheBehavior [ RunTime:0.000160s ]
INFO: [ view_filter ] --END-- [ RunTime:0.000181s ]
INFO: [ app_end ] --START--
INFO: Run Behavior\ShowPageTraceBehavior [ RunTime:0.000352s ]
INFO: [ app_end ] --END-- [ RunTime:0.000393s ]

[ 2019-08-28T03:50:45+08:00 ] 81.163.62.237 /
INFO: [ app_init ] --START--
INFO: Run Behavior\BuildLiteBehavior [ RunTime:0.000010s ]
INFO: [ app_init ] --END-- [ RunTime:0.000279s ]
INFO: [ app_begin ] --START--
INFO: Run Behavior\ReadHtmlCacheBehavior [ RunTime:0.000314s ]
INFO: [ app_begin ] --END-- [ RunTime:0.000348s ]
NOTIC: [8] Use of undefined constant HTTP_X_FORWARDED_FOR - assumed 'HTTP_X_FORWARDED_FOR' /www/wwwroot/xbm.mashangbang.top/Application/Common/Common/function.php 第 1396 行.
NOTIC: [8] Use of undefined constant HTTP_CLIENT_IP - assumed 'HTTP_CLIENT_IP' /www/wwwroot/xbm.mashangbang.top/Application/Common/Common/function.php 第 1398 行.
NOTIC: [8] Use of undefined constant REMOTE_ADDR - assumed 'REMOTE_ADDR' /www/wwwroot/xbm.mashangbang.top/Application/Common/Common/function.php 第 1401 行.
SQL: SHOW COLUMNS FROM `xb_sys_ipaddress` [ RunTime:0.0005s ]
SQL: SELECT * FROM `xb_sys_ipaddress` WHERE `IpAddress` = '81.163.62.237' LIMIT 1   [ RunTime:0.0003s ]
NOTIC: [8] Undefined index: data /www/wwwroot/xbm.mashangbang.top/Application/Common/Common/function.php 第 1423 行.
NOTIC: [8] Undefined index: data /www/wwwroot/xbm.mashangbang.top/Application/Common/Common/function.php 第 1424 行.
SQL: SHOW COLUMNS FROM `xb_sys_adcontent` [ RunTime:0.0005s ]
SQL: SELECT * FROM `xb_sys_adcontent` WHERE `AdvertisingID` = 1 AND `Status` = 1 ORDER BY Sort ASC,ID DESC LIMIT 3   [ RunTime:0.0001s ]
SQL: SHOW COLUMNS FROM `xb_sys_contentmanagement` [ RunTime:0.0004s ]
SQL: SELECT `ID`,`Title` FROM `xb_sys_contentmanagement` WHERE `CategoriesID` = 2 ORDER BY Sort asc,ID desc LIMIT 3   [ RunTime:0.0001s ]
SQL: SHOW COLUMNS FROM `xb_items_category` [ RunTime:0.0003s ]
SQL: SELECT `ID`,`Name`,`Imageurl` FROM `xb_items_category` WHERE `ParentID` = 0 AND `IsDel` = 0 AND `IsRec` = 1 AND `Status` = 1 ORDER BY Sort asc,ID desc LIMIT 8   [ RunTime:0.0001s ]
NOTIC: [8] Undefined variable: areid /www/wwwroot/xbm.mashangbang.top/Application/Home/Controller/IndexController.class.php 第 32 行.
SQL: SHOW COLUMNS FROM `xb_items` [ RunTime:0.0006s ]
SQL: SELECT `ID`,`Name`,`Logurl`,`AppNumbs` FROM `xb_items` WHERE `Itype` = '1' AND `IsRec` = '1' AND `IsDel` = '0' AND `Status` = '1' AND `Showtype` IN ('1','3') AND `Isshow` = '1' ORDER BY Sort asc,ID desc LIMIT 4   [ RunTime:0.0001s ]
NOTIC: [8] Undefined variable: areid /www/wwwroot/xbm.mashangbang.top/Application/Home/Controller/IndexController.class.php 第 45 行.
SQL: SELECT a.ID,a.Name,a.Logurl,a.Intro,a.AppNumbs,c.Name as Jkdays,a.DayfeeRate,b.Name as eduname FROM xb_items a left join xb_items_moneytype b on a.MoneytypeID=b.ID left join xb_items_jktimes c on a.JktimesID=c.ID  WHERE a.Itype = '1' AND a.IsHot = '1' AND a.IsDel = '0' AND a.Status = '1' AND a.Showtype IN ('1','3') AND a.Isshow = '1' ORDER BY a.Sort asc,a.ID desc LIMIT 20   [ RunTime:0.0001s ]
INFO: [ view_parse ] --START--
INFO: [ template_filter ] --START--
INFO: Run Behavior\ContentReplaceBehavior [ RunTime:0.000064s ]
INFO: [ template_filter ] --END-- [ RunTime:0.000092s ]
NOTIC: [8] Undefined variable: SEOTitle /www/wwwroot/xbm.mashangbang.top/Application/Runtime/Cache/Home/2a94b8bda04ff446dcedd42276fc99ee.php 第 11 行.
INFO: Run Behavior\ParseTemplateBehavior [ RunTime:0.006964s ]
INFO: [ view_parse ] --END-- [ RunTime:0.006988s ]
INFO: [ view_filter ] --START--
INFO: Run Behavior\WriteHtmlCacheBehavior [ RunTime:0.000185s ]
INFO: [ view_filter ] --END-- [ RunTime:0.000216s ]
INFO: [ app_end ] --START--
INFO: Run Behavior\ShowPageTraceBehavior [ RunTime:0.000343s ]
INFO: [ app_end ] --END-- [ RunTime:0.000370s ]

[ 2019-08-28T03:58:18+08:00 ] 201.131.236.166 /
INFO: [ app_init ] --START--
INFO: Run Behavior\BuildLiteBehavior [ RunTime:0.000010s ]
INFO: [ app_init ] --END-- [ RunTime:0.000230s ]
INFO: [ app_begin ] --START--
INFO: Run Behavior\ReadHtmlCacheBehavior [ RunTime:0.000315s ]
INFO: [ app_begin ] --END-- [ RunTime:0.000350s ]
NOTIC: [8] Use of undefined constant HTTP_X_FORWARDED_FOR - assumed 'HTTP_X_FORWARDED_FOR' /www/wwwroot/xbm.mashangbang.top/Application/Common/Common/function.php 第 1396 行.
NOTIC: [8] Use of undefined constant HTTP_CLIENT_IP - assumed 'HTTP_CLIENT_IP' /www/wwwroot/xbm.mashangbang.top/Application/Common/Common/function.php 第 1398 行.
NOTIC: [8] Use of undefined constant REMOTE_ADDR - assumed 'REMOTE_ADDR' /www/wwwroot/xbm.mashangbang.top/Application/Common/Common/function.php 第 1401 行.
SQL: SHOW COLUMNS FROM `xb_sys_ipaddress` [ RunTime:0.0005s ]
SQL: SELECT * FROM `xb_sys_ipaddress` WHERE `IpAddress` = '201.131.236.166' LIMIT 1   [ RunTime:0.0003s ]
NOTIC: [8] Undefined index: data /www/wwwroot/xbm.mashangbang.top/Application/Common/Common/function.php 第 1423 行.
NOTIC: [8] Undefined index: data /www/wwwroot/xbm.mashangbang.top/Application/Common/Common/function.php 第 1424 行.
SQL: SHOW COLUMNS FROM `xb_sys_adcontent` [ RunTime:0.0005s ]
SQL: SELECT * FROM `xb_sys_adcontent` WHERE `AdvertisingID` = 1 AND `Status` = 1 ORDER BY Sort ASC,ID DESC LIMIT 3   [ RunTime:0.0001s ]
SQL: SHOW COLUMNS FROM `xb_sys_contentmanagement` [ RunTime:0.0004s ]
SQL: SELECT `ID`,`Title` FROM `xb_sys_contentmanagement` WHERE `CategoriesID` = 2 ORDER BY Sort asc,ID desc LIMIT 3   [ RunTime:0.0001s ]
SQL: SHOW COLUMNS FROM `xb_items_category` [ RunTime:0.0003s ]
SQL: SELECT `ID`,`Name`,`Imageurl` FROM `xb_items_category` WHERE `ParentID` = 0 AND `IsDel` = 0 AND `IsRec` = 1 AND `Status` = 1 ORDER BY Sort asc,ID desc LIMIT 8   [ RunTime:0.0001s ]
NOTIC: [8] Undefined variable: areid /www/wwwroot/xbm.mashangbang.top/Application/Home/Controller/IndexController.class.php 第 32 行.
SQL: SHOW COLUMNS FROM `xb_items` [ RunTime:0.0006s ]
SQL: SELECT `ID`,`Name`,`Logurl`,`AppNumbs` FROM `xb_items` WHERE `Itype` = '1' AND `IsRec` = '1' AND `IsDel` = '0' AND `Status` = '1' AND `Showtype` IN ('1','3') AND `Isshow` = '1' ORDER BY Sort asc,ID desc LIMIT 4   [ RunTime:0.0001s ]
NOTIC: [8] Undefined variable: areid /www/wwwroot/xbm.mashangbang.top/Application/Home/Controller/IndexController.class.php 第 45 行.
SQL: SELECT a.ID,a.Name,a.Logurl,a.Intro,a.AppNumbs,c.Name as Jkdays,a.DayfeeRate,b.Name as eduname FROM xb_items a left join xb_items_moneytype b on a.MoneytypeID=b.ID left join xb_items_jktimes c on a.JktimesID=c.ID  WHERE a.Itype = '1' AND a.IsHot = '1' AND a.IsDel = '0' AND a.Status = '1' AND a.Showtype IN ('1','3') AND a.Isshow = '1' ORDER BY a.Sort asc,a.ID desc LIMIT 20   [ RunTime:0.0001s ]
INFO: [ view_parse ] --START--
INFO: [ template_filter ] --START--
INFO: Run Behavior\ContentReplaceBehavior [ RunTime:0.000065s ]
INFO: [ template_filter ] --END-- [ RunTime:0.000093s ]
NOTIC: [8] Undefined variable: SEOTitle /www/wwwroot/xbm.mashangbang.top/Application/Runtime/Cache/Home/2a94b8bda04ff446dcedd42276fc99ee.php 第 11 行.
INFO: Run Behavior\ParseTemplateBehavior [ RunTime:0.006976s ]
INFO: [ view_parse ] --END-- [ RunTime:0.007001s ]
INFO: [ view_filter ] --START--
INFO: Run Behavior\WriteHtmlCacheBehavior [ RunTime:0.000164s ]
INFO: [ view_filter ] --END-- [ RunTime:0.000183s ]
INFO: [ app_end ] --START--
INFO: Run Behavior\ShowPageTraceBehavior [ RunTime:0.000387s ]
INFO: [ app_end ] --END-- [ RunTime:0.000415s ]

[ 2019-08-28T09:14:08+08:00 ] 88.132.185.40 /
INFO: [ app_init ] --START--
INFO: Run Behavior\BuildLiteBehavior [ RunTime:0.000010s ]
INFO: [ app_init ] --END-- [ RunTime:0.000248s ]
INFO: [ app_begin ] --START--
INFO: Run Behavior\ReadHtmlCacheBehavior [ RunTime:0.000324s ]
INFO: [ app_begin ] --END-- [ RunTime:0.000359s ]
NOTIC: [8] Use of undefined constant HTTP_X_FORWARDED_FOR - assumed 'HTTP_X_FORWARDED_FOR' /www/wwwroot/xbm.mashangbang.top/Application/Common/Common/function.php 第 1396 行.
NOTIC: [8] Use of undefined constant HTTP_CLIENT_IP - assumed 'HTTP_CLIENT_IP' /www/wwwroot/xbm.mashangbang.top/Application/Common/Common/function.php 第 1398 行.
NOTIC: [8] Use of undefined constant REMOTE_ADDR - assumed 'REMOTE_ADDR' /www/wwwroot/xbm.mashangbang.top/Application/Common/Common/function.php 第 1401 行.
SQL: SHOW COLUMNS FROM `xb_sys_ipaddress` [ RunTime:0.0005s ]
SQL: SELECT * FROM `xb_sys_ipaddress` WHERE `IpAddress` = '88.132.185.40' LIMIT 1   [ RunTime:0.0003s ]
NOTIC: [8] Undefined index: data /www/wwwroot/xbm.mashangbang.top/Application/Common/Common/function.php 第 1423 行.
NOTIC: [8] Undefined index: data /www/wwwroot/xbm.mashangbang.top/Application/Common/Common/function.php 第 1424 行.
SQL: SHOW COLUMNS FROM `xb_sys_adcontent` [ RunTime:0.0005s ]
SQL: SELECT * FROM `xb_sys_adcontent` WHERE `AdvertisingID` = 1 AND `Status` = 1 ORDER BY Sort ASC,ID DESC LIMIT 3   [ RunTime:0.0001s ]
SQL: SHOW COLUMNS FROM `xb_sys_contentmanagement` [ RunTime:0.0004s ]
SQL: SELECT `ID`,`Title` FROM `xb_sys_contentmanagement` WHERE `CategoriesID` = 2 ORDER BY Sort asc,ID desc LIMIT 3   [ RunTime:0.0001s ]
SQL: SHOW COLUMNS FROM `xb_items_category` [ RunTime:0.0003s ]
SQL: SELECT `ID`,`Name`,`Imageurl` FROM `xb_items_category` WHERE `ParentID` = 0 AND `IsDel` = 0 AND `IsRec` = 1 AND `Status` = 1 ORDER BY Sort asc,ID desc LIMIT 8   [ RunTime:0.0001s ]
NOTIC: [8] Undefined variable: areid /www/wwwroot/xbm.mashangbang.top/Application/Home/Controller/IndexController.class.php 第 32 行.
SQL: SHOW COLUMNS FROM `xb_items` [ RunTime:0.0006s ]
SQL: SELECT `ID`,`Name`,`Logurl`,`AppNumbs` FROM `xb_items` WHERE `Itype` = '1' AND `IsRec` = '1' AND `IsDel` = '0' AND `Status` = '1' AND `Showtype` IN ('1','3') AND `Isshow` = '1' ORDER BY Sort asc,ID desc LIMIT 4   [ RunTime:0.0001s ]
NOTIC: [8] Undefined variable: areid /www/wwwroot/xbm.mashangbang.top/Application/Home/Controller/IndexController.class.php 第 45 行.
SQL: SELECT a.ID,a.Name,a.Logurl,a.Intro,a.AppNumbs,c.Name as Jkdays,a.DayfeeRate,b.Name as eduname FROM xb_items a left join xb_items_moneytype b on a.MoneytypeID=b.ID left join xb_items_jktimes c on a.JktimesID=c.ID  WHERE a.Itype = '1' AND a.IsHot = '1' AND a.IsDel = '0' AND a.Status = '1' AND a.Showtype IN ('1','3') AND a.Isshow = '1' ORDER BY a.Sort asc,a.ID desc LIMIT 20   [ RunTime:0.0001s ]
INFO: [ view_parse ] --START--
INFO: [ template_filter ] --START--
INFO: Run Behavior\ContentReplaceBehavior [ RunTime:0.000064s ]
INFO: [ template_filter ] --END-- [ RunTime:0.000091s ]
NOTIC: [8] Undefined variable: SEOTitle /www/wwwroot/xbm.mashangbang.top/Application/Runtime/Cache/Home/2a94b8bda04ff446dcedd42276fc99ee.php 第 11 行.
INFO: Run Behavior\ParseTemplateBehavior [ RunTime:0.006977s ]
INFO: [ view_parse ] --END-- [ RunTime:0.007004s ]
INFO: [ view_filter ] --START--
INFO: Run Behavior\WriteHtmlCacheBehavior [ RunTime:0.000180s ]
INFO: [ view_filter ] --END-- [ RunTime:0.000200s ]
INFO: [ app_end ] --START--
INFO: Run Behavior\ShowPageTraceBehavior [ RunTime:0.000341s ]
INFO: [ app_end ] --END-- [ RunTime:0.000369s ]

[ 2019-08-28T09:19:10+08:00 ] 117.91.228.61 /common/selfverify.html
INFO: [ app_init ] --START--
INFO: Run Behavior\BuildLiteBehavior [ RunTime:0.000012s ]
INFO: [ app_init ] --END-- [ RunTime:0.000330s ]
INFO: [ app_begin ] --START--
INFO: Run Behavior\ReadHtmlCacheBehavior [ RunTime:0.000467s ]
INFO: [ app_begin ] --END-- [ RunTime:0.000508s ]
INFO: [ app_end ] --START--
INFO: Run Behavior\ShowPageTraceBehavior [ RunTime:0.000468s ]
INFO: [ app_end ] --END-- [ RunTime:0.000516s ]

[ 2019-08-28T09:19:10+08:00 ] 117.91.228.61 /register/getdownloadurl.html
INFO: [ app_init ] --START--
INFO: Run Behavior\BuildLiteBehavior [ RunTime:0.000012s ]
INFO: [ app_init ] --END-- [ RunTime:0.000330s ]
INFO: [ app_begin ] --START--
INFO: Run Behavior\ReadHtmlCacheBehavior [ RunTime:0.000467s ]
INFO: [ app_begin ] --END-- [ RunTime:0.000507s ]
SQL: SHOW COLUMNS FROM `xb_sys_basicinfo` [ RunTime:0.0008s ]
SQL: SELECT * FROM `xb_sys_basicinfo` LIMIT 1   [ RunTime:0.0002s ]

[ 2019-08-28T09:19:10+08:00 ] 117.91.228.61 /favicon.ico
INFO: [ app_init ] --START--
INFO: Run Behavior\BuildLiteBehavior [ RunTime:0.000009s ]
INFO: [ app_init ] --END-- [ RunTime:0.000233s ]

[ 2019-08-28T09:34:32+08:00 ] 177.67.104.22 /
INFO: [ app_init ] --START--
INFO: Run Behavior\BuildLiteBehavior [ RunTime:0.000010s ]
INFO: [ app_init ] --END-- [ RunTime:0.000257s ]
INFO: [ app_begin ] --START--
INFO: Run Behavior\ReadHtmlCacheBehavior [ RunTime:0.000323s ]
INFO: [ app_begin ] --END-- [ RunTime:0.000355s ]
NOTIC: [8] Use of undefined constant HTTP_X_FORWARDED_FOR - assumed 'HTTP_X_FORWARDED_FOR' /www/wwwroot/xbm.mashangbang.top/Application/Common/Common/function.php 第 1396 行.
NOTIC: [8] Use of undefined constant HTTP_CLIENT_IP - assumed 'HTTP_CLIENT_IP' /www/wwwroot/xbm.mashangbang.top/Application/Common/Common/function.php 第 1398 行.
NOTIC: [8] Use of undefined constant REMOTE_ADDR - assumed 'REMOTE_ADDR' /www/wwwroot/xbm.mashangbang.top/Application/Common/Common/function.php 第 1401 行.
SQL: SHOW COLUMNS FROM `xb_sys_ipaddress` [ RunTime:0.0005s ]
SQL: SELECT * FROM `xb_sys_ipaddress` WHERE `IpAddress` = '177.67.104.22' LIMIT 1   [ RunTime:0.0003s ]
NOTIC: [8] Undefined index: data /www/wwwroot/xbm.mashangbang.top/Application/Common/Common/function.php 第 1423 行.
NOTIC: [8] Undefined index: data /www/wwwroot/xbm.mashangbang.top/Application/Common/Common/function.php 第 1424 行.
SQL: SHOW COLUMNS FROM `xb_sys_adcontent` [ RunTime:0.0005s ]
SQL: SELECT * FROM `xb_sys_adcontent` WHERE `AdvertisingID` = 1 AND `Status` = 1 ORDER BY Sort ASC,ID DESC LIMIT 3   [ RunTime:0.0001s ]
SQL: SHOW COLUMNS FROM `xb_sys_contentmanagement` [ RunTime:0.0004s ]
SQL: SELECT `ID`,`Title` FROM `xb_sys_contentmanagement` WHERE `CategoriesID` = 2 ORDER BY Sort asc,ID desc LIMIT 3   [ RunTime:0.0001s ]
SQL: SHOW COLUMNS FROM `xb_items_category` [ RunTime:0.0003s ]
SQL: SELECT `ID`,`Name`,`Imageurl` FROM `xb_items_category` WHERE `ParentID` = 0 AND `IsDel` = 0 AND `IsRec` = 1 AND `Status` = 1 ORDER BY Sort asc,ID desc LIMIT 8   [ RunTime:0.0001s ]
NOTIC: [8] Undefined variable: areid /www/wwwroot/xbm.mashangbang.top/Application/Home/Controller/IndexController.class.php 第 32 行.
SQL: SHOW COLUMNS FROM `xb_items` [ RunTime:0.0006s ]
SQL: SELECT `ID`,`Name`,`Logurl`,`AppNumbs` FROM `xb_items` WHERE `Itype` = '1' AND `IsRec` = '1' AND `IsDel` = '0' AND `Status` = '1' AND `Showtype` IN ('1','3') AND `Isshow` = '1' ORDER BY Sort asc,ID desc LIMIT 4   [ RunTime:0.0001s ]
NOTIC: [8] Undefined variable: areid /www/wwwroot/xbm.mashangbang.top/Application/Home/Controller/IndexController.class.php 第 45 行.
SQL: SELECT a.ID,a.Name,a.Logurl,a.Intro,a.AppNumbs,c.Name as Jkdays,a.DayfeeRate,b.Name as eduname FROM xb_items a left join xb_items_moneytype b on a.MoneytypeID=b.ID left join xb_items_jktimes c on a.JktimesID=c.ID  WHERE a.Itype = '1' AND a.IsHot = '1' AND a.IsDel = '0' AND a.Status = '1' AND a.Showtype IN ('1','3') AND a.Isshow = '1' ORDER BY a.Sort asc,a.ID desc LIMIT 20   [ RunTime:0.0001s ]
INFO: [ view_parse ] --START--
INFO: [ template_filter ] --START--
INFO: Run Behavior\ContentReplaceBehavior [ RunTime:0.000063s ]
INFO: [ template_filter ] --END-- [ RunTime:0.000090s ]
NOTIC: [8] Undefined variable: SEOTitle /www/wwwroot/xbm.mashangbang.top/Application/Runtime/Cache/Home/2a94b8bda04ff446dcedd42276fc99ee.php 第 11 行.
INFO: Run Behavior\ParseTemplateBehavior [ RunTime:0.006955s ]
INFO: [ view_parse ] --END-- [ RunTime:0.006984s ]
INFO: [ view_filter ] --START--
INFO: Run Behavior\WriteHtmlCacheBehavior [ RunTime:0.000154s ]
INFO: [ view_filter ] --END-- [ RunTime:0.000175s ]
INFO: [ app_end ] --START--
INFO: Run Behavior\ShowPageTraceBehavior [ RunTime:0.000346s ]
INFO: [ app_end ] --END-- [ RunTime:0.000372s ]

[ 2019-08-28T10:17:49+08:00 ] 177.200.203.189 /
INFO: [ app_init ] --START--
INFO: Run Behavior\BuildLiteBehavior [ RunTime:0.000010s ]
INFO: [ app_init ] --END-- [ RunTime:0.000228s ]
INFO: [ app_begin ] --START--
INFO: Run Behavior\ReadHtmlCacheBehavior [ RunTime:0.000322s ]
INFO: [ app_begin ] --END-- [ RunTime:0.000357s ]
NOTIC: [8] Use of undefined constant HTTP_X_FORWARDED_FOR - assumed 'HTTP_X_FORWARDED_FOR' /www/wwwroot/xbm.mashangbang.top/Application/Common/Common/function.php 第 1396 行.
NOTIC: [8] Use of undefined constant HTTP_CLIENT_IP - assumed 'HTTP_CLIENT_IP' /www/wwwroot/xbm.mashangbang.top/Application/Common/Common/function.php 第 1398 行.
NOTIC: [8] Use of undefined constant REMOTE_ADDR - assumed 'REMOTE_ADDR' /www/wwwroot/xbm.mashangbang.top/Application/Common/Common/function.php 第 1401 行.
SQL: SHOW COLUMNS FROM `xb_sys_ipaddress` [ RunTime:0.0005s ]
SQL: SELECT * FROM `xb_sys_ipaddress` WHERE `IpAddress` = '177.200.203.189' LIMIT 1   [ RunTime:0.0003s ]
NOTIC: [8] Undefined index: data /www/wwwroot/xbm.mashangbang.top/Application/Common/Common/function.php 第 1423 行.
NOTIC: [8] Undefined index: data /www/wwwroot/xbm.mashangbang.top/Application/Common/Common/function.php 第 1424 行.
SQL: SHOW COLUMNS FROM `xb_sys_adcontent` [ RunTime:0.0005s ]
SQL: SELECT * FROM `xb_sys_adcontent` WHERE `AdvertisingID` = 1 AND `Status` = 1 ORDER BY Sort ASC,ID DESC LIMIT 3   [ RunTime:0.0001s ]
SQL: SHOW COLUMNS FROM `xb_sys_contentmanagement` [ RunTime:0.0004s ]
SQL: SELECT `ID`,`Title` FROM `xb_sys_contentmanagement` WHERE `CategoriesID` = 2 ORDER BY Sort asc,ID desc LIMIT 3   [ RunTime:0.0001s ]
SQL: SHOW COLUMNS FROM `xb_items_category` [ RunTime:0.0003s ]
SQL: SELECT `ID`,`Name`,`Imageurl` FROM `xb_items_category` WHERE `ParentID` = 0 AND `IsDel` = 0 AND `IsRec` = 1 AND `Status` = 1 ORDER BY Sort asc,ID desc LIMIT 8   [ RunTime:0.0001s ]
NOTIC: [8] Undefined variable: areid /www/wwwroot/xbm.mashangbang.top/Application/Home/Controller/IndexController.class.php 第 32 行.
SQL: SHOW COLUMNS FROM `xb_items` [ RunTime:0.0006s ]
SQL: SELECT `ID`,`Name`,`Logurl`,`AppNumbs` FROM `xb_items` WHERE `Itype` = '1' AND `IsRec` = '1' AND `IsDel` = '0' AND `Status` = '1' AND `Showtype` IN ('1','3') AND `Isshow` = '1' ORDER BY Sort asc,ID desc LIMIT 4   [ RunTime:0.0001s ]
NOTIC: [8] Undefined variable: areid /www/wwwroot/xbm.mashangbang.top/Application/Home/Controller/IndexController.class.php 第 45 行.
SQL: SELECT a.ID,a.Name,a.Logurl,a.Intro,a.AppNumbs,c.Name as Jkdays,a.DayfeeRate,b.Name as eduname FROM xb_items a left join xb_items_moneytype b on a.MoneytypeID=b.ID left join xb_items_jktimes c on a.JktimesID=c.ID  WHERE a.Itype = '1' AND a.IsHot = '1' AND a.IsDel = '0' AND a.Status = '1' AND a.Showtype IN ('1','3') AND a.Isshow = '1' ORDER BY a.Sort asc,a.ID desc LIMIT 20   [ RunTime:0.0001s ]
INFO: [ view_parse ] --START--
INFO: [ template_filter ] --START--
INFO: Run Behavior\ContentReplaceBehavior [ RunTime:0.000066s ]
INFO: [ template_filter ] --END-- [ RunTime:0.000093s ]
NOTIC: [8] Undefined variable: SEOTitle /www/wwwroot/xbm.mashangbang.top/Application/Runtime/Cache/Home/2a94b8bda04ff446dcedd42276fc99ee.php 第 11 行.
INFO: Run Behavior\ParseTemplateBehavior [ RunTime:0.006990s ]
INFO: [ view_parse ] --END-- [ RunTime:0.007016s ]
INFO: [ view_filter ] --START--
INFO: Run Behavior\WriteHtmlCacheBehavior [ RunTime:0.000171s ]
INFO: [ view_filter ] --END-- [ RunTime:0.000191s ]
INFO: [ app_end ] --START--
INFO: Run Behavior\ShowPageTraceBehavior [ RunTime:0.000351s ]
INFO: [ app_end ] --END-- [ RunTime:0.000377s ]

[ 2019-08-28T11:37:20+08:00 ] 47.101.191.231 /
INFO: [ app_init ] --START--
INFO: Run Behavior\BuildLiteBehavior [ RunTime:0.000009s ]
INFO: [ app_init ] --END-- [ RunTime:0.000227s ]
INFO: [ app_begin ] --START--
INFO: Run Behavior\ReadHtmlCacheBehavior [ RunTime:0.000339s ]
INFO: [ app_begin ] --END-- [ RunTime:0.000383s ]
NOTIC: [8] Use of undefined constant HTTP_X_FORWARDED_FOR - assumed 'HTTP_X_FORWARDED_FOR' /www/wwwroot/xbm.mashangbang.top/Application/Common/Common/function.php 第 1396 行.
NOTIC: [8] Use of undefined constant HTTP_CLIENT_IP - assumed 'HTTP_CLIENT_IP' /www/wwwroot/xbm.mashangbang.top/Application/Common/Common/function.php 第 1398 行.
NOTIC: [8] Use of undefined constant REMOTE_ADDR - assumed 'REMOTE_ADDR' /www/wwwroot/xbm.mashangbang.top/Application/Common/Common/function.php 第 1401 行.
SQL: SHOW COLUMNS FROM `xb_sys_ipaddress` [ RunTime:0.0005s ]
SQL: SELECT * FROM `xb_sys_ipaddress` WHERE `IpAddress` = '47.101.191.231' LIMIT 1   [ RunTime:0.0001s ]
NOTIC: [8] Undefined index: data /www/wwwroot/xbm.mashangbang.top/Application/Common/Common/function.php 第 1423 行.
NOTIC: [8] Undefined index: data /www/wwwroot/xbm.mashangbang.top/Application/Common/Common/function.php 第 1424 行.
SQL: SHOW COLUMNS FROM `xb_sys_adcontent` [ RunTime:0.0005s ]
SQL: SELECT * FROM `xb_sys_adcontent` WHERE `AdvertisingID` = 1 AND `Status` = 1 ORDER BY Sort ASC,ID DESC LIMIT 3   [ RunTime:0.0001s ]
SQL: SHOW COLUMNS FROM `xb_sys_contentmanagement` [ RunTime:0.0004s ]
SQL: SELECT `ID`,`Title` FROM `xb_sys_contentmanagement` WHERE `CategoriesID` = 2 ORDER BY Sort asc,ID desc LIMIT 3   [ RunTime:0.0001s ]
SQL: SHOW COLUMNS FROM `xb_items_category` [ RunTime:0.0004s ]
SQL: SELECT `ID`,`Name`,`Imageurl` FROM `xb_items_category` WHERE `ParentID` = 0 AND `IsDel` = 0 AND `IsRec` = 1 AND `Status` = 1 ORDER BY Sort asc,ID desc LIMIT 8   [ RunTime:0.0001s ]
NOTIC: [8] Undefined variable: areid /www/wwwroot/xbm.mashangbang.top/Application/Home/Controller/IndexController.class.php 第 32 行.
SQL: SHOW COLUMNS FROM `xb_items` [ RunTime:0.0007s ]
SQL: SELECT `ID`,`Name`,`Logurl`,`AppNumbs` FROM `xb_items` WHERE `Itype` = '1' AND `IsRec` = '1' AND `IsDel` = '0' AND `Status` = '1' AND `Showtype` IN ('1','3') AND `Isshow` = '1' ORDER BY Sort asc,ID desc LIMIT 4   [ RunTime:0.0001s ]
NOTIC: [8] Undefined variable: areid /www/wwwroot/xbm.mashangbang.top/Application/Home/Controller/IndexController.class.php 第 45 行.
SQL: SELECT a.ID,a.Name,a.Logurl,a.Intro,a.AppNumbs,c.Name as Jkdays,a.DayfeeRate,b.Name as eduname FROM xb_items a left join xb_items_moneytype b on a.MoneytypeID=b.ID left join xb_items_jktimes c on a.JktimesID=c.ID  WHERE a.Itype = '1' AND a.IsHot = '1' AND a.IsDel = '0' AND a.Status = '1' AND a.Showtype IN ('1','3') AND a.Isshow = '1' ORDER BY a.Sort asc,a.ID desc LIMIT 20   [ RunTime:0.0001s ]
INFO: [ view_parse ] --START--
INFO: [ template_filter ] --START--
INFO: Run Behavior\ContentReplaceBehavior [ RunTime:0.000066s ]
INFO: [ template_filter ] --END-- [ RunTime:0.000109s ]
NOTIC: [8] Undefined variable: SEOTitle /www/wwwroot/xbm.mashangbang.top/Application/Runtime/Cache/Home/2a94b8bda04ff446dcedd42276fc99ee.php 第 11 行.
INFO: Run Behavior\ParseTemplateBehavior [ RunTime:0.006969s ]
INFO: [ view_parse ] --END-- [ RunTime:0.006995s ]
INFO: [ view_filter ] --START--
INFO: Run Behavior\WriteHtmlCacheBehavior [ RunTime:0.000152s ]
INFO: [ view_filter ] --END-- [ RunTime:0.000173s ]
INFO: [ app_end ] --START--
INFO: Run Behavior\ShowPageTraceBehavior [ RunTime:0.000336s ]
INFO: [ app_end ] --END-- [ RunTime:0.000362s ]

[ 2019-08-28T12:21:29+08:00 ] 185.152.190.163 /
INFO: [ app_init ] --START--
INFO: Run Behavior\BuildLiteBehavior [ RunTime:0.000011s ]
INFO: [ app_init ] --END-- [ RunTime:0.000242s ]
INFO: [ app_begin ] --START--
INFO: Run Behavior\ReadHtmlCacheBehavior [ RunTime:0.000326s ]
INFO: [ app_begin ] --END-- [ RunTime:0.000358s ]
NOTIC: [8] Use of undefined constant HTTP_X_FORWARDED_FOR - assumed 'HTTP_X_FORWARDED_FOR' /www/wwwroot/xbm.mashangbang.top/Application/Common/Common/function.php 第 1396 行.
NOTIC: [8] Use of undefined constant HTTP_CLIENT_IP - assumed 'HTTP_CLIENT_IP' /www/wwwroot/xbm.mashangbang.top/Application/Common/Common/function.php 第 1398 行.
NOTIC: [8] Use of undefined constant REMOTE_ADDR - assumed 'REMOTE_ADDR' /www/wwwroot/xbm.mashangbang.top/Application/Common/Common/function.php 第 1401 行.
SQL: SHOW COLUMNS FROM `xb_sys_ipaddress` [ RunTime:0.0005s ]
SQL: SELECT * FROM `xb_sys_ipaddress` WHERE `IpAddress` = '185.152.190.163' LIMIT 1   [ RunTime:0.0003s ]
NOTIC: [8] Undefined index: data /www/wwwroot/xbm.mashangbang.top/Application/Common/Common/function.php 第 1423 行.
NOTIC: [8] Undefined index: data /www/wwwroot/xbm.mashangbang.top/Application/Common/Common/function.php 第 1424 行.
SQL: SHOW COLUMNS FROM `xb_sys_adcontent` [ RunTime:0.0005s ]
SQL: SELECT * FROM `xb_sys_adcontent` WHERE `AdvertisingID` = 1 AND `Status` = 1 ORDER BY Sort ASC,ID DESC LIMIT 3   [ RunTime:0.0001s ]
SQL: SHOW COLUMNS FROM `xb_sys_contentmanagement` [ RunTime:0.0005s ]
SQL: SELECT `ID`,`Title` FROM `xb_sys_contentmanagement` WHERE `CategoriesID` = 2 ORDER BY Sort asc,ID desc LIMIT 3   [ RunTime:0.0001s ]
SQL: SHOW COLUMNS FROM `xb_items_category` [ RunTime:0.0003s ]
SQL: SELECT `ID`,`Name`,`Imageurl` FROM `xb_items_category` WHERE `ParentID` = 0 AND `IsDel` = 0 AND `IsRec` = 1 AND `Status` = 1 ORDER BY Sort asc,ID desc LIMIT 8   [ RunTime:0.0001s ]
NOTIC: [8] Undefined variable: areid /www/wwwroot/xbm.mashangbang.top/Application/Home/Controller/IndexController.class.php 第 32 行.
SQL: SHOW COLUMNS FROM `xb_items` [ RunTime:0.0006s ]
SQL: SELECT `ID`,`Name`,`Logurl`,`AppNumbs` FROM `xb_items` WHERE `Itype` = '1' AND `IsRec` = '1' AND `IsDel` = '0' AND `Status` = '1' AND `Showtype` IN ('1','3') AND `Isshow` = '1' ORDER BY Sort asc,ID desc LIMIT 4   [ RunTime:0.0001s ]
NOTIC: [8] Undefined variable: areid /www/wwwroot/xbm.mashangbang.top/Application/Home/Controller/IndexController.class.php 第 45 行.
SQL: SELECT a.ID,a.Name,a.Logurl,a.Intro,a.AppNumbs,c.Name as Jkdays,a.DayfeeRate,b.Name as eduname FROM xb_items a left join xb_items_moneytype b on a.MoneytypeID=b.ID left join xb_items_jktimes c on a.JktimesID=c.ID  WHERE a.Itype = '1' AND a.IsHot = '1' AND a.IsDel = '0' AND a.Status = '1' AND a.Showtype IN ('1','3') AND a.Isshow = '1' ORDER BY a.Sort asc,a.ID desc LIMIT 20   [ RunTime:0.0001s ]
INFO: [ view_parse ] --START--
INFO: [ template_filter ] --START--
INFO: Run Behavior\ContentReplaceBehavior [ RunTime:0.000066s ]
INFO: [ template_filter ] --END-- [ RunTime:0.000093s ]
NOTIC: [8] Undefined variable: SEOTitle /www/wwwroot/xbm.mashangbang.top/Application/Runtime/Cache/Home/2a94b8bda04ff446dcedd42276fc99ee.php 第 11 行.
INFO: Run Behavior\ParseTemplateBehavior [ RunTime:0.007004s ]
INFO: [ view_parse ] --END-- [ RunTime:0.007030s ]
INFO: [ view_filter ] --START--
INFO: Run Behavior\WriteHtmlCacheBehavior [ RunTime:0.000177s ]
INFO: [ view_filter ] --END-- [ RunTime:0.000197s ]
INFO: [ app_end ] --START--
INFO: Run Behavior\ShowPageTraceBehavior [ RunTime:0.000369s ]
INFO: [ app_end ] --END-- [ RunTime:0.000396s ]

[ 2019-08-28T12:23:54+08:00 ] 117.188.91.217 /register/content_c?mobile=15086132388
INFO: [ app_init ] --START--
INFO: Run Behavior\BuildLiteBehavior [ RunTime:0.000010s ]
INFO: [ app_init ] --END-- [ RunTime:0.000271s ]
INFO: [ app_begin ] --START--
INFO: Run Behavior\ReadHtmlCacheBehavior [ RunTime:0.000322s ]
INFO: [ app_begin ] --END-- [ RunTime:0.000355s ]
INFO: [ view_parse ] --START--
INFO: [ template_filter ] --START--
INFO: Run Behavior\ContentReplaceBehavior [ RunTime:0.000041s ]
INFO: [ template_filter ] --END-- [ RunTime:0.000072s ]
INFO: Run Behavior\ParseTemplateBehavior [ RunTime:0.005127s ]
INFO: [ view_parse ] --END-- [ RunTime:0.005158s ]
INFO: [ view_filter ] --START--
INFO: Run Behavior\WriteHtmlCacheBehavior [ RunTime:0.000150s ]
INFO: [ view_filter ] --END-- [ RunTime:0.000169s ]
INFO: [ app_end ] --START--
INFO: Run Behavior\ShowPageTraceBehavior [ RunTime:0.000346s ]
INFO: [ app_end ] --END-- [ RunTime:0.000375s ]

[ 2019-08-28T12:23:56+08:00 ] 117.188.91.217 /register/getdownloadurl.html
INFO: [ app_init ] --START--
INFO: Run Behavior\BuildLiteBehavior [ RunTime:0.000011s ]
INFO: [ app_init ] --END-- [ RunTime:0.000270s ]
INFO: [ app_begin ] --START--
INFO: Run Behavior\ReadHtmlCacheBehavior [ RunTime:0.000331s ]
INFO: [ app_begin ] --END-- [ RunTime:0.000362s ]
SQL: SHOW COLUMNS FROM `xb_sys_basicinfo` [ RunTime:0.0009s ]
SQL: SELECT * FROM `xb_sys_basicinfo` LIMIT 1   [ RunTime:0.0002s ]

[ 2019-08-28T12:23:56+08:00 ] 117.188.91.217 /favicon.ico
INFO: [ app_init ] --START--
INFO: Run Behavior\BuildLiteBehavior [ RunTime:0.000010s ]
INFO: [ app_init ] --END-- [ RunTime:0.000237s ]

[ 2019-08-28T12:25:58+08:00 ] 117.188.91.217 /register/submitcontent.html
INFO: [ app_init ] --START--
INFO: Run Behavior\BuildLiteBehavior [ RunTime:0.000021s ]
INFO: [ app_init ] --END-- [ RunTime:0.000230s ]
INFO: [ app_begin ] --START--
INFO: Run Behavior\ReadHtmlCacheBehavior [ RunTime:0.000310s ]
INFO: [ app_begin ] --END-- [ RunTime:0.000341s ]
SQL: SHOW COLUMNS FROM `xb_mem_info` [ RunTime:0.0007s ]
SQL: SELECT * FROM `xb_mem_info` WHERE `Mobile` = '15086132388' AND `IsDel` = 0 LIMIT 1   [ RunTime:0.0030s ]
SQL: SHOW COLUMNS FROM `xb_mem_ed` [ RunTime:0.0004s ]
SQL: INSERT INTO `xb_mem_ed` (`name`,`mobile`,`userId`,`sex`,`createDate`,`money`,`card`,`houseType`,`carType`,`zy`,`work`,`gjj`,`ysr`,`sb`,`xyk`,`bd`,`city`) VALUES ('何凤兰','15086132388','42613','0','2019-08-28 12:25:58','3','','0','0','4','3','0','1','0','0','0','') [ RunTime:0.0038s ]

[ 2019-08-28T12:26:24+08:00 ] 117.188.91.217 /register/content_c?mobile=15086132388
INFO: [ app_init ] --START--
INFO: Run Behavior\BuildLiteBehavior [ RunTime:0.000023s ]
INFO: [ app_init ] --END-- [ RunTime:0.000252s ]
INFO: [ app_begin ] --START--
INFO: Run Behavior\ReadHtmlCacheBehavior [ RunTime:0.000332s ]
INFO: [ app_begin ] --END-- [ RunTime:0.000365s ]
INFO: [ view_parse ] --START--
INFO: [ template_filter ] --START--
INFO: Run Behavior\ContentReplaceBehavior [ RunTime:0.000040s ]
INFO: [ template_filter ] --END-- [ RunTime:0.000072s ]
INFO: Run Behavior\ParseTemplateBehavior [ RunTime:0.005174s ]
INFO: [ view_parse ] --END-- [ RunTime:0.005206s ]
INFO: [ view_filter ] --START--
INFO: Run Behavior\WriteHtmlCacheBehavior [ RunTime:0.000160s ]
INFO: [ view_filter ] --END-- [ RunTime:0.000178s ]
INFO: [ app_end ] --START--
INFO: Run Behavior\ShowPageTraceBehavior [ RunTime:0.000377s ]
INFO: [ app_end ] --END-- [ RunTime:0.000410s ]

[ 2019-08-28T12:26:25+08:00 ] 117.188.91.217 /register/getdownloadurl.html
INFO: [ app_init ] --START--
INFO: Run Behavior\BuildLiteBehavior [ RunTime:0.000010s ]
INFO: [ app_init ] --END-- [ RunTime:0.000244s ]
INFO: [ app_begin ] --START--
INFO: Run Behavior\ReadHtmlCacheBehavior [ RunTime:0.000328s ]
INFO: [ app_begin ] --END-- [ RunTime:0.000360s ]
SQL: SHOW COLUMNS FROM `xb_sys_basicinfo` [ RunTime:0.0009s ]
SQL: SELECT * FROM `xb_sys_basicinfo` LIMIT 1   [ RunTime:0.0002s ]

[ 2019-08-28T12:26:25+08:00 ] 117.188.91.217 /favicon.ico
INFO: [ app_init ] --START--
INFO: Run Behavior\BuildLiteBehavior [ RunTime:0.000010s ]
INFO: [ app_init ] --END-- [ RunTime:0.000232s ]

[ 2019-08-28T12:26:45+08:00 ] 117.188.91.217 /register/content_c?mobile=15086132388
INFO: [ app_init ] --START--
INFO: Run Behavior\BuildLiteBehavior [ RunTime:0.000010s ]
INFO: [ app_init ] --END-- [ RunTime:0.000251s ]
INFO: [ app_begin ] --START--
INFO: Run Behavior\ReadHtmlCacheBehavior [ RunTime:0.000322s ]
INFO: [ app_begin ] --END-- [ RunTime:0.000355s ]
INFO: [ view_parse ] --START--
INFO: [ template_filter ] --START--
INFO: Run Behavior\ContentReplaceBehavior [ RunTime:0.000046s ]
INFO: [ template_filter ] --END-- [ RunTime:0.000083s ]
INFO: Run Behavior\ParseTemplateBehavior [ RunTime:0.005125s ]
INFO: [ view_parse ] --END-- [ RunTime:0.005156s ]
INFO: [ view_filter ] --START--
INFO: Run Behavior\WriteHtmlCacheBehavior [ RunTime:0.000161s ]
INFO: [ view_filter ] --END-- [ RunTime:0.000180s ]
INFO: [ app_end ] --START--
INFO: Run Behavior\ShowPageTraceBehavior [ RunTime:0.000399s ]
INFO: [ app_end ] --END-- [ RunTime:0.000427s ]

[ 2019-08-28T12:26:45+08:00 ] 117.188.91.217 /register/getdownloadurl.html
INFO: [ app_init ] --START--
INFO: Run Behavior\BuildLiteBehavior [ RunTime:0.000010s ]
INFO: [ app_init ] --END-- [ RunTime:0.000247s ]
INFO: [ app_begin ] --START--
INFO: Run Behavior\ReadHtmlCacheBehavior [ RunTime:0.000330s ]
INFO: [ app_begin ] --END-- [ RunTime:0.000360s ]
SQL: SHOW COLUMNS FROM `xb_sys_basicinfo` [ RunTime:0.0009s ]
SQL: SELECT * FROM `xb_sys_basicinfo` LIMIT 1   [ RunTime:0.0002s ]

[ 2019-08-28T12:26:45+08:00 ] 117.188.91.217 /favicon.ico
INFO: [ app_init ] --START--
INFO: Run Behavior\BuildLiteBehavior [ RunTime:0.000009s ]
INFO: [ app_init ] --END-- [ RunTime:0.000219s ]

[ 2019-08-28T12:27:55+08:00 ] 117.188.91.217 /register/submitcontent.html
INFO: [ app_init ] --START--
INFO: Run Behavior\BuildLiteBehavior [ RunTime:0.000011s ]
INFO: [ app_init ] --END-- [ RunTime:0.000276s ]
INFO: [ app_begin ] --START--
INFO: Run Behavior\ReadHtmlCacheBehavior [ RunTime:0.000312s ]
INFO: [ app_begin ] --END-- [ RunTime:0.000344s ]
SQL: SHOW COLUMNS FROM `xb_mem_info` [ RunTime:0.0007s ]
SQL: SELECT * FROM `xb_mem_info` WHERE `Mobile` = '15086132388' AND `IsDel` = 0 LIMIT 1   [ RunTime:0.0002s ]
SQL: SHOW COLUMNS FROM `xb_mem_ed` [ RunTime:0.0005s ]
SQL: INSERT INTO `xb_mem_ed` (`name`,`mobile`,`userId`,`sex`,`createDate`,`money`,`card`,`houseType`,`carType`,`zy`,`work`,`gjj`,`ysr`,`sb`,`xyk`,`bd`,`city`) VALUES ('何凤兰','15086132388','42613','0','2019-08-28 12:27:55','5','','0','0','3','3','0','1','0','0','0','') [ RunTime:0.0049s ]

[ 2019-08-28T12:34:18+08:00 ] 117.188.91.217 /register/content_c?mobile=15086132388
INFO: [ app_init ] --START--
INFO: Run Behavior\BuildLiteBehavior [ RunTime:0.000011s ]
INFO: [ app_init ] --END-- [ RunTime:0.000249s ]
INFO: [ app_begin ] --START--
INFO: Run Behavior\ReadHtmlCacheBehavior [ RunTime:0.000335s ]
INFO: [ app_begin ] --END-- [ RunTime:0.000372s ]
INFO: [ view_parse ] --START--
INFO: [ template_filter ] --START--
INFO: Run Behavior\ContentReplaceBehavior [ RunTime:0.000043s ]
INFO: [ template_filter ] --END-- [ RunTime:0.000077s ]
INFO: Run Behavior\ParseTemplateBehavior [ RunTime:0.005379s ]
INFO: [ view_parse ] --END-- [ RunTime:0.005421s ]
INFO: [ view_filter ] --START--
INFO: Run Behavior\WriteHtmlCacheBehavior [ RunTime:0.000158s ]
INFO: [ view_filter ] --END-- [ RunTime:0.000178s ]
INFO: [ app_end ] --START--
INFO: Run Behavior\ShowPageTraceBehavior [ RunTime:0.000382s ]
INFO: [ app_end ] --END-- [ RunTime:0.000412s ]

[ 2019-08-28T12:34:19+08:00 ] 117.188.91.217 /register/getdownloadurl.html
INFO: [ app_init ] --START--
INFO: Run Behavior\BuildLiteBehavior [ RunTime:0.000009s ]
INFO: [ app_init ] --END-- [ RunTime:0.000251s ]
INFO: [ app_begin ] --START--
INFO: Run Behavior\ReadHtmlCacheBehavior [ RunTime:0.000321s ]
INFO: [ app_begin ] --END-- [ RunTime:0.000353s ]
SQL: SHOW COLUMNS FROM `xb_sys_basicinfo` [ RunTime:0.0009s ]
SQL: SELECT * FROM `xb_sys_basicinfo` LIMIT 1   [ RunTime:0.0002s ]

[ 2019-08-28T12:34:19+08:00 ] 117.188.91.217 /favicon.ico
INFO: [ app_init ] --START--
INFO: Run Behavior\BuildLiteBehavior [ RunTime:0.000008s ]
INFO: [ app_init ] --END-- [ RunTime:0.000219s ]

[ 2019-08-28T14:16:50+08:00 ] 47.101.198.51 /
INFO: [ app_init ] --START--
INFO: Run Behavior\BuildLiteBehavior [ RunTime:0.000010s ]
INFO: [ app_init ] --END-- [ RunTime:0.000250s ]
INFO: [ app_begin ] --START--
INFO: Run Behavior\ReadHtmlCacheBehavior [ RunTime:0.000307s ]
INFO: [ app_begin ] --END-- [ RunTime:0.000339s ]
NOTIC: [8] Use of undefined constant HTTP_X_FORWARDED_FOR - assumed 'HTTP_X_FORWARDED_FOR' /www/wwwroot/xbm.mashangbang.top/Application/Common/Common/function.php 第 1396 行.
NOTIC: [8] Use of undefined constant HTTP_CLIENT_IP - assumed 'HTTP_CLIENT_IP' /www/wwwroot/xbm.mashangbang.top/Application/Common/Common/function.php 第 1398 行.
NOTIC: [8] Use of undefined constant REMOTE_ADDR - assumed 'REMOTE_ADDR' /www/wwwroot/xbm.mashangbang.top/Application/Common/Common/function.php 第 1401 行.
SQL: SHOW COLUMNS FROM `xb_sys_ipaddress` [ RunTime:0.0005s ]
SQL: SELECT * FROM `xb_sys_ipaddress` WHERE `IpAddress` = '47.101.198.51' LIMIT 1   [ RunTime:0.0001s ]
NOTIC: [8] Undefined index: data /www/wwwroot/xbm.mashangbang.top/Application/Common/Common/function.php 第 1423 行.
NOTIC: [8] Undefined index: data /www/wwwroot/xbm.mashangbang.top/Application/Common/Common/function.php 第 1424 行.
SQL: SHOW COLUMNS FROM `xb_sys_adcontent` [ RunTime:0.0005s ]
SQL: SELECT * FROM `xb_sys_adcontent` WHERE `AdvertisingID` = 1 AND `Status` = 1 ORDER BY Sort ASC,ID DESC LIMIT 3   [ RunTime:0.0002s ]
SQL: SHOW COLUMNS FROM `xb_sys_contentmanagement` [ RunTime:0.0004s ]
SQL: SELECT `ID`,`Title` FROM `xb_sys_contentmanagement` WHERE `CategoriesID` = 2 ORDER BY Sort asc,ID desc LIMIT 3   [ RunTime:0.0001s ]
SQL: SHOW COLUMNS FROM `xb_items_category` [ RunTime:0.0003s ]
SQL: SELECT `ID`,`Name`,`Imageurl` FROM `xb_items_category` WHERE `ParentID` = 0 AND `IsDel` = 0 AND `IsRec` = 1 AND `Status` = 1 ORDER BY Sort asc,ID desc LIMIT 8   [ RunTime:0.0001s ]
NOTIC: [8] Undefined variable: areid /www/wwwroot/xbm.mashangbang.top/Application/Home/Controller/IndexController.class.php 第 32 行.
SQL: SHOW COLUMNS FROM `xb_items` [ RunTime:0.0007s ]
SQL: SELECT `ID`,`Name`,`Logurl`,`AppNumbs` FROM `xb_items` WHERE `Itype` = '1' AND `IsRec` = '1' AND `IsDel` = '0' AND `Status` = '1' AND `Showtype` IN ('1','3') AND `Isshow` = '1' ORDER BY Sort asc,ID desc LIMIT 4   [ RunTime:0.0001s ]
NOTIC: [8] Undefined variable: areid /www/wwwroot/xbm.mashangbang.top/Application/Home/Controller/IndexController.class.php 第 45 行.
SQL: SELECT a.ID,a.Name,a.Logurl,a.Intro,a.AppNumbs,c.Name as Jkdays,a.DayfeeRate,b.Name as eduname FROM xb_items a left join xb_items_moneytype b on a.MoneytypeID=b.ID left join xb_items_jktimes c on a.JktimesID=c.ID  WHERE a.Itype = '1' AND a.IsHot = '1' AND a.IsDel = '0' AND a.Status = '1' AND a.Showtype IN ('1','3') AND a.Isshow = '1' ORDER BY a.Sort asc,a.ID desc LIMIT 20   [ RunTime:0.0001s ]
INFO: [ view_parse ] --START--
INFO: [ template_filter ] --START--
INFO: Run Behavior\ContentReplaceBehavior [ RunTime:0.000067s ]
INFO: [ template_filter ] --END-- [ RunTime:0.000094s ]
NOTIC: [8] Undefined variable: SEOTitle /www/wwwroot/xbm.mashangbang.top/Application/Runtime/Cache/Home/2a94b8bda04ff446dcedd42276fc99ee.php 第 11 行.
INFO: Run Behavior\ParseTemplateBehavior [ RunTime:0.007111s ]
INFO: [ view_parse ] --END-- [ RunTime:0.007142s ]
INFO: [ view_filter ] --START--
INFO: Run Behavior\WriteHtmlCacheBehavior [ RunTime:0.000156s ]
INFO: [ view_filter ] --END-- [ RunTime:0.000177s ]
INFO: [ app_end ] --START--
INFO: Run Behavior\ShowPageTraceBehavior [ RunTime:0.000334s ]
INFO: [ app_end ] --END-- [ RunTime:0.000362s ]

[ 2019-08-28T14:50:20+08:00 ] 58.132.205.66 /favicon.ico
INFO: [ app_init ] --START--
INFO: Run Behavior\BuildLiteBehavior [ RunTime:0.000011s ]
INFO: [ app_init ] --END-- [ RunTime:0.000270s ]

[ 2019-08-28T14:50:24+08:00 ] 117.136.56.80 /register/content_c?mobile=15845590117
INFO: [ app_init ] --START--
INFO: Run Behavior\BuildLiteBehavior [ RunTime:0.000010s ]
INFO: [ app_init ] --END-- [ RunTime:0.000235s ]
INFO: [ app_begin ] --START--
INFO: Run Behavior\ReadHtmlCacheBehavior [ RunTime:0.000328s ]
INFO: [ app_begin ] --END-- [ RunTime:0.000360s ]
INFO: [ view_parse ] --START--
INFO: [ template_filter ] --START--
INFO: Run Behavior\ContentReplaceBehavior [ RunTime:0.000039s ]
INFO: [ template_filter ] --END-- [ RunTime:0.000069s ]
INFO: Run Behavior\ParseTemplateBehavior [ RunTime:0.005123s ]
INFO: [ view_parse ] --END-- [ RunTime:0.005154s ]
INFO: [ view_filter ] --START--
INFO: Run Behavior\WriteHtmlCacheBehavior [ RunTime:0.000152s ]
INFO: [ view_filter ] --END-- [ RunTime:0.000172s ]
INFO: [ app_end ] --START--
INFO: Run Behavior\ShowPageTraceBehavior [ RunTime:0.000347s ]
INFO: [ app_end ] --END-- [ RunTime:0.000378s ]

[ 2019-08-28T14:50:24+08:00 ] 117.136.56.80 /register/getdownloadurl.html
INFO: [ app_init ] --START--
INFO: Run Behavior\BuildLiteBehavior [ RunTime:0.000010s ]
INFO: [ app_init ] --END-- [ RunTime:0.000244s ]
INFO: [ app_begin ] --START--
INFO: Run Behavior\ReadHtmlCacheBehavior [ RunTime:0.000316s ]
INFO: [ app_begin ] --END-- [ RunTime:0.000345s ]
SQL: SHOW COLUMNS FROM `xb_sys_basicinfo` [ RunTime:0.0009s ]
SQL: SELECT * FROM `xb_sys_basicinfo` LIMIT 1   [ RunTime:0.0002s ]

[ 2019-08-28T14:50:25+08:00 ] 117.136.56.80 /favicon.ico
INFO: [ app_init ] --START--
INFO: Run Behavior\BuildLiteBehavior [ RunTime:0.000011s ]
INFO: [ app_init ] --END-- [ RunTime:0.000263s ]

[ 2019-08-28T14:51:19+08:00 ] 117.136.56.80 /register/submitcontent.html
INFO: [ app_init ] --START--
INFO: Run Behavior\BuildLiteBehavior [ RunTime:0.000010s ]
INFO: [ app_init ] --END-- [ RunTime:0.000238s ]
INFO: [ app_begin ] --START--
INFO: Run Behavior\ReadHtmlCacheBehavior [ RunTime:0.000328s ]
INFO: [ app_begin ] --END-- [ RunTime:0.000361s ]
SQL: SHOW COLUMNS FROM `xb_mem_info` [ RunTime:0.0007s ]
SQL: SELECT * FROM `xb_mem_info` WHERE `Mobile` = '15845590117' AND `IsDel` = 0 LIMIT 1   [ RunTime:0.0031s ]
SQL: SHOW COLUMNS FROM `xb_mem_ed` [ RunTime:0.0004s ]
SQL: INSERT INTO `xb_mem_ed` (`name`,`mobile`,`userId`,`sex`,`createDate`,`money`,`card`,`houseType`,`carType`,`zy`,`work`,`gjj`,`ysr`,`sb`,`xyk`,`bd`,`city`) VALUES ('唐有为','15845590117','42614','1','2019-08-28 14:51:19','0.2','','0','0','3','3','0','1','0','0','0','') [ RunTime:0.0039s ]

[ 2019-08-28T15:35:59+08:00 ] 200.29.171.107 /
INFO: [ app_init ] --START--
INFO: Run Behavior\BuildLiteBehavior [ RunTime:0.000023s ]
INFO: [ app_init ] --END-- [ RunTime:0.000240s ]
INFO: [ app_begin ] --START--
INFO: Run Behavior\ReadHtmlCacheBehavior [ RunTime:0.000318s ]
INFO: [ app_begin ] --END-- [ RunTime:0.000352s ]
NOTIC: [8] Use of undefined constant HTTP_X_FORWARDED_FOR - assumed 'HTTP_X_FORWARDED_FOR' /www/wwwroot/xbm.mashangbang.top/Application/Common/Common/function.php 第 1396 行.
NOTIC: [8] Use of undefined constant HTTP_CLIENT_IP - assumed 'HTTP_CLIENT_IP' /www/wwwroot/xbm.mashangbang.top/Application/Common/Common/function.php 第 1398 行.
NOTIC: [8] Use of undefined constant REMOTE_ADDR - assumed 'REMOTE_ADDR' /www/wwwroot/xbm.mashangbang.top/Application/Common/Common/function.php 第 1401 行.
SQL: SHOW COLUMNS FROM `xb_sys_ipaddress` [ RunTime:0.0005s ]
SQL: SELECT * FROM `xb_sys_ipaddress` WHERE `IpAddress` = '200.29.171.107' LIMIT 1   [ RunTime:0.0003s ]
NOTIC: [8] Undefined index: data /www/wwwroot/xbm.mashangbang.top/Application/Common/Common/function.php 第 1423 行.
NOTIC: [8] Undefined index: data /www/wwwroot/xbm.mashangbang.top/Application/Common/Common/function.php 第 1424 行.
SQL: SHOW COLUMNS FROM `xb_sys_adcontent` [ RunTime:0.0004s ]
SQL: SELECT * FROM `xb_sys_adcontent` WHERE `AdvertisingID` = 1 AND `Status` = 1 ORDER BY Sort ASC,ID DESC LIMIT 3   [ RunTime:0.0001s ]
SQL: SHOW COLUMNS FROM `xb_sys_contentmanagement` [ RunTime:0.0004s ]
SQL: SELECT `ID`,`Title` FROM `xb_sys_contentmanagement` WHERE `CategoriesID` = 2 ORDER BY Sort asc,ID desc LIMIT 3   [ RunTime:0.0001s ]
SQL: SHOW COLUMNS FROM `xb_items_category` [ RunTime:0.0003s ]
SQL: SELECT `ID`,`Name`,`Imageurl` FROM `xb_items_category` WHERE `ParentID` = 0 AND `IsDel` = 0 AND `IsRec` = 1 AND `Status` = 1 ORDER BY Sort asc,ID desc LIMIT 8   [ RunTime:0.0001s ]
NOTIC: [8] Undefined variable: areid /www/wwwroot/xbm.mashangbang.top/Application/Home/Controller/IndexController.class.php 第 32 行.
SQL: SHOW COLUMNS FROM `xb_items` [ RunTime:0.0006s ]
SQL: SELECT `ID`,`Name`,`Logurl`,`AppNumbs` FROM `xb_items` WHERE `Itype` = '1' AND `IsRec` = '1' AND `IsDel` = '0' AND `Status` = '1' AND `Showtype` IN ('1','3') AND `Isshow` = '1' ORDER BY Sort asc,ID desc LIMIT 4   [ RunTime:0.0004s ]
NOTIC: [8] Undefined variable: areid /www/wwwroot/xbm.mashangbang.top/Application/Home/Controller/IndexController.class.php 第 45 行.
SQL: SELECT a.ID,a.Name,a.Logurl,a.Intro,a.AppNumbs,c.Name as Jkdays,a.DayfeeRate,b.Name as eduname FROM xb_items a left join xb_items_moneytype b on a.MoneytypeID=b.ID left join xb_items_jktimes c on a.JktimesID=c.ID  WHERE a.Itype = '1' AND a.IsHot = '1' AND a.IsDel = '0' AND a.Status = '1' AND a.Showtype IN ('1','3') AND a.Isshow = '1' ORDER BY a.Sort asc,a.ID desc LIMIT 20   [ RunTime:0.0004s ]
INFO: [ view_parse ] --START--
INFO: [ template_filter ] --START--
INFO: Run Behavior\ContentReplaceBehavior [ RunTime:0.000066s ]
INFO: [ template_filter ] --END-- [ RunTime:0.000093s ]
NOTIC: [8] Undefined variable: SEOTitle /www/wwwroot/xbm.mashangbang.top/Application/Runtime/Cache/Home/2a94b8bda04ff446dcedd42276fc99ee.php 第 11 行.
INFO: Run Behavior\ParseTemplateBehavior [ RunTime:0.007102s ]
INFO: [ view_parse ] --END-- [ RunTime:0.007128s ]
INFO: [ view_filter ] --START--
INFO: Run Behavior\WriteHtmlCacheBehavior [ RunTime:0.000165s ]
INFO: [ view_filter ] --END-- [ RunTime:0.000189s ]
INFO: [ app_end ] --START--
INFO: Run Behavior\ShowPageTraceBehavior [ RunTime:0.000364s ]
INFO: [ app_end ] --END-- [ RunTime:0.000394s ]

[ 2019-08-28T15:41:59+08:00 ] 117.132.183.17 /
INFO: [ app_init ] --START--
INFO: Run Behavior\BuildLiteBehavior [ RunTime:0.000009s ]
INFO: [ app_init ] --END-- [ RunTime:0.000239s ]
INFO: [ app_begin ] --START--
INFO: Run Behavior\ReadHtmlCacheBehavior [ RunTime:0.000371s ]
INFO: [ app_begin ] --END-- [ RunTime:0.000404s ]
NOTIC: [8] Use of undefined constant HTTP_X_FORWARDED_FOR - assumed 'HTTP_X_FORWARDED_FOR' /www/wwwroot/xbm.mashangbang.top/Application/Common/Common/function.php 第 1396 行.
NOTIC: [8] Use of undefined constant HTTP_CLIENT_IP - assumed 'HTTP_CLIENT_IP' /www/wwwroot/xbm.mashangbang.top/Application/Common/Common/function.php 第 1398 行.
NOTIC: [8] Use of undefined constant REMOTE_ADDR - assumed 'REMOTE_ADDR' /www/wwwroot/xbm.mashangbang.top/Application/Common/Common/function.php 第 1401 行.
SQL: SHOW COLUMNS FROM `xb_sys_ipaddress` [ RunTime:0.0005s ]
SQL: SELECT * FROM `xb_sys_ipaddress` WHERE `IpAddress` = '117.132.183.17' LIMIT 1   [ RunTime:0.0001s ]
NOTIC: [8] Undefined index: data /www/wwwroot/xbm.mashangbang.top/Application/Common/Common/function.php 第 1423 行.
NOTIC: [8] Undefined index: data /www/wwwroot/xbm.mashangbang.top/Application/Common/Common/function.php 第 1424 行.
SQL: SHOW COLUMNS FROM `xb_sys_adcontent` [ RunTime:0.0006s ]
SQL: SELECT * FROM `xb_sys_adcontent` WHERE `AdvertisingID` = 1 AND `Status` = 1 ORDER BY Sort ASC,ID DESC LIMIT 3   [ RunTime:0.0001s ]
SQL: SHOW COLUMNS FROM `xb_sys_contentmanagement` [ RunTime:0.0004s ]
SQL: SELECT `ID`,`Title` FROM `xb_sys_contentmanagement` WHERE `CategoriesID` = 2 ORDER BY Sort asc,ID desc LIMIT 3   [ RunTime:0.0001s ]
SQL: SHOW COLUMNS FROM `xb_items_category` [ RunTime:0.0003s ]
SQL: SELECT `ID`,`Name`,`Imageurl` FROM `xb_items_category` WHERE `ParentID` = 0 AND `IsDel` = 0 AND `IsRec` = 1 AND `Status` = 1 ORDER BY Sort asc,ID desc LIMIT 8   [ RunTime:0.0001s ]
NOTIC: [8] Undefined variable: areid /www/wwwroot/xbm.mashangbang.top/Application/Home/Controller/IndexController.class.php 第 32 行.
SQL: SHOW COLUMNS FROM `xb_items` [ RunTime:0.0007s ]
SQL: SELECT `ID`,`Name`,`Logurl`,`AppNumbs` FROM `xb_items` WHERE `Itype` = '1' AND `IsRec` = '1' AND `IsDel` = '0' AND `Status` = '1' AND `Showtype` IN ('1','3') AND `Isshow` = '1' ORDER BY Sort asc,ID desc LIMIT 4   [ RunTime:0.0001s ]
NOTIC: [8] Undefined variable: areid /www/wwwroot/xbm.mashangbang.top/Application/Home/Controller/IndexController.class.php 第 45 行.
SQL: SELECT a.ID,a.Name,a.Logurl,a.Intro,a.AppNumbs,c.Name as Jkdays,a.DayfeeRate,b.Name as eduname FROM xb_items a left join xb_items_moneytype b on a.MoneytypeID=b.ID left join xb_items_jktimes c on a.JktimesID=c.ID  WHERE a.Itype = '1' AND a.IsHot = '1' AND a.IsDel = '0' AND a.Status = '1' AND a.Showtype IN ('1','3') AND a.Isshow = '1' ORDER BY a.Sort asc,a.ID desc LIMIT 20   [ RunTime:0.0001s ]
INFO: [ view_parse ] --START--
INFO: [ template_filter ] --START--
INFO: Run Behavior\ContentReplaceBehavior [ RunTime:0.000069s ]
INFO: [ template_filter ] --END-- [ RunTime:0.000098s ]
NOTIC: [8] Undefined variable: SEOTitle /www/wwwroot/xbm.mashangbang.top/Application/Runtime/Cache/Home/2a94b8bda04ff446dcedd42276fc99ee.php 第 11 行.
INFO: Run Behavior\ParseTemplateBehavior [ RunTime:0.007386s ]
INFO: [ view_parse ] --END-- [ RunTime:0.007413s ]
INFO: [ view_filter ] --START--
INFO: Run Behavior\WriteHtmlCacheBehavior [ RunTime:0.000189s ]
INFO: [ view_filter ] --END-- [ RunTime:0.000211s ]
INFO: [ app_end ] --START--
INFO: Run Behavior\ShowPageTraceBehavior [ RunTime:0.000338s ]
INFO: [ app_end ] --END-- [ RunTime:0.000367s ]

[ 2019-08-28T15:58:16+08:00 ] 103.73.35.254 /
INFO: [ app_init ] --START--
INFO: Run Behavior\BuildLiteBehavior [ RunTime:0.000010s ]
INFO: [ app_init ] --END-- [ RunTime:0.000238s ]
INFO: [ app_begin ] --START--
INFO: Run Behavior\ReadHtmlCacheBehavior [ RunTime:0.000315s ]
INFO: [ app_begin ] --END-- [ RunTime:0.000348s ]
NOTIC: [8] Use of undefined constant HTTP_X_FORWARDED_FOR - assumed 'HTTP_X_FORWARDED_FOR' /www/wwwroot/xbm.mashangbang.top/Application/Common/Common/function.php 第 1396 行.
NOTIC: [8] Use of undefined constant HTTP_CLIENT_IP - assumed 'HTTP_CLIENT_IP' /www/wwwroot/xbm.mashangbang.top/Application/Common/Common/function.php 第 1398 行.
NOTIC: [8] Use of undefined constant REMOTE_ADDR - assumed 'REMOTE_ADDR' /www/wwwroot/xbm.mashangbang.top/Application/Common/Common/function.php 第 1401 行.
SQL: SHOW COLUMNS FROM `xb_sys_ipaddress` [ RunTime:0.0005s ]
SQL: SELECT * FROM `xb_sys_ipaddress` WHERE `IpAddress` = '103.73.35.254' LIMIT 1   [ RunTime:0.0004s ]
NOTIC: [8] Undefined index: data /www/wwwroot/xbm.mashangbang.top/Application/Common/Common/function.php 第 1423 行.
NOTIC: [8] Undefined index: data /www/wwwroot/xbm.mashangbang.top/Application/Common/Common/function.php 第 1424 行.
SQL: SHOW COLUMNS FROM `xb_sys_adcontent` [ RunTime:0.0005s ]
SQL: SELECT * FROM `xb_sys_adcontent` WHERE `AdvertisingID` = 1 AND `Status` = 1 ORDER BY Sort ASC,ID DESC LIMIT 3   [ RunTime:0.0001s ]
SQL: SHOW COLUMNS FROM `xb_sys_contentmanagement` [ RunTime:0.0004s ]
SQL: SELECT `ID`,`Title` FROM `xb_sys_contentmanagement` WHERE `CategoriesID` = 2 ORDER BY Sort asc,ID desc LIMIT 3   [ RunTime:0.0001s ]
SQL: SHOW COLUMNS FROM `xb_items_category` [ RunTime:0.0003s ]
SQL: SELECT `ID`,`Name`,`Imageurl` FROM `xb_items_category` WHERE `ParentID` = 0 AND `IsDel` = 0 AND `IsRec` = 1 AND `Status` = 1 ORDER BY Sort asc,ID desc LIMIT 8   [ RunTime:0.0001s ]
NOTIC: [8] Undefined variable: areid /www/wwwroot/xbm.mashangbang.top/Application/Home/Controller/IndexController.class.php 第 32 行.
SQL: SHOW COLUMNS FROM `xb_items` [ RunTime:0.0007s ]
SQL: SELECT `ID`,`Name`,`Logurl`,`AppNumbs` FROM `xb_items` WHERE `Itype` = '1' AND `IsRec` = '1' AND `IsDel` = '0' AND `Status` = '1' AND `Showtype` IN ('1','3') AND `Isshow` = '1' ORDER BY Sort asc,ID desc LIMIT 4   [ RunTime:0.0001s ]
NOTIC: [8] Undefined variable: areid /www/wwwroot/xbm.mashangbang.top/Application/Home/Controller/IndexController.class.php 第 45 行.
SQL: SELECT a.ID,a.Name,a.Logurl,a.Intro,a.AppNumbs,c.Name as Jkdays,a.DayfeeRate,b.Name as eduname FROM xb_items a left join xb_items_moneytype b on a.MoneytypeID=b.ID left join xb_items_jktimes c on a.JktimesID=c.ID  WHERE a.Itype = '1' AND a.IsHot = '1' AND a.IsDel = '0' AND a.Status = '1' AND a.Showtype IN ('1','3') AND a.Isshow = '1' ORDER BY a.Sort asc,a.ID desc LIMIT 20   [ RunTime:0.0001s ]
INFO: [ view_parse ] --START--
INFO: [ template_filter ] --START--
INFO: Run Behavior\ContentReplaceBehavior [ RunTime:0.000064s ]
INFO: [ template_filter ] --END-- [ RunTime:0.000091s ]
NOTIC: [8] Undefined variable: SEOTitle /www/wwwroot/xbm.mashangbang.top/Application/Runtime/Cache/Home/2a94b8bda04ff446dcedd42276fc99ee.php 第 11 行.
INFO: Run Behavior\ParseTemplateBehavior [ RunTime:0.007082s ]
INFO: [ view_parse ] --END-- [ RunTime:0.007108s ]
INFO: [ view_filter ] --START--
INFO: Run Behavior\WriteHtmlCacheBehavior [ RunTime:0.000154s ]
INFO: [ view_filter ] --END-- [ RunTime:0.000175s ]
INFO: [ app_end ] --START--
INFO: Run Behavior\ShowPageTraceBehavior [ RunTime:0.000369s ]
INFO: [ app_end ] --END-- [ RunTime:0.000410s ]

[ 2019-08-28T16:34:25+08:00 ] 27.193.238.97 /favicon.ico
INFO: [ app_init ] --START--
INFO: Run Behavior\BuildLiteBehavior [ RunTime:0.000009s ]
INFO: [ app_init ] --END-- [ RunTime:0.000247s ]

[ 2019-08-28T16:49:27+08:00 ] 223.104.147.77 /register/content_c?mobile=18761626806
INFO: [ app_init ] --START--
INFO: Run Behavior\BuildLiteBehavior [ RunTime:0.000011s ]
INFO: [ app_init ] --END-- [ RunTime:0.000252s ]
INFO: [ app_begin ] --START--
INFO: Run Behavior\ReadHtmlCacheBehavior [ RunTime:0.000329s ]
INFO: [ app_begin ] --END-- [ RunTime:0.000364s ]
INFO: [ view_parse ] --START--
INFO: [ template_filter ] --START--
INFO: Run Behavior\ContentReplaceBehavior [ RunTime:0.000041s ]
INFO: [ template_filter ] --END-- [ RunTime:0.000073s ]
INFO: Run Behavior\ParseTemplateBehavior [ RunTime:0.005131s ]
INFO: [ view_parse ] --END-- [ RunTime:0.005161s ]
INFO: [ view_filter ] --START--
INFO: Run Behavior\WriteHtmlCacheBehavior [ RunTime:0.000160s ]
INFO: [ view_filter ] --END-- [ RunTime:0.000179s ]
INFO: [ app_end ] --START--
INFO: Run Behavior\ShowPageTraceBehavior [ RunTime:0.000361s ]
INFO: [ app_end ] --END-- [ RunTime:0.000390s ]

[ 2019-08-28T16:49:28+08:00 ] 223.104.147.77 /register/getdownloadurl.html
INFO: [ app_init ] --START--
INFO: Run Behavior\BuildLiteBehavior [ RunTime:0.000011s ]
INFO: [ app_init ] --END-- [ RunTime:0.000254s ]
INFO: [ app_begin ] --START--
INFO: Run Behavior\ReadHtmlCacheBehavior [ RunTime:0.000318s ]
INFO: [ app_begin ] --END-- [ RunTime:0.000347s ]
SQL: SHOW COLUMNS FROM `xb_sys_basicinfo` [ RunTime:0.0009s ]
SQL: SELECT * FROM `xb_sys_basicinfo` LIMIT 1   [ RunTime:0.0002s ]

[ 2019-08-28T16:49:28+08:00 ] 223.104.147.77 /favicon.ico
INFO: [ app_init ] --START--
INFO: Run Behavior\BuildLiteBehavior [ RunTime:0.000008s ]
INFO: [ app_init ] --END-- [ RunTime:0.000209s ]

[ 2019-08-28T17:49:58+08:00 ] 71.6.232.4 /
INFO: [ app_init ] --START--
INFO: Run Behavior\BuildLiteBehavior [ RunTime:0.000010s ]
INFO: [ app_init ] --END-- [ RunTime:0.000226s ]
INFO: [ app_begin ] --START--
INFO: Run Behavior\ReadHtmlCacheBehavior [ RunTime:0.000457s ]
INFO: [ app_begin ] --END-- [ RunTime:0.000495s ]
NOTIC: [8] Use of undefined constant HTTP_X_FORWARDED_FOR - assumed 'HTTP_X_FORWARDED_FOR' /www/wwwroot/xbm.mashangbang.top/Application/Common/Common/function.php 第 1396 行.
NOTIC: [8] Use of undefined constant HTTP_CLIENT_IP - assumed 'HTTP_CLIENT_IP' /www/wwwroot/xbm.mashangbang.top/Application/Common/Common/function.php 第 1398 行.
NOTIC: [8] Use of undefined constant REMOTE_ADDR - assumed 'REMOTE_ADDR' /www/wwwroot/xbm.mashangbang.top/Application/Common/Common/function.php 第 1401 行.
SQL: SHOW COLUMNS FROM `xb_sys_ipaddress` [ RunTime:0.0005s ]
SQL: SELECT * FROM `xb_sys_ipaddress` WHERE `IpAddress` = '71.6.232.4' LIMIT 1   [ RunTime:0.0001s ]
NOTIC: [8] Undefined index: data /www/wwwroot/xbm.mashangbang.top/Application/Common/Common/function.php 第 1423 行.
NOTIC: [8] Undefined index: data /www/wwwroot/xbm.mashangbang.top/Application/Common/Common/function.php 第 1424 行.
SQL: SHOW COLUMNS FROM `xb_sys_adcontent` [ RunTime:0.0005s ]
SQL: SELECT * FROM `xb_sys_adcontent` WHERE `AdvertisingID` = 1 AND `Status` = 1 ORDER BY Sort ASC,ID DESC LIMIT 3   [ RunTime:0.0001s ]
SQL: SHOW COLUMNS FROM `xb_sys_contentmanagement` [ RunTime:0.0004s ]
SQL: SELECT `ID`,`Title` FROM `xb_sys_contentmanagement` WHERE `CategoriesID` = 2 ORDER BY Sort asc,ID desc LIMIT 3   [ RunTime:0.0001s ]
SQL: SHOW COLUMNS FROM `xb_items_category` [ RunTime:0.0003s ]
SQL: SELECT `ID`,`Name`,`Imageurl` FROM `xb_items_category` WHERE `ParentID` = 0 AND `IsDel` = 0 AND `IsRec` = 1 AND `Status` = 1 ORDER BY Sort asc,ID desc LIMIT 8   [ RunTime:0.0001s ]
NOTIC: [8] Undefined variable: areid /www/wwwroot/xbm.mashangbang.top/Application/Home/Controller/IndexController.class.php 第 32 行.
SQL: SHOW COLUMNS FROM `xb_items` [ RunTime:0.0006s ]
SQL: SELECT `ID`,`Name`,`Logurl`,`AppNumbs` FROM `xb_items` WHERE `Itype` = '1' AND `IsRec` = '1' AND `IsDel` = '0' AND `Status` = '1' AND `Showtype` IN ('1','3') AND `Isshow` = '1' ORDER BY Sort asc,ID desc LIMIT 4   [ RunTime:0.0001s ]
NOTIC: [8] Undefined variable: areid /www/wwwroot/xbm.mashangbang.top/Application/Home/Controller/IndexController.class.php 第 45 行.
SQL: SELECT a.ID,a.Name,a.Logurl,a.Intro,a.AppNumbs,c.Name as Jkdays,a.DayfeeRate,b.Name as eduname FROM xb_items a left join xb_items_moneytype b on a.MoneytypeID=b.ID left join xb_items_jktimes c on a.JktimesID=c.ID  WHERE a.Itype = '1' AND a.IsHot = '1' AND a.IsDel = '0' AND a.Status = '1' AND a.Showtype IN ('1','3') AND a.Isshow = '1' ORDER BY a.Sort asc,a.ID desc LIMIT 20   [ RunTime:0.0001s ]
INFO: [ view_parse ] --START--
INFO: [ template_filter ] --START--
INFO: Run Behavior\ContentReplaceBehavior [ RunTime:0.000074s ]
INFO: [ template_filter ] --END-- [ RunTime:0.000105s ]
NOTIC: [8] Undefined variable: SEOTitle /www/wwwroot/xbm.mashangbang.top/Application/Runtime/Cache/Home/2a94b8bda04ff446dcedd42276fc99ee.php 第 11 行.
INFO: Run Behavior\ParseTemplateBehavior [ RunTime:0.007184s ]
INFO: [ view_parse ] --END-- [ RunTime:0.007210s ]
INFO: [ view_filter ] --START--
INFO: Run Behavior\WriteHtmlCacheBehavior [ RunTime:0.000163s ]
INFO: [ view_filter ] --END-- [ RunTime:0.000184s ]
INFO: [ app_end ] --START--
INFO: Run Behavior\ShowPageTraceBehavior [ RunTime:0.000340s ]
INFO: [ app_end ] --END-- [ RunTime:0.000367s ]

[ 2019-08-28T18:12:10+08:00 ] 117.166.84.122 /register/content_c?mobile=15180170763
INFO: [ app_init ] --START--
INFO: Run Behavior\BuildLiteBehavior [ RunTime:0.000009s ]
INFO: [ app_init ] --END-- [ RunTime:0.000220s ]
INFO: [ app_begin ] --START--
INFO: Run Behavior\ReadHtmlCacheBehavior [ RunTime:0.000351s ]
INFO: [ app_begin ] --END-- [ RunTime:0.000385s ]
INFO: [ view_parse ] --START--
INFO: [ template_filter ] --START--
INFO: Run Behavior\ContentReplaceBehavior [ RunTime:0.000042s ]
INFO: [ template_filter ] --END-- [ RunTime:0.000073s ]
INFO: Run Behavior\ParseTemplateBehavior [ RunTime:0.004999s ]
INFO: [ view_parse ] --END-- [ RunTime:0.005029s ]
INFO: [ view_filter ] --START--
INFO: Run Behavior\WriteHtmlCacheBehavior [ RunTime:0.000145s ]
INFO: [ view_filter ] --END-- [ RunTime:0.000163s ]
INFO: [ app_end ] --START--
INFO: Run Behavior\ShowPageTraceBehavior [ RunTime:0.000336s ]
INFO: [ app_end ] --END-- [ RunTime:0.000363s ]

[ 2019-08-28T18:12:10+08:00 ] 117.166.84.122 /register/getdownloadurl.html
INFO: [ app_init ] --START--
INFO: Run Behavior\BuildLiteBehavior [ RunTime:0.000010s ]
INFO: [ app_init ] --END-- [ RunTime:0.000249s ]
INFO: [ app_begin ] --START--
INFO: Run Behavior\ReadHtmlCacheBehavior [ RunTime:0.000308s ]
INFO: [ app_begin ] --END-- [ RunTime:0.000337s ]
SQL: SHOW COLUMNS FROM `xb_sys_basicinfo` [ RunTime:0.0009s ]
SQL: SELECT * FROM `xb_sys_basicinfo` LIMIT 1   [ RunTime:0.0002s ]

[ 2019-08-28T18:12:10+08:00 ] 117.166.84.122 /favicon.ico
INFO: [ app_init ] --START--
INFO: Run Behavior\BuildLiteBehavior [ RunTime:0.000008s ]
INFO: [ app_init ] --END-- [ RunTime:0.000210s ]

[ 2019-08-28T18:12:47+08:00 ] 117.166.84.122 /register/submitcontent.html
INFO: [ app_init ] --START--
INFO: Run Behavior\BuildLiteBehavior [ RunTime:0.000010s ]
INFO: [ app_init ] --END-- [ RunTime:0.000247s ]
INFO: [ app_begin ] --START--
INFO: Run Behavior\ReadHtmlCacheBehavior [ RunTime:0.000314s ]
INFO: [ app_begin ] --END-- [ RunTime:0.000345s ]
SQL: SHOW COLUMNS FROM `xb_mem_info` [ RunTime:0.0007s ]
SQL: SELECT * FROM `xb_mem_info` WHERE `Mobile` = '15180170763' AND `IsDel` = 0 LIMIT 1   [ RunTime:0.0030s ]
SQL: SHOW COLUMNS FROM `xb_mem_ed` [ RunTime:0.0004s ]
SQL: INSERT INTO `xb_mem_ed` (`name`,`mobile`,`userId`,`sex`,`createDate`,`money`,`card`,`houseType`,`carType`,`zy`,`work`,`gjj`,`ysr`,`sb`,`xyk`,`bd`,`city`) VALUES ('王文武','15180170763','42616','1','2019-08-28 18:12:47','10000','','0','0','3','3','0','2','0','0','0','') [ RunTime:0.0040s ]

[ 2019-08-28T18:15:02+08:00 ] 117.166.84.122 /register/content_c?mobile=15180170763
INFO: [ app_init ] --START--
INFO: Run Behavior\BuildLiteBehavior [ RunTime:0.000010s ]
INFO: [ app_init ] --END-- [ RunTime:0.000259s ]
INFO: [ app_begin ] --START--
INFO: Run Behavior\ReadHtmlCacheBehavior [ RunTime:0.000315s ]
INFO: [ app_begin ] --END-- [ RunTime:0.000347s ]
INFO: [ view_parse ] --START--
INFO: [ template_filter ] --START--
INFO: Run Behavior\ContentReplaceBehavior [ RunTime:0.000039s ]
INFO: [ template_filter ] --END-- [ RunTime:0.000070s ]
INFO: Run Behavior\ParseTemplateBehavior [ RunTime:0.005129s ]
INFO: [ view_parse ] --END-- [ RunTime:0.005166s ]
INFO: [ view_filter ] --START--
INFO: Run Behavior\WriteHtmlCacheBehavior [ RunTime:0.000175s ]
INFO: [ view_filter ] --END-- [ RunTime:0.000200s ]
INFO: [ app_end ] --START--
INFO: Run Behavior\ShowPageTraceBehavior [ RunTime:0.000444s ]
INFO: [ app_end ] --END-- [ RunTime:0.000477s ]

[ 2019-08-28T18:15:02+08:00 ] 117.166.84.122 /register/getdownloadurl.html
INFO: [ app_init ] --START--
INFO: Run Behavior\BuildLiteBehavior [ RunTime:0.000009s ]
INFO: [ app_init ] --END-- [ RunTime:0.000237s ]
INFO: [ app_begin ] --START--
INFO: Run Behavior\ReadHtmlCacheBehavior [ RunTime:0.000364s ]
INFO: [ app_begin ] --END-- [ RunTime:0.000397s ]
SQL: SHOW COLUMNS FROM `xb_sys_basicinfo` [ RunTime:0.0009s ]
SQL: SELECT * FROM `xb_sys_basicinfo` LIMIT 1   [ RunTime:0.0002s ]

[ 2019-08-28T18:15:02+08:00 ] 117.166.84.122 /favicon.ico
INFO: [ app_init ] --START--
INFO: Run Behavior\BuildLiteBehavior [ RunTime:0.000009s ]
INFO: [ app_init ] --END-- [ RunTime:0.000229s ]

[ 2019-08-28T18:15:41+08:00 ] 117.166.84.122 /register/submitcontent.html
INFO: [ app_init ] --START--
INFO: Run Behavior\BuildLiteBehavior [ RunTime:0.000009s ]
INFO: [ app_init ] --END-- [ RunTime:0.000225s ]
INFO: [ app_begin ] --START--
INFO: Run Behavior\ReadHtmlCacheBehavior [ RunTime:0.000320s ]
INFO: [ app_begin ] --END-- [ RunTime:0.000354s ]
SQL: SHOW COLUMNS FROM `xb_mem_info` [ RunTime:0.0007s ]
SQL: SELECT * FROM `xb_mem_info` WHERE `Mobile` = '15180170763' AND `IsDel` = 0 LIMIT 1   [ RunTime:0.0031s ]
SQL: SHOW COLUMNS FROM `xb_mem_ed` [ RunTime:0.0004s ]
SQL: INSERT INTO `xb_mem_ed` (`name`,`mobile`,`userId`,`sex`,`createDate`,`money`,`card`,`houseType`,`carType`,`zy`,`work`,`gjj`,`ysr`,`sb`,`xyk`,`bd`,`city`) VALUES ('王文武','15180170763','42616','1','2019-08-28 18:15:41','15000','','0','0','3','3','0','2','0','0','0','') [ RunTime:0.0048s ]

[ 2019-08-28T22:28:56+08:00 ] 103.79.156.44 /
INFO: [ app_init ] --START--
INFO: Run Behavior\BuildLiteBehavior [ RunTime:0.000013s ]
INFO: [ app_init ] --END-- [ RunTime:0.000290s ]
INFO: [ app_begin ] --START--
INFO: Run Behavior\ReadHtmlCacheBehavior [ RunTime:0.000327s ]
INFO: [ app_begin ] --END-- [ RunTime:0.000362s ]
NOTIC: [8] Use of undefined constant HTTP_X_FORWARDED_FOR - assumed 'HTTP_X_FORWARDED_FOR' /www/wwwroot/xbm.mashangbang.top/Application/Common/Common/function.php 第 1396 行.
NOTIC: [8] Use of undefined constant HTTP_CLIENT_IP - assumed 'HTTP_CLIENT_IP' /www/wwwroot/xbm.mashangbang.top/Application/Common/Common/function.php 第 1398 行.
NOTIC: [8] Use of undefined constant REMOTE_ADDR - assumed 'REMOTE_ADDR' /www/wwwroot/xbm.mashangbang.top/Application/Common/Common/function.php 第 1401 行.
SQL: SHOW COLUMNS FROM `xb_sys_ipaddress` [ RunTime:0.0005s ]
SQL: SELECT * FROM `xb_sys_ipaddress` WHERE `IpAddress` = '103.79.156.44' LIMIT 1   [ RunTime:0.0003s ]
NOTIC: [8] Undefined index: data /www/wwwroot/xbm.mashangbang.top/Application/Common/Common/function.php 第 1423 行.
NOTIC: [8] Undefined index: data /www/wwwroot/xbm.mashangbang.top/Application/Common/Common/function.php 第 1424 行.
SQL: SHOW COLUMNS FROM `xb_sys_adcontent` [ RunTime:0.0005s ]
SQL: SELECT * FROM `xb_sys_adcontent` WHERE `AdvertisingID` = 1 AND `Status` = 1 ORDER BY Sort ASC,ID DESC LIMIT 3   [ RunTime:0.0001s ]
SQL: SHOW COLUMNS FROM `xb_sys_contentmanagement` [ RunTime:0.0004s ]
SQL: SELECT `ID`,`Title` FROM `xb_sys_contentmanagement` WHERE `CategoriesID` = 2 ORDER BY Sort asc,ID desc LIMIT 3   [ RunTime:0.0001s ]
SQL: SHOW COLUMNS FROM `xb_items_category` [ RunTime:0.0004s ]
SQL: SELECT `ID`,`Name`,`Imageurl` FROM `xb_items_category` WHERE `ParentID` = 0 AND `IsDel` = 0 AND `IsRec` = 1 AND `Status` = 1 ORDER BY Sort asc,ID desc LIMIT 8   [ RunTime:0.0001s ]
NOTIC: [8] Undefined variable: areid /www/wwwroot/xbm.mashangbang.top/Application/Home/Controller/IndexController.class.php 第 32 行.
SQL: SHOW COLUMNS FROM `xb_items` [ RunTime:0.0007s ]
SQL: SELECT `ID`,`Name`,`Logurl`,`AppNumbs` FROM `xb_items` WHERE `Itype` = '1' AND `IsRec` = '1' AND `IsDel` = '0' AND `Status` = '1' AND `Showtype` IN ('1','3') AND `Isshow` = '1' ORDER BY Sort asc,ID desc LIMIT 4   [ RunTime:0.0001s ]
NOTIC: [8] Undefined variable: areid /www/wwwroot/xbm.mashangbang.top/Application/Home/Controller/IndexController.class.php 第 45 行.
SQL: SELECT a.ID,a.Name,a.Logurl,a.Intro,a.AppNumbs,c.Name as Jkdays,a.DayfeeRate,b.Name as eduname FROM xb_items a left join xb_items_moneytype b on a.MoneytypeID=b.ID left join xb_items_jktimes c on a.JktimesID=c.ID  WHERE a.Itype = '1' AND a.IsHot = '1' AND a.IsDel = '0' AND a.Status = '1' AND a.Showtype IN ('1','3') AND a.Isshow = '1' ORDER BY a.Sort asc,a.ID desc LIMIT 20   [ RunTime:0.0001s ]
INFO: [ view_parse ] --START--
INFO: [ template_filter ] --START--
INFO: Run Behavior\ContentReplaceBehavior [ RunTime:0.000068s ]
INFO: [ template_filter ] --END-- [ RunTime:0.000098s ]
NOTIC: [8] Undefined variable: SEOTitle /www/wwwroot/xbm.mashangbang.top/Application/Runtime/Cache/Home/2a94b8bda04ff446dcedd42276fc99ee.php 第 11 行.
INFO: Run Behavior\ParseTemplateBehavior [ RunTime:0.007130s ]
INFO: [ view_parse ] --END-- [ RunTime:0.007159s ]
INFO: [ view_filter ] --START--
INFO: Run Behavior\WriteHtmlCacheBehavior [ RunTime:0.000158s ]
INFO: [ view_filter ] --END-- [ RunTime:0.000179s ]
INFO: [ app_end ] --START--
INFO: Run Behavior\ShowPageTraceBehavior [ RunTime:0.000346s ]
INFO: [ app_end ] --END-- [ RunTime:0.000374s ]

[ 2019-08-28T22:32:35+08:00 ] 71.6.158.166 /
INFO: [ app_init ] --START--
INFO: Run Behavior\BuildLiteBehavior [ RunTime:0.000010s ]
INFO: [ app_init ] --END-- [ RunTime:0.000233s ]
INFO: [ app_begin ] --START--
INFO: Run Behavior\ReadHtmlCacheBehavior [ RunTime:0.000324s ]
INFO: [ app_begin ] --END-- [ RunTime:0.000357s ]
NOTIC: [8] Use of undefined constant HTTP_X_FORWARDED_FOR - assumed 'HTTP_X_FORWARDED_FOR' /www/wwwroot/xbm.mashangbang.top/Application/Common/Common/function.php 第 1396 行.
NOTIC: [8] Use of undefined constant HTTP_CLIENT_IP - assumed 'HTTP_CLIENT_IP' /www/wwwroot/xbm.mashangbang.top/Application/Common/Common/function.php 第 1398 行.
NOTIC: [8] Use of undefined constant REMOTE_ADDR - assumed 'REMOTE_ADDR' /www/wwwroot/xbm.mashangbang.top/Application/Common/Common/function.php 第 1401 行.
SQL: SHOW COLUMNS FROM `xb_sys_ipaddress` [ RunTime:0.0005s ]
SQL: SELECT * FROM `xb_sys_ipaddress` WHERE `IpAddress` = '71.6.158.166' LIMIT 1   [ RunTime:0.0003s ]
NOTIC: [8] Undefined index: data /www/wwwroot/xbm.mashangbang.top/Application/Common/Common/function.php 第 1423 行.
NOTIC: [8] Undefined index: data /www/wwwroot/xbm.mashangbang.top/Application/Common/Common/function.php 第 1424 行.
SQL: SHOW COLUMNS FROM `xb_sys_adcontent` [ RunTime:0.0004s ]
SQL: SELECT * FROM `xb_sys_adcontent` WHERE `AdvertisingID` = 1 AND `Status` = 1 ORDER BY Sort ASC,ID DESC LIMIT 3   [ RunTime:0.0001s ]
SQL: SHOW COLUMNS FROM `xb_sys_contentmanagement` [ RunTime:0.0004s ]
SQL: SELECT `ID`,`Title` FROM `xb_sys_contentmanagement` WHERE `CategoriesID` = 2 ORDER BY Sort asc,ID desc LIMIT 3   [ RunTime:0.0001s ]
SQL: SHOW COLUMNS FROM `xb_items_category` [ RunTime:0.0004s ]
SQL: SELECT `ID`,`Name`,`Imageurl` FROM `xb_items_category` WHERE `ParentID` = 0 AND `IsDel` = 0 AND `IsRec` = 1 AND `Status` = 1 ORDER BY Sort asc,ID desc LIMIT 8   [ RunTime:0.0001s ]
NOTIC: [8] Undefined variable: areid /www/wwwroot/xbm.mashangbang.top/Application/Home/Controller/IndexController.class.php 第 32 行.
SQL: SHOW COLUMNS FROM `xb_items` [ RunTime:0.0007s ]
SQL: SELECT `ID`,`Name`,`Logurl`,`AppNumbs` FROM `xb_items` WHERE `Itype` = '1' AND `IsRec` = '1' AND `IsDel` = '0' AND `Status` = '1' AND `Showtype` IN ('1','3') AND `Isshow` = '1' ORDER BY Sort asc,ID desc LIMIT 4   [ RunTime:0.0001s ]
NOTIC: [8] Undefined variable: areid /www/wwwroot/xbm.mashangbang.top/Application/Home/Controller/IndexController.class.php 第 45 行.
SQL: SELECT a.ID,a.Name,a.Logurl,a.Intro,a.AppNumbs,c.Name as Jkdays,a.DayfeeRate,b.Name as eduname FROM xb_items a left join xb_items_moneytype b on a.MoneytypeID=b.ID left join xb_items_jktimes c on a.JktimesID=c.ID  WHERE a.Itype = '1' AND a.IsHot = '1' AND a.IsDel = '0' AND a.Status = '1' AND a.Showtype IN ('1','3') AND a.Isshow = '1' ORDER BY a.Sort asc,a.ID desc LIMIT 20   [ RunTime:0.0001s ]
INFO: [ view_parse ] --START--
INFO: [ template_filter ] --START--
INFO: Run Behavior\ContentReplaceBehavior [ RunTime:0.000074s ]
INFO: [ template_filter ] --END-- [ RunTime:0.000107s ]
NOTIC: [8] Undefined variable: SEOTitle /www/wwwroot/xbm.mashangbang.top/Application/Runtime/Cache/Home/2a94b8bda04ff446dcedd42276fc99ee.php 第 11 行.
INFO: Run Behavior\ParseTemplateBehavior [ RunTime:0.007050s ]
INFO: [ view_parse ] --END-- [ RunTime:0.007077s ]
INFO: [ view_filter ] --START--
INFO: Run Behavior\WriteHtmlCacheBehavior [ RunTime:0.000154s ]
INFO: [ view_filter ] --END-- [ RunTime:0.000175s ]
INFO: [ app_end ] --START--
INFO: Run Behavior\ShowPageTraceBehavior [ RunTime:0.000331s ]
INFO: [ app_end ] --END-- [ RunTime:0.000360s ]

[ 2019-08-28T22:32:36+08:00 ] 71.6.158.166 /sitemap.xml
INFO: [ app_init ] --START--
INFO: Run Behavior\BuildLiteBehavior [ RunTime:0.000012s ]
INFO: [ app_init ] --END-- [ RunTime:0.000272s ]
INFO: [ app_begin ] --START--
INFO: Run Behavior\ReadHtmlCacheBehavior [ RunTime:0.000316s ]
INFO: [ app_begin ] --END-- [ RunTime:0.000349s ]
ERR: 无法加载控制器:Sitemap.xml

[ 2019-08-28T22:32:39+08:00 ] 71.6.158.166 /favicon.ico
INFO: [ app_init ] --START--
INFO: Run Behavior\BuildLiteBehavior [ RunTime:0.000009s ]
INFO: [ app_init ] --END-- [ RunTime:0.000244s ]

[ 2019-08-28T22:39:52+08:00 ] 197.211.3.178 /
INFO: [ app_init ] --START--
INFO: Run Behavior\BuildLiteBehavior [ RunTime:0.000010s ]
INFO: [ app_init ] --END-- [ RunTime:0.000268s ]
INFO: [ app_begin ] --START--
INFO: Run Behavior\ReadHtmlCacheBehavior [ RunTime:0.000360s ]
INFO: [ app_begin ] --END-- [ RunTime:0.000396s ]
NOTIC: [8] Use of undefined constant HTTP_X_FORWARDED_FOR - assumed 'HTTP_X_FORWARDED_FOR' /www/wwwroot/xbm.mashangbang.top/Application/Common/Common/function.php 第 1396 行.
NOTIC: [8] Use of undefined constant HTTP_CLIENT_IP - assumed 'HTTP_CLIENT_IP' /www/wwwroot/xbm.mashangbang.top/Application/Common/Common/function.php 第 1398 行.
NOTIC: [8] Use of undefined constant REMOTE_ADDR - assumed 'REMOTE_ADDR' /www/wwwroot/xbm.mashangbang.top/Application/Common/Common/function.php 第 1401 行.
SQL: SHOW COLUMNS FROM `xb_sys_ipaddress` [ RunTime:0.0005s ]
SQL: SELECT * FROM `xb_sys_ipaddress` WHERE `IpAddress` = '197.211.3.178' LIMIT 1   [ RunTime:0.0003s ]
NOTIC: [8] Undefined index: data /www/wwwroot/xbm.mashangbang.top/Application/Common/Common/function.php 第 1423 行.
NOTIC: [8] Undefined index: data /www/wwwroot/xbm.mashangbang.top/Application/Common/Common/function.php 第 1424 行.
SQL: SHOW COLUMNS FROM `xb_sys_adcontent` [ RunTime:0.0005s ]
SQL: SELECT * FROM `xb_sys_adcontent` WHERE `AdvertisingID` = 1 AND `Status` = 1 ORDER BY Sort ASC,ID DESC LIMIT 3   [ RunTime:0.0001s ]
SQL: SHOW COLUMNS FROM `xb_sys_contentmanagement` [ RunTime:0.0004s ]
SQL: SELECT `ID`,`Title` FROM `xb_sys_contentmanagement` WHERE `CategoriesID` = 2 ORDER BY Sort asc,ID desc LIMIT 3   [ RunTime:0.0001s ]
SQL: SHOW COLUMNS FROM `xb_items_category` [ RunTime:0.0003s ]
SQL: SELECT `ID`,`Name`,`Imageurl` FROM `xb_items_category` WHERE `ParentID` = 0 AND `IsDel` = 0 AND `IsRec` = 1 AND `Status` = 1 ORDER BY Sort asc,ID desc LIMIT 8   [ RunTime:0.0001s ]
NOTIC: [8] Undefined variable: areid /www/wwwroot/xbm.mashangbang.top/Application/Home/Controller/IndexController.class.php 第 32 行.
SQL: SHOW COLUMNS FROM `xb_items` [ RunTime:0.0007s ]
SQL: SELECT `ID`,`Name`,`Logurl`,`AppNumbs` FROM `xb_items` WHERE `Itype` = '1' AND `IsRec` = '1' AND `IsDel` = '0' AND `Status` = '1' AND `Showtype` IN ('1','3') AND `Isshow` = '1' ORDER BY Sort asc,ID desc LIMIT 4   [ RunTime:0.0001s ]
NOTIC: [8] Undefined variable: areid /www/wwwroot/xbm.mashangbang.top/Application/Home/Controller/IndexController.class.php 第 45 行.
SQL: SELECT a.ID,a.Name,a.Logurl,a.Intro,a.AppNumbs,c.Name as Jkdays,a.DayfeeRate,b.Name as eduname FROM xb_items a left join xb_items_moneytype b on a.MoneytypeID=b.ID left join xb_items_jktimes c on a.JktimesID=c.ID  WHERE a.Itype = '1' AND a.IsHot = '1' AND a.IsDel = '0' AND a.Status = '1' AND a.Showtype IN ('1','3') AND a.Isshow = '1' ORDER BY a.Sort asc,a.ID desc LIMIT 20   [ RunTime:0.0001s ]
INFO: [ view_parse ] --START--
INFO: [ template_filter ] --START--
INFO: Run Behavior\ContentReplaceBehavior [ RunTime:0.000065s ]
INFO: [ template_filter ] --END-- [ RunTime:0.000093s ]
NOTIC: [8] Undefined variable: SEOTitle /www/wwwroot/xbm.mashangbang.top/Application/Runtime/Cache/Home/2a94b8bda04ff446dcedd42276fc99ee.php 第 11 行.
INFO: Run Behavior\ParseTemplateBehavior [ RunTime:0.007347s ]
INFO: [ view_parse ] --END-- [ RunTime:0.007373s ]
INFO: [ view_filter ] --START--
INFO: Run Behavior\WriteHtmlCacheBehavior [ RunTime:0.000175s ]
INFO: [ view_filter ] --END-- [ RunTime:0.000195s ]
INFO: [ app_end ] --START--
INFO: Run Behavior\ShowPageTraceBehavior [ RunTime:0.000352s ]
INFO: [ app_end ] --END-- [ RunTime:0.000382s ]

[ 2019-08-28T22:56:49+08:00 ] 43.227.139.67 /register/content_c?mobile=13729392052
INFO: [ app_init ] --START--
INFO: Run Behavior\BuildLiteBehavior [ RunTime:0.000030s ]
INFO: [ app_init ] --END-- [ RunTime:0.000259s ]
INFO: [ app_begin ] --START--
INFO: Run Behavior\ReadHtmlCacheBehavior [ RunTime:0.000367s ]
INFO: [ app_begin ] --END-- [ RunTime:0.000403s ]
INFO: [ view_parse ] --START--
INFO: [ template_filter ] --START--
INFO: Run Behavior\ContentReplaceBehavior [ RunTime:0.000042s ]
INFO: [ template_filter ] --END-- [ RunTime:0.000075s ]
INFO: Run Behavior\ParseTemplateBehavior [ RunTime:0.005433s ]
INFO: [ view_parse ] --END-- [ RunTime:0.005463s ]
INFO: [ view_filter ] --START--
INFO: Run Behavior\WriteHtmlCacheBehavior [ RunTime:0.000150s ]
INFO: [ view_filter ] --END-- [ RunTime:0.000169s ]
INFO: [ app_end ] --START--
INFO: Run Behavior\ShowPageTraceBehavior [ RunTime:0.000396s ]
INFO: [ app_end ] --END-- [ RunTime:0.000431s ]

[ 2019-08-28T22:56:49+08:00 ] 43.227.139.67 /register/getdownloadurl.html
INFO: [ app_init ] --START--
INFO: Run Behavior\BuildLiteBehavior [ RunTime:0.000010s ]
INFO: [ app_init ] --END-- [ RunTime:0.000255s ]
INFO: [ app_begin ] --START--
INFO: Run Behavior\ReadHtmlCacheBehavior [ RunTime:0.000354s ]
INFO: [ app_begin ] --END-- [ RunTime:0.000389s ]
SQL: SHOW COLUMNS FROM `xb_sys_basicinfo` [ RunTime:0.0009s ]
SQL: SELECT * FROM `xb_sys_basicinfo` LIMIT 1   [ RunTime:0.0002s ]

[ 2019-08-28T22:56:49+08:00 ] 43.227.139.67 /favicon.ico
INFO: [ app_init ] --START--
INFO: Run Behavior\BuildLiteBehavior [ RunTime:0.000009s ]
INFO: [ app_init ] --END-- [ RunTime:0.000235s ]

[ 2019-08-28T22:58:34+08:00 ] 43.227.139.67 /register/submitcontent.html
INFO: [ app_init ] --START--
INFO: Run Behavior\BuildLiteBehavior [ RunTime:0.000011s ]
INFO: [ app_init ] --END-- [ RunTime:0.000235s ]
INFO: [ app_begin ] --START--
INFO: Run Behavior\ReadHtmlCacheBehavior [ RunTime:0.000350s ]
INFO: [ app_begin ] --END-- [ RunTime:0.000383s ]
SQL: SHOW COLUMNS FROM `xb_mem_info` [ RunTime:0.0007s ]
SQL: SELECT * FROM `xb_mem_info` WHERE `Mobile` = '13729392052' AND `IsDel` = 0 LIMIT 1   [ RunTime:0.0031s ]
SQL: SHOW COLUMNS FROM `xb_mem_ed` [ RunTime:0.0004s ]
SQL: INSERT INTO `xb_mem_ed` (`name`,`mobile`,`userId`,`sex`,`createDate`,`money`,`card`,`houseType`,`carType`,`zy`,`work`,`gjj`,`ysr`,`sb`,`xyk`,`bd`,`city`) VALUES ('贾利华','13729392052','42617','1','2019-08-28 22:58:34','10000','','0','0','3','3','0','2','0','0','0','') [ RunTime:0.0038s ]

