[ 2019-09-12T01:08:24+08:00 ] 125.33.207.84 /
INFO: [ app_init ] --START--
INFO: Run Behavior\BuildLiteBehavior [ RunTime:0.000010s ]
INFO: [ app_init ] --END-- [ RunTime:0.000239s ]
INFO: [ app_begin ] --START--
INFO: Run Behavior\ReadHtmlCacheBehavior [ RunTime:0.000327s ]
INFO: [ app_begin ] --END-- [ RunTime:0.000366s ]
NOTIC: [8] Use of undefined constant HTTP_X_FORWARDED_FOR - assumed 'HTTP_X_FORWARDED_FOR' /www/wwwroot/xbm.mashangbang.top/Application/Common/Common/function.php 第 1396 行.
NOTIC: [8] Use of undefined constant HTTP_CLIENT_IP - assumed 'HTTP_CLIENT_IP' /www/wwwroot/xbm.mashangbang.top/Application/Common/Common/function.php 第 1398 行.
NOTIC: [8] Use of undefined constant REMOTE_ADDR - assumed 'REMOTE_ADDR' /www/wwwroot/xbm.mashangbang.top/Application/Common/Common/function.php 第 1401 行.
SQL: SHOW COLUMNS FROM `xb_sys_ipaddress` [ RunTime:0.0005s ]
SQL: SELECT * FROM `xb_sys_ipaddress` WHERE `IpAddress` = '125.33.207.84' LIMIT 1   [ RunTime:0.0004s ]
NOTIC: [8] Undefined index: data /www/wwwroot/xbm.mashangbang.top/Application/Common/Common/function.php 第 1423 行.
NOTIC: [8] Undefined index: data /www/wwwroot/xbm.mashangbang.top/Application/Common/Common/function.php 第 1424 行.
SQL: SHOW COLUMNS FROM `xb_sys_adcontent` [ RunTime:0.0005s ]
SQL: SELECT * FROM `xb_sys_adcontent` WHERE `AdvertisingID` = 1 AND `Status` = 1 ORDER BY Sort ASC,ID DESC LIMIT 3   [ RunTime:0.0001s ]
SQL: SHOW COLUMNS FROM `xb_sys_contentmanagement` [ RunTime:0.0004s ]
SQL: SELECT `ID`,`Title` FROM `xb_sys_contentmanagement` WHERE `CategoriesID` = 2 ORDER BY Sort asc,ID desc LIMIT 3   [ RunTime:0.0001s ]
SQL: SHOW COLUMNS FROM `xb_items_category` [ RunTime:0.0003s ]
SQL: SELECT `ID`,`Name`,`Imageurl` FROM `xb_items_category` WHERE `ParentID` = 0 AND `IsDel` = 0 AND `IsRec` = 1 AND `Status` = 1 ORDER BY Sort asc,ID desc LIMIT 8   [ RunTime:0.0001s ]
NOTIC: [8] Undefined variable: areid /www/wwwroot/xbm.mashangbang.top/Application/Home/Controller/IndexController.class.php 第 32 行.
SQL: SHOW COLUMNS FROM `xb_items` [ RunTime:0.0008s ]
SQL: SELECT `ID`,`Name`,`Logurl`,`AppNumbs` FROM `xb_items` WHERE `Itype` = '1' AND `IsRec` = '1' AND `IsDel` = '0' AND `Status` = '1' AND `Showtype` IN ('1','3') AND `Isshow` = '1' ORDER BY Sort asc,ID desc LIMIT 4   [ RunTime:0.0001s ]
NOTIC: [8] Undefined variable: areid /www/wwwroot/xbm.mashangbang.top/Application/Home/Controller/IndexController.class.php 第 45 行.
SQL: SELECT a.ID,a.Name,a.Logurl,a.Intro,a.AppNumbs,c.Name as Jkdays,a.DayfeeRate,b.Name as eduname FROM xb_items a left join xb_items_moneytype b on a.MoneytypeID=b.ID left join xb_items_jktimes c on a.JktimesID=c.ID  WHERE a.Itype = '1' AND a.IsHot = '1' AND a.IsDel = '0' AND a.Status = '1' AND a.Showtype IN ('1','3') AND a.Isshow = '1' ORDER BY a.Sort asc,a.ID desc LIMIT 20   [ RunTime:0.0001s ]
INFO: [ view_parse ] --START--
INFO: [ template_filter ] --START--
INFO: Run Behavior\ContentReplaceBehavior [ RunTime:0.000063s ]
INFO: [ template_filter ] --END-- [ RunTime:0.000091s ]
NOTIC: [8] Undefined variable: SEOTitle /www/wwwroot/xbm.mashangbang.top/Application/Runtime/Cache/Home/2a94b8bda04ff446dcedd42276fc99ee.php 第 11 行.
INFO: Run Behavior\ParseTemplateBehavior [ RunTime:0.007224s ]
INFO: [ view_parse ] --END-- [ RunTime:0.007251s ]
INFO: [ view_filter ] --START--
INFO: Run Behavior\WriteHtmlCacheBehavior [ RunTime:0.000180s ]
INFO: [ view_filter ] --END-- [ RunTime:0.000203s ]
INFO: [ app_end ] --START--
INFO: Run Behavior\ShowPageTraceBehavior [ RunTime:0.000341s ]
INFO: [ app_end ] --END-- [ RunTime:0.000369s ]

[ 2019-09-12T01:08:28+08:00 ] 125.33.207.84 /
INFO: [ app_init ] --START--
INFO: Run Behavior\BuildLiteBehavior [ RunTime:0.000010s ]
INFO: [ app_init ] --END-- [ RunTime:0.000231s ]
INFO: [ app_begin ] --START--
INFO: Run Behavior\ReadHtmlCacheBehavior [ RunTime:0.000307s ]
INFO: [ app_begin ] --END-- [ RunTime:0.000341s ]
NOTIC: [8] Use of undefined constant HTTP_X_FORWARDED_FOR - assumed 'HTTP_X_FORWARDED_FOR' /www/wwwroot/xbm.mashangbang.top/Application/Common/Common/function.php 第 1396 行.
NOTIC: [8] Use of undefined constant HTTP_CLIENT_IP - assumed 'HTTP_CLIENT_IP' /www/wwwroot/xbm.mashangbang.top/Application/Common/Common/function.php 第 1398 行.
NOTIC: [8] Use of undefined constant REMOTE_ADDR - assumed 'REMOTE_ADDR' /www/wwwroot/xbm.mashangbang.top/Application/Common/Common/function.php 第 1401 行.
SQL: SHOW COLUMNS FROM `xb_sys_ipaddress` [ RunTime:0.0005s ]
SQL: SELECT * FROM `xb_sys_ipaddress` WHERE `IpAddress` = '125.33.207.84' LIMIT 1   [ RunTime:0.0002s ]
NOTIC: [8] Undefined index: data /www/wwwroot/xbm.mashangbang.top/Application/Common/Common/function.php 第 1423 行.
NOTIC: [8] Undefined index: data /www/wwwroot/xbm.mashangbang.top/Application/Common/Common/function.php 第 1424 行.
SQL: SHOW COLUMNS FROM `xb_sys_adcontent` [ RunTime:0.0005s ]
SQL: SELECT * FROM `xb_sys_adcontent` WHERE `AdvertisingID` = 1 AND `Status` = 1 ORDER BY Sort ASC,ID DESC LIMIT 3   [ RunTime:0.0001s ]
SQL: SHOW COLUMNS FROM `xb_sys_contentmanagement` [ RunTime:0.0005s ]
SQL: SELECT `ID`,`Title` FROM `xb_sys_contentmanagement` WHERE `CategoriesID` = 2 ORDER BY Sort asc,ID desc LIMIT 3   [ RunTime:0.0001s ]
SQL: SHOW COLUMNS FROM `xb_items_category` [ RunTime:0.0003s ]
SQL: SELECT `ID`,`Name`,`Imageurl` FROM `xb_items_category` WHERE `ParentID` = 0 AND `IsDel` = 0 AND `IsRec` = 1 AND `Status` = 1 ORDER BY Sort asc,ID desc LIMIT 8   [ RunTime:0.0002s ]
NOTIC: [8] Undefined variable: areid /www/wwwroot/xbm.mashangbang.top/Application/Home/Controller/IndexController.class.php 第 32 行.
SQL: SHOW COLUMNS FROM `xb_items` [ RunTime:0.0007s ]
SQL: SELECT `ID`,`Name`,`Logurl`,`AppNumbs` FROM `xb_items` WHERE `Itype` = '1' AND `IsRec` = '1' AND `IsDel` = '0' AND `Status` = '1' AND `Showtype` IN ('1','3') AND `Isshow` = '1' ORDER BY Sort asc,ID desc LIMIT 4   [ RunTime:0.0001s ]
NOTIC: [8] Undefined variable: areid /www/wwwroot/xbm.mashangbang.top/Application/Home/Controller/IndexController.class.php 第 45 行.
SQL: SELECT a.ID,a.Name,a.Logurl,a.Intro,a.AppNumbs,c.Name as Jkdays,a.DayfeeRate,b.Name as eduname FROM xb_items a left join xb_items_moneytype b on a.MoneytypeID=b.ID left join xb_items_jktimes c on a.JktimesID=c.ID  WHERE a.Itype = '1' AND a.IsHot = '1' AND a.IsDel = '0' AND a.Status = '1' AND a.Showtype IN ('1','3') AND a.Isshow = '1' ORDER BY a.Sort asc,a.ID desc LIMIT 20   [ RunTime:0.0001s ]
INFO: [ view_parse ] --START--
INFO: [ template_filter ] --START--
INFO: Run Behavior\ContentReplaceBehavior [ RunTime:0.000065s ]
INFO: [ template_filter ] --END-- [ RunTime:0.000093s ]
NOTIC: [8] Undefined variable: SEOTitle /www/wwwroot/xbm.mashangbang.top/Application/Runtime/Cache/Home/2a94b8bda04ff446dcedd42276fc99ee.php 第 11 行.
INFO: Run Behavior\ParseTemplateBehavior [ RunTime:0.007279s ]
INFO: [ view_parse ] --END-- [ RunTime:0.007307s ]
INFO: [ view_filter ] --START--
INFO: Run Behavior\WriteHtmlCacheBehavior [ RunTime:0.000158s ]
INFO: [ view_filter ] --END-- [ RunTime:0.000179s ]
INFO: [ app_end ] --START--
INFO: Run Behavior\ShowPageTraceBehavior [ RunTime:0.000341s ]
INFO: [ app_end ] --END-- [ RunTime:0.000368s ]

[ 2019-09-12T02:17:08+08:00 ] 139.207.84.89 /register/content_c?mobile=17358485068
INFO: [ app_init ] --START--
INFO: Run Behavior\BuildLiteBehavior [ RunTime:0.000010s ]
INFO: [ app_init ] --END-- [ RunTime:0.000273s ]
INFO: [ app_begin ] --START--
INFO: Run Behavior\ReadHtmlCacheBehavior [ RunTime:0.000318s ]
INFO: [ app_begin ] --END-- [ RunTime:0.000351s ]
INFO: [ view_parse ] --START--
INFO: [ template_filter ] --START--
INFO: Run Behavior\ContentReplaceBehavior [ RunTime:0.000041s ]
INFO: [ template_filter ] --END-- [ RunTime:0.000090s ]
INFO: Run Behavior\ParseTemplateBehavior [ RunTime:0.005309s ]
INFO: [ view_parse ] --END-- [ RunTime:0.005340s ]
INFO: [ view_filter ] --START--
INFO: Run Behavior\WriteHtmlCacheBehavior [ RunTime:0.000182s ]
INFO: [ view_filter ] --END-- [ RunTime:0.000202s ]
INFO: [ app_end ] --START--
INFO: Run Behavior\ShowPageTraceBehavior [ RunTime:0.000336s ]
INFO: [ app_end ] --END-- [ RunTime:0.000364s ]

[ 2019-09-12T02:17:09+08:00 ] 139.207.84.89 /register/getdownloadurl.html
INFO: [ app_init ] --START--
INFO: Run Behavior\BuildLiteBehavior [ RunTime:0.000010s ]
INFO: [ app_init ] --END-- [ RunTime:0.000223s ]
INFO: [ app_begin ] --START--
INFO: Run Behavior\ReadHtmlCacheBehavior [ RunTime:0.000397s ]
INFO: [ app_begin ] --END-- [ RunTime:0.000430s ]
SQL: SHOW COLUMNS FROM `xb_sys_basicinfo` [ RunTime:0.0009s ]
SQL: SELECT * FROM `xb_sys_basicinfo` LIMIT 1   [ RunTime:0.0002s ]

[ 2019-09-12T02:17:11+08:00 ] 139.207.84.89 /favicon.ico
INFO: [ app_init ] --START--
INFO: Run Behavior\BuildLiteBehavior [ RunTime:0.000009s ]
INFO: [ app_init ] --END-- [ RunTime:0.000234s ]

[ 2019-09-12T02:17:58+08:00 ] 139.207.84.89 /register/submitcontent.html
INFO: [ app_init ] --START--
INFO: Run Behavior\BuildLiteBehavior [ RunTime:0.000011s ]
INFO: [ app_init ] --END-- [ RunTime:0.000258s ]
INFO: [ app_begin ] --START--
INFO: Run Behavior\ReadHtmlCacheBehavior [ RunTime:0.000319s ]
INFO: [ app_begin ] --END-- [ RunTime:0.000350s ]
SQL: SHOW COLUMNS FROM `xb_mem_info` [ RunTime:0.0007s ]
SQL: SELECT * FROM `xb_mem_info` WHERE `Mobile` = '17358485068' AND `IsDel` = 0 LIMIT 1   [ RunTime:0.0033s ]
SQL: SHOW COLUMNS FROM `xb_mem_ed` [ RunTime:0.0004s ]
SQL: INSERT INTO `xb_mem_ed` (`name`,`mobile`,`userId`,`sex`,`createDate`,`money`,`card`,`houseType`,`carType`,`zy`,`work`,`gjj`,`ysr`,`sb`,`xyk`,`bd`,`city`) VALUES ('海岸清','17358485068','42686','1','2019-09-12 02:17:58','0.8','','0','0','1','3','0','3','0','0','0','') [ RunTime:0.0074s ]

[ 2019-09-12T03:13:10+08:00 ] 47.101.59.121 /
INFO: [ app_init ] --START--
INFO: Run Behavior\BuildLiteBehavior [ RunTime:0.000009s ]
INFO: [ app_init ] --END-- [ RunTime:0.000230s ]
INFO: [ app_begin ] --START--
INFO: Run Behavior\ReadHtmlCacheBehavior [ RunTime:0.000315s ]
INFO: [ app_begin ] --END-- [ RunTime:0.000351s ]
NOTIC: [8] Use of undefined constant HTTP_X_FORWARDED_FOR - assumed 'HTTP_X_FORWARDED_FOR' /www/wwwroot/xbm.mashangbang.top/Application/Common/Common/function.php 第 1396 行.
NOTIC: [8] Use of undefined constant HTTP_CLIENT_IP - assumed 'HTTP_CLIENT_IP' /www/wwwroot/xbm.mashangbang.top/Application/Common/Common/function.php 第 1398 行.
NOTIC: [8] Use of undefined constant REMOTE_ADDR - assumed 'REMOTE_ADDR' /www/wwwroot/xbm.mashangbang.top/Application/Common/Common/function.php 第 1401 行.
SQL: SHOW COLUMNS FROM `xb_sys_ipaddress` [ RunTime:0.0005s ]
SQL: SELECT * FROM `xb_sys_ipaddress` WHERE `IpAddress` = '47.101.59.121' LIMIT 1   [ RunTime:0.0003s ]
NOTIC: [8] Undefined index: data /www/wwwroot/xbm.mashangbang.top/Application/Common/Common/function.php 第 1423 行.
NOTIC: [8] Undefined index: data /www/wwwroot/xbm.mashangbang.top/Application/Common/Common/function.php 第 1424 行.
SQL: SHOW COLUMNS FROM `xb_sys_adcontent` [ RunTime:0.0005s ]
SQL: SELECT * FROM `xb_sys_adcontent` WHERE `AdvertisingID` = 1 AND `Status` = 1 ORDER BY Sort ASC,ID DESC LIMIT 3   [ RunTime:0.0001s ]
SQL: SHOW COLUMNS FROM `xb_sys_contentmanagement` [ RunTime:0.0005s ]
SQL: SELECT `ID`,`Title` FROM `xb_sys_contentmanagement` WHERE `CategoriesID` = 2 ORDER BY Sort asc,ID desc LIMIT 3   [ RunTime:0.0001s ]
SQL: SHOW COLUMNS FROM `xb_items_category` [ RunTime:0.0003s ]
SQL: SELECT `ID`,`Name`,`Imageurl` FROM `xb_items_category` WHERE `ParentID` = 0 AND `IsDel` = 0 AND `IsRec` = 1 AND `Status` = 1 ORDER BY Sort asc,ID desc LIMIT 8   [ RunTime:0.0001s ]
NOTIC: [8] Undefined variable: areid /www/wwwroot/xbm.mashangbang.top/Application/Home/Controller/IndexController.class.php 第 32 行.
SQL: SHOW COLUMNS FROM `xb_items` [ RunTime:0.0008s ]
SQL: SELECT `ID`,`Name`,`Logurl`,`AppNumbs` FROM `xb_items` WHERE `Itype` = '1' AND `IsRec` = '1' AND `IsDel` = '0' AND `Status` = '1' AND `Showtype` IN ('1','3') AND `Isshow` = '1' ORDER BY Sort asc,ID desc LIMIT 4   [ RunTime:0.0001s ]
NOTIC: [8] Undefined variable: areid /www/wwwroot/xbm.mashangbang.top/Application/Home/Controller/IndexController.class.php 第 45 行.
SQL: SELECT a.ID,a.Name,a.Logurl,a.Intro,a.AppNumbs,c.Name as Jkdays,a.DayfeeRate,b.Name as eduname FROM xb_items a left join xb_items_moneytype b on a.MoneytypeID=b.ID left join xb_items_jktimes c on a.JktimesID=c.ID  WHERE a.Itype = '1' AND a.IsHot = '1' AND a.IsDel = '0' AND a.Status = '1' AND a.Showtype IN ('1','3') AND a.Isshow = '1' ORDER BY a.Sort asc,a.ID desc LIMIT 20   [ RunTime:0.0001s ]
INFO: [ view_parse ] --START--
INFO: [ template_filter ] --START--
INFO: Run Behavior\ContentReplaceBehavior [ RunTime:0.000063s ]
INFO: [ template_filter ] --END-- [ RunTime:0.000091s ]
NOTIC: [8] Undefined variable: SEOTitle /www/wwwroot/xbm.mashangbang.top/Application/Runtime/Cache/Home/2a94b8bda04ff446dcedd42276fc99ee.php 第 11 行.
INFO: Run Behavior\ParseTemplateBehavior [ RunTime:0.007450s ]
INFO: [ view_parse ] --END-- [ RunTime:0.007478s ]
INFO: [ view_filter ] --START--
INFO: Run Behavior\WriteHtmlCacheBehavior [ RunTime:0.000159s ]
INFO: [ view_filter ] --END-- [ RunTime:0.000180s ]
INFO: [ app_end ] --START--
INFO: Run Behavior\ShowPageTraceBehavior [ RunTime:0.000346s ]
INFO: [ app_end ] --END-- [ RunTime:0.000398s ]

[ 2019-09-12T06:15:27+08:00 ] 179.110.165.76 /
INFO: [ app_init ] --START--
INFO: Run Behavior\BuildLiteBehavior [ RunTime:0.000010s ]
INFO: [ app_init ] --END-- [ RunTime:0.000267s ]
INFO: [ app_begin ] --START--
INFO: Run Behavior\ReadHtmlCacheBehavior [ RunTime:0.000317s ]
INFO: [ app_begin ] --END-- [ RunTime:0.000352s ]
NOTIC: [8] Use of undefined constant HTTP_X_FORWARDED_FOR - assumed 'HTTP_X_FORWARDED_FOR' /www/wwwroot/xbm.mashangbang.top/Application/Common/Common/function.php 第 1396 行.
NOTIC: [8] Use of undefined constant HTTP_CLIENT_IP - assumed 'HTTP_CLIENT_IP' /www/wwwroot/xbm.mashangbang.top/Application/Common/Common/function.php 第 1398 行.
NOTIC: [8] Use of undefined constant REMOTE_ADDR - assumed 'REMOTE_ADDR' /www/wwwroot/xbm.mashangbang.top/Application/Common/Common/function.php 第 1401 行.
SQL: SHOW COLUMNS FROM `xb_sys_ipaddress` [ RunTime:0.0005s ]
SQL: SELECT * FROM `xb_sys_ipaddress` WHERE `IpAddress` = '179.110.165.76' LIMIT 1   [ RunTime:0.0003s ]
NOTIC: [8] Undefined index: data /www/wwwroot/xbm.mashangbang.top/Application/Common/Common/function.php 第 1423 行.
NOTIC: [8] Undefined index: data /www/wwwroot/xbm.mashangbang.top/Application/Common/Common/function.php 第 1424 行.
SQL: SHOW COLUMNS FROM `xb_sys_adcontent` [ RunTime:0.0005s ]
SQL: SELECT * FROM `xb_sys_adcontent` WHERE `AdvertisingID` = 1 AND `Status` = 1 ORDER BY Sort ASC,ID DESC LIMIT 3   [ RunTime:0.0001s ]
SQL: SHOW COLUMNS FROM `xb_sys_contentmanagement` [ RunTime:0.0004s ]
SQL: SELECT `ID`,`Title` FROM `xb_sys_contentmanagement` WHERE `CategoriesID` = 2 ORDER BY Sort asc,ID desc LIMIT 3   [ RunTime:0.0001s ]
SQL: SHOW COLUMNS FROM `xb_items_category` [ RunTime:0.0003s ]
SQL: SELECT `ID`,`Name`,`Imageurl` FROM `xb_items_category` WHERE `ParentID` = 0 AND `IsDel` = 0 AND `IsRec` = 1 AND `Status` = 1 ORDER BY Sort asc,ID desc LIMIT 8   [ RunTime:0.0001s ]
NOTIC: [8] Undefined variable: areid /www/wwwroot/xbm.mashangbang.top/Application/Home/Controller/IndexController.class.php 第 32 行.
SQL: SHOW COLUMNS FROM `xb_items` [ RunTime:0.0008s ]
SQL: SELECT `ID`,`Name`,`Logurl`,`AppNumbs` FROM `xb_items` WHERE `Itype` = '1' AND `IsRec` = '1' AND `IsDel` = '0' AND `Status` = '1' AND `Showtype` IN ('1','3') AND `Isshow` = '1' ORDER BY Sort asc,ID desc LIMIT 4   [ RunTime:0.0001s ]
NOTIC: [8] Undefined variable: areid /www/wwwroot/xbm.mashangbang.top/Application/Home/Controller/IndexController.class.php 第 45 行.
SQL: SELECT a.ID,a.Name,a.Logurl,a.Intro,a.AppNumbs,c.Name as Jkdays,a.DayfeeRate,b.Name as eduname FROM xb_items a left join xb_items_moneytype b on a.MoneytypeID=b.ID left join xb_items_jktimes c on a.JktimesID=c.ID  WHERE a.Itype = '1' AND a.IsHot = '1' AND a.IsDel = '0' AND a.Status = '1' AND a.Showtype IN ('1','3') AND a.Isshow = '1' ORDER BY a.Sort asc,a.ID desc LIMIT 20   [ RunTime:0.0001s ]
INFO: [ view_parse ] --START--
INFO: [ template_filter ] --START--
INFO: Run Behavior\ContentReplaceBehavior [ RunTime:0.000062s ]
INFO: [ template_filter ] --END-- [ RunTime:0.000089s ]
NOTIC: [8] Undefined variable: SEOTitle /www/wwwroot/xbm.mashangbang.top/Application/Runtime/Cache/Home/2a94b8bda04ff446dcedd42276fc99ee.php 第 11 行.
INFO: Run Behavior\ParseTemplateBehavior [ RunTime:0.007286s ]
INFO: [ view_parse ] --END-- [ RunTime:0.007314s ]
INFO: [ view_filter ] --START--
INFO: Run Behavior\WriteHtmlCacheBehavior [ RunTime:0.000208s ]
INFO: [ view_filter ] --END-- [ RunTime:0.000237s ]
INFO: [ app_end ] --START--
INFO: Run Behavior\ShowPageTraceBehavior [ RunTime:0.000338s ]
INFO: [ app_end ] --END-- [ RunTime:0.000365s ]

[ 2019-09-12T09:07:08+08:00 ] 106.117.29.133 /register/content_c?mobile=15383905565
INFO: [ app_init ] --START--
INFO: Run Behavior\BuildLiteBehavior [ RunTime:0.000010s ]
INFO: [ app_init ] --END-- [ RunTime:0.000237s ]
INFO: [ app_begin ] --START--
INFO: Run Behavior\ReadHtmlCacheBehavior [ RunTime:0.000331s ]
INFO: [ app_begin ] --END-- [ RunTime:0.000375s ]
INFO: [ view_parse ] --START--
INFO: [ template_filter ] --START--
INFO: Run Behavior\ContentReplaceBehavior [ RunTime:0.000040s ]
INFO: [ template_filter ] --END-- [ RunTime:0.000071s ]
INFO: Run Behavior\ParseTemplateBehavior [ RunTime:0.005036s ]
INFO: [ view_parse ] --END-- [ RunTime:0.005070s ]
INFO: [ view_filter ] --START--
INFO: Run Behavior\WriteHtmlCacheBehavior [ RunTime:0.000158s ]
INFO: [ view_filter ] --END-- [ RunTime:0.000176s ]
INFO: [ app_end ] --START--
INFO: Run Behavior\ShowPageTraceBehavior [ RunTime:0.000392s ]
INFO: [ app_end ] --END-- [ RunTime:0.000421s ]

[ 2019-09-12T09:07:08+08:00 ] 106.117.29.133 /register/getdownloadurl.html
INFO: [ app_init ] --START--
INFO: Run Behavior\BuildLiteBehavior [ RunTime:0.000010s ]
INFO: [ app_init ] --END-- [ RunTime:0.000229s ]
INFO: [ app_begin ] --START--
INFO: Run Behavior\ReadHtmlCacheBehavior [ RunTime:0.000344s ]
INFO: [ app_begin ] --END-- [ RunTime:0.000375s ]
SQL: SHOW COLUMNS FROM `xb_sys_basicinfo` [ RunTime:0.0009s ]
SQL: SELECT * FROM `xb_sys_basicinfo` LIMIT 1   [ RunTime:0.0002s ]

[ 2019-09-12T09:07:09+08:00 ] 106.117.29.133 /favicon.ico
INFO: [ app_init ] --START--
INFO: Run Behavior\BuildLiteBehavior [ RunTime:0.000008s ]
INFO: [ app_init ] --END-- [ RunTime:0.000220s ]

[ 2019-09-12T09:07:46+08:00 ] 106.117.29.133 /register/submitcontent.html
INFO: [ app_init ] --START--
INFO: Run Behavior\BuildLiteBehavior [ RunTime:0.000011s ]
INFO: [ app_init ] --END-- [ RunTime:0.000246s ]
INFO: [ app_begin ] --START--
INFO: Run Behavior\ReadHtmlCacheBehavior [ RunTime:0.000326s ]
INFO: [ app_begin ] --END-- [ RunTime:0.000358s ]
SQL: SHOW COLUMNS FROM `xb_mem_info` [ RunTime:0.0008s ]
SQL: SELECT * FROM `xb_mem_info` WHERE `Mobile` = '15383905565' AND `IsDel` = 0 LIMIT 1   [ RunTime:0.0032s ]
SQL: SHOW COLUMNS FROM `xb_mem_ed` [ RunTime:0.0004s ]
SQL: INSERT INTO `xb_mem_ed` (`name`,`mobile`,`userId`,`sex`,`createDate`,`money`,`card`,`houseType`,`carType`,`zy`,`work`,`gjj`,`ysr`,`sb`,`xyk`,`bd`,`city`) VALUES ('李春雷','15383905565','42687','1','2019-09-12 09:07:46','0.5','','0','0','1','3','0','2','0','0','0','') [ RunTime:0.0037s ]

[ 2019-09-12T09:14:53+08:00 ] 167.99.143.169 /Temporary_Listen_Addresses/SMSSERVICE
INFO: [ app_init ] --START--
INFO: Run Behavior\BuildLiteBehavior [ RunTime:0.000010s ]
INFO: [ app_init ] --END-- [ RunTime:0.000242s ]
INFO: [ app_begin ] --START--
INFO: Run Behavior\ReadHtmlCacheBehavior [ RunTime:0.000334s ]
INFO: [ app_begin ] --END-- [ RunTime:0.000367s ]
ERR: 无法加载控制器:TemporaryListenAddresses

[ 2019-09-12T10:16:14+08:00 ] 47.101.197.153 /
INFO: [ app_init ] --START--
INFO: Run Behavior\BuildLiteBehavior [ RunTime:0.000010s ]
INFO: [ app_init ] --END-- [ RunTime:0.000243s ]
INFO: [ app_begin ] --START--
INFO: Run Behavior\ReadHtmlCacheBehavior [ RunTime:0.000325s ]
INFO: [ app_begin ] --END-- [ RunTime:0.000357s ]
NOTIC: [8] Use of undefined constant HTTP_X_FORWARDED_FOR - assumed 'HTTP_X_FORWARDED_FOR' /www/wwwroot/xbm.mashangbang.top/Application/Common/Common/function.php 第 1396 行.
NOTIC: [8] Use of undefined constant HTTP_CLIENT_IP - assumed 'HTTP_CLIENT_IP' /www/wwwroot/xbm.mashangbang.top/Application/Common/Common/function.php 第 1398 行.
NOTIC: [8] Use of undefined constant REMOTE_ADDR - assumed 'REMOTE_ADDR' /www/wwwroot/xbm.mashangbang.top/Application/Common/Common/function.php 第 1401 行.
SQL: SHOW COLUMNS FROM `xb_sys_ipaddress` [ RunTime:0.0006s ]
SQL: SELECT * FROM `xb_sys_ipaddress` WHERE `IpAddress` = '47.101.197.153' LIMIT 1   [ RunTime:0.0001s ]
NOTIC: [8] Undefined index: data /www/wwwroot/xbm.mashangbang.top/Application/Common/Common/function.php 第 1423 行.
NOTIC: [8] Undefined index: data /www/wwwroot/xbm.mashangbang.top/Application/Common/Common/function.php 第 1424 行.
SQL: SHOW COLUMNS FROM `xb_sys_adcontent` [ RunTime:0.0005s ]
SQL: SELECT * FROM `xb_sys_adcontent` WHERE `AdvertisingID` = 1 AND `Status` = 1 ORDER BY Sort ASC,ID DESC LIMIT 3   [ RunTime:0.0001s ]
SQL: SHOW COLUMNS FROM `xb_sys_contentmanagement` [ RunTime:0.0005s ]
SQL: SELECT `ID`,`Title` FROM `xb_sys_contentmanagement` WHERE `CategoriesID` = 2 ORDER BY Sort asc,ID desc LIMIT 3   [ RunTime:0.0001s ]
SQL: SHOW COLUMNS FROM `xb_items_category` [ RunTime:0.0004s ]
SQL: SELECT `ID`,`Name`,`Imageurl` FROM `xb_items_category` WHERE `ParentID` = 0 AND `IsDel` = 0 AND `IsRec` = 1 AND `Status` = 1 ORDER BY Sort asc,ID desc LIMIT 8   [ RunTime:0.0001s ]
NOTIC: [8] Undefined variable: areid /www/wwwroot/xbm.mashangbang.top/Application/Home/Controller/IndexController.class.php 第 32 行.
SQL: SHOW COLUMNS FROM `xb_items` [ RunTime:0.0007s ]
SQL: SELECT `ID`,`Name`,`Logurl`,`AppNumbs` FROM `xb_items` WHERE `Itype` = '1' AND `IsRec` = '1' AND `IsDel` = '0' AND `Status` = '1' AND `Showtype` IN ('1','3') AND `Isshow` = '1' ORDER BY Sort asc,ID desc LIMIT 4   [ RunTime:0.0001s ]
NOTIC: [8] Undefined variable: areid /www/wwwroot/xbm.mashangbang.top/Application/Home/Controller/IndexController.class.php 第 45 行.
SQL: SELECT a.ID,a.Name,a.Logurl,a.Intro,a.AppNumbs,c.Name as Jkdays,a.DayfeeRate,b.Name as eduname FROM xb_items a left join xb_items_moneytype b on a.MoneytypeID=b.ID left join xb_items_jktimes c on a.JktimesID=c.ID  WHERE a.Itype = '1' AND a.IsHot = '1' AND a.IsDel = '0' AND a.Status = '1' AND a.Showtype IN ('1','3') AND a.Isshow = '1' ORDER BY a.Sort asc,a.ID desc LIMIT 20   [ RunTime:0.0001s ]
INFO: [ view_parse ] --START--
INFO: [ template_filter ] --START--
INFO: Run Behavior\ContentReplaceBehavior [ RunTime:0.000067s ]
INFO: [ template_filter ] --END-- [ RunTime:0.000095s ]
NOTIC: [8] Undefined variable: SEOTitle /www/wwwroot/xbm.mashangbang.top/Application/Runtime/Cache/Home/2a94b8bda04ff446dcedd42276fc99ee.php 第 11 行.
INFO: Run Behavior\ParseTemplateBehavior [ RunTime:0.007262s ]
INFO: [ view_parse ] --END-- [ RunTime:0.007288s ]
INFO: [ view_filter ] --START--
INFO: Run Behavior\WriteHtmlCacheBehavior [ RunTime:0.000156s ]
INFO: [ view_filter ] --END-- [ RunTime:0.000177s ]
INFO: [ app_end ] --START--
INFO: Run Behavior\ShowPageTraceBehavior [ RunTime:0.000363s ]
INFO: [ app_end ] --END-- [ RunTime:0.000398s ]

[ 2019-09-12T11:21:09+08:00 ] 47.98.96.116 /register/content_c?mobile=15191505217
INFO: [ app_init ] --START--
INFO: Run Behavior\BuildLiteBehavior [ RunTime:0.000011s ]
INFO: [ app_init ] --END-- [ RunTime:0.000250s ]
INFO: [ app_begin ] --START--
INFO: Run Behavior\ReadHtmlCacheBehavior [ RunTime:0.000324s ]
INFO: [ app_begin ] --END-- [ RunTime:0.000369s ]
INFO: [ view_parse ] --START--
INFO: [ template_filter ] --START--
INFO: Run Behavior\ContentReplaceBehavior [ RunTime:0.000039s ]
INFO: [ template_filter ] --END-- [ RunTime:0.000070s ]
INFO: Run Behavior\ParseTemplateBehavior [ RunTime:0.005049s ]
INFO: [ view_parse ] --END-- [ RunTime:0.005078s ]
INFO: [ view_filter ] --START--
INFO: Run Behavior\WriteHtmlCacheBehavior [ RunTime:0.000143s ]
INFO: [ view_filter ] --END-- [ RunTime:0.000161s ]
INFO: [ app_end ] --START--
INFO: Run Behavior\ShowPageTraceBehavior [ RunTime:0.000367s ]
INFO: [ app_end ] --END-- [ RunTime:0.000400s ]

[ 2019-09-12T11:22:37+08:00 ] 47.97.167.161 /register/content_c?mobile=13081956329
INFO: [ app_init ] --START--
INFO: Run Behavior\BuildLiteBehavior [ RunTime:0.000011s ]
INFO: [ app_init ] --END-- [ RunTime:0.000241s ]
INFO: [ app_begin ] --START--
INFO: Run Behavior\ReadHtmlCacheBehavior [ RunTime:0.000362s ]
INFO: [ app_begin ] --END-- [ RunTime:0.000402s ]
INFO: [ view_parse ] --START--
INFO: [ template_filter ] --START--
INFO: Run Behavior\ContentReplaceBehavior [ RunTime:0.000041s ]
INFO: [ template_filter ] --END-- [ RunTime:0.000073s ]
INFO: Run Behavior\ParseTemplateBehavior [ RunTime:0.005385s ]
INFO: [ view_parse ] --END-- [ RunTime:0.005422s ]
INFO: [ view_filter ] --START--
INFO: Run Behavior\WriteHtmlCacheBehavior [ RunTime:0.000173s ]
INFO: [ view_filter ] --END-- [ RunTime:0.000194s ]
INFO: [ app_end ] --START--
INFO: Run Behavior\ShowPageTraceBehavior [ RunTime:0.000338s ]
INFO: [ app_end ] --END-- [ RunTime:0.000368s ]

[ 2019-09-12T11:36:02+08:00 ] 101.132.108.206 /register/getdownloadurl.html
INFO: [ app_init ] --START--
INFO: Run Behavior\BuildLiteBehavior [ RunTime:0.000010s ]
INFO: [ app_init ] --END-- [ RunTime:0.000238s ]
INFO: [ app_begin ] --START--
INFO: Run Behavior\ReadHtmlCacheBehavior [ RunTime:0.000334s ]
INFO: [ app_begin ] --END-- [ RunTime:0.000366s ]
SQL: SHOW COLUMNS FROM `xb_sys_basicinfo` [ RunTime:0.0011s ]
SQL: SELECT * FROM `xb_sys_basicinfo` LIMIT 1   [ RunTime:0.0002s ]

[ 2019-09-12T11:41:32+08:00 ] 101.132.193.68 /register/content_c?mobile=13476179597
INFO: [ app_init ] --START--
INFO: Run Behavior\BuildLiteBehavior [ RunTime:0.000009s ]
INFO: [ app_init ] --END-- [ RunTime:0.000234s ]
INFO: [ app_begin ] --START--
INFO: Run Behavior\ReadHtmlCacheBehavior [ RunTime:0.000328s ]
INFO: [ app_begin ] --END-- [ RunTime:0.000380s ]
INFO: [ view_parse ] --START--
INFO: [ template_filter ] --START--
INFO: Run Behavior\ContentReplaceBehavior [ RunTime:0.000042s ]
INFO: [ template_filter ] --END-- [ RunTime:0.000074s ]
INFO: Run Behavior\ParseTemplateBehavior [ RunTime:0.005209s ]
INFO: [ view_parse ] --END-- [ RunTime:0.005239s ]
INFO: [ view_filter ] --START--
INFO: Run Behavior\WriteHtmlCacheBehavior [ RunTime:0.000149s ]
INFO: [ view_filter ] --END-- [ RunTime:0.000168s ]
INFO: [ app_end ] --START--
INFO: Run Behavior\ShowPageTraceBehavior [ RunTime:0.000401s ]
INFO: [ app_end ] --END-- [ RunTime:0.000431s ]

[ 2019-09-12T11:51:21+08:00 ] 189.114.192.225 /
INFO: [ app_init ] --START--
INFO: Run Behavior\BuildLiteBehavior [ RunTime:0.000010s ]
INFO: [ app_init ] --END-- [ RunTime:0.000220s ]
INFO: [ app_begin ] --START--
INFO: Run Behavior\ReadHtmlCacheBehavior [ RunTime:0.000319s ]
INFO: [ app_begin ] --END-- [ RunTime:0.000352s ]
NOTIC: [8] Use of undefined constant HTTP_X_FORWARDED_FOR - assumed 'HTTP_X_FORWARDED_FOR' /www/wwwroot/xbm.mashangbang.top/Application/Common/Common/function.php 第 1396 行.
NOTIC: [8] Use of undefined constant HTTP_CLIENT_IP - assumed 'HTTP_CLIENT_IP' /www/wwwroot/xbm.mashangbang.top/Application/Common/Common/function.php 第 1398 行.
NOTIC: [8] Use of undefined constant REMOTE_ADDR - assumed 'REMOTE_ADDR' /www/wwwroot/xbm.mashangbang.top/Application/Common/Common/function.php 第 1401 行.
SQL: SHOW COLUMNS FROM `xb_sys_ipaddress` [ RunTime:0.0005s ]
SQL: SELECT * FROM `xb_sys_ipaddress` WHERE `IpAddress` = '189.114.192.225' LIMIT 1   [ RunTime:0.0003s ]
NOTIC: [8] Undefined index: data /www/wwwroot/xbm.mashangbang.top/Application/Common/Common/function.php 第 1423 行.
NOTIC: [8] Undefined index: data /www/wwwroot/xbm.mashangbang.top/Application/Common/Common/function.php 第 1424 行.
SQL: SHOW COLUMNS FROM `xb_sys_adcontent` [ RunTime:0.0005s ]
SQL: SELECT * FROM `xb_sys_adcontent` WHERE `AdvertisingID` = 1 AND `Status` = 1 ORDER BY Sort ASC,ID DESC LIMIT 3   [ RunTime:0.0001s ]
SQL: SHOW COLUMNS FROM `xb_sys_contentmanagement` [ RunTime:0.0004s ]
SQL: SELECT `ID`,`Title` FROM `xb_sys_contentmanagement` WHERE `CategoriesID` = 2 ORDER BY Sort asc,ID desc LIMIT 3   [ RunTime:0.0001s ]
SQL: SHOW COLUMNS FROM `xb_items_category` [ RunTime:0.0004s ]
SQL: SELECT `ID`,`Name`,`Imageurl` FROM `xb_items_category` WHERE `ParentID` = 0 AND `IsDel` = 0 AND `IsRec` = 1 AND `Status` = 1 ORDER BY Sort asc,ID desc LIMIT 8   [ RunTime:0.0001s ]
NOTIC: [8] Undefined variable: areid /www/wwwroot/xbm.mashangbang.top/Application/Home/Controller/IndexController.class.php 第 32 行.
SQL: SHOW COLUMNS FROM `xb_items` [ RunTime:0.0007s ]
SQL: SELECT `ID`,`Name`,`Logurl`,`AppNumbs` FROM `xb_items` WHERE `Itype` = '1' AND `IsRec` = '1' AND `IsDel` = '0' AND `Status` = '1' AND `Showtype` IN ('1','3') AND `Isshow` = '1' ORDER BY Sort asc,ID desc LIMIT 4   [ RunTime:0.0001s ]
NOTIC: [8] Undefined variable: areid /www/wwwroot/xbm.mashangbang.top/Application/Home/Controller/IndexController.class.php 第 45 行.
SQL: SELECT a.ID,a.Name,a.Logurl,a.Intro,a.AppNumbs,c.Name as Jkdays,a.DayfeeRate,b.Name as eduname FROM xb_items a left join xb_items_moneytype b on a.MoneytypeID=b.ID left join xb_items_jktimes c on a.JktimesID=c.ID  WHERE a.Itype = '1' AND a.IsHot = '1' AND a.IsDel = '0' AND a.Status = '1' AND a.Showtype IN ('1','3') AND a.Isshow = '1' ORDER BY a.Sort asc,a.ID desc LIMIT 20   [ RunTime:0.0001s ]
INFO: [ view_parse ] --START--
INFO: [ template_filter ] --START--
INFO: Run Behavior\ContentReplaceBehavior [ RunTime:0.000064s ]
INFO: [ template_filter ] --END-- [ RunTime:0.000092s ]
NOTIC: [8] Undefined variable: SEOTitle /www/wwwroot/xbm.mashangbang.top/Application/Runtime/Cache/Home/2a94b8bda04ff446dcedd42276fc99ee.php 第 11 行.
INFO: Run Behavior\ParseTemplateBehavior [ RunTime:0.007246s ]
INFO: [ view_parse ] --END-- [ RunTime:0.007273s ]
INFO: [ view_filter ] --START--
INFO: Run Behavior\WriteHtmlCacheBehavior [ RunTime:0.000157s ]
INFO: [ view_filter ] --END-- [ RunTime:0.000178s ]
INFO: [ app_end ] --START--
INFO: Run Behavior\ShowPageTraceBehavior [ RunTime:0.000356s ]
INFO: [ app_end ] --END-- [ RunTime:0.000385s ]

[ 2019-09-12T11:51:55+08:00 ] 47.103.7.61 /
INFO: [ app_init ] --START--
INFO: Run Behavior\BuildLiteBehavior [ RunTime:0.000011s ]
INFO: [ app_init ] --END-- [ RunTime:0.000257s ]
INFO: [ app_begin ] --START--
INFO: Run Behavior\ReadHtmlCacheBehavior [ RunTime:0.000311s ]
INFO: [ app_begin ] --END-- [ RunTime:0.000346s ]
NOTIC: [8] Use of undefined constant HTTP_X_FORWARDED_FOR - assumed 'HTTP_X_FORWARDED_FOR' /www/wwwroot/xbm.mashangbang.top/Application/Common/Common/function.php 第 1396 行.
NOTIC: [8] Use of undefined constant HTTP_CLIENT_IP - assumed 'HTTP_CLIENT_IP' /www/wwwroot/xbm.mashangbang.top/Application/Common/Common/function.php 第 1398 行.
NOTIC: [8] Use of undefined constant REMOTE_ADDR - assumed 'REMOTE_ADDR' /www/wwwroot/xbm.mashangbang.top/Application/Common/Common/function.php 第 1401 行.
SQL: SHOW COLUMNS FROM `xb_sys_ipaddress` [ RunTime:0.0005s ]
SQL: SELECT * FROM `xb_sys_ipaddress` WHERE `IpAddress` = '47.103.7.61' LIMIT 1   [ RunTime:0.0003s ]
NOTIC: [8] Undefined index: data /www/wwwroot/xbm.mashangbang.top/Application/Common/Common/function.php 第 1423 行.
NOTIC: [8] Undefined index: data /www/wwwroot/xbm.mashangbang.top/Application/Common/Common/function.php 第 1424 行.
SQL: SHOW COLUMNS FROM `xb_sys_adcontent` [ RunTime:0.0005s ]
SQL: SELECT * FROM `xb_sys_adcontent` WHERE `AdvertisingID` = 1 AND `Status` = 1 ORDER BY Sort ASC,ID DESC LIMIT 3   [ RunTime:0.0001s ]
SQL: SHOW COLUMNS FROM `xb_sys_contentmanagement` [ RunTime:0.0005s ]
SQL: SELECT `ID`,`Title` FROM `xb_sys_contentmanagement` WHERE `CategoriesID` = 2 ORDER BY Sort asc,ID desc LIMIT 3   [ RunTime:0.0001s ]
SQL: SHOW COLUMNS FROM `xb_items_category` [ RunTime:0.0004s ]
SQL: SELECT `ID`,`Name`,`Imageurl` FROM `xb_items_category` WHERE `ParentID` = 0 AND `IsDel` = 0 AND `IsRec` = 1 AND `Status` = 1 ORDER BY Sort asc,ID desc LIMIT 8   [ RunTime:0.0001s ]
NOTIC: [8] Undefined variable: areid /www/wwwroot/xbm.mashangbang.top/Application/Home/Controller/IndexController.class.php 第 32 行.
SQL: SHOW COLUMNS FROM `xb_items` [ RunTime:0.0007s ]
SQL: SELECT `ID`,`Name`,`Logurl`,`AppNumbs` FROM `xb_items` WHERE `Itype` = '1' AND `IsRec` = '1' AND `IsDel` = '0' AND `Status` = '1' AND `Showtype` IN ('1','3') AND `Isshow` = '1' ORDER BY Sort asc,ID desc LIMIT 4   [ RunTime:0.0001s ]
NOTIC: [8] Undefined variable: areid /www/wwwroot/xbm.mashangbang.top/Application/Home/Controller/IndexController.class.php 第 45 行.
SQL: SELECT a.ID,a.Name,a.Logurl,a.Intro,a.AppNumbs,c.Name as Jkdays,a.DayfeeRate,b.Name as eduname FROM xb_items a left join xb_items_moneytype b on a.MoneytypeID=b.ID left join xb_items_jktimes c on a.JktimesID=c.ID  WHERE a.Itype = '1' AND a.IsHot = '1' AND a.IsDel = '0' AND a.Status = '1' AND a.Showtype IN ('1','3') AND a.Isshow = '1' ORDER BY a.Sort asc,a.ID desc LIMIT 20   [ RunTime:0.0001s ]
INFO: [ view_parse ] --START--
INFO: [ template_filter ] --START--
INFO: Run Behavior\ContentReplaceBehavior [ RunTime:0.000067s ]
INFO: [ template_filter ] --END-- [ RunTime:0.000096s ]
NOTIC: [8] Undefined variable: SEOTitle /www/wwwroot/xbm.mashangbang.top/Application/Runtime/Cache/Home/2a94b8bda04ff446dcedd42276fc99ee.php 第 11 行.
INFO: Run Behavior\ParseTemplateBehavior [ RunTime:0.007262s ]
INFO: [ view_parse ] --END-- [ RunTime:0.007289s ]
INFO: [ view_filter ] --START--
INFO: Run Behavior\WriteHtmlCacheBehavior [ RunTime:0.000158s ]
INFO: [ view_filter ] --END-- [ RunTime:0.000178s ]
INFO: [ app_end ] --START--
INFO: Run Behavior\ShowPageTraceBehavior [ RunTime:0.000388s ]
INFO: [ app_end ] --END-- [ RunTime:0.000420s ]

[ 2019-09-12T11:57:45+08:00 ] 47.96.12.13 /login/login.html
INFO: [ app_init ] --START--
INFO: Run Behavior\BuildLiteBehavior [ RunTime:0.000009s ]
INFO: [ app_init ] --END-- [ RunTime:0.000231s ]
INFO: [ app_begin ] --START--
INFO: Run Behavior\ReadHtmlCacheBehavior [ RunTime:0.000343s ]
INFO: [ app_begin ] --END-- [ RunTime:0.000376s ]
INFO: [ view_parse ] --START--
INFO: [ template_filter ] --START--
INFO: Run Behavior\ContentReplaceBehavior [ RunTime:0.000026s ]
INFO: [ template_filter ] --END-- [ RunTime:0.000054s ]
INFO: Run Behavior\ParseTemplateBehavior [ RunTime:0.003339s ]
INFO: [ view_parse ] --END-- [ RunTime:0.003373s ]
INFO: [ view_filter ] --START--
INFO: Run Behavior\WriteHtmlCacheBehavior [ RunTime:0.000145s ]
INFO: [ view_filter ] --END-- [ RunTime:0.000165s ]

[ 2019-09-12T12:12:56+08:00 ] 185.235.244.251 /login.cgi
INFO: [ app_init ] --START--
INFO: Run Behavior\BuildLiteBehavior [ RunTime:0.000009s ]
INFO: [ app_init ] --END-- [ RunTime:0.000251s ]
INFO: [ app_begin ] --START--
INFO: Run Behavior\ReadHtmlCacheBehavior [ RunTime:0.000332s ]
INFO: [ app_begin ] --END-- [ RunTime:0.000365s ]
ERR: 无法加载控制器:Login.cgi

[ 2019-09-12T12:22:29+08:00 ] 36.85.202.59 /
INFO: [ app_init ] --START--
INFO: Run Behavior\BuildLiteBehavior [ RunTime:0.000010s ]
INFO: [ app_init ] --END-- [ RunTime:0.000269s ]
INFO: [ app_begin ] --START--
INFO: Run Behavior\ReadHtmlCacheBehavior [ RunTime:0.000315s ]
INFO: [ app_begin ] --END-- [ RunTime:0.000349s ]
NOTIC: [8] Use of undefined constant HTTP_X_FORWARDED_FOR - assumed 'HTTP_X_FORWARDED_FOR' /www/wwwroot/xbm.mashangbang.top/Application/Common/Common/function.php 第 1396 行.
NOTIC: [8] Use of undefined constant HTTP_CLIENT_IP - assumed 'HTTP_CLIENT_IP' /www/wwwroot/xbm.mashangbang.top/Application/Common/Common/function.php 第 1398 行.
NOTIC: [8] Use of undefined constant REMOTE_ADDR - assumed 'REMOTE_ADDR' /www/wwwroot/xbm.mashangbang.top/Application/Common/Common/function.php 第 1401 行.
SQL: SHOW COLUMNS FROM `xb_sys_ipaddress` [ RunTime:0.0005s ]
SQL: SELECT * FROM `xb_sys_ipaddress` WHERE `IpAddress` = '36.85.202.59' LIMIT 1   [ RunTime:0.0003s ]
NOTIC: [8] Undefined index: data /www/wwwroot/xbm.mashangbang.top/Application/Common/Common/function.php 第 1423 行.
NOTIC: [8] Undefined index: data /www/wwwroot/xbm.mashangbang.top/Application/Common/Common/function.php 第 1424 行.
SQL: SHOW COLUMNS FROM `xb_sys_adcontent` [ RunTime:0.0005s ]
SQL: SELECT * FROM `xb_sys_adcontent` WHERE `AdvertisingID` = 1 AND `Status` = 1 ORDER BY Sort ASC,ID DESC LIMIT 3   [ RunTime:0.0001s ]
SQL: SHOW COLUMNS FROM `xb_sys_contentmanagement` [ RunTime:0.0005s ]
SQL: SELECT `ID`,`Title` FROM `xb_sys_contentmanagement` WHERE `CategoriesID` = 2 ORDER BY Sort asc,ID desc LIMIT 3   [ RunTime:0.0001s ]
SQL: SHOW COLUMNS FROM `xb_items_category` [ RunTime:0.0004s ]
SQL: SELECT `ID`,`Name`,`Imageurl` FROM `xb_items_category` WHERE `ParentID` = 0 AND `IsDel` = 0 AND `IsRec` = 1 AND `Status` = 1 ORDER BY Sort asc,ID desc LIMIT 8   [ RunTime:0.0001s ]
NOTIC: [8] Undefined variable: areid /www/wwwroot/xbm.mashangbang.top/Application/Home/Controller/IndexController.class.php 第 32 行.
SQL: SHOW COLUMNS FROM `xb_items` [ RunTime:0.0008s ]
SQL: SELECT `ID`,`Name`,`Logurl`,`AppNumbs` FROM `xb_items` WHERE `Itype` = '1' AND `IsRec` = '1' AND `IsDel` = '0' AND `Status` = '1' AND `Showtype` IN ('1','3') AND `Isshow` = '1' ORDER BY Sort asc,ID desc LIMIT 4   [ RunTime:0.0001s ]
NOTIC: [8] Undefined variable: areid /www/wwwroot/xbm.mashangbang.top/Application/Home/Controller/IndexController.class.php 第 45 行.
SQL: SELECT a.ID,a.Name,a.Logurl,a.Intro,a.AppNumbs,c.Name as Jkdays,a.DayfeeRate,b.Name as eduname FROM xb_items a left join xb_items_moneytype b on a.MoneytypeID=b.ID left join xb_items_jktimes c on a.JktimesID=c.ID  WHERE a.Itype = '1' AND a.IsHot = '1' AND a.IsDel = '0' AND a.Status = '1' AND a.Showtype IN ('1','3') AND a.Isshow = '1' ORDER BY a.Sort asc,a.ID desc LIMIT 20   [ RunTime:0.0001s ]
INFO: [ view_parse ] --START--
INFO: [ template_filter ] --START--
INFO: Run Behavior\ContentReplaceBehavior [ RunTime:0.000067s ]
INFO: [ template_filter ] --END-- [ RunTime:0.000097s ]
NOTIC: [8] Undefined variable: SEOTitle /www/wwwroot/xbm.mashangbang.top/Application/Runtime/Cache/Home/2a94b8bda04ff446dcedd42276fc99ee.php 第 11 行.
INFO: Run Behavior\ParseTemplateBehavior [ RunTime:0.007225s ]
INFO: [ view_parse ] --END-- [ RunTime:0.007251s ]
INFO: [ view_filter ] --START--
INFO: Run Behavior\WriteHtmlCacheBehavior [ RunTime:0.000168s ]
INFO: [ view_filter ] --END-- [ RunTime:0.000189s ]
INFO: [ app_end ] --START--
INFO: Run Behavior\ShowPageTraceBehavior [ RunTime:0.000374s ]
INFO: [ app_end ] --END-- [ RunTime:0.000403s ]

[ 2019-09-12T13:35:36+08:00 ] 139.162.119.197 /
INFO: [ app_init ] --START--
INFO: Run Behavior\BuildLiteBehavior [ RunTime:0.000009s ]
INFO: [ app_init ] --END-- [ RunTime:0.000225s ]
INFO: [ app_begin ] --START--
INFO: Run Behavior\ReadHtmlCacheBehavior [ RunTime:0.000341s ]
INFO: [ app_begin ] --END-- [ RunTime:0.000376s ]
NOTIC: [8] Use of undefined constant HTTP_X_FORWARDED_FOR - assumed 'HTTP_X_FORWARDED_FOR' /www/wwwroot/xbm.mashangbang.top/Application/Common/Common/function.php 第 1396 行.
NOTIC: [8] Use of undefined constant HTTP_CLIENT_IP - assumed 'HTTP_CLIENT_IP' /www/wwwroot/xbm.mashangbang.top/Application/Common/Common/function.php 第 1398 行.
NOTIC: [8] Use of undefined constant REMOTE_ADDR - assumed 'REMOTE_ADDR' /www/wwwroot/xbm.mashangbang.top/Application/Common/Common/function.php 第 1401 行.
SQL: SHOW COLUMNS FROM `xb_sys_ipaddress` [ RunTime:0.0005s ]
SQL: SELECT * FROM `xb_sys_ipaddress` WHERE `IpAddress` = '139.162.119.197' LIMIT 1   [ RunTime:0.0001s ]
NOTIC: [8] Undefined index: data /www/wwwroot/xbm.mashangbang.top/Application/Common/Common/function.php 第 1423 行.
NOTIC: [8] Undefined index: data /www/wwwroot/xbm.mashangbang.top/Application/Common/Common/function.php 第 1424 行.
SQL: SHOW COLUMNS FROM `xb_sys_adcontent` [ RunTime:0.0006s ]
SQL: SELECT * FROM `xb_sys_adcontent` WHERE `AdvertisingID` = 1 AND `Status` = 1 ORDER BY Sort ASC,ID DESC LIMIT 3   [ RunTime:0.0001s ]
SQL: SHOW COLUMNS FROM `xb_sys_contentmanagement` [ RunTime:0.0005s ]
SQL: SELECT `ID`,`Title` FROM `xb_sys_contentmanagement` WHERE `CategoriesID` = 2 ORDER BY Sort asc,ID desc LIMIT 3   [ RunTime:0.0001s ]
SQL: SHOW COLUMNS FROM `xb_items_category` [ RunTime:0.0004s ]
SQL: SELECT `ID`,`Name`,`Imageurl` FROM `xb_items_category` WHERE `ParentID` = 0 AND `IsDel` = 0 AND `IsRec` = 1 AND `Status` = 1 ORDER BY Sort asc,ID desc LIMIT 8   [ RunTime:0.0001s ]
NOTIC: [8] Undefined variable: areid /www/wwwroot/xbm.mashangbang.top/Application/Home/Controller/IndexController.class.php 第 32 行.
SQL: SHOW COLUMNS FROM `xb_items` [ RunTime:0.0007s ]
SQL: SELECT `ID`,`Name`,`Logurl`,`AppNumbs` FROM `xb_items` WHERE `Itype` = '1' AND `IsRec` = '1' AND `IsDel` = '0' AND `Status` = '1' AND `Showtype` IN ('1','3') AND `Isshow` = '1' ORDER BY Sort asc,ID desc LIMIT 4   [ RunTime:0.0001s ]
NOTIC: [8] Undefined variable: areid /www/wwwroot/xbm.mashangbang.top/Application/Home/Controller/IndexController.class.php 第 45 行.
SQL: SELECT a.ID,a.Name,a.Logurl,a.Intro,a.AppNumbs,c.Name as Jkdays,a.DayfeeRate,b.Name as eduname FROM xb_items a left join xb_items_moneytype b on a.MoneytypeID=b.ID left join xb_items_jktimes c on a.JktimesID=c.ID  WHERE a.Itype = '1' AND a.IsHot = '1' AND a.IsDel = '0' AND a.Status = '1' AND a.Showtype IN ('1','3') AND a.Isshow = '1' ORDER BY a.Sort asc,a.ID desc LIMIT 20   [ RunTime:0.0001s ]
INFO: [ view_parse ] --START--
INFO: [ template_filter ] --START--
INFO: Run Behavior\ContentReplaceBehavior [ RunTime:0.000068s ]
INFO: [ template_filter ] --END-- [ RunTime:0.000097s ]
NOTIC: [8] Undefined variable: SEOTitle /www/wwwroot/xbm.mashangbang.top/Application/Runtime/Cache/Home/2a94b8bda04ff446dcedd42276fc99ee.php 第 11 行.
INFO: Run Behavior\ParseTemplateBehavior [ RunTime:0.007442s ]
INFO: [ view_parse ] --END-- [ RunTime:0.007469s ]
INFO: [ view_filter ] --START--
INFO: Run Behavior\WriteHtmlCacheBehavior [ RunTime:0.000158s ]
INFO: [ view_filter ] --END-- [ RunTime:0.000179s ]
INFO: [ app_end ] --START--
INFO: Run Behavior\ShowPageTraceBehavior [ RunTime:0.000373s ]
INFO: [ app_end ] --END-- [ RunTime:0.000403s ]

[ 2019-09-12T13:45:06+08:00 ] 117.136.104.15 /register/content_c?mobile=13939083279
INFO: [ app_init ] --START--
INFO: Run Behavior\BuildLiteBehavior [ RunTime:0.000009s ]
INFO: [ app_init ] --END-- [ RunTime:0.000235s ]
INFO: [ app_begin ] --START--
INFO: Run Behavior\ReadHtmlCacheBehavior [ RunTime:0.000316s ]
INFO: [ app_begin ] --END-- [ RunTime:0.000350s ]
INFO: [ view_parse ] --START--
INFO: [ template_filter ] --START--
INFO: Run Behavior\ContentReplaceBehavior [ RunTime:0.000039s ]
INFO: [ template_filter ] --END-- [ RunTime:0.000083s ]
INFO: Run Behavior\ParseTemplateBehavior [ RunTime:0.005097s ]
INFO: [ view_parse ] --END-- [ RunTime:0.005128s ]
INFO: [ view_filter ] --START--
INFO: Run Behavior\WriteHtmlCacheBehavior [ RunTime:0.000151s ]
INFO: [ view_filter ] --END-- [ RunTime:0.000169s ]
INFO: [ app_end ] --START--
INFO: Run Behavior\ShowPageTraceBehavior [ RunTime:0.000362s ]
INFO: [ app_end ] --END-- [ RunTime:0.000393s ]

[ 2019-09-12T13:45:07+08:00 ] 117.136.104.15 /register/getdownloadurl.html
INFO: [ app_init ] --START--
INFO: Run Behavior\BuildLiteBehavior [ RunTime:0.000009s ]
INFO: [ app_init ] --END-- [ RunTime:0.000220s ]
INFO: [ app_begin ] --START--
INFO: Run Behavior\ReadHtmlCacheBehavior [ RunTime:0.000361s ]
INFO: [ app_begin ] --END-- [ RunTime:0.000392s ]
SQL: SHOW COLUMNS FROM `xb_sys_basicinfo` [ RunTime:0.0010s ]
SQL: SELECT * FROM `xb_sys_basicinfo` LIMIT 1   [ RunTime:0.0002s ]

[ 2019-09-12T13:45:07+08:00 ] 117.136.104.15 /favicon.ico
INFO: [ app_init ] --START--
INFO: Run Behavior\BuildLiteBehavior [ RunTime:0.000010s ]
INFO: [ app_init ] --END-- [ RunTime:0.000229s ]

[ 2019-09-12T13:45:37+08:00 ] 117.136.104.15 /register/submitcontent.html
INFO: [ app_init ] --START--
INFO: Run Behavior\BuildLiteBehavior [ RunTime:0.000011s ]
INFO: [ app_init ] --END-- [ RunTime:0.000273s ]
INFO: [ app_begin ] --START--
INFO: Run Behavior\ReadHtmlCacheBehavior [ RunTime:0.000344s ]
INFO: [ app_begin ] --END-- [ RunTime:0.000379s ]
SQL: SHOW COLUMNS FROM `xb_mem_info` [ RunTime:0.0007s ]
SQL: SELECT * FROM `xb_mem_info` WHERE `Mobile` = '13939083279' AND `IsDel` = 0 LIMIT 1   [ RunTime:0.0033s ]
SQL: SHOW COLUMNS FROM `xb_mem_ed` [ RunTime:0.0005s ]
SQL: INSERT INTO `xb_mem_ed` (`name`,`mobile`,`userId`,`sex`,`createDate`,`money`,`card`,`houseType`,`carType`,`zy`,`work`,`gjj`,`ysr`,`sb`,`xyk`,`bd`,`city`) VALUES ('闫浩恒','13939083279','42689','1','2019-09-12 13:45:37','0.5','','0','0','4','3','0','1','0','0','0','') [ RunTime:0.0039s ]

[ 2019-09-12T13:47:35+08:00 ] 125.70.180.7 /register/content_c?mobile=13679036909
INFO: [ app_init ] --START--
INFO: Run Behavior\BuildLiteBehavior [ RunTime:0.000011s ]
INFO: [ app_init ] --END-- [ RunTime:0.000279s ]
INFO: [ app_begin ] --START--
INFO: Run Behavior\ReadHtmlCacheBehavior [ RunTime:0.000318s ]
INFO: [ app_begin ] --END-- [ RunTime:0.000358s ]
INFO: [ view_parse ] --START--
INFO: [ template_filter ] --START--
INFO: Run Behavior\ContentReplaceBehavior [ RunTime:0.000045s ]
INFO: [ template_filter ] --END-- [ RunTime:0.000081s ]
INFO: Run Behavior\ParseTemplateBehavior [ RunTime:0.005221s ]
INFO: [ view_parse ] --END-- [ RunTime:0.005258s ]
INFO: [ view_filter ] --START--
INFO: Run Behavior\WriteHtmlCacheBehavior [ RunTime:0.000179s ]
INFO: [ view_filter ] --END-- [ RunTime:0.000204s ]
INFO: [ app_end ] --START--
INFO: Run Behavior\ShowPageTraceBehavior [ RunTime:0.000351s ]
INFO: [ app_end ] --END-- [ RunTime:0.000383s ]

[ 2019-09-12T13:47:36+08:00 ] 125.70.180.7 /register/getdownloadurl.html
INFO: [ app_init ] --START--
INFO: Run Behavior\BuildLiteBehavior [ RunTime:0.000010s ]
INFO: [ app_init ] --END-- [ RunTime:0.000300s ]
INFO: [ app_begin ] --START--
INFO: Run Behavior\ReadHtmlCacheBehavior [ RunTime:0.000319s ]
INFO: [ app_begin ] --END-- [ RunTime:0.000355s ]
SQL: SHOW COLUMNS FROM `xb_sys_basicinfo` [ RunTime:0.0009s ]
SQL: SELECT * FROM `xb_sys_basicinfo` LIMIT 1   [ RunTime:0.0002s ]

[ 2019-09-12T13:47:36+08:00 ] 125.70.180.7 /favicon.ico
INFO: [ app_init ] --START--
INFO: Run Behavior\BuildLiteBehavior [ RunTime:0.000009s ]
INFO: [ app_init ] --END-- [ RunTime:0.000247s ]

[ 2019-09-12T13:48:01+08:00 ] 125.70.180.7 /register/submitcontent.html
INFO: [ app_init ] --START--
INFO: Run Behavior\BuildLiteBehavior [ RunTime:0.000010s ]
INFO: [ app_init ] --END-- [ RunTime:0.000247s ]
INFO: [ app_begin ] --START--
INFO: Run Behavior\ReadHtmlCacheBehavior [ RunTime:0.000331s ]
INFO: [ app_begin ] --END-- [ RunTime:0.000361s ]
SQL: SHOW COLUMNS FROM `xb_mem_info` [ RunTime:0.0007s ]
SQL: SELECT * FROM `xb_mem_info` WHERE `Mobile` = '13679036909' AND `IsDel` = 0 LIMIT 1   [ RunTime:0.0033s ]
SQL: SHOW COLUMNS FROM `xb_mem_ed` [ RunTime:0.0004s ]
SQL: INSERT INTO `xb_mem_ed` (`name`,`mobile`,`userId`,`sex`,`createDate`,`money`,`card`,`houseType`,`carType`,`zy`,`work`,`gjj`,`ysr`,`sb`,`xyk`,`bd`,`city`) VALUES ('张贝','13679036909','42690','0','2019-09-12 13:48:01','2','','0','0','1','3','0','2','0','0','0','') [ RunTime:0.0091s ]

[ 2019-09-12T13:58:52+08:00 ] 191.100.10.164 /
INFO: [ app_init ] --START--
INFO: Run Behavior\BuildLiteBehavior [ RunTime:0.000011s ]
INFO: [ app_init ] --END-- [ RunTime:0.000250s ]
INFO: [ app_begin ] --START--
INFO: Run Behavior\ReadHtmlCacheBehavior [ RunTime:0.000320s ]
INFO: [ app_begin ] --END-- [ RunTime:0.000356s ]
NOTIC: [8] Use of undefined constant HTTP_X_FORWARDED_FOR - assumed 'HTTP_X_FORWARDED_FOR' /www/wwwroot/xbm.mashangbang.top/Application/Common/Common/function.php 第 1396 行.
NOTIC: [8] Use of undefined constant HTTP_CLIENT_IP - assumed 'HTTP_CLIENT_IP' /www/wwwroot/xbm.mashangbang.top/Application/Common/Common/function.php 第 1398 行.
NOTIC: [8] Use of undefined constant REMOTE_ADDR - assumed 'REMOTE_ADDR' /www/wwwroot/xbm.mashangbang.top/Application/Common/Common/function.php 第 1401 行.
SQL: SHOW COLUMNS FROM `xb_sys_ipaddress` [ RunTime:0.0006s ]
SQL: SELECT * FROM `xb_sys_ipaddress` WHERE `IpAddress` = '191.100.10.164' LIMIT 1   [ RunTime:0.0003s ]
NOTIC: [8] Undefined index: data /www/wwwroot/xbm.mashangbang.top/Application/Common/Common/function.php 第 1423 行.
NOTIC: [8] Undefined index: data /www/wwwroot/xbm.mashangbang.top/Application/Common/Common/function.php 第 1424 行.
SQL: SHOW COLUMNS FROM `xb_sys_adcontent` [ RunTime:0.0005s ]
SQL: SELECT * FROM `xb_sys_adcontent` WHERE `AdvertisingID` = 1 AND `Status` = 1 ORDER BY Sort ASC,ID DESC LIMIT 3   [ RunTime:0.0001s ]
SQL: SHOW COLUMNS FROM `xb_sys_contentmanagement` [ RunTime:0.0005s ]
SQL: SELECT `ID`,`Title` FROM `xb_sys_contentmanagement` WHERE `CategoriesID` = 2 ORDER BY Sort asc,ID desc LIMIT 3   [ RunTime:0.0001s ]
SQL: SHOW COLUMNS FROM `xb_items_category` [ RunTime:0.0004s ]
SQL: SELECT `ID`,`Name`,`Imageurl` FROM `xb_items_category` WHERE `ParentID` = 0 AND `IsDel` = 0 AND `IsRec` = 1 AND `Status` = 1 ORDER BY Sort asc,ID desc LIMIT 8   [ RunTime:0.0001s ]
NOTIC: [8] Undefined variable: areid /www/wwwroot/xbm.mashangbang.top/Application/Home/Controller/IndexController.class.php 第 32 行.
SQL: SHOW COLUMNS FROM `xb_items` [ RunTime:0.0007s ]
SQL: SELECT `ID`,`Name`,`Logurl`,`AppNumbs` FROM `xb_items` WHERE `Itype` = '1' AND `IsRec` = '1' AND `IsDel` = '0' AND `Status` = '1' AND `Showtype` IN ('1','3') AND `Isshow` = '1' ORDER BY Sort asc,ID desc LIMIT 4   [ RunTime:0.0001s ]
NOTIC: [8] Undefined variable: areid /www/wwwroot/xbm.mashangbang.top/Application/Home/Controller/IndexController.class.php 第 45 行.
SQL: SELECT a.ID,a.Name,a.Logurl,a.Intro,a.AppNumbs,c.Name as Jkdays,a.DayfeeRate,b.Name as eduname FROM xb_items a left join xb_items_moneytype b on a.MoneytypeID=b.ID left join xb_items_jktimes c on a.JktimesID=c.ID  WHERE a.Itype = '1' AND a.IsHot = '1' AND a.IsDel = '0' AND a.Status = '1' AND a.Showtype IN ('1','3') AND a.Isshow = '1' ORDER BY a.Sort asc,a.ID desc LIMIT 20   [ RunTime:0.0001s ]
INFO: [ view_parse ] --START--
INFO: [ template_filter ] --START--
INFO: Run Behavior\ContentReplaceBehavior [ RunTime:0.000067s ]
INFO: [ template_filter ] --END-- [ RunTime:0.000096s ]
NOTIC: [8] Undefined variable: SEOTitle /www/wwwroot/xbm.mashangbang.top/Application/Runtime/Cache/Home/2a94b8bda04ff446dcedd42276fc99ee.php 第 11 行.
INFO: Run Behavior\ParseTemplateBehavior [ RunTime:0.007301s ]
INFO: [ view_parse ] --END-- [ RunTime:0.007329s ]
INFO: [ view_filter ] --START--
INFO: Run Behavior\WriteHtmlCacheBehavior [ RunTime:0.000157s ]
INFO: [ view_filter ] --END-- [ RunTime:0.000178s ]
INFO: [ app_end ] --START--
INFO: Run Behavior\ShowPageTraceBehavior [ RunTime:0.000370s ]
INFO: [ app_end ] --END-- [ RunTime:0.000399s ]

[ 2019-09-12T15:14:33+08:00 ] 223.104.102.141 /fsj_patch/android/check.xml?t=26137873
INFO: [ app_init ] --START--
INFO: Run Behavior\BuildLiteBehavior [ RunTime:0.000010s ]
INFO: [ app_init ] --END-- [ RunTime:0.000241s ]
INFO: [ app_begin ] --START--
INFO: Run Behavior\ReadHtmlCacheBehavior [ RunTime:0.000326s ]
INFO: [ app_begin ] --END-- [ RunTime:0.000358s ]
ERR: 无法加载控制器:FsjPatch

[ 2019-09-12T15:21:12+08:00 ] 117.136.30.103 /register/content_c?mobile=15208187205
INFO: [ app_init ] --START--
INFO: Run Behavior\BuildLiteBehavior [ RunTime:0.000012s ]
INFO: [ app_init ] --END-- [ RunTime:0.000247s ]
INFO: [ app_begin ] --START--
INFO: Run Behavior\ReadHtmlCacheBehavior [ RunTime:0.000339s ]
INFO: [ app_begin ] --END-- [ RunTime:0.000379s ]
INFO: [ view_parse ] --START--
INFO: [ template_filter ] --START--
INFO: Run Behavior\ContentReplaceBehavior [ RunTime:0.000039s ]
INFO: [ template_filter ] --END-- [ RunTime:0.000069s ]
INFO: Run Behavior\ParseTemplateBehavior [ RunTime:0.005194s ]
INFO: [ view_parse ] --END-- [ RunTime:0.005225s ]
INFO: [ view_filter ] --START--
INFO: Run Behavior\WriteHtmlCacheBehavior [ RunTime:0.000158s ]
INFO: [ view_filter ] --END-- [ RunTime:0.000177s ]
INFO: [ app_end ] --START--
INFO: Run Behavior\ShowPageTraceBehavior [ RunTime:0.000358s ]
INFO: [ app_end ] --END-- [ RunTime:0.000391s ]

[ 2019-09-12T15:21:13+08:00 ] 117.136.30.103 /register/getdownloadurl.html
INFO: [ app_init ] --START--
INFO: Run Behavior\BuildLiteBehavior [ RunTime:0.000021s ]
INFO: [ app_init ] --END-- [ RunTime:0.000252s ]
INFO: [ app_begin ] --START--
INFO: Run Behavior\ReadHtmlCacheBehavior [ RunTime:0.000307s ]
INFO: [ app_begin ] --END-- [ RunTime:0.000341s ]
SQL: SHOW COLUMNS FROM `xb_sys_basicinfo` [ RunTime:0.0009s ]
SQL: SELECT * FROM `xb_sys_basicinfo` LIMIT 1   [ RunTime:0.0002s ]

[ 2019-09-12T15:21:14+08:00 ] 117.136.30.103 /favicon.ico
INFO: [ app_init ] --START--
INFO: Run Behavior\BuildLiteBehavior [ RunTime:0.000026s ]
INFO: [ app_init ] --END-- [ RunTime:0.000274s ]

[ 2019-09-12T15:21:42+08:00 ] 117.136.30.103 /register/submitcontent.html
INFO: [ app_init ] --START--
INFO: Run Behavior\BuildLiteBehavior [ RunTime:0.000010s ]
INFO: [ app_init ] --END-- [ RunTime:0.000238s ]
INFO: [ app_begin ] --START--
INFO: Run Behavior\ReadHtmlCacheBehavior [ RunTime:0.000302s ]
INFO: [ app_begin ] --END-- [ RunTime:0.000332s ]
SQL: SHOW COLUMNS FROM `xb_mem_info` [ RunTime:0.0007s ]
SQL: SELECT * FROM `xb_mem_info` WHERE `Mobile` = '15208187205' AND `IsDel` = 0 LIMIT 1   [ RunTime:0.0032s ]
SQL: SHOW COLUMNS FROM `xb_mem_ed` [ RunTime:0.0005s ]
SQL: INSERT INTO `xb_mem_ed` (`name`,`mobile`,`userId`,`sex`,`createDate`,`money`,`card`,`houseType`,`carType`,`zy`,`work`,`gjj`,`ysr`,`sb`,`xyk`,`bd`,`city`) VALUES ('冉伟','15208187205','42692','1','2019-09-12 15:21:42','1','','0','0','4','3','0','2','0','0','0','') [ RunTime:0.0039s ]

[ 2019-09-12T15:44:23+08:00 ] 223.104.102.58 /fsj_patch/android/check.xml?t=26137904
INFO: [ app_init ] --START--
INFO: Run Behavior\BuildLiteBehavior [ RunTime:0.000011s ]
INFO: [ app_init ] --END-- [ RunTime:0.000261s ]
INFO: [ app_begin ] --START--
INFO: Run Behavior\ReadHtmlCacheBehavior [ RunTime:0.000317s ]
INFO: [ app_begin ] --END-- [ RunTime:0.000351s ]
ERR: 无法加载控制器:FsjPatch

[ 2019-09-12T15:58:45+08:00 ] 82.236.149.123 /
INFO: [ app_init ] --START--
INFO: Run Behavior\BuildLiteBehavior [ RunTime:0.000010s ]
INFO: [ app_init ] --END-- [ RunTime:0.000262s ]
INFO: [ app_begin ] --START--
INFO: Run Behavior\ReadHtmlCacheBehavior [ RunTime:0.000318s ]
INFO: [ app_begin ] --END-- [ RunTime:0.000351s ]
NOTIC: [8] Use of undefined constant HTTP_X_FORWARDED_FOR - assumed 'HTTP_X_FORWARDED_FOR' /www/wwwroot/xbm.mashangbang.top/Application/Common/Common/function.php 第 1396 行.
NOTIC: [8] Use of undefined constant HTTP_CLIENT_IP - assumed 'HTTP_CLIENT_IP' /www/wwwroot/xbm.mashangbang.top/Application/Common/Common/function.php 第 1398 行.
NOTIC: [8] Use of undefined constant REMOTE_ADDR - assumed 'REMOTE_ADDR' /www/wwwroot/xbm.mashangbang.top/Application/Common/Common/function.php 第 1401 行.
SQL: SHOW COLUMNS FROM `xb_sys_ipaddress` [ RunTime:0.0005s ]
SQL: SELECT * FROM `xb_sys_ipaddress` WHERE `IpAddress` = '82.236.149.123' LIMIT 1   [ RunTime:0.0003s ]
NOTIC: [8] Undefined index: data /www/wwwroot/xbm.mashangbang.top/Application/Common/Common/function.php 第 1423 行.
NOTIC: [8] Undefined index: data /www/wwwroot/xbm.mashangbang.top/Application/Common/Common/function.php 第 1424 行.
SQL: SHOW COLUMNS FROM `xb_sys_adcontent` [ RunTime:0.0005s ]
SQL: SELECT * FROM `xb_sys_adcontent` WHERE `AdvertisingID` = 1 AND `Status` = 1 ORDER BY Sort ASC,ID DESC LIMIT 3   [ RunTime:0.0002s ]
SQL: SHOW COLUMNS FROM `xb_sys_contentmanagement` [ RunTime:0.0004s ]
SQL: SELECT `ID`,`Title` FROM `xb_sys_contentmanagement` WHERE `CategoriesID` = 2 ORDER BY Sort asc,ID desc LIMIT 3   [ RunTime:0.0001s ]
SQL: SHOW COLUMNS FROM `xb_items_category` [ RunTime:0.0004s ]
SQL: SELECT `ID`,`Name`,`Imageurl` FROM `xb_items_category` WHERE `ParentID` = 0 AND `IsDel` = 0 AND `IsRec` = 1 AND `Status` = 1 ORDER BY Sort asc,ID desc LIMIT 8   [ RunTime:0.0001s ]
NOTIC: [8] Undefined variable: areid /www/wwwroot/xbm.mashangbang.top/Application/Home/Controller/IndexController.class.php 第 32 行.
SQL: SHOW COLUMNS FROM `xb_items` [ RunTime:0.0007s ]
SQL: SELECT `ID`,`Name`,`Logurl`,`AppNumbs` FROM `xb_items` WHERE `Itype` = '1' AND `IsRec` = '1' AND `IsDel` = '0' AND `Status` = '1' AND `Showtype` IN ('1','3') AND `Isshow` = '1' ORDER BY Sort asc,ID desc LIMIT 4   [ RunTime:0.0001s ]
NOTIC: [8] Undefined variable: areid /www/wwwroot/xbm.mashangbang.top/Application/Home/Controller/IndexController.class.php 第 45 行.
SQL: SELECT a.ID,a.Name,a.Logurl,a.Intro,a.AppNumbs,c.Name as Jkdays,a.DayfeeRate,b.Name as eduname FROM xb_items a left join xb_items_moneytype b on a.MoneytypeID=b.ID left join xb_items_jktimes c on a.JktimesID=c.ID  WHERE a.Itype = '1' AND a.IsHot = '1' AND a.IsDel = '0' AND a.Status = '1' AND a.Showtype IN ('1','3') AND a.Isshow = '1' ORDER BY a.Sort asc,a.ID desc LIMIT 20   [ RunTime:0.0001s ]
INFO: [ view_parse ] --START--
INFO: [ template_filter ] --START--
INFO: Run Behavior\ContentReplaceBehavior [ RunTime:0.000064s ]
INFO: [ template_filter ] --END-- [ RunTime:0.000091s ]
NOTIC: [8] Undefined variable: SEOTitle /www/wwwroot/xbm.mashangbang.top/Application/Runtime/Cache/Home/2a94b8bda04ff446dcedd42276fc99ee.php 第 11 行.
INFO: Run Behavior\ParseTemplateBehavior [ RunTime:0.007230s ]
INFO: [ view_parse ] --END-- [ RunTime:0.007256s ]
INFO: [ view_filter ] --START--
INFO: Run Behavior\WriteHtmlCacheBehavior [ RunTime:0.000171s ]
INFO: [ view_filter ] --END-- [ RunTime:0.000197s ]
INFO: [ app_end ] --START--
INFO: Run Behavior\ShowPageTraceBehavior [ RunTime:0.000351s ]
INFO: [ app_end ] --END-- [ RunTime:0.000379s ]

[ 2019-09-12T15:59:42+08:00 ] 223.104.102.58 /fsj_patch/android/check.xml?t=26137919
INFO: [ app_init ] --START--
INFO: Run Behavior\BuildLiteBehavior [ RunTime:0.000010s ]
INFO: [ app_init ] --END-- [ RunTime:0.000263s ]
INFO: [ app_begin ] --START--
INFO: Run Behavior\ReadHtmlCacheBehavior [ RunTime:0.000342s ]
INFO: [ app_begin ] --END-- [ RunTime:0.000390s ]
ERR: 无法加载控制器:FsjPatch

[ 2019-09-12T16:00:22+08:00 ] 223.104.102.58 /fsj_patch/android/check.xml?t=26137920
INFO: [ app_init ] --START--
INFO: Run Behavior\BuildLiteBehavior [ RunTime:0.000009s ]
INFO: [ app_init ] --END-- [ RunTime:0.000230s ]
INFO: [ app_begin ] --START--
INFO: Run Behavior\ReadHtmlCacheBehavior [ RunTime:0.000350s ]
INFO: [ app_begin ] --END-- [ RunTime:0.000384s ]
ERR: 无法加载控制器:FsjPatch

[ 2019-09-12T16:00:23+08:00 ] 223.104.102.58 /fsj_patch/android/check.xml?t=26137920
INFO: [ app_init ] --START--
INFO: Run Behavior\BuildLiteBehavior [ RunTime:0.000010s ]
INFO: [ app_init ] --END-- [ RunTime:0.000242s ]
INFO: [ app_begin ] --START--
INFO: Run Behavior\ReadHtmlCacheBehavior [ RunTime:0.000316s ]
INFO: [ app_begin ] --END-- [ RunTime:0.000359s ]
ERR: 无法加载控制器:FsjPatch

[ 2019-09-12T16:54:20+08:00 ] 157.230.216.203 /
INFO: [ app_init ] --START--
INFO: Run Behavior\BuildLiteBehavior [ RunTime:0.000010s ]
INFO: [ app_init ] --END-- [ RunTime:0.000254s ]
INFO: [ app_begin ] --START--
INFO: Run Behavior\ReadHtmlCacheBehavior [ RunTime:0.000315s ]
INFO: [ app_begin ] --END-- [ RunTime:0.000350s ]
NOTIC: [8] Use of undefined constant HTTP_X_FORWARDED_FOR - assumed 'HTTP_X_FORWARDED_FOR' /www/wwwroot/xbm.mashangbang.top/Application/Common/Common/function.php 第 1396 行.
NOTIC: [8] Use of undefined constant HTTP_CLIENT_IP - assumed 'HTTP_CLIENT_IP' /www/wwwroot/xbm.mashangbang.top/Application/Common/Common/function.php 第 1398 行.
NOTIC: [8] Use of undefined constant REMOTE_ADDR - assumed 'REMOTE_ADDR' /www/wwwroot/xbm.mashangbang.top/Application/Common/Common/function.php 第 1401 行.
SQL: SHOW COLUMNS FROM `xb_sys_ipaddress` [ RunTime:0.0005s ]
SQL: SELECT * FROM `xb_sys_ipaddress` WHERE `IpAddress` = '157.230.216.203' LIMIT 1   [ RunTime:0.0003s ]
NOTIC: [8] Undefined index: data /www/wwwroot/xbm.mashangbang.top/Application/Common/Common/function.php 第 1423 行.
NOTIC: [8] Undefined index: data /www/wwwroot/xbm.mashangbang.top/Application/Common/Common/function.php 第 1424 行.
SQL: SHOW COLUMNS FROM `xb_sys_adcontent` [ RunTime:0.0006s ]
SQL: SELECT * FROM `xb_sys_adcontent` WHERE `AdvertisingID` = 1 AND `Status` = 1 ORDER BY Sort ASC,ID DESC LIMIT 3   [ RunTime:0.0001s ]
SQL: SHOW COLUMNS FROM `xb_sys_contentmanagement` [ RunTime:0.0004s ]
SQL: SELECT `ID`,`Title` FROM `xb_sys_contentmanagement` WHERE `CategoriesID` = 2 ORDER BY Sort asc,ID desc LIMIT 3   [ RunTime:0.0001s ]
SQL: SHOW COLUMNS FROM `xb_items_category` [ RunTime:0.0004s ]
SQL: SELECT `ID`,`Name`,`Imageurl` FROM `xb_items_category` WHERE `ParentID` = 0 AND `IsDel` = 0 AND `IsRec` = 1 AND `Status` = 1 ORDER BY Sort asc,ID desc LIMIT 8   [ RunTime:0.0001s ]
NOTIC: [8] Undefined variable: areid /www/wwwroot/xbm.mashangbang.top/Application/Home/Controller/IndexController.class.php 第 32 行.
SQL: SHOW COLUMNS FROM `xb_items` [ RunTime:0.0009s ]
SQL: SELECT `ID`,`Name`,`Logurl`,`AppNumbs` FROM `xb_items` WHERE `Itype` = '1' AND `IsRec` = '1' AND `IsDel` = '0' AND `Status` = '1' AND `Showtype` IN ('1','3') AND `Isshow` = '1' ORDER BY Sort asc,ID desc LIMIT 4   [ RunTime:0.0001s ]
NOTIC: [8] Undefined variable: areid /www/wwwroot/xbm.mashangbang.top/Application/Home/Controller/IndexController.class.php 第 45 行.
SQL: SELECT a.ID,a.Name,a.Logurl,a.Intro,a.AppNumbs,c.Name as Jkdays,a.DayfeeRate,b.Name as eduname FROM xb_items a left join xb_items_moneytype b on a.MoneytypeID=b.ID left join xb_items_jktimes c on a.JktimesID=c.ID  WHERE a.Itype = '1' AND a.IsHot = '1' AND a.IsDel = '0' AND a.Status = '1' AND a.Showtype IN ('1','3') AND a.Isshow = '1' ORDER BY a.Sort asc,a.ID desc LIMIT 20   [ RunTime:0.0001s ]
INFO: [ view_parse ] --START--
INFO: [ template_filter ] --START--
INFO: Run Behavior\ContentReplaceBehavior [ RunTime:0.000084s ]
INFO: [ template_filter ] --END-- [ RunTime:0.000112s ]
NOTIC: [8] Undefined variable: SEOTitle /www/wwwroot/xbm.mashangbang.top/Application/Runtime/Cache/Home/2a94b8bda04ff446dcedd42276fc99ee.php 第 11 行.
INFO: Run Behavior\ParseTemplateBehavior [ RunTime:0.007175s ]
INFO: [ view_parse ] --END-- [ RunTime:0.007216s ]
INFO: [ view_filter ] --START--
INFO: Run Behavior\WriteHtmlCacheBehavior [ RunTime:0.000159s ]
INFO: [ view_filter ] --END-- [ RunTime:0.000180s ]
INFO: [ app_end ] --START--
INFO: Run Behavior\ShowPageTraceBehavior [ RunTime:0.000344s ]
INFO: [ app_end ] --END-- [ RunTime:0.000374s ]

[ 2019-09-12T18:59:42+08:00 ] 159.89.20.170 /TEMPORARY_LISTEN_ADDRESSES/WSMAN
INFO: [ app_init ] --START--
INFO: Run Behavior\BuildLiteBehavior [ RunTime:0.000009s ]
INFO: [ app_init ] --END-- [ RunTime:0.000235s ]
INFO: [ app_begin ] --START--
INFO: Run Behavior\ReadHtmlCacheBehavior [ RunTime:0.000349s ]
INFO: [ app_begin ] --END-- [ RunTime:0.000407s ]
ERR: 无法加载控制器:TEMPORARYLISTENADDRESSES

[ 2019-09-12T19:51:14+08:00 ] 92.112.23.128 /
INFO: [ app_init ] --START--
INFO: Run Behavior\BuildLiteBehavior [ RunTime:0.000010s ]
INFO: [ app_init ] --END-- [ RunTime:0.000239s ]
INFO: [ app_begin ] --START--
INFO: Run Behavior\ReadHtmlCacheBehavior [ RunTime:0.000384s ]
INFO: [ app_begin ] --END-- [ RunTime:0.000420s ]
NOTIC: [8] Use of undefined constant HTTP_X_FORWARDED_FOR - assumed 'HTTP_X_FORWARDED_FOR' /www/wwwroot/xbm.mashangbang.top/Application/Common/Common/function.php 第 1396 行.
NOTIC: [8] Use of undefined constant HTTP_CLIENT_IP - assumed 'HTTP_CLIENT_IP' /www/wwwroot/xbm.mashangbang.top/Application/Common/Common/function.php 第 1398 行.
NOTIC: [8] Use of undefined constant REMOTE_ADDR - assumed 'REMOTE_ADDR' /www/wwwroot/xbm.mashangbang.top/Application/Common/Common/function.php 第 1401 行.
SQL: SHOW COLUMNS FROM `xb_sys_ipaddress` [ RunTime:0.0005s ]
SQL: SELECT * FROM `xb_sys_ipaddress` WHERE `IpAddress` = '92.112.23.128' LIMIT 1   [ RunTime:0.0003s ]
NOTIC: [8] Undefined index: data /www/wwwroot/xbm.mashangbang.top/Application/Common/Common/function.php 第 1423 行.
NOTIC: [8] Undefined index: data /www/wwwroot/xbm.mashangbang.top/Application/Common/Common/function.php 第 1424 行.
SQL: SHOW COLUMNS FROM `xb_sys_adcontent` [ RunTime:0.0005s ]
SQL: SELECT * FROM `xb_sys_adcontent` WHERE `AdvertisingID` = 1 AND `Status` = 1 ORDER BY Sort ASC,ID DESC LIMIT 3   [ RunTime:0.0001s ]
SQL: SHOW COLUMNS FROM `xb_sys_contentmanagement` [ RunTime:0.0004s ]
SQL: SELECT `ID`,`Title` FROM `xb_sys_contentmanagement` WHERE `CategoriesID` = 2 ORDER BY Sort asc,ID desc LIMIT 3   [ RunTime:0.0001s ]
SQL: SHOW COLUMNS FROM `xb_items_category` [ RunTime:0.0004s ]
SQL: SELECT `ID`,`Name`,`Imageurl` FROM `xb_items_category` WHERE `ParentID` = 0 AND `IsDel` = 0 AND `IsRec` = 1 AND `Status` = 1 ORDER BY Sort asc,ID desc LIMIT 8   [ RunTime:0.0001s ]
NOTIC: [8] Undefined variable: areid /www/wwwroot/xbm.mashangbang.top/Application/Home/Controller/IndexController.class.php 第 32 行.
SQL: SHOW COLUMNS FROM `xb_items` [ RunTime:0.0007s ]
SQL: SELECT `ID`,`Name`,`Logurl`,`AppNumbs` FROM `xb_items` WHERE `Itype` = '1' AND `IsRec` = '1' AND `IsDel` = '0' AND `Status` = '1' AND `Showtype` IN ('1','3') AND `Isshow` = '1' ORDER BY Sort asc,ID desc LIMIT 4   [ RunTime:0.0001s ]
NOTIC: [8] Undefined variable: areid /www/wwwroot/xbm.mashangbang.top/Application/Home/Controller/IndexController.class.php 第 45 行.
SQL: SELECT a.ID,a.Name,a.Logurl,a.Intro,a.AppNumbs,c.Name as Jkdays,a.DayfeeRate,b.Name as eduname FROM xb_items a left join xb_items_moneytype b on a.MoneytypeID=b.ID left join xb_items_jktimes c on a.JktimesID=c.ID  WHERE a.Itype = '1' AND a.IsHot = '1' AND a.IsDel = '0' AND a.Status = '1' AND a.Showtype IN ('1','3') AND a.Isshow = '1' ORDER BY a.Sort asc,a.ID desc LIMIT 20   [ RunTime:0.0001s ]
INFO: [ view_parse ] --START--
INFO: [ template_filter ] --START--
INFO: Run Behavior\ContentReplaceBehavior [ RunTime:0.000067s ]
INFO: [ template_filter ] --END-- [ RunTime:0.000095s ]
NOTIC: [8] Undefined variable: SEOTitle /www/wwwroot/xbm.mashangbang.top/Application/Runtime/Cache/Home/2a94b8bda04ff446dcedd42276fc99ee.php 第 11 行.
INFO: Run Behavior\ParseTemplateBehavior [ RunTime:0.007246s ]
INFO: [ view_parse ] --END-- [ RunTime:0.007271s ]
INFO: [ view_filter ] --START--
INFO: Run Behavior\WriteHtmlCacheBehavior [ RunTime:0.000167s ]
INFO: [ view_filter ] --END-- [ RunTime:0.000188s ]
INFO: [ app_end ] --START--
INFO: Run Behavior\ShowPageTraceBehavior [ RunTime:0.000368s ]
INFO: [ app_end ] --END-- [ RunTime:0.000397s ]

[ 2019-09-12T20:32:09+08:00 ] 112.115.229.51 /register/content_c?mobile=18280200154
INFO: [ app_init ] --START--
INFO: Run Behavior\BuildLiteBehavior [ RunTime:0.000010s ]
INFO: [ app_init ] --END-- [ RunTime:0.000248s ]
INFO: [ app_begin ] --START--
INFO: Run Behavior\ReadHtmlCacheBehavior [ RunTime:0.000314s ]
INFO: [ app_begin ] --END-- [ RunTime:0.000345s ]
INFO: [ view_parse ] --START--
INFO: [ template_filter ] --START--
INFO: Run Behavior\ContentReplaceBehavior [ RunTime:0.000041s ]
INFO: [ template_filter ] --END-- [ RunTime:0.000072s ]
INFO: Run Behavior\ParseTemplateBehavior [ RunTime:0.005026s ]
INFO: [ view_parse ] --END-- [ RunTime:0.005060s ]
INFO: [ view_filter ] --START--
INFO: Run Behavior\WriteHtmlCacheBehavior [ RunTime:0.000171s ]
INFO: [ view_filter ] --END-- [ RunTime:0.000193s ]
INFO: [ app_end ] --START--
INFO: Run Behavior\ShowPageTraceBehavior [ RunTime:0.000354s ]
INFO: [ app_end ] --END-- [ RunTime:0.000385s ]

[ 2019-09-12T20:32:09+08:00 ] 112.115.229.51 /register/getdownloadurl.html
INFO: [ app_init ] --START--
INFO: Run Behavior\BuildLiteBehavior [ RunTime:0.000011s ]
INFO: [ app_init ] --END-- [ RunTime:0.000283s ]
INFO: [ app_begin ] --START--
INFO: Run Behavior\ReadHtmlCacheBehavior [ RunTime:0.000337s ]
INFO: [ app_begin ] --END-- [ RunTime:0.000371s ]
SQL: SHOW COLUMNS FROM `xb_sys_basicinfo` [ RunTime:0.0010s ]
SQL: SELECT * FROM `xb_sys_basicinfo` LIMIT 1   [ RunTime:0.0002s ]

[ 2019-09-12T20:32:10+08:00 ] 112.115.229.51 /favicon.ico
INFO: [ app_init ] --START--
INFO: Run Behavior\BuildLiteBehavior [ RunTime:0.000009s ]
INFO: [ app_init ] --END-- [ RunTime:0.000216s ]

[ 2019-09-12T22:29:11+08:00 ] 122.228.19.80 /
INFO: [ app_init ] --START--
INFO: Run Behavior\BuildLiteBehavior [ RunTime:0.000010s ]
INFO: [ app_init ] --END-- [ RunTime:0.000253s ]
INFO: [ app_begin ] --START--
INFO: Run Behavior\ReadHtmlCacheBehavior [ RunTime:0.000351s ]
INFO: [ app_begin ] --END-- [ RunTime:0.000390s ]
NOTIC: [8] Use of undefined constant HTTP_X_FORWARDED_FOR - assumed 'HTTP_X_FORWARDED_FOR' /www/wwwroot/xbm.mashangbang.top/Application/Common/Common/function.php 第 1396 行.
NOTIC: [8] Use of undefined constant HTTP_CLIENT_IP - assumed 'HTTP_CLIENT_IP' /www/wwwroot/xbm.mashangbang.top/Application/Common/Common/function.php 第 1398 行.
NOTIC: [8] Use of undefined constant REMOTE_ADDR - assumed 'REMOTE_ADDR' /www/wwwroot/xbm.mashangbang.top/Application/Common/Common/function.php 第 1401 行.
SQL: SHOW COLUMNS FROM `xb_sys_ipaddress` [ RunTime:0.0005s ]
SQL: SELECT * FROM `xb_sys_ipaddress` WHERE `IpAddress` = '122.228.19.80' LIMIT 1   [ RunTime:0.0002s ]
NOTIC: [8] Undefined index: data /www/wwwroot/xbm.mashangbang.top/Application/Common/Common/function.php 第 1423 行.
NOTIC: [8] Undefined index: data /www/wwwroot/xbm.mashangbang.top/Application/Common/Common/function.php 第 1424 行.
SQL: SHOW COLUMNS FROM `xb_sys_adcontent` [ RunTime:0.0006s ]
SQL: SELECT * FROM `xb_sys_adcontent` WHERE `AdvertisingID` = 1 AND `Status` = 1 ORDER BY Sort ASC,ID DESC LIMIT 3   [ RunTime:0.0001s ]
SQL: SHOW COLUMNS FROM `xb_sys_contentmanagement` [ RunTime:0.0005s ]
SQL: SELECT `ID`,`Title` FROM `xb_sys_contentmanagement` WHERE `CategoriesID` = 2 ORDER BY Sort asc,ID desc LIMIT 3   [ RunTime:0.0001s ]
SQL: SHOW COLUMNS FROM `xb_items_category` [ RunTime:0.0004s ]
SQL: SELECT `ID`,`Name`,`Imageurl` FROM `xb_items_category` WHERE `ParentID` = 0 AND `IsDel` = 0 AND `IsRec` = 1 AND `Status` = 1 ORDER BY Sort asc,ID desc LIMIT 8   [ RunTime:0.0001s ]
NOTIC: [8] Undefined variable: areid /www/wwwroot/xbm.mashangbang.top/Application/Home/Controller/IndexController.class.php 第 32 行.
SQL: SHOW COLUMNS FROM `xb_items` [ RunTime:0.0007s ]
SQL: SELECT `ID`,`Name`,`Logurl`,`AppNumbs` FROM `xb_items` WHERE `Itype` = '1' AND `IsRec` = '1' AND `IsDel` = '0' AND `Status` = '1' AND `Showtype` IN ('1','3') AND `Isshow` = '1' ORDER BY Sort asc,ID desc LIMIT 4   [ RunTime:0.0001s ]
NOTIC: [8] Undefined variable: areid /www/wwwroot/xbm.mashangbang.top/Application/Home/Controller/IndexController.class.php 第 45 行.
SQL: SELECT a.ID,a.Name,a.Logurl,a.Intro,a.AppNumbs,c.Name as Jkdays,a.DayfeeRate,b.Name as eduname FROM xb_items a left join xb_items_moneytype b on a.MoneytypeID=b.ID left join xb_items_jktimes c on a.JktimesID=c.ID  WHERE a.Itype = '1' AND a.IsHot = '1' AND a.IsDel = '0' AND a.Status = '1' AND a.Showtype IN ('1','3') AND a.Isshow = '1' ORDER BY a.Sort asc,a.ID desc LIMIT 20   [ RunTime:0.0001s ]
INFO: [ view_parse ] --START--
INFO: [ template_filter ] --START--
INFO: Run Behavior\ContentReplaceBehavior [ RunTime:0.000064s ]
INFO: [ template_filter ] --END-- [ RunTime:0.000102s ]
NOTIC: [8] Undefined variable: SEOTitle /www/wwwroot/xbm.mashangbang.top/Application/Runtime/Cache/Home/2a94b8bda04ff446dcedd42276fc99ee.php 第 11 行.
INFO: Run Behavior\ParseTemplateBehavior [ RunTime:0.007544s ]
INFO: [ view_parse ] --END-- [ RunTime:0.007571s ]
INFO: [ view_filter ] --START--
INFO: Run Behavior\WriteHtmlCacheBehavior [ RunTime:0.000164s ]
INFO: [ view_filter ] --END-- [ RunTime:0.000185s ]
INFO: [ app_end ] --START--
INFO: Run Behavior\ShowPageTraceBehavior [ RunTime:0.000377s ]
INFO: [ app_end ] --END-- [ RunTime:0.000408s ]

[ 2019-09-12T22:29:36+08:00 ] 179.185.181.75 /
INFO: [ app_init ] --START--
INFO: Run Behavior\BuildLiteBehavior [ RunTime:0.000010s ]
INFO: [ app_init ] --END-- [ RunTime:0.000232s ]
INFO: [ app_begin ] --START--
INFO: Run Behavior\ReadHtmlCacheBehavior [ RunTime:0.000316s ]
INFO: [ app_begin ] --END-- [ RunTime:0.000350s ]
NOTIC: [8] Use of undefined constant HTTP_X_FORWARDED_FOR - assumed 'HTTP_X_FORWARDED_FOR' /www/wwwroot/xbm.mashangbang.top/Application/Common/Common/function.php 第 1396 行.
NOTIC: [8] Use of undefined constant HTTP_CLIENT_IP - assumed 'HTTP_CLIENT_IP' /www/wwwroot/xbm.mashangbang.top/Application/Common/Common/function.php 第 1398 行.
NOTIC: [8] Use of undefined constant REMOTE_ADDR - assumed 'REMOTE_ADDR' /www/wwwroot/xbm.mashangbang.top/Application/Common/Common/function.php 第 1401 行.
SQL: SHOW COLUMNS FROM `xb_sys_ipaddress` [ RunTime:0.0005s ]
SQL: SELECT * FROM `xb_sys_ipaddress` WHERE `IpAddress` = '179.185.181.75' LIMIT 1   [ RunTime:0.0003s ]
NOTIC: [8] Undefined index: data /www/wwwroot/xbm.mashangbang.top/Application/Common/Common/function.php 第 1423 行.
NOTIC: [8] Undefined index: data /www/wwwroot/xbm.mashangbang.top/Application/Common/Common/function.php 第 1424 行.
SQL: SHOW COLUMNS FROM `xb_sys_adcontent` [ RunTime:0.0005s ]
SQL: SELECT * FROM `xb_sys_adcontent` WHERE `AdvertisingID` = 1 AND `Status` = 1 ORDER BY Sort ASC,ID DESC LIMIT 3   [ RunTime:0.0001s ]
SQL: SHOW COLUMNS FROM `xb_sys_contentmanagement` [ RunTime:0.0004s ]
SQL: SELECT `ID`,`Title` FROM `xb_sys_contentmanagement` WHERE `CategoriesID` = 2 ORDER BY Sort asc,ID desc LIMIT 3   [ RunTime:0.0001s ]
SQL: SHOW COLUMNS FROM `xb_items_category` [ RunTime:0.0004s ]
SQL: SELECT `ID`,`Name`,`Imageurl` FROM `xb_items_category` WHERE `ParentID` = 0 AND `IsDel` = 0 AND `IsRec` = 1 AND `Status` = 1 ORDER BY Sort asc,ID desc LIMIT 8   [ RunTime:0.0001s ]
NOTIC: [8] Undefined variable: areid /www/wwwroot/xbm.mashangbang.top/Application/Home/Controller/IndexController.class.php 第 32 行.
SQL: SHOW COLUMNS FROM `xb_items` [ RunTime:0.0007s ]
SQL: SELECT `ID`,`Name`,`Logurl`,`AppNumbs` FROM `xb_items` WHERE `Itype` = '1' AND `IsRec` = '1' AND `IsDel` = '0' AND `Status` = '1' AND `Showtype` IN ('1','3') AND `Isshow` = '1' ORDER BY Sort asc,ID desc LIMIT 4   [ RunTime:0.0001s ]
NOTIC: [8] Undefined variable: areid /www/wwwroot/xbm.mashangbang.top/Application/Home/Controller/IndexController.class.php 第 45 行.
SQL: SELECT a.ID,a.Name,a.Logurl,a.Intro,a.AppNumbs,c.Name as Jkdays,a.DayfeeRate,b.Name as eduname FROM xb_items a left join xb_items_moneytype b on a.MoneytypeID=b.ID left join xb_items_jktimes c on a.JktimesID=c.ID  WHERE a.Itype = '1' AND a.IsHot = '1' AND a.IsDel = '0' AND a.Status = '1' AND a.Showtype IN ('1','3') AND a.Isshow = '1' ORDER BY a.Sort asc,a.ID desc LIMIT 20   [ RunTime:0.0001s ]
INFO: [ view_parse ] --START--
INFO: [ template_filter ] --START--
INFO: Run Behavior\ContentReplaceBehavior [ RunTime:0.000074s ]
INFO: [ template_filter ] --END-- [ RunTime:0.000102s ]
NOTIC: [8] Undefined variable: SEOTitle /www/wwwroot/xbm.mashangbang.top/Application/Runtime/Cache/Home/2a94b8bda04ff446dcedd42276fc99ee.php 第 11 行.
INFO: Run Behavior\ParseTemplateBehavior [ RunTime:0.007221s ]
INFO: [ view_parse ] --END-- [ RunTime:0.007248s ]
INFO: [ view_filter ] --START--
INFO: Run Behavior\WriteHtmlCacheBehavior [ RunTime:0.000157s ]
INFO: [ view_filter ] --END-- [ RunTime:0.000178s ]
INFO: [ app_end ] --START--
INFO: Run Behavior\ShowPageTraceBehavior [ RunTime:0.000355s ]
INFO: [ app_end ] --END-- [ RunTime:0.000385s ]

