[ 2019-07-15T00:13:42+08:00 ] 37.254.222.3 /
INFO: [ app_init ] --START--
INFO: Run Behavior\BuildLiteBehavior [ RunTime:0.000010s ]
INFO: [ app_init ] --END-- [ RunTime:0.000231s ]
INFO: [ app_begin ] --START--
INFO: Run Behavior\ReadHtmlCacheBehavior [ RunTime:0.000315s ]
INFO: [ app_begin ] --END-- [ RunTime:0.000347s ]
NOTIC: [8] Use of undefined constant HTTP_X_FORWARDED_FOR - assumed 'HTTP_X_FORWARDED_FOR' /www/wwwroot/xbm.mashangbang.top/Application/Common/Common/function.php 第 1396 行.
NOTIC: [8] Use of undefined constant HTTP_CLIENT_IP - assumed 'HTTP_CLIENT_IP' /www/wwwroot/xbm.mashangbang.top/Application/Common/Common/function.php 第 1398 行.
NOTIC: [8] Use of undefined constant REMOTE_ADDR - assumed 'REMOTE_ADDR' /www/wwwroot/xbm.mashangbang.top/Application/Common/Common/function.php 第 1401 行.
SQL: SHOW COLUMNS FROM `xb_sys_ipaddress` [ RunTime:0.0005s ]
SQL: SELECT * FROM `xb_sys_ipaddress` WHERE `IpAddress` = '37.254.222.3' LIMIT 1   [ RunTime:0.0003s ]
NOTIC: [8] Undefined index: data /www/wwwroot/xbm.mashangbang.top/Application/Common/Common/function.php 第 1423 行.
NOTIC: [8] Undefined index: data /www/wwwroot/xbm.mashangbang.top/Application/Common/Common/function.php 第 1424 行.
SQL: SHOW COLUMNS FROM `xb_sys_adcontent` [ RunTime:0.0005s ]
SQL: SELECT * FROM `xb_sys_adcontent` WHERE `AdvertisingID` = 1 AND `Status` = 1 ORDER BY Sort ASC,ID DESC LIMIT 3   [ RunTime:0.0001s ]
SQL: SHOW COLUMNS FROM `xb_sys_contentmanagement` [ RunTime:0.0004s ]
SQL: SELECT `ID`,`Title` FROM `xb_sys_contentmanagement` WHERE `CategoriesID` = 2 ORDER BY Sort asc,ID desc LIMIT 3   [ RunTime:0.0001s ]
SQL: SHOW COLUMNS FROM `xb_items_category` [ RunTime:0.0003s ]
SQL: SELECT `ID`,`Name`,`Imageurl` FROM `xb_items_category` WHERE `ParentID` = 0 AND `IsDel` = 0 AND `IsRec` = 1 AND `Status` = 1 ORDER BY Sort asc,ID desc LIMIT 8   [ RunTime:0.0001s ]
NOTIC: [8] Undefined variable: areid /www/wwwroot/xbm.mashangbang.top/Application/Home/Controller/IndexController.class.php 第 32 行.
SQL: SHOW COLUMNS FROM `xb_items` [ RunTime:0.0006s ]
SQL: SELECT `ID`,`Name`,`Logurl`,`AppNumbs` FROM `xb_items` WHERE `Itype` = '1' AND `IsRec` = '1' AND `IsDel` = '0' AND `Status` = '1' AND `Showtype` IN ('1','3') AND `Isshow` = '1' ORDER BY Sort asc,ID desc LIMIT 4   [ RunTime:0.0001s ]
NOTIC: [8] Undefined variable: areid /www/wwwroot/xbm.mashangbang.top/Application/Home/Controller/IndexController.class.php 第 45 行.
SQL: SELECT a.ID,a.Name,a.Logurl,a.Intro,a.AppNumbs,c.Name as Jkdays,a.DayfeeRate,b.Name as eduname FROM xb_items a left join xb_items_moneytype b on a.MoneytypeID=b.ID left join xb_items_jktimes c on a.JktimesID=c.ID  WHERE a.Itype = '1' AND a.IsHot = '1' AND a.IsDel = '0' AND a.Status = '1' AND a.Showtype IN ('1','3') AND a.Isshow = '1' ORDER BY a.Sort asc,a.ID desc LIMIT 20   [ RunTime:0.0004s ]
INFO: [ view_parse ] --START--
INFO: [ template_filter ] --START--
INFO: Run Behavior\ContentReplaceBehavior [ RunTime:0.000067s ]
INFO: [ template_filter ] --END-- [ RunTime:0.000095s ]
NOTIC: [8] Undefined variable: SEOTitle /www/wwwroot/xbm.mashangbang.top/Application/Runtime/Cache/Home/2a94b8bda04ff446dcedd42276fc99ee.php 第 11 行.
INFO: Run Behavior\ParseTemplateBehavior [ RunTime:0.006891s ]
INFO: [ view_parse ] --END-- [ RunTime:0.006918s ]
INFO: [ view_filter ] --START--
INFO: Run Behavior\WriteHtmlCacheBehavior [ RunTime:0.000166s ]
INFO: [ view_filter ] --END-- [ RunTime:0.000187s ]
INFO: [ app_end ] --START--
INFO: Run Behavior\ShowPageTraceBehavior [ RunTime:0.000344s ]
INFO: [ app_end ] --END-- [ RunTime:0.000371s ]

[ 2019-07-15T02:13:14+08:00 ] 77.234.225.127 /
INFO: [ app_init ] --START--
INFO: Run Behavior\BuildLiteBehavior [ RunTime:0.000010s ]
INFO: [ app_init ] --END-- [ RunTime:0.000234s ]
INFO: [ app_begin ] --START--
INFO: Run Behavior\ReadHtmlCacheBehavior [ RunTime:0.000330s ]
INFO: [ app_begin ] --END-- [ RunTime:0.000362s ]
NOTIC: [8] Use of undefined constant HTTP_X_FORWARDED_FOR - assumed 'HTTP_X_FORWARDED_FOR' /www/wwwroot/xbm.mashangbang.top/Application/Common/Common/function.php 第 1396 行.
NOTIC: [8] Use of undefined constant HTTP_CLIENT_IP - assumed 'HTTP_CLIENT_IP' /www/wwwroot/xbm.mashangbang.top/Application/Common/Common/function.php 第 1398 行.
NOTIC: [8] Use of undefined constant REMOTE_ADDR - assumed 'REMOTE_ADDR' /www/wwwroot/xbm.mashangbang.top/Application/Common/Common/function.php 第 1401 行.
SQL: SHOW COLUMNS FROM `xb_sys_ipaddress` [ RunTime:0.0005s ]
SQL: SELECT * FROM `xb_sys_ipaddress` WHERE `IpAddress` = '77.234.225.127' LIMIT 1   [ RunTime:0.0003s ]
NOTIC: [8] Undefined index: data /www/wwwroot/xbm.mashangbang.top/Application/Common/Common/function.php 第 1423 行.
NOTIC: [8] Undefined index: data /www/wwwroot/xbm.mashangbang.top/Application/Common/Common/function.php 第 1424 行.
SQL: SHOW COLUMNS FROM `xb_sys_adcontent` [ RunTime:0.0005s ]
SQL: SELECT * FROM `xb_sys_adcontent` WHERE `AdvertisingID` = 1 AND `Status` = 1 ORDER BY Sort ASC,ID DESC LIMIT 3   [ RunTime:0.0001s ]
SQL: SHOW COLUMNS FROM `xb_sys_contentmanagement` [ RunTime:0.0004s ]
SQL: SELECT `ID`,`Title` FROM `xb_sys_contentmanagement` WHERE `CategoriesID` = 2 ORDER BY Sort asc,ID desc LIMIT 3   [ RunTime:0.0001s ]
SQL: SHOW COLUMNS FROM `xb_items_category` [ RunTime:0.0003s ]
SQL: SELECT `ID`,`Name`,`Imageurl` FROM `xb_items_category` WHERE `ParentID` = 0 AND `IsDel` = 0 AND `IsRec` = 1 AND `Status` = 1 ORDER BY Sort asc,ID desc LIMIT 8   [ RunTime:0.0001s ]
NOTIC: [8] Undefined variable: areid /www/wwwroot/xbm.mashangbang.top/Application/Home/Controller/IndexController.class.php 第 32 行.
SQL: SHOW COLUMNS FROM `xb_items` [ RunTime:0.0007s ]
SQL: SELECT `ID`,`Name`,`Logurl`,`AppNumbs` FROM `xb_items` WHERE `Itype` = '1' AND `IsRec` = '1' AND `IsDel` = '0' AND `Status` = '1' AND `Showtype` IN ('1','3') AND `Isshow` = '1' ORDER BY Sort asc,ID desc LIMIT 4   [ RunTime:0.0001s ]
NOTIC: [8] Undefined variable: areid /www/wwwroot/xbm.mashangbang.top/Application/Home/Controller/IndexController.class.php 第 45 行.
SQL: SELECT a.ID,a.Name,a.Logurl,a.Intro,a.AppNumbs,c.Name as Jkdays,a.DayfeeRate,b.Name as eduname FROM xb_items a left join xb_items_moneytype b on a.MoneytypeID=b.ID left join xb_items_jktimes c on a.JktimesID=c.ID  WHERE a.Itype = '1' AND a.IsHot = '1' AND a.IsDel = '0' AND a.Status = '1' AND a.Showtype IN ('1','3') AND a.Isshow = '1' ORDER BY a.Sort asc,a.ID desc LIMIT 20   [ RunTime:0.0004s ]
INFO: [ view_parse ] --START--
INFO: [ template_filter ] --START--
INFO: Run Behavior\ContentReplaceBehavior [ RunTime:0.000066s ]
INFO: [ template_filter ] --END-- [ RunTime:0.000093s ]
NOTIC: [8] Undefined variable: SEOTitle /www/wwwroot/xbm.mashangbang.top/Application/Runtime/Cache/Home/2a94b8bda04ff446dcedd42276fc99ee.php 第 11 行.
INFO: Run Behavior\ParseTemplateBehavior [ RunTime:0.006979s ]
INFO: [ view_parse ] --END-- [ RunTime:0.007004s ]
INFO: [ view_filter ] --START--
INFO: Run Behavior\WriteHtmlCacheBehavior [ RunTime:0.000175s ]
INFO: [ view_filter ] --END-- [ RunTime:0.000212s ]
INFO: [ app_end ] --START--
INFO: Run Behavior\ShowPageTraceBehavior [ RunTime:0.000346s ]
INFO: [ app_end ] --END-- [ RunTime:0.000375s ]

[ 2019-07-15T02:45:10+08:00 ] 223.104.189.163 /fsj_patch/android/check.xml?t=26052165
INFO: [ app_init ] --START--
INFO: Run Behavior\BuildLiteBehavior [ RunTime:0.000009s ]
INFO: [ app_init ] --END-- [ RunTime:0.000228s ]
INFO: [ app_begin ] --START--
INFO: Run Behavior\ReadHtmlCacheBehavior [ RunTime:0.000333s ]
INFO: [ app_begin ] --END-- [ RunTime:0.000366s ]
ERR: 无法加载控制器:FsjPatch

[ 2019-07-15T02:45:11+08:00 ] 223.104.189.163 /fsj_patch/android/check.xml?t=26052165
INFO: [ app_init ] --START--
INFO: Run Behavior\BuildLiteBehavior [ RunTime:0.000010s ]
INFO: [ app_init ] --END-- [ RunTime:0.000243s ]
INFO: [ app_begin ] --START--
INFO: Run Behavior\ReadHtmlCacheBehavior [ RunTime:0.000313s ]
INFO: [ app_begin ] --END-- [ RunTime:0.000343s ]
ERR: 无法加载控制器:FsjPatch

[ 2019-07-15T03:38:05+08:00 ] 191.255.86.77 /
INFO: [ app_init ] --START--
INFO: Run Behavior\BuildLiteBehavior [ RunTime:0.000010s ]
INFO: [ app_init ] --END-- [ RunTime:0.000245s ]
INFO: [ app_begin ] --START--
INFO: Run Behavior\ReadHtmlCacheBehavior [ RunTime:0.000310s ]
INFO: [ app_begin ] --END-- [ RunTime:0.000342s ]
NOTIC: [8] Use of undefined constant HTTP_X_FORWARDED_FOR - assumed 'HTTP_X_FORWARDED_FOR' /www/wwwroot/xbm.mashangbang.top/Application/Common/Common/function.php 第 1396 行.
NOTIC: [8] Use of undefined constant HTTP_CLIENT_IP - assumed 'HTTP_CLIENT_IP' /www/wwwroot/xbm.mashangbang.top/Application/Common/Common/function.php 第 1398 行.
NOTIC: [8] Use of undefined constant REMOTE_ADDR - assumed 'REMOTE_ADDR' /www/wwwroot/xbm.mashangbang.top/Application/Common/Common/function.php 第 1401 行.
SQL: SHOW COLUMNS FROM `xb_sys_ipaddress` [ RunTime:0.0005s ]
SQL: SELECT * FROM `xb_sys_ipaddress` WHERE `IpAddress` = '191.255.86.77' LIMIT 1   [ RunTime:0.0002s ]
NOTIC: [8] Undefined index: data /www/wwwroot/xbm.mashangbang.top/Application/Common/Common/function.php 第 1423 行.
NOTIC: [8] Undefined index: data /www/wwwroot/xbm.mashangbang.top/Application/Common/Common/function.php 第 1424 行.
SQL: SHOW COLUMNS FROM `xb_sys_adcontent` [ RunTime:0.0005s ]
SQL: SELECT * FROM `xb_sys_adcontent` WHERE `AdvertisingID` = 1 AND `Status` = 1 ORDER BY Sort ASC,ID DESC LIMIT 3   [ RunTime:0.0001s ]
SQL: SHOW COLUMNS FROM `xb_sys_contentmanagement` [ RunTime:0.0004s ]
SQL: SELECT `ID`,`Title` FROM `xb_sys_contentmanagement` WHERE `CategoriesID` = 2 ORDER BY Sort asc,ID desc LIMIT 3   [ RunTime:0.0001s ]
SQL: SHOW COLUMNS FROM `xb_items_category` [ RunTime:0.0004s ]
SQL: SELECT `ID`,`Name`,`Imageurl` FROM `xb_items_category` WHERE `ParentID` = 0 AND `IsDel` = 0 AND `IsRec` = 1 AND `Status` = 1 ORDER BY Sort asc,ID desc LIMIT 8   [ RunTime:0.0001s ]
NOTIC: [8] Undefined variable: areid /www/wwwroot/xbm.mashangbang.top/Application/Home/Controller/IndexController.class.php 第 32 行.
SQL: SHOW COLUMNS FROM `xb_items` [ RunTime:0.0007s ]
SQL: SELECT `ID`,`Name`,`Logurl`,`AppNumbs` FROM `xb_items` WHERE `Itype` = '1' AND `IsRec` = '1' AND `IsDel` = '0' AND `Status` = '1' AND `Showtype` IN ('1','3') AND `Isshow` = '1' ORDER BY Sort asc,ID desc LIMIT 4   [ RunTime:0.0001s ]
NOTIC: [8] Undefined variable: areid /www/wwwroot/xbm.mashangbang.top/Application/Home/Controller/IndexController.class.php 第 45 行.
SQL: SELECT a.ID,a.Name,a.Logurl,a.Intro,a.AppNumbs,c.Name as Jkdays,a.DayfeeRate,b.Name as eduname FROM xb_items a left join xb_items_moneytype b on a.MoneytypeID=b.ID left join xb_items_jktimes c on a.JktimesID=c.ID  WHERE a.Itype = '1' AND a.IsHot = '1' AND a.IsDel = '0' AND a.Status = '1' AND a.Showtype IN ('1','3') AND a.Isshow = '1' ORDER BY a.Sort asc,a.ID desc LIMIT 20   [ RunTime:0.0004s ]
INFO: [ view_parse ] --START--
INFO: [ template_filter ] --START--
INFO: Run Behavior\ContentReplaceBehavior [ RunTime:0.000069s ]
INFO: [ template_filter ] --END-- [ RunTime:0.000096s ]
NOTIC: [8] Undefined variable: SEOTitle /www/wwwroot/xbm.mashangbang.top/Application/Runtime/Cache/Home/2a94b8bda04ff446dcedd42276fc99ee.php 第 11 行.
INFO: Run Behavior\ParseTemplateBehavior [ RunTime:0.007049s ]
INFO: [ view_parse ] --END-- [ RunTime:0.007075s ]
INFO: [ view_filter ] --START--
INFO: Run Behavior\WriteHtmlCacheBehavior [ RunTime:0.000164s ]
INFO: [ view_filter ] --END-- [ RunTime:0.000194s ]
INFO: [ app_end ] --START--
INFO: Run Behavior\ShowPageTraceBehavior [ RunTime:0.000344s ]
INFO: [ app_end ] --END-- [ RunTime:0.000373s ]

[ 2019-07-15T05:02:39+08:00 ] 51.254.59.113 /
INFO: [ app_init ] --START--
INFO: Run Behavior\BuildLiteBehavior [ RunTime:0.000011s ]
INFO: [ app_init ] --END-- [ RunTime:0.000265s ]
INFO: [ app_begin ] --START--
INFO: Run Behavior\ReadHtmlCacheBehavior [ RunTime:0.000322s ]
INFO: [ app_begin ] --END-- [ RunTime:0.000355s ]
NOTIC: [8] Use of undefined constant HTTP_X_FORWARDED_FOR - assumed 'HTTP_X_FORWARDED_FOR' /www/wwwroot/xbm.mashangbang.top/Application/Common/Common/function.php 第 1396 行.
NOTIC: [8] Use of undefined constant HTTP_CLIENT_IP - assumed 'HTTP_CLIENT_IP' /www/wwwroot/xbm.mashangbang.top/Application/Common/Common/function.php 第 1398 行.
NOTIC: [8] Use of undefined constant REMOTE_ADDR - assumed 'REMOTE_ADDR' /www/wwwroot/xbm.mashangbang.top/Application/Common/Common/function.php 第 1401 行.
SQL: SHOW COLUMNS FROM `xb_sys_ipaddress` [ RunTime:0.0005s ]
SQL: SELECT * FROM `xb_sys_ipaddress` WHERE `IpAddress` = '51.254.59.113' LIMIT 1   [ RunTime:0.0003s ]
NOTIC: [8] Undefined index: data /www/wwwroot/xbm.mashangbang.top/Application/Common/Common/function.php 第 1423 行.
NOTIC: [8] Undefined index: data /www/wwwroot/xbm.mashangbang.top/Application/Common/Common/function.php 第 1424 行.
SQL: SHOW COLUMNS FROM `xb_sys_adcontent` [ RunTime:0.0005s ]
SQL: SELECT * FROM `xb_sys_adcontent` WHERE `AdvertisingID` = 1 AND `Status` = 1 ORDER BY Sort ASC,ID DESC LIMIT 3   [ RunTime:0.0001s ]
SQL: SHOW COLUMNS FROM `xb_sys_contentmanagement` [ RunTime:0.0004s ]
SQL: SELECT `ID`,`Title` FROM `xb_sys_contentmanagement` WHERE `CategoriesID` = 2 ORDER BY Sort asc,ID desc LIMIT 3   [ RunTime:0.0001s ]
SQL: SHOW COLUMNS FROM `xb_items_category` [ RunTime:0.0004s ]
SQL: SELECT `ID`,`Name`,`Imageurl` FROM `xb_items_category` WHERE `ParentID` = 0 AND `IsDel` = 0 AND `IsRec` = 1 AND `Status` = 1 ORDER BY Sort asc,ID desc LIMIT 8   [ RunTime:0.0001s ]
NOTIC: [8] Undefined variable: areid /www/wwwroot/xbm.mashangbang.top/Application/Home/Controller/IndexController.class.php 第 32 行.
SQL: SHOW COLUMNS FROM `xb_items` [ RunTime:0.0007s ]
SQL: SELECT `ID`,`Name`,`Logurl`,`AppNumbs` FROM `xb_items` WHERE `Itype` = '1' AND `IsRec` = '1' AND `IsDel` = '0' AND `Status` = '1' AND `Showtype` IN ('1','3') AND `Isshow` = '1' ORDER BY Sort asc,ID desc LIMIT 4   [ RunTime:0.0001s ]
NOTIC: [8] Undefined variable: areid /www/wwwroot/xbm.mashangbang.top/Application/Home/Controller/IndexController.class.php 第 45 行.
SQL: SELECT a.ID,a.Name,a.Logurl,a.Intro,a.AppNumbs,c.Name as Jkdays,a.DayfeeRate,b.Name as eduname FROM xb_items a left join xb_items_moneytype b on a.MoneytypeID=b.ID left join xb_items_jktimes c on a.JktimesID=c.ID  WHERE a.Itype = '1' AND a.IsHot = '1' AND a.IsDel = '0' AND a.Status = '1' AND a.Showtype IN ('1','3') AND a.Isshow = '1' ORDER BY a.Sort asc,a.ID desc LIMIT 20   [ RunTime:0.0004s ]
INFO: [ view_parse ] --START--
INFO: [ template_filter ] --START--
INFO: Run Behavior\ContentReplaceBehavior [ RunTime:0.000068s ]
INFO: [ template_filter ] --END-- [ RunTime:0.000101s ]
NOTIC: [8] Undefined variable: SEOTitle /www/wwwroot/xbm.mashangbang.top/Application/Runtime/Cache/Home/2a94b8bda04ff446dcedd42276fc99ee.php 第 11 行.
INFO: Run Behavior\ParseTemplateBehavior [ RunTime:0.006983s ]
INFO: [ view_parse ] --END-- [ RunTime:0.007009s ]
INFO: [ view_filter ] --START--
INFO: Run Behavior\WriteHtmlCacheBehavior [ RunTime:0.000174s ]
INFO: [ view_filter ] --END-- [ RunTime:0.000196s ]
INFO: [ app_end ] --START--
INFO: Run Behavior\ShowPageTraceBehavior [ RunTime:0.000358s ]
INFO: [ app_end ] --END-- [ RunTime:0.000384s ]

[ 2019-07-15T06:03:07+08:00 ] 47.92.95.89 /
INFO: [ app_init ] --START--
INFO: Run Behavior\BuildLiteBehavior [ RunTime:0.000011s ]
INFO: [ app_init ] --END-- [ RunTime:0.000259s ]
INFO: [ app_begin ] --START--
INFO: Run Behavior\ReadHtmlCacheBehavior [ RunTime:0.000328s ]
INFO: [ app_begin ] --END-- [ RunTime:0.000364s ]
NOTIC: [8] Use of undefined constant HTTP_X_FORWARDED_FOR - assumed 'HTTP_X_FORWARDED_FOR' /www/wwwroot/xbm.mashangbang.top/Application/Common/Common/function.php 第 1396 行.
NOTIC: [8] Use of undefined constant HTTP_CLIENT_IP - assumed 'HTTP_CLIENT_IP' /www/wwwroot/xbm.mashangbang.top/Application/Common/Common/function.php 第 1398 行.
NOTIC: [8] Use of undefined constant REMOTE_ADDR - assumed 'REMOTE_ADDR' /www/wwwroot/xbm.mashangbang.top/Application/Common/Common/function.php 第 1401 行.
SQL: SHOW COLUMNS FROM `xb_sys_ipaddress` [ RunTime:0.0005s ]
SQL: SELECT * FROM `xb_sys_ipaddress` WHERE `IpAddress` = '47.92.95.89' LIMIT 1   [ RunTime:0.0003s ]
NOTIC: [8] Undefined index: data /www/wwwroot/xbm.mashangbang.top/Application/Common/Common/function.php 第 1423 行.
NOTIC: [8] Undefined index: data /www/wwwroot/xbm.mashangbang.top/Application/Common/Common/function.php 第 1424 行.
SQL: SHOW COLUMNS FROM `xb_sys_adcontent` [ RunTime:0.0005s ]
SQL: SELECT * FROM `xb_sys_adcontent` WHERE `AdvertisingID` = 1 AND `Status` = 1 ORDER BY Sort ASC,ID DESC LIMIT 3   [ RunTime:0.0001s ]
SQL: SHOW COLUMNS FROM `xb_sys_contentmanagement` [ RunTime:0.0004s ]
SQL: SELECT `ID`,`Title` FROM `xb_sys_contentmanagement` WHERE `CategoriesID` = 2 ORDER BY Sort asc,ID desc LIMIT 3   [ RunTime:0.0001s ]
SQL: SHOW COLUMNS FROM `xb_items_category` [ RunTime:0.0003s ]
SQL: SELECT `ID`,`Name`,`Imageurl` FROM `xb_items_category` WHERE `ParentID` = 0 AND `IsDel` = 0 AND `IsRec` = 1 AND `Status` = 1 ORDER BY Sort asc,ID desc LIMIT 8   [ RunTime:0.0001s ]
NOTIC: [8] Undefined variable: areid /www/wwwroot/xbm.mashangbang.top/Application/Home/Controller/IndexController.class.php 第 32 行.
SQL: SHOW COLUMNS FROM `xb_items` [ RunTime:0.0006s ]
SQL: SELECT `ID`,`Name`,`Logurl`,`AppNumbs` FROM `xb_items` WHERE `Itype` = '1' AND `IsRec` = '1' AND `IsDel` = '0' AND `Status` = '1' AND `Showtype` IN ('1','3') AND `Isshow` = '1' ORDER BY Sort asc,ID desc LIMIT 4   [ RunTime:0.0001s ]
NOTIC: [8] Undefined variable: areid /www/wwwroot/xbm.mashangbang.top/Application/Home/Controller/IndexController.class.php 第 45 行.
SQL: SELECT a.ID,a.Name,a.Logurl,a.Intro,a.AppNumbs,c.Name as Jkdays,a.DayfeeRate,b.Name as eduname FROM xb_items a left join xb_items_moneytype b on a.MoneytypeID=b.ID left join xb_items_jktimes c on a.JktimesID=c.ID  WHERE a.Itype = '1' AND a.IsHot = '1' AND a.IsDel = '0' AND a.Status = '1' AND a.Showtype IN ('1','3') AND a.Isshow = '1' ORDER BY a.Sort asc,a.ID desc LIMIT 20   [ RunTime:0.0004s ]
INFO: [ view_parse ] --START--
INFO: [ template_filter ] --START--
INFO: Run Behavior\ContentReplaceBehavior [ RunTime:0.000066s ]
INFO: [ template_filter ] --END-- [ RunTime:0.000092s ]
NOTIC: [8] Undefined variable: SEOTitle /www/wwwroot/xbm.mashangbang.top/Application/Runtime/Cache/Home/2a94b8bda04ff446dcedd42276fc99ee.php 第 11 行.
INFO: Run Behavior\ParseTemplateBehavior [ RunTime:0.006925s ]
INFO: [ view_parse ] --END-- [ RunTime:0.006951s ]
INFO: [ view_filter ] --START--
INFO: Run Behavior\WriteHtmlCacheBehavior [ RunTime:0.000162s ]
INFO: [ view_filter ] --END-- [ RunTime:0.000183s ]
INFO: [ app_end ] --START--
INFO: Run Behavior\ShowPageTraceBehavior [ RunTime:0.000352s ]
INFO: [ app_end ] --END-- [ RunTime:0.000382s ]

[ 2019-07-15T06:03:09+08:00 ] 139.224.238.50 /
INFO: [ app_init ] --START--
INFO: Run Behavior\BuildLiteBehavior [ RunTime:0.000010s ]
INFO: [ app_init ] --END-- [ RunTime:0.000224s ]
INFO: [ app_begin ] --START--
INFO: Run Behavior\ReadHtmlCacheBehavior [ RunTime:0.000358s ]
INFO: [ app_begin ] --END-- [ RunTime:0.000391s ]
NOTIC: [8] Use of undefined constant HTTP_X_FORWARDED_FOR - assumed 'HTTP_X_FORWARDED_FOR' /www/wwwroot/xbm.mashangbang.top/Application/Common/Common/function.php 第 1396 行.
NOTIC: [8] Use of undefined constant HTTP_CLIENT_IP - assumed 'HTTP_CLIENT_IP' /www/wwwroot/xbm.mashangbang.top/Application/Common/Common/function.php 第 1398 行.
NOTIC: [8] Use of undefined constant REMOTE_ADDR - assumed 'REMOTE_ADDR' /www/wwwroot/xbm.mashangbang.top/Application/Common/Common/function.php 第 1401 行.
SQL: SHOW COLUMNS FROM `xb_sys_ipaddress` [ RunTime:0.0005s ]
SQL: SELECT * FROM `xb_sys_ipaddress` WHERE `IpAddress` = '139.224.238.50' LIMIT 1   [ RunTime:0.0003s ]
NOTIC: [8] Undefined index: data /www/wwwroot/xbm.mashangbang.top/Application/Common/Common/function.php 第 1423 行.
NOTIC: [8] Undefined index: data /www/wwwroot/xbm.mashangbang.top/Application/Common/Common/function.php 第 1424 行.
SQL: SHOW COLUMNS FROM `xb_sys_adcontent` [ RunTime:0.0005s ]
SQL: SELECT * FROM `xb_sys_adcontent` WHERE `AdvertisingID` = 1 AND `Status` = 1 ORDER BY Sort ASC,ID DESC LIMIT 3   [ RunTime:0.0001s ]
SQL: SHOW COLUMNS FROM `xb_sys_contentmanagement` [ RunTime:0.0004s ]
SQL: SELECT `ID`,`Title` FROM `xb_sys_contentmanagement` WHERE `CategoriesID` = 2 ORDER BY Sort asc,ID desc LIMIT 3   [ RunTime:0.0001s ]
SQL: SHOW COLUMNS FROM `xb_items_category` [ RunTime:0.0003s ]
SQL: SELECT `ID`,`Name`,`Imageurl` FROM `xb_items_category` WHERE `ParentID` = 0 AND `IsDel` = 0 AND `IsRec` = 1 AND `Status` = 1 ORDER BY Sort asc,ID desc LIMIT 8   [ RunTime:0.0001s ]
NOTIC: [8] Undefined variable: areid /www/wwwroot/xbm.mashangbang.top/Application/Home/Controller/IndexController.class.php 第 32 行.
SQL: SHOW COLUMNS FROM `xb_items` [ RunTime:0.0006s ]
SQL: SELECT `ID`,`Name`,`Logurl`,`AppNumbs` FROM `xb_items` WHERE `Itype` = '1' AND `IsRec` = '1' AND `IsDel` = '0' AND `Status` = '1' AND `Showtype` IN ('1','3') AND `Isshow` = '1' ORDER BY Sort asc,ID desc LIMIT 4   [ RunTime:0.0001s ]
NOTIC: [8] Undefined variable: areid /www/wwwroot/xbm.mashangbang.top/Application/Home/Controller/IndexController.class.php 第 45 行.
SQL: SELECT a.ID,a.Name,a.Logurl,a.Intro,a.AppNumbs,c.Name as Jkdays,a.DayfeeRate,b.Name as eduname FROM xb_items a left join xb_items_moneytype b on a.MoneytypeID=b.ID left join xb_items_jktimes c on a.JktimesID=c.ID  WHERE a.Itype = '1' AND a.IsHot = '1' AND a.IsDel = '0' AND a.Status = '1' AND a.Showtype IN ('1','3') AND a.Isshow = '1' ORDER BY a.Sort asc,a.ID desc LIMIT 20   [ RunTime:0.0004s ]
INFO: [ view_parse ] --START--
INFO: [ template_filter ] --START--
INFO: Run Behavior\ContentReplaceBehavior [ RunTime:0.000069s ]
INFO: [ template_filter ] --END-- [ RunTime:0.000097s ]
NOTIC: [8] Undefined variable: SEOTitle /www/wwwroot/xbm.mashangbang.top/Application/Runtime/Cache/Home/2a94b8bda04ff446dcedd42276fc99ee.php 第 11 行.
INFO: Run Behavior\ParseTemplateBehavior [ RunTime:0.007104s ]
INFO: [ view_parse ] --END-- [ RunTime:0.007130s ]
INFO: [ view_filter ] --START--
INFO: Run Behavior\WriteHtmlCacheBehavior [ RunTime:0.000177s ]
INFO: [ view_filter ] --END-- [ RunTime:0.000199s ]
INFO: [ app_end ] --START--
INFO: Run Behavior\ShowPageTraceBehavior [ RunTime:0.000336s ]
INFO: [ app_end ] --END-- [ RunTime:0.000363s ]

[ 2019-07-15T06:04:50+08:00 ] 106.14.217.247 /
INFO: [ app_init ] --START--
INFO: Run Behavior\BuildLiteBehavior [ RunTime:0.000010s ]
INFO: [ app_init ] --END-- [ RunTime:0.000255s ]
INFO: [ app_begin ] --START--
INFO: Run Behavior\ReadHtmlCacheBehavior [ RunTime:0.000310s ]
INFO: [ app_begin ] --END-- [ RunTime:0.000341s ]
NOTIC: [8] Use of undefined constant HTTP_X_FORWARDED_FOR - assumed 'HTTP_X_FORWARDED_FOR' /www/wwwroot/xbm.mashangbang.top/Application/Common/Common/function.php 第 1396 行.
NOTIC: [8] Use of undefined constant HTTP_CLIENT_IP - assumed 'HTTP_CLIENT_IP' /www/wwwroot/xbm.mashangbang.top/Application/Common/Common/function.php 第 1398 行.
NOTIC: [8] Use of undefined constant REMOTE_ADDR - assumed 'REMOTE_ADDR' /www/wwwroot/xbm.mashangbang.top/Application/Common/Common/function.php 第 1401 行.
SQL: SHOW COLUMNS FROM `xb_sys_ipaddress` [ RunTime:0.0005s ]
SQL: SELECT * FROM `xb_sys_ipaddress` WHERE `IpAddress` = '106.14.217.247' LIMIT 1   [ RunTime:0.0003s ]
NOTIC: [8] Undefined index: data /www/wwwroot/xbm.mashangbang.top/Application/Common/Common/function.php 第 1423 行.
NOTIC: [8] Undefined index: data /www/wwwroot/xbm.mashangbang.top/Application/Common/Common/function.php 第 1424 行.
SQL: SHOW COLUMNS FROM `xb_sys_adcontent` [ RunTime:0.0005s ]
SQL: SELECT * FROM `xb_sys_adcontent` WHERE `AdvertisingID` = 1 AND `Status` = 1 ORDER BY Sort ASC,ID DESC LIMIT 3   [ RunTime:0.0001s ]
SQL: SHOW COLUMNS FROM `xb_sys_contentmanagement` [ RunTime:0.0004s ]
SQL: SELECT `ID`,`Title` FROM `xb_sys_contentmanagement` WHERE `CategoriesID` = 2 ORDER BY Sort asc,ID desc LIMIT 3   [ RunTime:0.0001s ]
SQL: SHOW COLUMNS FROM `xb_items_category` [ RunTime:0.0003s ]
SQL: SELECT `ID`,`Name`,`Imageurl` FROM `xb_items_category` WHERE `ParentID` = 0 AND `IsDel` = 0 AND `IsRec` = 1 AND `Status` = 1 ORDER BY Sort asc,ID desc LIMIT 8   [ RunTime:0.0001s ]
NOTIC: [8] Undefined variable: areid /www/wwwroot/xbm.mashangbang.top/Application/Home/Controller/IndexController.class.php 第 32 行.
SQL: SHOW COLUMNS FROM `xb_items` [ RunTime:0.0007s ]
SQL: SELECT `ID`,`Name`,`Logurl`,`AppNumbs` FROM `xb_items` WHERE `Itype` = '1' AND `IsRec` = '1' AND `IsDel` = '0' AND `Status` = '1' AND `Showtype` IN ('1','3') AND `Isshow` = '1' ORDER BY Sort asc,ID desc LIMIT 4   [ RunTime:0.0001s ]
NOTIC: [8] Undefined variable: areid /www/wwwroot/xbm.mashangbang.top/Application/Home/Controller/IndexController.class.php 第 45 行.
SQL: SELECT a.ID,a.Name,a.Logurl,a.Intro,a.AppNumbs,c.Name as Jkdays,a.DayfeeRate,b.Name as eduname FROM xb_items a left join xb_items_moneytype b on a.MoneytypeID=b.ID left join xb_items_jktimes c on a.JktimesID=c.ID  WHERE a.Itype = '1' AND a.IsHot = '1' AND a.IsDel = '0' AND a.Status = '1' AND a.Showtype IN ('1','3') AND a.Isshow = '1' ORDER BY a.Sort asc,a.ID desc LIMIT 20   [ RunTime:0.0004s ]
INFO: [ view_parse ] --START--
INFO: [ template_filter ] --START--
INFO: Run Behavior\ContentReplaceBehavior [ RunTime:0.000064s ]
INFO: [ template_filter ] --END-- [ RunTime:0.000090s ]
NOTIC: [8] Undefined variable: SEOTitle /www/wwwroot/xbm.mashangbang.top/Application/Runtime/Cache/Home/2a94b8bda04ff446dcedd42276fc99ee.php 第 11 行.
INFO: Run Behavior\ParseTemplateBehavior [ RunTime:0.006982s ]
INFO: [ view_parse ] --END-- [ RunTime:0.007009s ]
INFO: [ view_filter ] --START--
INFO: Run Behavior\WriteHtmlCacheBehavior [ RunTime:0.000161s ]
INFO: [ view_filter ] --END-- [ RunTime:0.000181s ]
INFO: [ app_end ] --START--
INFO: Run Behavior\ShowPageTraceBehavior [ RunTime:0.000352s ]
INFO: [ app_end ] --END-- [ RunTime:0.000380s ]

[ 2019-07-15T07:28:59+08:00 ] 58.100.50.78 /fsj_patch/android/check.xml?t=26052449
INFO: [ app_init ] --START--
INFO: Run Behavior\BuildLiteBehavior [ RunTime:0.000009s ]
INFO: [ app_init ] --END-- [ RunTime:0.000266s ]
INFO: [ app_begin ] --START--
INFO: Run Behavior\ReadHtmlCacheBehavior [ RunTime:0.000312s ]
INFO: [ app_begin ] --END-- [ RunTime:0.000342s ]
ERR: 无法加载控制器:FsjPatch

[ 2019-07-15T07:29:01+08:00 ] 58.100.50.78 /fsj_patch/android/check.xml?t=26052449
INFO: [ app_init ] --START--
INFO: Run Behavior\BuildLiteBehavior [ RunTime:0.000009s ]
INFO: [ app_init ] --END-- [ RunTime:0.000260s ]
INFO: [ app_begin ] --START--
INFO: Run Behavior\ReadHtmlCacheBehavior [ RunTime:0.000321s ]
INFO: [ app_begin ] --END-- [ RunTime:0.000354s ]
ERR: 无法加载控制器:FsjPatch

[ 2019-07-15T07:29:03+08:00 ] 58.100.50.78 /fsj_patch/android/check.xml?t=26052449
INFO: [ app_init ] --START--
INFO: Run Behavior\BuildLiteBehavior [ RunTime:0.000009s ]
INFO: [ app_init ] --END-- [ RunTime:0.000219s ]
INFO: [ app_begin ] --START--
INFO: Run Behavior\ReadHtmlCacheBehavior [ RunTime:0.000313s ]
INFO: [ app_begin ] --END-- [ RunTime:0.000343s ]
ERR: 无法加载控制器:FsjPatch

[ 2019-07-15T07:29:04+08:00 ] 58.100.50.78 /fsj_patch/android/check.xml?t=26052449
INFO: [ app_init ] --START--
INFO: Run Behavior\BuildLiteBehavior [ RunTime:0.000011s ]
INFO: [ app_init ] --END-- [ RunTime:0.000228s ]
INFO: [ app_begin ] --START--
INFO: Run Behavior\ReadHtmlCacheBehavior [ RunTime:0.000315s ]
INFO: [ app_begin ] --END-- [ RunTime:0.000346s ]
ERR: 无法加载控制器:FsjPatch

[ 2019-07-15T07:44:47+08:00 ] 80.82.77.33 /
INFO: [ app_init ] --START--
INFO: Run Behavior\BuildLiteBehavior [ RunTime:0.000010s ]
INFO: [ app_init ] --END-- [ RunTime:0.000234s ]
INFO: [ app_begin ] --START--
INFO: Run Behavior\ReadHtmlCacheBehavior [ RunTime:0.000352s ]
INFO: [ app_begin ] --END-- [ RunTime:0.000384s ]
NOTIC: [8] Use of undefined constant HTTP_X_FORWARDED_FOR - assumed 'HTTP_X_FORWARDED_FOR' /www/wwwroot/xbm.mashangbang.top/Application/Common/Common/function.php 第 1396 行.
NOTIC: [8] Use of undefined constant HTTP_CLIENT_IP - assumed 'HTTP_CLIENT_IP' /www/wwwroot/xbm.mashangbang.top/Application/Common/Common/function.php 第 1398 行.
NOTIC: [8] Use of undefined constant REMOTE_ADDR - assumed 'REMOTE_ADDR' /www/wwwroot/xbm.mashangbang.top/Application/Common/Common/function.php 第 1401 行.
SQL: SHOW COLUMNS FROM `xb_sys_ipaddress` [ RunTime:0.0005s ]
SQL: SELECT * FROM `xb_sys_ipaddress` WHERE `IpAddress` = '80.82.77.33' LIMIT 1   [ RunTime:0.0003s ]
NOTIC: [8] Undefined index: data /www/wwwroot/xbm.mashangbang.top/Application/Common/Common/function.php 第 1423 行.
NOTIC: [8] Undefined index: data /www/wwwroot/xbm.mashangbang.top/Application/Common/Common/function.php 第 1424 行.
SQL: SHOW COLUMNS FROM `xb_sys_adcontent` [ RunTime:0.0005s ]
SQL: SELECT * FROM `xb_sys_adcontent` WHERE `AdvertisingID` = 1 AND `Status` = 1 ORDER BY Sort ASC,ID DESC LIMIT 3   [ RunTime:0.0001s ]
SQL: SHOW COLUMNS FROM `xb_sys_contentmanagement` [ RunTime:0.0004s ]
SQL: SELECT `ID`,`Title` FROM `xb_sys_contentmanagement` WHERE `CategoriesID` = 2 ORDER BY Sort asc,ID desc LIMIT 3   [ RunTime:0.0001s ]
SQL: SHOW COLUMNS FROM `xb_items_category` [ RunTime:0.0003s ]
SQL: SELECT `ID`,`Name`,`Imageurl` FROM `xb_items_category` WHERE `ParentID` = 0 AND `IsDel` = 0 AND `IsRec` = 1 AND `Status` = 1 ORDER BY Sort asc,ID desc LIMIT 8   [ RunTime:0.0001s ]
NOTIC: [8] Undefined variable: areid /www/wwwroot/xbm.mashangbang.top/Application/Home/Controller/IndexController.class.php 第 32 行.
SQL: SHOW COLUMNS FROM `xb_items` [ RunTime:0.0007s ]
SQL: SELECT `ID`,`Name`,`Logurl`,`AppNumbs` FROM `xb_items` WHERE `Itype` = '1' AND `IsRec` = '1' AND `IsDel` = '0' AND `Status` = '1' AND `Showtype` IN ('1','3') AND `Isshow` = '1' ORDER BY Sort asc,ID desc LIMIT 4   [ RunTime:0.0001s ]
NOTIC: [8] Undefined variable: areid /www/wwwroot/xbm.mashangbang.top/Application/Home/Controller/IndexController.class.php 第 45 行.
SQL: SELECT a.ID,a.Name,a.Logurl,a.Intro,a.AppNumbs,c.Name as Jkdays,a.DayfeeRate,b.Name as eduname FROM xb_items a left join xb_items_moneytype b on a.MoneytypeID=b.ID left join xb_items_jktimes c on a.JktimesID=c.ID  WHERE a.Itype = '1' AND a.IsHot = '1' AND a.IsDel = '0' AND a.Status = '1' AND a.Showtype IN ('1','3') AND a.Isshow = '1' ORDER BY a.Sort asc,a.ID desc LIMIT 20   [ RunTime:0.0004s ]
INFO: [ view_parse ] --START--
INFO: [ template_filter ] --START--
INFO: Run Behavior\ContentReplaceBehavior [ RunTime:0.000064s ]
INFO: [ template_filter ] --END-- [ RunTime:0.000092s ]
NOTIC: [8] Undefined variable: SEOTitle /www/wwwroot/xbm.mashangbang.top/Application/Runtime/Cache/Home/2a94b8bda04ff446dcedd42276fc99ee.php 第 11 行.
INFO: Run Behavior\ParseTemplateBehavior [ RunTime:0.007115s ]
INFO: [ view_parse ] --END-- [ RunTime:0.007140s ]
INFO: [ view_filter ] --START--
INFO: Run Behavior\WriteHtmlCacheBehavior [ RunTime:0.000173s ]
INFO: [ view_filter ] --END-- [ RunTime:0.000194s ]
INFO: [ app_end ] --START--
INFO: Run Behavior\ShowPageTraceBehavior [ RunTime:0.000338s ]
INFO: [ app_end ] --END-- [ RunTime:0.000366s ]

[ 2019-07-15T07:44:49+08:00 ] 80.82.77.33 /sitemap.xml
INFO: [ app_init ] --START--
INFO: Run Behavior\BuildLiteBehavior [ RunTime:0.000010s ]
INFO: [ app_init ] --END-- [ RunTime:0.000232s ]
INFO: [ app_begin ] --START--
INFO: Run Behavior\ReadHtmlCacheBehavior [ RunTime:0.000356s ]
INFO: [ app_begin ] --END-- [ RunTime:0.000390s ]
ERR: 无法加载控制器:Sitemap.xml

[ 2019-07-15T07:44:51+08:00 ] 80.82.77.33 /favicon.ico
INFO: [ app_init ] --START--
INFO: Run Behavior\BuildLiteBehavior [ RunTime:0.000021s ]
INFO: [ app_init ] --END-- [ RunTime:0.000241s ]

[ 2019-07-15T08:29:30+08:00 ] 41.72.216.14 /
INFO: [ app_init ] --START--
INFO: Run Behavior\BuildLiteBehavior [ RunTime:0.000010s ]
INFO: [ app_init ] --END-- [ RunTime:0.000240s ]
INFO: [ app_begin ] --START--
INFO: Run Behavior\ReadHtmlCacheBehavior [ RunTime:0.000335s ]
INFO: [ app_begin ] --END-- [ RunTime:0.000369s ]
NOTIC: [8] Use of undefined constant HTTP_X_FORWARDED_FOR - assumed 'HTTP_X_FORWARDED_FOR' /www/wwwroot/xbm.mashangbang.top/Application/Common/Common/function.php 第 1396 行.
NOTIC: [8] Use of undefined constant HTTP_CLIENT_IP - assumed 'HTTP_CLIENT_IP' /www/wwwroot/xbm.mashangbang.top/Application/Common/Common/function.php 第 1398 行.
NOTIC: [8] Use of undefined constant REMOTE_ADDR - assumed 'REMOTE_ADDR' /www/wwwroot/xbm.mashangbang.top/Application/Common/Common/function.php 第 1401 行.
SQL: SHOW COLUMNS FROM `xb_sys_ipaddress` [ RunTime:0.0005s ]
SQL: SELECT * FROM `xb_sys_ipaddress` WHERE `IpAddress` = '41.72.216.14' LIMIT 1   [ RunTime:0.0003s ]
NOTIC: [8] Undefined index: data /www/wwwroot/xbm.mashangbang.top/Application/Common/Common/function.php 第 1423 行.
NOTIC: [8] Undefined index: data /www/wwwroot/xbm.mashangbang.top/Application/Common/Common/function.php 第 1424 行.
SQL: SHOW COLUMNS FROM `xb_sys_adcontent` [ RunTime:0.0005s ]
SQL: SELECT * FROM `xb_sys_adcontent` WHERE `AdvertisingID` = 1 AND `Status` = 1 ORDER BY Sort ASC,ID DESC LIMIT 3   [ RunTime:0.0001s ]
SQL: SHOW COLUMNS FROM `xb_sys_contentmanagement` [ RunTime:0.0004s ]
SQL: SELECT `ID`,`Title` FROM `xb_sys_contentmanagement` WHERE `CategoriesID` = 2 ORDER BY Sort asc,ID desc LIMIT 3   [ RunTime:0.0001s ]
SQL: SHOW COLUMNS FROM `xb_items_category` [ RunTime:0.0004s ]
SQL: SELECT `ID`,`Name`,`Imageurl` FROM `xb_items_category` WHERE `ParentID` = 0 AND `IsDel` = 0 AND `IsRec` = 1 AND `Status` = 1 ORDER BY Sort asc,ID desc LIMIT 8   [ RunTime:0.0001s ]
NOTIC: [8] Undefined variable: areid /www/wwwroot/xbm.mashangbang.top/Application/Home/Controller/IndexController.class.php 第 32 行.
SQL: SHOW COLUMNS FROM `xb_items` [ RunTime:0.0006s ]
SQL: SELECT `ID`,`Name`,`Logurl`,`AppNumbs` FROM `xb_items` WHERE `Itype` = '1' AND `IsRec` = '1' AND `IsDel` = '0' AND `Status` = '1' AND `Showtype` IN ('1','3') AND `Isshow` = '1' ORDER BY Sort asc,ID desc LIMIT 4   [ RunTime:0.0001s ]
NOTIC: [8] Undefined variable: areid /www/wwwroot/xbm.mashangbang.top/Application/Home/Controller/IndexController.class.php 第 45 行.
SQL: SELECT a.ID,a.Name,a.Logurl,a.Intro,a.AppNumbs,c.Name as Jkdays,a.DayfeeRate,b.Name as eduname FROM xb_items a left join xb_items_moneytype b on a.MoneytypeID=b.ID left join xb_items_jktimes c on a.JktimesID=c.ID  WHERE a.Itype = '1' AND a.IsHot = '1' AND a.IsDel = '0' AND a.Status = '1' AND a.Showtype IN ('1','3') AND a.Isshow = '1' ORDER BY a.Sort asc,a.ID desc LIMIT 20   [ RunTime:0.0004s ]
INFO: [ view_parse ] --START--
INFO: [ template_filter ] --START--
INFO: Run Behavior\ContentReplaceBehavior [ RunTime:0.000064s ]
INFO: [ template_filter ] --END-- [ RunTime:0.000092s ]
NOTIC: [8] Undefined variable: SEOTitle /www/wwwroot/xbm.mashangbang.top/Application/Runtime/Cache/Home/2a94b8bda04ff446dcedd42276fc99ee.php 第 11 行.
INFO: Run Behavior\ParseTemplateBehavior [ RunTime:0.006924s ]
INFO: [ view_parse ] --END-- [ RunTime:0.006951s ]
INFO: [ view_filter ] --START--
INFO: Run Behavior\WriteHtmlCacheBehavior [ RunTime:0.000152s ]
INFO: [ view_filter ] --END-- [ RunTime:0.000173s ]
INFO: [ app_end ] --START--
INFO: Run Behavior\ShowPageTraceBehavior [ RunTime:0.000345s ]
INFO: [ app_end ] --END-- [ RunTime:0.000371s ]

[ 2019-07-15T09:24:56+08:00 ] 154.0.161.156 /
INFO: [ app_init ] --START--
INFO: Run Behavior\BuildLiteBehavior [ RunTime:0.000010s ]
INFO: [ app_init ] --END-- [ RunTime:0.000246s ]
INFO: [ app_begin ] --START--
INFO: Run Behavior\ReadHtmlCacheBehavior [ RunTime:0.000307s ]
INFO: [ app_begin ] --END-- [ RunTime:0.000340s ]
NOTIC: [8] Use of undefined constant HTTP_X_FORWARDED_FOR - assumed 'HTTP_X_FORWARDED_FOR' /www/wwwroot/xbm.mashangbang.top/Application/Common/Common/function.php 第 1396 行.
NOTIC: [8] Use of undefined constant HTTP_CLIENT_IP - assumed 'HTTP_CLIENT_IP' /www/wwwroot/xbm.mashangbang.top/Application/Common/Common/function.php 第 1398 行.
NOTIC: [8] Use of undefined constant REMOTE_ADDR - assumed 'REMOTE_ADDR' /www/wwwroot/xbm.mashangbang.top/Application/Common/Common/function.php 第 1401 行.
SQL: SHOW COLUMNS FROM `xb_sys_ipaddress` [ RunTime:0.0005s ]
SQL: SELECT * FROM `xb_sys_ipaddress` WHERE `IpAddress` = '154.0.161.156' LIMIT 1   [ RunTime:0.0003s ]
NOTIC: [8] Undefined index: data /www/wwwroot/xbm.mashangbang.top/Application/Common/Common/function.php 第 1423 行.
NOTIC: [8] Undefined index: data /www/wwwroot/xbm.mashangbang.top/Application/Common/Common/function.php 第 1424 行.
SQL: SHOW COLUMNS FROM `xb_sys_adcontent` [ RunTime:0.0005s ]
SQL: SELECT * FROM `xb_sys_adcontent` WHERE `AdvertisingID` = 1 AND `Status` = 1 ORDER BY Sort ASC,ID DESC LIMIT 3   [ RunTime:0.0001s ]
SQL: SHOW COLUMNS FROM `xb_sys_contentmanagement` [ RunTime:0.0004s ]
SQL: SELECT `ID`,`Title` FROM `xb_sys_contentmanagement` WHERE `CategoriesID` = 2 ORDER BY Sort asc,ID desc LIMIT 3   [ RunTime:0.0001s ]
SQL: SHOW COLUMNS FROM `xb_items_category` [ RunTime:0.0003s ]
SQL: SELECT `ID`,`Name`,`Imageurl` FROM `xb_items_category` WHERE `ParentID` = 0 AND `IsDel` = 0 AND `IsRec` = 1 AND `Status` = 1 ORDER BY Sort asc,ID desc LIMIT 8   [ RunTime:0.0001s ]
NOTIC: [8] Undefined variable: areid /www/wwwroot/xbm.mashangbang.top/Application/Home/Controller/IndexController.class.php 第 32 行.
SQL: SHOW COLUMNS FROM `xb_items` [ RunTime:0.0006s ]
SQL: SELECT `ID`,`Name`,`Logurl`,`AppNumbs` FROM `xb_items` WHERE `Itype` = '1' AND `IsRec` = '1' AND `IsDel` = '0' AND `Status` = '1' AND `Showtype` IN ('1','3') AND `Isshow` = '1' ORDER BY Sort asc,ID desc LIMIT 4   [ RunTime:0.0001s ]
NOTIC: [8] Undefined variable: areid /www/wwwroot/xbm.mashangbang.top/Application/Home/Controller/IndexController.class.php 第 45 行.
SQL: SELECT a.ID,a.Name,a.Logurl,a.Intro,a.AppNumbs,c.Name as Jkdays,a.DayfeeRate,b.Name as eduname FROM xb_items a left join xb_items_moneytype b on a.MoneytypeID=b.ID left join xb_items_jktimes c on a.JktimesID=c.ID  WHERE a.Itype = '1' AND a.IsHot = '1' AND a.IsDel = '0' AND a.Status = '1' AND a.Showtype IN ('1','3') AND a.Isshow = '1' ORDER BY a.Sort asc,a.ID desc LIMIT 20   [ RunTime:0.0004s ]
INFO: [ view_parse ] --START--
INFO: [ template_filter ] --START--
INFO: Run Behavior\ContentReplaceBehavior [ RunTime:0.000065s ]
INFO: [ template_filter ] --END-- [ RunTime:0.000091s ]
NOTIC: [8] Undefined variable: SEOTitle /www/wwwroot/xbm.mashangbang.top/Application/Runtime/Cache/Home/2a94b8bda04ff446dcedd42276fc99ee.php 第 11 行.
INFO: Run Behavior\ParseTemplateBehavior [ RunTime:0.006845s ]
INFO: [ view_parse ] --END-- [ RunTime:0.006871s ]
INFO: [ view_filter ] --START--
INFO: Run Behavior\WriteHtmlCacheBehavior [ RunTime:0.000151s ]
INFO: [ view_filter ] --END-- [ RunTime:0.000172s ]
INFO: [ app_end ] --START--
INFO: Run Behavior\ShowPageTraceBehavior [ RunTime:0.000346s ]
INFO: [ app_end ] --END-- [ RunTime:0.000385s ]

[ 2019-07-15T09:27:00+08:00 ] 208.100.26.229 /nmaplowercheck1563154019
INFO: [ app_init ] --START--
INFO: Run Behavior\BuildLiteBehavior [ RunTime:0.000010s ]
INFO: [ app_init ] --END-- [ RunTime:0.000233s ]
INFO: [ app_begin ] --START--
INFO: Run Behavior\ReadHtmlCacheBehavior [ RunTime:0.000334s ]
INFO: [ app_begin ] --END-- [ RunTime:0.000366s ]
ERR: 无法加载控制器:Nmaplowercheck1563154019

[ 2019-07-15T09:27:00+08:00 ] 208.100.26.229 /evox/about
INFO: [ app_init ] --START--
INFO: Run Behavior\BuildLiteBehavior [ RunTime:0.000010s ]
INFO: [ app_init ] --END-- [ RunTime:0.000258s ]
INFO: [ app_begin ] --START--
INFO: Run Behavior\ReadHtmlCacheBehavior [ RunTime:0.000303s ]
INFO: [ app_begin ] --END-- [ RunTime:0.000332s ]
ERR: 无法加载控制器:Evox

[ 2019-07-15T09:27:01+08:00 ] 208.100.26.229 /HNAP1
INFO: [ app_init ] --START--
INFO: Run Behavior\BuildLiteBehavior [ RunTime:0.000010s ]
INFO: [ app_init ] --END-- [ RunTime:0.000245s ]
INFO: [ app_begin ] --START--
INFO: Run Behavior\ReadHtmlCacheBehavior [ RunTime:0.000322s ]
INFO: [ app_begin ] --END-- [ RunTime:0.000353s ]
ERR: 无法加载控制器:HNAP1

[ 2019-07-15T09:27:01+08:00 ] 208.100.26.229 /sdk
INFO: [ app_init ] --START--
INFO: Run Behavior\BuildLiteBehavior [ RunTime:0.000011s ]
INFO: [ app_init ] --END-- [ RunTime:0.000233s ]
INFO: [ app_begin ] --START--
INFO: Run Behavior\ReadHtmlCacheBehavior [ RunTime:0.000319s ]
INFO: [ app_begin ] --END-- [ RunTime:0.000352s ]
ERR: 无法加载控制器:Sdk

[ 2019-07-15T09:27:02+08:00 ] 208.100.26.229 /
INFO: [ app_init ] --START--
INFO: Run Behavior\BuildLiteBehavior [ RunTime:0.000010s ]
INFO: [ app_init ] --END-- [ RunTime:0.000265s ]
INFO: [ app_begin ] --START--
INFO: Run Behavior\ReadHtmlCacheBehavior [ RunTime:0.000335s ]
INFO: [ app_begin ] --END-- [ RunTime:0.000382s ]
NOTIC: [8] Use of undefined constant HTTP_X_FORWARDED_FOR - assumed 'HTTP_X_FORWARDED_FOR' /www/wwwroot/xbm.mashangbang.top/Application/Common/Common/function.php 第 1396 行.
NOTIC: [8] Use of undefined constant HTTP_CLIENT_IP - assumed 'HTTP_CLIENT_IP' /www/wwwroot/xbm.mashangbang.top/Application/Common/Common/function.php 第 1398 行.
NOTIC: [8] Use of undefined constant REMOTE_ADDR - assumed 'REMOTE_ADDR' /www/wwwroot/xbm.mashangbang.top/Application/Common/Common/function.php 第 1401 行.
SQL: SHOW COLUMNS FROM `xb_sys_ipaddress` [ RunTime:0.0005s ]
SQL: SELECT * FROM `xb_sys_ipaddress` WHERE `IpAddress` = '208.100.26.229' LIMIT 1   [ RunTime:0.0003s ]
NOTIC: [8] Undefined index: data /www/wwwroot/xbm.mashangbang.top/Application/Common/Common/function.php 第 1423 行.
NOTIC: [8] Undefined index: data /www/wwwroot/xbm.mashangbang.top/Application/Common/Common/function.php 第 1424 行.
SQL: SHOW COLUMNS FROM `xb_sys_adcontent` [ RunTime:0.0005s ]
SQL: SELECT * FROM `xb_sys_adcontent` WHERE `AdvertisingID` = 1 AND `Status` = 1 ORDER BY Sort ASC,ID DESC LIMIT 3   [ RunTime:0.0001s ]
SQL: SHOW COLUMNS FROM `xb_sys_contentmanagement` [ RunTime:0.0004s ]
SQL: SELECT `ID`,`Title` FROM `xb_sys_contentmanagement` WHERE `CategoriesID` = 2 ORDER BY Sort asc,ID desc LIMIT 3   [ RunTime:0.0001s ]
SQL: SHOW COLUMNS FROM `xb_items_category` [ RunTime:0.0004s ]
SQL: SELECT `ID`,`Name`,`Imageurl` FROM `xb_items_category` WHERE `ParentID` = 0 AND `IsDel` = 0 AND `IsRec` = 1 AND `Status` = 1 ORDER BY Sort asc,ID desc LIMIT 8   [ RunTime:0.0001s ]
NOTIC: [8] Undefined variable: areid /www/wwwroot/xbm.mashangbang.top/Application/Home/Controller/IndexController.class.php 第 32 行.
SQL: SHOW COLUMNS FROM `xb_items` [ RunTime:0.0007s ]
SQL: SELECT `ID`,`Name`,`Logurl`,`AppNumbs` FROM `xb_items` WHERE `Itype` = '1' AND `IsRec` = '1' AND `IsDel` = '0' AND `Status` = '1' AND `Showtype` IN ('1','3') AND `Isshow` = '1' ORDER BY Sort asc,ID desc LIMIT 4   [ RunTime:0.0001s ]
NOTIC: [8] Undefined variable: areid /www/wwwroot/xbm.mashangbang.top/Application/Home/Controller/IndexController.class.php 第 45 行.
SQL: SELECT a.ID,a.Name,a.Logurl,a.Intro,a.AppNumbs,c.Name as Jkdays,a.DayfeeRate,b.Name as eduname FROM xb_items a left join xb_items_moneytype b on a.MoneytypeID=b.ID left join xb_items_jktimes c on a.JktimesID=c.ID  WHERE a.Itype = '1' AND a.IsHot = '1' AND a.IsDel = '0' AND a.Status = '1' AND a.Showtype IN ('1','3') AND a.Isshow = '1' ORDER BY a.Sort asc,a.ID desc LIMIT 20   [ RunTime:0.0004s ]
INFO: [ view_parse ] --START--
INFO: [ template_filter ] --START--
INFO: Run Behavior\ContentReplaceBehavior [ RunTime:0.000068s ]
INFO: [ template_filter ] --END-- [ RunTime:0.000097s ]
NOTIC: [8] Undefined variable: SEOTitle /www/wwwroot/xbm.mashangbang.top/Application/Runtime/Cache/Home/2a94b8bda04ff446dcedd42276fc99ee.php 第 11 行.
INFO: Run Behavior\ParseTemplateBehavior [ RunTime:0.007550s ]
INFO: [ view_parse ] --END-- [ RunTime:0.007578s ]
INFO: [ view_filter ] --START--
INFO: Run Behavior\WriteHtmlCacheBehavior [ RunTime:0.000157s ]
INFO: [ view_filter ] --END-- [ RunTime:0.000177s ]
INFO: 
INFO: 
INFO: 

[ 2019-07-15T09:27:02+08:00 ] 208.100.26.229 /
INFO: [ app_init ] --START--
INFO: Run Behavior\BuildLiteBehavior [ RunTime:0.000009s ]
INFO: [ app_init ] --END-- [ RunTime:0.000220s ]
INFO: [ app_begin ] --START--
INFO: Run Behavior\ReadHtmlCacheBehavior [ RunTime:0.000329s ]
INFO: [ app_begin ] --END-- [ RunTime:0.000362s ]
NOTIC: [8] Use of undefined constant HTTP_X_FORWARDED_FOR - assumed 'HTTP_X_FORWARDED_FOR' /www/wwwroot/xbm.mashangbang.top/Application/Common/Common/function.php 第 1396 行.
NOTIC: [8] Use of undefined constant HTTP_CLIENT_IP - assumed 'HTTP_CLIENT_IP' /www/wwwroot/xbm.mashangbang.top/Application/Common/Common/function.php 第 1398 行.
NOTIC: [8] Use of undefined constant REMOTE_ADDR - assumed 'REMOTE_ADDR' /www/wwwroot/xbm.mashangbang.top/Application/Common/Common/function.php 第 1401 行.
SQL: SHOW COLUMNS FROM `xb_sys_ipaddress` [ RunTime:0.0004s ]
SQL: SELECT * FROM `xb_sys_ipaddress` WHERE `IpAddress` = '208.100.26.229' LIMIT 1   [ RunTime:0.0001s ]
NOTIC: [8] Undefined index: data /www/wwwroot/xbm.mashangbang.top/Application/Common/Common/function.php 第 1423 行.
NOTIC: [8] Undefined index: data /www/wwwroot/xbm.mashangbang.top/Application/Common/Common/function.php 第 1424 行.
SQL: SHOW COLUMNS FROM `xb_sys_adcontent` [ RunTime:0.0004s ]
SQL: SELECT * FROM `xb_sys_adcontent` WHERE `AdvertisingID` = 1 AND `Status` = 1 ORDER BY Sort ASC,ID DESC LIMIT 3   [ RunTime:0.0001s ]
SQL: SHOW COLUMNS FROM `xb_sys_contentmanagement` [ RunTime:0.0004s ]
SQL: SELECT `ID`,`Title` FROM `xb_sys_contentmanagement` WHERE `CategoriesID` = 2 ORDER BY Sort asc,ID desc LIMIT 3   [ RunTime:0.0001s ]
SQL: SHOW COLUMNS FROM `xb_items_category` [ RunTime:0.0003s ]
SQL: SELECT `ID`,`Name`,`Imageurl` FROM `xb_items_category` WHERE `ParentID` = 0 AND `IsDel` = 0 AND `IsRec` = 1 AND `Status` = 1 ORDER BY Sort asc,ID desc LIMIT 8   [ RunTime:0.0001s ]
NOTIC: [8] Undefined variable: areid /www/wwwroot/xbm.mashangbang.top/Application/Home/Controller/IndexController.class.php 第 32 行.
SQL: SHOW COLUMNS FROM `xb_items` [ RunTime:0.0006s ]
SQL: SELECT `ID`,`Name`,`Logurl`,`AppNumbs` FROM `xb_items` WHERE `Itype` = '1' AND `IsRec` = '1' AND `IsDel` = '0' AND `Status` = '1' AND `Showtype` IN ('1','3') AND `Isshow` = '1' ORDER BY Sort asc,ID desc LIMIT 4   [ RunTime:0.0001s ]
NOTIC: [8] Undefined variable: areid /www/wwwroot/xbm.mashangbang.top/Application/Home/Controller/IndexController.class.php 第 45 行.
SQL: SELECT a.ID,a.Name,a.Logurl,a.Intro,a.AppNumbs,c.Name as Jkdays,a.DayfeeRate,b.Name as eduname FROM xb_items a left join xb_items_moneytype b on a.MoneytypeID=b.ID left join xb_items_jktimes c on a.JktimesID=c.ID  WHERE a.Itype = '1' AND a.IsHot = '1' AND a.IsDel = '0' AND a.Status = '1' AND a.Showtype IN ('1','3') AND a.Isshow = '1' ORDER BY a.Sort asc,a.ID desc LIMIT 20   [ RunTime:0.0004s ]
INFO: [ view_parse ] --START--
INFO: [ template_filter ] --START--
INFO: Run Behavior\ContentReplaceBehavior [ RunTime:0.000065s ]
INFO: [ template_filter ] --END-- [ RunTime:0.000092s ]
NOTIC: [8] Undefined variable: SEOTitle /www/wwwroot/xbm.mashangbang.top/Application/Runtime/Cache/Home/2a94b8bda04ff446dcedd42276fc99ee.php 第 11 行.
INFO: Run Behavior\ParseTemplateBehavior [ RunTime:0.006864s ]
INFO: [ view_parse ] --END-- [ RunTime:0.006894s ]
INFO: [ view_filter ] --START--
INFO: Run Behavior\WriteHtmlCacheBehavior [ RunTime:0.000160s ]
INFO: [ view_filter ] --END-- [ RunTime:0.000182s ]
INFO: [ app_end ] --START--
INFO: Run Behavior\ShowPageTraceBehavior [ RunTime:0.000333s ]
INFO: [ app_end ] --END-- [ RunTime:0.000361s ]

[ 2019-07-15T09:38:39+08:00 ] 58.132.205.66 /favicon.ico
INFO: [ app_init ] --START--
INFO: Run Behavior\BuildLiteBehavior [ RunTime:0.000009s ]
INFO: [ app_init ] --END-- [ RunTime:0.000222s ]

[ 2019-07-15T09:38:41+08:00 ] 58.132.205.66 /favicon.ico
INFO: [ app_init ] --START--
INFO: Run Behavior\BuildLiteBehavior [ RunTime:0.000011s ]
INFO: [ app_init ] --END-- [ RunTime:0.000252s ]

[ 2019-07-15T13:27:54+08:00 ] 91.109.199.196 /
INFO: [ app_init ] --START--
INFO: Run Behavior\BuildLiteBehavior [ RunTime:0.000010s ]
INFO: [ app_init ] --END-- [ RunTime:0.000235s ]
INFO: [ app_begin ] --START--
INFO: Run Behavior\ReadHtmlCacheBehavior [ RunTime:0.000316s ]
INFO: [ app_begin ] --END-- [ RunTime:0.000348s ]
NOTIC: [8] Use of undefined constant HTTP_X_FORWARDED_FOR - assumed 'HTTP_X_FORWARDED_FOR' /www/wwwroot/xbm.mashangbang.top/Application/Common/Common/function.php 第 1396 行.
NOTIC: [8] Use of undefined constant HTTP_CLIENT_IP - assumed 'HTTP_CLIENT_IP' /www/wwwroot/xbm.mashangbang.top/Application/Common/Common/function.php 第 1398 行.
NOTIC: [8] Use of undefined constant REMOTE_ADDR - assumed 'REMOTE_ADDR' /www/wwwroot/xbm.mashangbang.top/Application/Common/Common/function.php 第 1401 行.
SQL: SHOW COLUMNS FROM `xb_sys_ipaddress` [ RunTime:0.0006s ]
SQL: SELECT * FROM `xb_sys_ipaddress` WHERE `IpAddress` = '91.109.199.196' LIMIT 1   [ RunTime:0.0003s ]
NOTIC: [8] Undefined index: data /www/wwwroot/xbm.mashangbang.top/Application/Common/Common/function.php 第 1423 行.
NOTIC: [8] Undefined index: data /www/wwwroot/xbm.mashangbang.top/Application/Common/Common/function.php 第 1424 行.
SQL: SHOW COLUMNS FROM `xb_sys_adcontent` [ RunTime:0.0005s ]
SQL: SELECT * FROM `xb_sys_adcontent` WHERE `AdvertisingID` = 1 AND `Status` = 1 ORDER BY Sort ASC,ID DESC LIMIT 3   [ RunTime:0.0001s ]
SQL: SHOW COLUMNS FROM `xb_sys_contentmanagement` [ RunTime:0.0004s ]
SQL: SELECT `ID`,`Title` FROM `xb_sys_contentmanagement` WHERE `CategoriesID` = 2 ORDER BY Sort asc,ID desc LIMIT 3   [ RunTime:0.0001s ]
SQL: SHOW COLUMNS FROM `xb_items_category` [ RunTime:0.0003s ]
SQL: SELECT `ID`,`Name`,`Imageurl` FROM `xb_items_category` WHERE `ParentID` = 0 AND `IsDel` = 0 AND `IsRec` = 1 AND `Status` = 1 ORDER BY Sort asc,ID desc LIMIT 8   [ RunTime:0.0001s ]
NOTIC: [8] Undefined variable: areid /www/wwwroot/xbm.mashangbang.top/Application/Home/Controller/IndexController.class.php 第 32 行.
SQL: SHOW COLUMNS FROM `xb_items` [ RunTime:0.0006s ]
SQL: SELECT `ID`,`Name`,`Logurl`,`AppNumbs` FROM `xb_items` WHERE `Itype` = '1' AND `IsRec` = '1' AND `IsDel` = '0' AND `Status` = '1' AND `Showtype` IN ('1','3') AND `Isshow` = '1' ORDER BY Sort asc,ID desc LIMIT 4   [ RunTime:0.0001s ]
NOTIC: [8] Undefined variable: areid /www/wwwroot/xbm.mashangbang.top/Application/Home/Controller/IndexController.class.php 第 45 行.
SQL: SELECT a.ID,a.Name,a.Logurl,a.Intro,a.AppNumbs,c.Name as Jkdays,a.DayfeeRate,b.Name as eduname FROM xb_items a left join xb_items_moneytype b on a.MoneytypeID=b.ID left join xb_items_jktimes c on a.JktimesID=c.ID  WHERE a.Itype = '1' AND a.IsHot = '1' AND a.IsDel = '0' AND a.Status = '1' AND a.Showtype IN ('1','3') AND a.Isshow = '1' ORDER BY a.Sort asc,a.ID desc LIMIT 20   [ RunTime:0.0004s ]
INFO: [ view_parse ] --START--
INFO: [ template_filter ] --START--
INFO: Run Behavior\ContentReplaceBehavior [ RunTime:0.000065s ]
INFO: [ template_filter ] --END-- [ RunTime:0.000092s ]
NOTIC: [8] Undefined variable: SEOTitle /www/wwwroot/xbm.mashangbang.top/Application/Runtime/Cache/Home/2a94b8bda04ff446dcedd42276fc99ee.php 第 11 行.
INFO: Run Behavior\ParseTemplateBehavior [ RunTime:0.006937s ]
INFO: [ view_parse ] --END-- [ RunTime:0.006962s ]
INFO: [ view_filter ] --START--
INFO: Run Behavior\WriteHtmlCacheBehavior [ RunTime:0.000160s ]
INFO: [ view_filter ] --END-- [ RunTime:0.000181s ]
INFO: [ app_end ] --START--
INFO: Run Behavior\ShowPageTraceBehavior [ RunTime:0.000337s ]
INFO: [ app_end ] --END-- [ RunTime:0.000363s ]

[ 2019-07-15T14:14:11+08:00 ] 103.233.10.203 /sdk
INFO: [ app_init ] --START--
INFO: Run Behavior\BuildLiteBehavior [ RunTime:0.000012s ]
INFO: [ app_init ] --END-- [ RunTime:0.000313s ]
INFO: [ app_begin ] --START--
INFO: Run Behavior\ReadHtmlCacheBehavior [ RunTime:0.000450s ]
INFO: [ app_begin ] --END-- [ RunTime:0.000495s ]
ERR: 无法加载控制器:Sdk

[ 2019-07-15T14:14:11+08:00 ] 103.233.10.203 /nmaplowercheck1563171252
INFO: [ app_init ] --START--
INFO: Run Behavior\BuildLiteBehavior [ RunTime:0.000011s ]
INFO: [ app_init ] --END-- [ RunTime:0.000316s ]
INFO: [ app_begin ] --START--
INFO: Run Behavior\ReadHtmlCacheBehavior [ RunTime:0.000462s ]
INFO: [ app_begin ] --END-- [ RunTime:0.000505s ]
ERR: 无法加载控制器:Nmaplowercheck1563171252

[ 2019-07-15T14:14:11+08:00 ] 103.233.10.203 /HNAP1
INFO: [ app_init ] --START--
INFO: Run Behavior\BuildLiteBehavior [ RunTime:0.000010s ]
INFO: [ app_init ] --END-- [ RunTime:0.000255s ]
INFO: [ app_begin ] --START--
INFO: Run Behavior\ReadHtmlCacheBehavior [ RunTime:0.000332s ]
INFO: [ app_begin ] --END-- [ RunTime:0.000363s ]
ERR: 无法加载控制器:HNAP1

[ 2019-07-15T14:14:12+08:00 ] 103.233.10.203 /
INFO: [ app_init ] --START--
INFO: Run Behavior\BuildLiteBehavior [ RunTime:0.000009s ]
INFO: [ app_init ] --END-- [ RunTime:0.000241s ]
INFO: [ app_begin ] --START--
INFO: Run Behavior\ReadHtmlCacheBehavior [ RunTime:0.000326s ]
INFO: [ app_begin ] --END-- [ RunTime:0.000360s ]
NOTIC: [8] Use of undefined constant HTTP_X_FORWARDED_FOR - assumed 'HTTP_X_FORWARDED_FOR' /www/wwwroot/xbm.mashangbang.top/Application/Common/Common/function.php 第 1396 行.
NOTIC: [8] Use of undefined constant HTTP_CLIENT_IP - assumed 'HTTP_CLIENT_IP' /www/wwwroot/xbm.mashangbang.top/Application/Common/Common/function.php 第 1398 行.
NOTIC: [8] Use of undefined constant REMOTE_ADDR - assumed 'REMOTE_ADDR' /www/wwwroot/xbm.mashangbang.top/Application/Common/Common/function.php 第 1401 行.
SQL: SHOW COLUMNS FROM `xb_sys_ipaddress` [ RunTime:0.0005s ]
SQL: SELECT * FROM `xb_sys_ipaddress` WHERE `IpAddress` = '103.233.10.203' LIMIT 1   [ RunTime:0.0003s ]
NOTIC: [8] Undefined index: data /www/wwwroot/xbm.mashangbang.top/Application/Common/Common/function.php 第 1423 行.
NOTIC: [8] Undefined index: data /www/wwwroot/xbm.mashangbang.top/Application/Common/Common/function.php 第 1424 行.
SQL: SHOW COLUMNS FROM `xb_sys_adcontent` [ RunTime:0.0005s ]
SQL: SELECT * FROM `xb_sys_adcontent` WHERE `AdvertisingID` = 1 AND `Status` = 1 ORDER BY Sort ASC,ID DESC LIMIT 3   [ RunTime:0.0001s ]
SQL: SHOW COLUMNS FROM `xb_sys_contentmanagement` [ RunTime:0.0004s ]
SQL: SELECT `ID`,`Title` FROM `xb_sys_contentmanagement` WHERE `CategoriesID` = 2 ORDER BY Sort asc,ID desc LIMIT 3   [ RunTime:0.0001s ]
SQL: SHOW COLUMNS FROM `xb_items_category` [ RunTime:0.0003s ]
SQL: SELECT `ID`,`Name`,`Imageurl` FROM `xb_items_category` WHERE `ParentID` = 0 AND `IsDel` = 0 AND `IsRec` = 1 AND `Status` = 1 ORDER BY Sort asc,ID desc LIMIT 8   [ RunTime:0.0001s ]
NOTIC: [8] Undefined variable: areid /www/wwwroot/xbm.mashangbang.top/Application/Home/Controller/IndexController.class.php 第 32 行.
SQL: SHOW COLUMNS FROM `xb_items` [ RunTime:0.0007s ]
SQL: SELECT `ID`,`Name`,`Logurl`,`AppNumbs` FROM `xb_items` WHERE `Itype` = '1' AND `IsRec` = '1' AND `IsDel` = '0' AND `Status` = '1' AND `Showtype` IN ('1','3') AND `Isshow` = '1' ORDER BY Sort asc,ID desc LIMIT 4   [ RunTime:0.0001s ]
NOTIC: [8] Undefined variable: areid /www/wwwroot/xbm.mashangbang.top/Application/Home/Controller/IndexController.class.php 第 45 行.
SQL: SELECT a.ID,a.Name,a.Logurl,a.Intro,a.AppNumbs,c.Name as Jkdays,a.DayfeeRate,b.Name as eduname FROM xb_items a left join xb_items_moneytype b on a.MoneytypeID=b.ID left join xb_items_jktimes c on a.JktimesID=c.ID  WHERE a.Itype = '1' AND a.IsHot = '1' AND a.IsDel = '0' AND a.Status = '1' AND a.Showtype IN ('1','3') AND a.Isshow = '1' ORDER BY a.Sort asc,a.ID desc LIMIT 20   [ RunTime:0.0004s ]
INFO: [ view_parse ] --START--
INFO: [ template_filter ] --START--
INFO: Run Behavior\ContentReplaceBehavior [ RunTime:0.000064s ]
INFO: [ template_filter ] --END-- [ RunTime:0.000091s ]
NOTIC: [8] Undefined variable: SEOTitle /www/wwwroot/xbm.mashangbang.top/Application/Runtime/Cache/Home/2a94b8bda04ff446dcedd42276fc99ee.php 第 11 行.
INFO: Run Behavior\ParseTemplateBehavior [ RunTime:0.007147s ]
INFO: [ view_parse ] --END-- [ RunTime:0.007174s ]
INFO: [ view_filter ] --START--
INFO: Run Behavior\WriteHtmlCacheBehavior [ RunTime:0.000175s ]
INFO: [ view_filter ] --END-- [ RunTime:0.000196s ]
INFO: [ app_end ] --START--
INFO: Run Behavior\ShowPageTraceBehavior [ RunTime:0.000364s ]
INFO: [ app_end ] --END-- [ RunTime:0.000392s ]

[ 2019-07-15T14:34:30+08:00 ] 42.51.196.23 /
INFO: [ app_init ] --START--
INFO: Run Behavior\BuildLiteBehavior [ RunTime:0.000011s ]
INFO: [ app_init ] --END-- [ RunTime:0.000263s ]
INFO: [ app_begin ] --START--
INFO: Run Behavior\ReadHtmlCacheBehavior [ RunTime:0.000318s ]
INFO: [ app_begin ] --END-- [ RunTime:0.000350s ]
NOTIC: [8] Use of undefined constant HTTP_X_FORWARDED_FOR - assumed 'HTTP_X_FORWARDED_FOR' /www/wwwroot/xbm.mashangbang.top/Application/Common/Common/function.php 第 1396 行.
NOTIC: [8] Use of undefined constant HTTP_CLIENT_IP - assumed 'HTTP_CLIENT_IP' /www/wwwroot/xbm.mashangbang.top/Application/Common/Common/function.php 第 1398 行.
NOTIC: [8] Use of undefined constant REMOTE_ADDR - assumed 'REMOTE_ADDR' /www/wwwroot/xbm.mashangbang.top/Application/Common/Common/function.php 第 1401 行.
SQL: SHOW COLUMNS FROM `xb_sys_ipaddress` [ RunTime:0.0005s ]
SQL: SELECT * FROM `xb_sys_ipaddress` WHERE `IpAddress` = '42.51.196.23' LIMIT 1   [ RunTime:0.0003s ]
NOTIC: [8] Undefined index: data /www/wwwroot/xbm.mashangbang.top/Application/Common/Common/function.php 第 1423 行.
NOTIC: [8] Undefined index: data /www/wwwroot/xbm.mashangbang.top/Application/Common/Common/function.php 第 1424 行.
SQL: SHOW COLUMNS FROM `xb_sys_adcontent` [ RunTime:0.0005s ]
SQL: SELECT * FROM `xb_sys_adcontent` WHERE `AdvertisingID` = 1 AND `Status` = 1 ORDER BY Sort ASC,ID DESC LIMIT 3   [ RunTime:0.0001s ]
SQL: SHOW COLUMNS FROM `xb_sys_contentmanagement` [ RunTime:0.0004s ]
SQL: SELECT `ID`,`Title` FROM `xb_sys_contentmanagement` WHERE `CategoriesID` = 2 ORDER BY Sort asc,ID desc LIMIT 3   [ RunTime:0.0001s ]
SQL: SHOW COLUMNS FROM `xb_items_category` [ RunTime:0.0003s ]
SQL: SELECT `ID`,`Name`,`Imageurl` FROM `xb_items_category` WHERE `ParentID` = 0 AND `IsDel` = 0 AND `IsRec` = 1 AND `Status` = 1 ORDER BY Sort asc,ID desc LIMIT 8   [ RunTime:0.0001s ]
NOTIC: [8] Undefined variable: areid /www/wwwroot/xbm.mashangbang.top/Application/Home/Controller/IndexController.class.php 第 32 行.
SQL: SHOW COLUMNS FROM `xb_items` [ RunTime:0.0006s ]
SQL: SELECT `ID`,`Name`,`Logurl`,`AppNumbs` FROM `xb_items` WHERE `Itype` = '1' AND `IsRec` = '1' AND `IsDel` = '0' AND `Status` = '1' AND `Showtype` IN ('1','3') AND `Isshow` = '1' ORDER BY Sort asc,ID desc LIMIT 4   [ RunTime:0.0001s ]
NOTIC: [8] Undefined variable: areid /www/wwwroot/xbm.mashangbang.top/Application/Home/Controller/IndexController.class.php 第 45 行.
SQL: SELECT a.ID,a.Name,a.Logurl,a.Intro,a.AppNumbs,c.Name as Jkdays,a.DayfeeRate,b.Name as eduname FROM xb_items a left join xb_items_moneytype b on a.MoneytypeID=b.ID left join xb_items_jktimes c on a.JktimesID=c.ID  WHERE a.Itype = '1' AND a.IsHot = '1' AND a.IsDel = '0' AND a.Status = '1' AND a.Showtype IN ('1','3') AND a.Isshow = '1' ORDER BY a.Sort asc,a.ID desc LIMIT 20   [ RunTime:0.0004s ]
INFO: [ view_parse ] --START--
INFO: [ template_filter ] --START--
INFO: Run Behavior\ContentReplaceBehavior [ RunTime:0.000065s ]
INFO: [ template_filter ] --END-- [ RunTime:0.000093s ]
NOTIC: [8] Undefined variable: SEOTitle /www/wwwroot/xbm.mashangbang.top/Application/Runtime/Cache/Home/2a94b8bda04ff446dcedd42276fc99ee.php 第 11 行.
INFO: Run Behavior\ParseTemplateBehavior [ RunTime:0.006885s ]
INFO: [ view_parse ] --END-- [ RunTime:0.006924s ]
INFO: [ view_filter ] --START--
INFO: Run Behavior\WriteHtmlCacheBehavior [ RunTime:0.000154s ]
INFO: [ view_filter ] --END-- [ RunTime:0.000179s ]
INFO: [ app_end ] --START--
INFO: Run Behavior\ShowPageTraceBehavior [ RunTime:0.000335s ]
INFO: [ app_end ] --END-- [ RunTime:0.000362s ]

[ 2019-07-15T15:04:45+08:00 ] 49.223.33.201 /favicon.ico
INFO: [ app_init ] --START--
INFO: Run Behavior\BuildLiteBehavior [ RunTime:0.000010s ]
INFO: [ app_init ] --END-- [ RunTime:0.000224s ]

[ 2019-07-15T15:10:17+08:00 ] 109.248.58.238 /
INFO: [ app_init ] --START--
INFO: Run Behavior\BuildLiteBehavior [ RunTime:0.000010s ]
INFO: [ app_init ] --END-- [ RunTime:0.000241s ]
INFO: [ app_begin ] --START--
INFO: Run Behavior\ReadHtmlCacheBehavior [ RunTime:0.000317s ]
INFO: [ app_begin ] --END-- [ RunTime:0.000348s ]
NOTIC: [8] Use of undefined constant HTTP_X_FORWARDED_FOR - assumed 'HTTP_X_FORWARDED_FOR' /www/wwwroot/xbm.mashangbang.top/Application/Common/Common/function.php 第 1396 行.
NOTIC: [8] Use of undefined constant HTTP_CLIENT_IP - assumed 'HTTP_CLIENT_IP' /www/wwwroot/xbm.mashangbang.top/Application/Common/Common/function.php 第 1398 行.
NOTIC: [8] Use of undefined constant REMOTE_ADDR - assumed 'REMOTE_ADDR' /www/wwwroot/xbm.mashangbang.top/Application/Common/Common/function.php 第 1401 行.
SQL: SHOW COLUMNS FROM `xb_sys_ipaddress` [ RunTime:0.0005s ]
SQL: SELECT * FROM `xb_sys_ipaddress` WHERE `IpAddress` = '109.248.58.238' LIMIT 1   [ RunTime:0.0003s ]
NOTIC: [8] Undefined index: data /www/wwwroot/xbm.mashangbang.top/Application/Common/Common/function.php 第 1423 行.
NOTIC: [8] Undefined index: data /www/wwwroot/xbm.mashangbang.top/Application/Common/Common/function.php 第 1424 行.
SQL: SHOW COLUMNS FROM `xb_sys_adcontent` [ RunTime:0.0005s ]
SQL: SELECT * FROM `xb_sys_adcontent` WHERE `AdvertisingID` = 1 AND `Status` = 1 ORDER BY Sort ASC,ID DESC LIMIT 3   [ RunTime:0.0001s ]
SQL: SHOW COLUMNS FROM `xb_sys_contentmanagement` [ RunTime:0.0004s ]
SQL: SELECT `ID`,`Title` FROM `xb_sys_contentmanagement` WHERE `CategoriesID` = 2 ORDER BY Sort asc,ID desc LIMIT 3   [ RunTime:0.0001s ]
SQL: SHOW COLUMNS FROM `xb_items_category` [ RunTime:0.0004s ]
SQL: SELECT `ID`,`Name`,`Imageurl` FROM `xb_items_category` WHERE `ParentID` = 0 AND `IsDel` = 0 AND `IsRec` = 1 AND `Status` = 1 ORDER BY Sort asc,ID desc LIMIT 8   [ RunTime:0.0001s ]
NOTIC: [8] Undefined variable: areid /www/wwwroot/xbm.mashangbang.top/Application/Home/Controller/IndexController.class.php 第 32 行.
SQL: SHOW COLUMNS FROM `xb_items` [ RunTime:0.0006s ]
SQL: SELECT `ID`,`Name`,`Logurl`,`AppNumbs` FROM `xb_items` WHERE `Itype` = '1' AND `IsRec` = '1' AND `IsDel` = '0' AND `Status` = '1' AND `Showtype` IN ('1','3') AND `Isshow` = '1' ORDER BY Sort asc,ID desc LIMIT 4   [ RunTime:0.0001s ]
NOTIC: [8] Undefined variable: areid /www/wwwroot/xbm.mashangbang.top/Application/Home/Controller/IndexController.class.php 第 45 行.
SQL: SELECT a.ID,a.Name,a.Logurl,a.Intro,a.AppNumbs,c.Name as Jkdays,a.DayfeeRate,b.Name as eduname FROM xb_items a left join xb_items_moneytype b on a.MoneytypeID=b.ID left join xb_items_jktimes c on a.JktimesID=c.ID  WHERE a.Itype = '1' AND a.IsHot = '1' AND a.IsDel = '0' AND a.Status = '1' AND a.Showtype IN ('1','3') AND a.Isshow = '1' ORDER BY a.Sort asc,a.ID desc LIMIT 20   [ RunTime:0.0004s ]
INFO: [ view_parse ] --START--
INFO: [ template_filter ] --START--
INFO: Run Behavior\ContentReplaceBehavior [ RunTime:0.000066s ]
INFO: [ template_filter ] --END-- [ RunTime:0.000093s ]
NOTIC: [8] Undefined variable: SEOTitle /www/wwwroot/xbm.mashangbang.top/Application/Runtime/Cache/Home/2a94b8bda04ff446dcedd42276fc99ee.php 第 11 行.
INFO: Run Behavior\ParseTemplateBehavior [ RunTime:0.006896s ]
INFO: [ view_parse ] --END-- [ RunTime:0.006922s ]
INFO: [ view_filter ] --START--
INFO: Run Behavior\WriteHtmlCacheBehavior [ RunTime:0.000178s ]
INFO: [ view_filter ] --END-- [ RunTime:0.000201s ]
INFO: [ app_end ] --START--
INFO: Run Behavior\ShowPageTraceBehavior [ RunTime:0.000363s ]
INFO: [ app_end ] --END-- [ RunTime:0.000392s ]

[ 2019-07-15T16:36:38+08:00 ] 90.5.75.201 /
INFO: [ app_init ] --START--
INFO: Run Behavior\BuildLiteBehavior [ RunTime:0.000010s ]
INFO: [ app_init ] --END-- [ RunTime:0.000241s ]
INFO: [ app_begin ] --START--
INFO: Run Behavior\ReadHtmlCacheBehavior [ RunTime:0.000322s ]
INFO: [ app_begin ] --END-- [ RunTime:0.000356s ]
NOTIC: [8] Use of undefined constant HTTP_X_FORWARDED_FOR - assumed 'HTTP_X_FORWARDED_FOR' /www/wwwroot/xbm.mashangbang.top/Application/Common/Common/function.php 第 1396 行.
NOTIC: [8] Use of undefined constant HTTP_CLIENT_IP - assumed 'HTTP_CLIENT_IP' /www/wwwroot/xbm.mashangbang.top/Application/Common/Common/function.php 第 1398 行.
NOTIC: [8] Use of undefined constant REMOTE_ADDR - assumed 'REMOTE_ADDR' /www/wwwroot/xbm.mashangbang.top/Application/Common/Common/function.php 第 1401 行.
SQL: SHOW COLUMNS FROM `xb_sys_ipaddress` [ RunTime:0.0005s ]
SQL: SELECT * FROM `xb_sys_ipaddress` WHERE `IpAddress` = '90.5.75.201' LIMIT 1   [ RunTime:0.0003s ]
NOTIC: [8] Undefined index: data /www/wwwroot/xbm.mashangbang.top/Application/Common/Common/function.php 第 1423 行.
NOTIC: [8] Undefined index: data /www/wwwroot/xbm.mashangbang.top/Application/Common/Common/function.php 第 1424 行.
SQL: SHOW COLUMNS FROM `xb_sys_adcontent` [ RunTime:0.0005s ]
SQL: SELECT * FROM `xb_sys_adcontent` WHERE `AdvertisingID` = 1 AND `Status` = 1 ORDER BY Sort ASC,ID DESC LIMIT 3   [ RunTime:0.0001s ]
SQL: SHOW COLUMNS FROM `xb_sys_contentmanagement` [ RunTime:0.0004s ]
SQL: SELECT `ID`,`Title` FROM `xb_sys_contentmanagement` WHERE `CategoriesID` = 2 ORDER BY Sort asc,ID desc LIMIT 3   [ RunTime:0.0001s ]
SQL: SHOW COLUMNS FROM `xb_items_category` [ RunTime:0.0003s ]
SQL: SELECT `ID`,`Name`,`Imageurl` FROM `xb_items_category` WHERE `ParentID` = 0 AND `IsDel` = 0 AND `IsRec` = 1 AND `Status` = 1 ORDER BY Sort asc,ID desc LIMIT 8   [ RunTime:0.0001s ]
NOTIC: [8] Undefined variable: areid /www/wwwroot/xbm.mashangbang.top/Application/Home/Controller/IndexController.class.php 第 32 行.
SQL: SHOW COLUMNS FROM `xb_items` [ RunTime:0.0006s ]
SQL: SELECT `ID`,`Name`,`Logurl`,`AppNumbs` FROM `xb_items` WHERE `Itype` = '1' AND `IsRec` = '1' AND `IsDel` = '0' AND `Status` = '1' AND `Showtype` IN ('1','3') AND `Isshow` = '1' ORDER BY Sort asc,ID desc LIMIT 4   [ RunTime:0.0001s ]
NOTIC: [8] Undefined variable: areid /www/wwwroot/xbm.mashangbang.top/Application/Home/Controller/IndexController.class.php 第 45 行.
SQL: SELECT a.ID,a.Name,a.Logurl,a.Intro,a.AppNumbs,c.Name as Jkdays,a.DayfeeRate,b.Name as eduname FROM xb_items a left join xb_items_moneytype b on a.MoneytypeID=b.ID left join xb_items_jktimes c on a.JktimesID=c.ID  WHERE a.Itype = '1' AND a.IsHot = '1' AND a.IsDel = '0' AND a.Status = '1' AND a.Showtype IN ('1','3') AND a.Isshow = '1' ORDER BY a.Sort asc,a.ID desc LIMIT 20   [ RunTime:0.0004s ]
INFO: [ view_parse ] --START--
INFO: [ template_filter ] --START--
INFO: Run Behavior\ContentReplaceBehavior [ RunTime:0.000065s ]
INFO: [ template_filter ] --END-- [ RunTime:0.000092s ]
NOTIC: [8] Undefined variable: SEOTitle /www/wwwroot/xbm.mashangbang.top/Application/Runtime/Cache/Home/2a94b8bda04ff446dcedd42276fc99ee.php 第 11 行.
INFO: Run Behavior\ParseTemplateBehavior [ RunTime:0.006846s ]
INFO: [ view_parse ] --END-- [ RunTime:0.006871s ]
INFO: [ view_filter ] --START--
INFO: Run Behavior\WriteHtmlCacheBehavior [ RunTime:0.000155s ]
INFO: [ view_filter ] --END-- [ RunTime:0.000180s ]
INFO: [ app_end ] --START--
INFO: Run Behavior\ShowPageTraceBehavior [ RunTime:0.000342s ]
INFO: [ app_end ] --END-- [ RunTime:0.000370s ]

[ 2019-07-15T16:41:50+08:00 ] 60.209.178.218 /favicon.ico
INFO: [ app_init ] --START--
INFO: Run Behavior\BuildLiteBehavior [ RunTime:0.000010s ]
INFO: [ app_init ] --END-- [ RunTime:0.000251s ]

[ 2019-07-15T19:00:45+08:00 ] 52.53.165.61 /
INFO: [ app_init ] --START--
INFO: Run Behavior\BuildLiteBehavior [ RunTime:0.000009s ]
INFO: [ app_init ] --END-- [ RunTime:0.000247s ]
INFO: [ app_begin ] --START--
INFO: Run Behavior\ReadHtmlCacheBehavior [ RunTime:0.000323s ]
INFO: [ app_begin ] --END-- [ RunTime:0.000357s ]
NOTIC: [8] Use of undefined constant HTTP_X_FORWARDED_FOR - assumed 'HTTP_X_FORWARDED_FOR' /www/wwwroot/xbm.mashangbang.top/Application/Common/Common/function.php 第 1396 行.
NOTIC: [8] Use of undefined constant HTTP_CLIENT_IP - assumed 'HTTP_CLIENT_IP' /www/wwwroot/xbm.mashangbang.top/Application/Common/Common/function.php 第 1398 行.
NOTIC: [8] Use of undefined constant REMOTE_ADDR - assumed 'REMOTE_ADDR' /www/wwwroot/xbm.mashangbang.top/Application/Common/Common/function.php 第 1401 行.
SQL: SHOW COLUMNS FROM `xb_sys_ipaddress` [ RunTime:0.0005s ]
SQL: SELECT * FROM `xb_sys_ipaddress` WHERE `IpAddress` = '52.53.165.61' LIMIT 1   [ RunTime:0.0003s ]
NOTIC: [8] Undefined index: data /www/wwwroot/xbm.mashangbang.top/Application/Common/Common/function.php 第 1423 行.
NOTIC: [8] Undefined index: data /www/wwwroot/xbm.mashangbang.top/Application/Common/Common/function.php 第 1424 行.
SQL: SHOW COLUMNS FROM `xb_sys_adcontent` [ RunTime:0.0004s ]
SQL: SELECT * FROM `xb_sys_adcontent` WHERE `AdvertisingID` = 1 AND `Status` = 1 ORDER BY Sort ASC,ID DESC LIMIT 3   [ RunTime:0.0001s ]
SQL: SHOW COLUMNS FROM `xb_sys_contentmanagement` [ RunTime:0.0004s ]
SQL: SELECT `ID`,`Title` FROM `xb_sys_contentmanagement` WHERE `CategoriesID` = 2 ORDER BY Sort asc,ID desc LIMIT 3   [ RunTime:0.0001s ]
SQL: SHOW COLUMNS FROM `xb_items_category` [ RunTime:0.0003s ]
SQL: SELECT `ID`,`Name`,`Imageurl` FROM `xb_items_category` WHERE `ParentID` = 0 AND `IsDel` = 0 AND `IsRec` = 1 AND `Status` = 1 ORDER BY Sort asc,ID desc LIMIT 8   [ RunTime:0.0001s ]
NOTIC: [8] Undefined variable: areid /www/wwwroot/xbm.mashangbang.top/Application/Home/Controller/IndexController.class.php 第 32 行.
SQL: SHOW COLUMNS FROM `xb_items` [ RunTime:0.0006s ]
SQL: SELECT `ID`,`Name`,`Logurl`,`AppNumbs` FROM `xb_items` WHERE `Itype` = '1' AND `IsRec` = '1' AND `IsDel` = '0' AND `Status` = '1' AND `Showtype` IN ('1','3') AND `Isshow` = '1' ORDER BY Sort asc,ID desc LIMIT 4   [ RunTime:0.0001s ]
NOTIC: [8] Undefined variable: areid /www/wwwroot/xbm.mashangbang.top/Application/Home/Controller/IndexController.class.php 第 45 行.
SQL: SELECT a.ID,a.Name,a.Logurl,a.Intro,a.AppNumbs,c.Name as Jkdays,a.DayfeeRate,b.Name as eduname FROM xb_items a left join xb_items_moneytype b on a.MoneytypeID=b.ID left join xb_items_jktimes c on a.JktimesID=c.ID  WHERE a.Itype = '1' AND a.IsHot = '1' AND a.IsDel = '0' AND a.Status = '1' AND a.Showtype IN ('1','3') AND a.Isshow = '1' ORDER BY a.Sort asc,a.ID desc LIMIT 20   [ RunTime:0.0004s ]
INFO: [ view_parse ] --START--
INFO: [ template_filter ] --START--
INFO: Run Behavior\ContentReplaceBehavior [ RunTime:0.000063s ]
INFO: [ template_filter ] --END-- [ RunTime:0.000090s ]
NOTIC: [8] Undefined variable: SEOTitle /www/wwwroot/xbm.mashangbang.top/Application/Runtime/Cache/Home/2a94b8bda04ff446dcedd42276fc99ee.php 第 11 行.
INFO: Run Behavior\ParseTemplateBehavior [ RunTime:0.006857s ]
INFO: [ view_parse ] --END-- [ RunTime:0.006882s ]
INFO: [ view_filter ] --START--
INFO: Run Behavior\WriteHtmlCacheBehavior [ RunTime:0.000146s ]
INFO: [ view_filter ] --END-- [ RunTime:0.000165s ]
INFO: [ app_end ] --START--
INFO: Run Behavior\ShowPageTraceBehavior [ RunTime:0.000347s ]
INFO: [ app_end ] --END-- [ RunTime:0.000375s ]

[ 2019-07-15T19:28:13+08:00 ] 138.97.147.5 /
INFO: [ app_init ] --START--
INFO: Run Behavior\BuildLiteBehavior [ RunTime:0.000011s ]
INFO: [ app_init ] --END-- [ RunTime:0.000234s ]
INFO: [ app_begin ] --START--
INFO: Run Behavior\ReadHtmlCacheBehavior [ RunTime:0.000316s ]
INFO: [ app_begin ] --END-- [ RunTime:0.000348s ]
NOTIC: [8] Use of undefined constant HTTP_X_FORWARDED_FOR - assumed 'HTTP_X_FORWARDED_FOR' /www/wwwroot/xbm.mashangbang.top/Application/Common/Common/function.php 第 1396 行.
NOTIC: [8] Use of undefined constant HTTP_CLIENT_IP - assumed 'HTTP_CLIENT_IP' /www/wwwroot/xbm.mashangbang.top/Application/Common/Common/function.php 第 1398 行.
NOTIC: [8] Use of undefined constant REMOTE_ADDR - assumed 'REMOTE_ADDR' /www/wwwroot/xbm.mashangbang.top/Application/Common/Common/function.php 第 1401 行.
SQL: SHOW COLUMNS FROM `xb_sys_ipaddress` [ RunTime:0.0005s ]
SQL: SELECT * FROM `xb_sys_ipaddress` WHERE `IpAddress` = '138.97.147.5' LIMIT 1   [ RunTime:0.0003s ]
NOTIC: [8] Undefined index: data /www/wwwroot/xbm.mashangbang.top/Application/Common/Common/function.php 第 1423 行.
NOTIC: [8] Undefined index: data /www/wwwroot/xbm.mashangbang.top/Application/Common/Common/function.php 第 1424 行.
SQL: SHOW COLUMNS FROM `xb_sys_adcontent` [ RunTime:0.0005s ]
SQL: SELECT * FROM `xb_sys_adcontent` WHERE `AdvertisingID` = 1 AND `Status` = 1 ORDER BY Sort ASC,ID DESC LIMIT 3   [ RunTime:0.0001s ]
SQL: SHOW COLUMNS FROM `xb_sys_contentmanagement` [ RunTime:0.0004s ]
SQL: SELECT `ID`,`Title` FROM `xb_sys_contentmanagement` WHERE `CategoriesID` = 2 ORDER BY Sort asc,ID desc LIMIT 3   [ RunTime:0.0001s ]
SQL: SHOW COLUMNS FROM `xb_items_category` [ RunTime:0.0003s ]
SQL: SELECT `ID`,`Name`,`Imageurl` FROM `xb_items_category` WHERE `ParentID` = 0 AND `IsDel` = 0 AND `IsRec` = 1 AND `Status` = 1 ORDER BY Sort asc,ID desc LIMIT 8   [ RunTime:0.0001s ]
NOTIC: [8] Undefined variable: areid /www/wwwroot/xbm.mashangbang.top/Application/Home/Controller/IndexController.class.php 第 32 行.
SQL: SHOW COLUMNS FROM `xb_items` [ RunTime:0.0006s ]
SQL: SELECT `ID`,`Name`,`Logurl`,`AppNumbs` FROM `xb_items` WHERE `Itype` = '1' AND `IsRec` = '1' AND `IsDel` = '0' AND `Status` = '1' AND `Showtype` IN ('1','3') AND `Isshow` = '1' ORDER BY Sort asc,ID desc LIMIT 4   [ RunTime:0.0001s ]
NOTIC: [8] Undefined variable: areid /www/wwwroot/xbm.mashangbang.top/Application/Home/Controller/IndexController.class.php 第 45 行.
SQL: SELECT a.ID,a.Name,a.Logurl,a.Intro,a.AppNumbs,c.Name as Jkdays,a.DayfeeRate,b.Name as eduname FROM xb_items a left join xb_items_moneytype b on a.MoneytypeID=b.ID left join xb_items_jktimes c on a.JktimesID=c.ID  WHERE a.Itype = '1' AND a.IsHot = '1' AND a.IsDel = '0' AND a.Status = '1' AND a.Showtype IN ('1','3') AND a.Isshow = '1' ORDER BY a.Sort asc,a.ID desc LIMIT 20   [ RunTime:0.0004s ]
INFO: [ view_parse ] --START--
INFO: [ template_filter ] --START--
INFO: Run Behavior\ContentReplaceBehavior [ RunTime:0.000065s ]
INFO: [ template_filter ] --END-- [ RunTime:0.000091s ]
NOTIC: [8] Undefined variable: SEOTitle /www/wwwroot/xbm.mashangbang.top/Application/Runtime/Cache/Home/2a94b8bda04ff446dcedd42276fc99ee.php 第 11 行.
INFO: Run Behavior\ParseTemplateBehavior [ RunTime:0.006908s ]
INFO: [ view_parse ] --END-- [ RunTime:0.006933s ]
INFO: [ view_filter ] --START--
INFO: Run Behavior\WriteHtmlCacheBehavior [ RunTime:0.000180s ]
INFO: [ view_filter ] --END-- [ RunTime:0.000205s ]
INFO: [ app_end ] --START--
INFO: Run Behavior\ShowPageTraceBehavior [ RunTime:0.000350s ]
INFO: [ app_end ] --END-- [ RunTime:0.000377s ]

[ 2019-07-15T19:59:39+08:00 ] 36.104.51.121 /fsj_patch/android/check.xml?t=26053199
INFO: [ app_init ] --START--
INFO: Run Behavior\BuildLiteBehavior [ RunTime:0.000009s ]
INFO: [ app_init ] --END-- [ RunTime:0.000236s ]
INFO: [ app_begin ] --START--
INFO: Run Behavior\ReadHtmlCacheBehavior [ RunTime:0.000328s ]
INFO: [ app_begin ] --END-- [ RunTime:0.000359s ]
ERR: 无法加载控制器:FsjPatch

[ 2019-07-15T19:59:40+08:00 ] 36.104.51.121 /fsj_patch/android/check.xml?t=26053199
INFO: [ app_init ] --START--
INFO: Run Behavior\BuildLiteBehavior [ RunTime:0.000010s ]
INFO: [ app_init ] --END-- [ RunTime:0.000233s ]
INFO: [ app_begin ] --START--
INFO: Run Behavior\ReadHtmlCacheBehavior [ RunTime:0.000331s ]
INFO: [ app_begin ] --END-- [ RunTime:0.000362s ]
ERR: 无法加载控制器:FsjPatch

[ 2019-07-15T19:59:42+08:00 ] 36.104.51.121 /fsj_patch/android/check.xml?t=26053199
INFO: [ app_init ] --START--
INFO: Run Behavior\BuildLiteBehavior [ RunTime:0.000010s ]
INFO: [ app_init ] --END-- [ RunTime:0.000236s ]
INFO: [ app_begin ] --START--
INFO: Run Behavior\ReadHtmlCacheBehavior [ RunTime:0.000325s ]
INFO: [ app_begin ] --END-- [ RunTime:0.000357s ]
ERR: 无法加载控制器:FsjPatch

[ 2019-07-15T19:59:42+08:00 ] 36.104.51.121 /fsj_patch/android/check.xml?t=26053199
INFO: [ app_init ] --START--
INFO: Run Behavior\BuildLiteBehavior [ RunTime:0.000010s ]
INFO: [ app_init ] --END-- [ RunTime:0.000244s ]
INFO: [ app_begin ] --START--
INFO: Run Behavior\ReadHtmlCacheBehavior [ RunTime:0.000325s ]
INFO: [ app_begin ] --END-- [ RunTime:0.000356s ]
ERR: 无法加载控制器:FsjPatch

[ 2019-07-15T19:59:43+08:00 ] 36.104.51.121 /fsj_patch/android/check.xml?t=26053199
INFO: [ app_init ] --START--
INFO: Run Behavior\BuildLiteBehavior [ RunTime:0.000010s ]
INFO: [ app_init ] --END-- [ RunTime:0.000234s ]
INFO: [ app_begin ] --START--
INFO: Run Behavior\ReadHtmlCacheBehavior [ RunTime:0.000326s ]
INFO: [ app_begin ] --END-- [ RunTime:0.000358s ]
ERR: 无法加载控制器:FsjPatch

[ 2019-07-15T19:59:44+08:00 ] 36.104.51.121 /fsj_patch/android/check.xml?t=26053199
INFO: [ app_init ] --START--
INFO: Run Behavior\BuildLiteBehavior [ RunTime:0.000011s ]
INFO: [ app_init ] --END-- [ RunTime:0.000245s ]
INFO: [ app_begin ] --START--
INFO: Run Behavior\ReadHtmlCacheBehavior [ RunTime:0.000334s ]
INFO: [ app_begin ] --END-- [ RunTime:0.000366s ]
ERR: 无法加载控制器:FsjPatch

[ 2019-07-15T20:41:50+08:00 ] 185.121.131.89 /
INFO: [ app_init ] --START--
INFO: Run Behavior\BuildLiteBehavior [ RunTime:0.000009s ]
INFO: [ app_init ] --END-- [ RunTime:0.000231s ]
INFO: [ app_begin ] --START--
INFO: Run Behavior\ReadHtmlCacheBehavior [ RunTime:0.000318s ]
INFO: [ app_begin ] --END-- [ RunTime:0.000349s ]
NOTIC: [8] Use of undefined constant HTTP_X_FORWARDED_FOR - assumed 'HTTP_X_FORWARDED_FOR' /www/wwwroot/xbm.mashangbang.top/Application/Common/Common/function.php 第 1396 行.
NOTIC: [8] Use of undefined constant HTTP_CLIENT_IP - assumed 'HTTP_CLIENT_IP' /www/wwwroot/xbm.mashangbang.top/Application/Common/Common/function.php 第 1398 行.
NOTIC: [8] Use of undefined constant REMOTE_ADDR - assumed 'REMOTE_ADDR' /www/wwwroot/xbm.mashangbang.top/Application/Common/Common/function.php 第 1401 行.
SQL: SHOW COLUMNS FROM `xb_sys_ipaddress` [ RunTime:0.0005s ]
SQL: SELECT * FROM `xb_sys_ipaddress` WHERE `IpAddress` = '185.121.131.89' LIMIT 1   [ RunTime:0.0003s ]
NOTIC: [8] Undefined index: data /www/wwwroot/xbm.mashangbang.top/Application/Common/Common/function.php 第 1423 行.
NOTIC: [8] Undefined index: data /www/wwwroot/xbm.mashangbang.top/Application/Common/Common/function.php 第 1424 行.
SQL: SHOW COLUMNS FROM `xb_sys_adcontent` [ RunTime:0.0005s ]
SQL: SELECT * FROM `xb_sys_adcontent` WHERE `AdvertisingID` = 1 AND `Status` = 1 ORDER BY Sort ASC,ID DESC LIMIT 3   [ RunTime:0.0001s ]
SQL: SHOW COLUMNS FROM `xb_sys_contentmanagement` [ RunTime:0.0004s ]
SQL: SELECT `ID`,`Title` FROM `xb_sys_contentmanagement` WHERE `CategoriesID` = 2 ORDER BY Sort asc,ID desc LIMIT 3   [ RunTime:0.0001s ]
SQL: SHOW COLUMNS FROM `xb_items_category` [ RunTime:0.0004s ]
SQL: SELECT `ID`,`Name`,`Imageurl` FROM `xb_items_category` WHERE `ParentID` = 0 AND `IsDel` = 0 AND `IsRec` = 1 AND `Status` = 1 ORDER BY Sort asc,ID desc LIMIT 8   [ RunTime:0.0001s ]
NOTIC: [8] Undefined variable: areid /www/wwwroot/xbm.mashangbang.top/Application/Home/Controller/IndexController.class.php 第 32 行.
SQL: SHOW COLUMNS FROM `xb_items` [ RunTime:0.0006s ]
SQL: SELECT `ID`,`Name`,`Logurl`,`AppNumbs` FROM `xb_items` WHERE `Itype` = '1' AND `IsRec` = '1' AND `IsDel` = '0' AND `Status` = '1' AND `Showtype` IN ('1','3') AND `Isshow` = '1' ORDER BY Sort asc,ID desc LIMIT 4   [ RunTime:0.0001s ]
NOTIC: [8] Undefined variable: areid /www/wwwroot/xbm.mashangbang.top/Application/Home/Controller/IndexController.class.php 第 45 行.
SQL: SELECT a.ID,a.Name,a.Logurl,a.Intro,a.AppNumbs,c.Name as Jkdays,a.DayfeeRate,b.Name as eduname FROM xb_items a left join xb_items_moneytype b on a.MoneytypeID=b.ID left join xb_items_jktimes c on a.JktimesID=c.ID  WHERE a.Itype = '1' AND a.IsHot = '1' AND a.IsDel = '0' AND a.Status = '1' AND a.Showtype IN ('1','3') AND a.Isshow = '1' ORDER BY a.Sort asc,a.ID desc LIMIT 20   [ RunTime:0.0004s ]
INFO: [ view_parse ] --START--
INFO: [ template_filter ] --START--
INFO: Run Behavior\ContentReplaceBehavior [ RunTime:0.000067s ]
INFO: [ template_filter ] --END-- [ RunTime:0.000096s ]
NOTIC: [8] Undefined variable: SEOTitle /www/wwwroot/xbm.mashangbang.top/Application/Runtime/Cache/Home/2a94b8bda04ff446dcedd42276fc99ee.php 第 11 行.
INFO: Run Behavior\ParseTemplateBehavior [ RunTime:0.006914s ]
INFO: [ view_parse ] --END-- [ RunTime:0.006940s ]
INFO: [ view_filter ] --START--
INFO: Run Behavior\WriteHtmlCacheBehavior [ RunTime:0.000150s ]
INFO: [ view_filter ] --END-- [ RunTime:0.000172s ]
INFO: [ app_end ] --START--
INFO: Run Behavior\ShowPageTraceBehavior [ RunTime:0.000347s ]
INFO: [ app_end ] --END-- [ RunTime:0.000375s ]

[ 2019-07-15T21:08:35+08:00 ] 58.100.52.67 /fsj_patch/android/check.xml?t=26053268
INFO: [ app_init ] --START--
INFO: Run Behavior\BuildLiteBehavior [ RunTime:0.000011s ]
INFO: [ app_init ] --END-- [ RunTime:0.000252s ]
INFO: [ app_begin ] --START--
INFO: Run Behavior\ReadHtmlCacheBehavior [ RunTime:0.000318s ]
INFO: [ app_begin ] --END-- [ RunTime:0.000365s ]
ERR: 无法加载控制器:FsjPatch

[ 2019-07-15T21:08:37+08:00 ] 58.100.52.67 /fsj_patch/android/check.xml?t=26053268
INFO: [ app_init ] --START--
INFO: Run Behavior\BuildLiteBehavior [ RunTime:0.000009s ]
INFO: [ app_init ] --END-- [ RunTime:0.000225s ]
INFO: [ app_begin ] --START--
INFO: Run Behavior\ReadHtmlCacheBehavior [ RunTime:0.000325s ]
INFO: [ app_begin ] --END-- [ RunTime:0.000359s ]
ERR: 无法加载控制器:FsjPatch

[ 2019-07-15T21:08:38+08:00 ] 58.100.52.67 /fsj_patch/android/check.xml?t=26053268
INFO: [ app_init ] --START--
INFO: Run Behavior\BuildLiteBehavior [ RunTime:0.000010s ]
INFO: [ app_init ] --END-- [ RunTime:0.000237s ]
INFO: [ app_begin ] --START--
INFO: Run Behavior\ReadHtmlCacheBehavior [ RunTime:0.000316s ]
INFO: [ app_begin ] --END-- [ RunTime:0.000348s ]
ERR: 无法加载控制器:FsjPatch

[ 2019-07-15T21:08:39+08:00 ] 58.100.52.67 /fsj_patch/android/check.xml?t=26053268
INFO: [ app_init ] --START--
INFO: Run Behavior\BuildLiteBehavior [ RunTime:0.000009s ]
INFO: [ app_init ] --END-- [ RunTime:0.000222s ]
INFO: [ app_begin ] --START--
INFO: Run Behavior\ReadHtmlCacheBehavior [ RunTime:0.000317s ]
INFO: [ app_begin ] --END-- [ RunTime:0.000350s ]
ERR: 无法加载控制器:FsjPatch

[ 2019-07-15T21:08:40+08:00 ] 58.100.52.67 /fsj_patch/android/check.xml?t=26053268
INFO: [ app_init ] --START--
INFO: Run Behavior\BuildLiteBehavior [ RunTime:0.000009s ]
INFO: [ app_init ] --END-- [ RunTime:0.000234s ]
INFO: [ app_begin ] --START--
INFO: Run Behavior\ReadHtmlCacheBehavior [ RunTime:0.000313s ]
INFO: [ app_begin ] --END-- [ RunTime:0.000345s ]
ERR: 无法加载控制器:FsjPatch

[ 2019-07-15T23:02:39+08:00 ] 47.97.192.46 /user/step1.asp
INFO: [ app_init ] --START--
INFO: Run Behavior\BuildLiteBehavior [ RunTime:0.000010s ]
INFO: [ app_init ] --END-- [ RunTime:0.000235s ]
INFO: [ app_begin ] --START--
INFO: Run Behavior\ReadHtmlCacheBehavior [ RunTime:0.000314s ]
INFO: [ app_begin ] --END-- [ RunTime:0.000348s ]

[ 2019-07-15T23:02:39+08:00 ] 47.97.192.46 /Login/index?back=/user/step1.asp
INFO: [ app_init ] --START--
INFO: Run Behavior\BuildLiteBehavior [ RunTime:0.000008s ]
INFO: [ app_init ] --END-- [ RunTime:0.000231s ]
INFO: [ app_begin ] --START--
INFO: Run Behavior\ReadHtmlCacheBehavior [ RunTime:0.000298s ]
INFO: [ app_begin ] --END-- [ RunTime:0.000328s ]
SQL: SHOW COLUMNS FROM `xb_sys_simplepage` [ RunTime:0.0005s ]
SQL: SELECT * FROM `xb_sys_simplepage` WHERE `ID` = 5 LIMIT 1   [ RunTime:0.0001s ]
SQL: SELECT * FROM `xb_sys_simplepage` WHERE `ID` = 8 LIMIT 1   [ RunTime:0.0001s ]
SQL: SELECT * FROM `xb_sys_simplepage` WHERE `ID` = 9 LIMIT 1   [ RunTime:0.0001s ]
INFO: [ view_parse ] --START--
INFO: [ template_filter ] --START--
INFO: Run Behavior\ContentReplaceBehavior [ RunTime:0.000042s ]
INFO: [ template_filter ] --END-- [ RunTime:0.000068s ]
INFO: Run Behavior\ParseTemplateBehavior [ RunTime:0.004914s ]
INFO: [ view_parse ] --END-- [ RunTime:0.004941s ]
INFO: [ view_filter ] --START--
INFO: Run Behavior\WriteHtmlCacheBehavior [ RunTime:0.000169s ]
INFO: [ view_filter ] --END-- [ RunTime:0.000188s ]
INFO: [ app_end ] --START--
INFO: Run Behavior\ShowPageTraceBehavior [ RunTime:0.000342s ]
INFO: [ app_end ] --END-- [ RunTime:0.000368s ]

[ 2019-07-15T23:58:32+08:00 ] 47.92.122.11 /user/step1.asp
INFO: [ app_init ] --START--
INFO: Run Behavior\BuildLiteBehavior [ RunTime:0.000009s ]
INFO: [ app_init ] --END-- [ RunTime:0.000230s ]
INFO: [ app_begin ] --START--
INFO: Run Behavior\ReadHtmlCacheBehavior [ RunTime:0.000314s ]
INFO: [ app_begin ] --END-- [ RunTime:0.000347s ]

[ 2019-07-15T23:58:32+08:00 ] 47.92.122.11 /Login/index?back=/user/step1.asp
INFO: [ app_init ] --START--
INFO: Run Behavior\BuildLiteBehavior [ RunTime:0.000009s ]
INFO: [ app_init ] --END-- [ RunTime:0.000258s ]
INFO: [ app_begin ] --START--
INFO: Run Behavior\ReadHtmlCacheBehavior [ RunTime:0.000311s ]
INFO: [ app_begin ] --END-- [ RunTime:0.000342s ]
SQL: SHOW COLUMNS FROM `xb_sys_simplepage` [ RunTime:0.0005s ]
SQL: SELECT * FROM `xb_sys_simplepage` WHERE `ID` = 5 LIMIT 1   [ RunTime:0.0001s ]
SQL: SELECT * FROM `xb_sys_simplepage` WHERE `ID` = 8 LIMIT 1   [ RunTime:0.0001s ]
SQL: SELECT * FROM `xb_sys_simplepage` WHERE `ID` = 9 LIMIT 1   [ RunTime:0.0001s ]
INFO: [ view_parse ] --START--
INFO: [ template_filter ] --START--
INFO: Run Behavior\ContentReplaceBehavior [ RunTime:0.000043s ]
INFO: [ template_filter ] --END-- [ RunTime:0.000071s ]
INFO: Run Behavior\ParseTemplateBehavior [ RunTime:0.005054s ]
INFO: [ view_parse ] --END-- [ RunTime:0.005080s ]
INFO: [ view_filter ] --START--
INFO: Run Behavior\WriteHtmlCacheBehavior [ RunTime:0.000142s ]
INFO: [ view_filter ] --END-- [ RunTime:0.000162s ]
INFO: [ app_end ] --START--
INFO: Run Behavior\ShowPageTraceBehavior [ RunTime:0.000360s ]
INFO: [ app_end ] --END-- [ RunTime:0.000387s ]

