[ 2019-07-29T00:42:34+08:00 ] 124.160.213.102 /fsj_patch/android/check.xml?t=26072202
INFO: [ app_init ] --START--
INFO: Run Behavior\BuildLiteBehavior [ RunTime:0.000010s ]
INFO: [ app_init ] --END-- [ RunTime:0.000242s ]
INFO: [ app_begin ] --START--
INFO: Run Behavior\ReadHtmlCacheBehavior [ RunTime:0.000378s ]
INFO: [ app_begin ] --END-- [ RunTime:0.000414s ]
ERR: 无法加载控制器:FsjPatch

[ 2019-07-29T01:19:12+08:00 ] 178.94.35.54 /
INFO: [ app_init ] --START--
INFO: Run Behavior\BuildLiteBehavior [ RunTime:0.000010s ]
INFO: [ app_init ] --END-- [ RunTime:0.000233s ]
INFO: [ app_begin ] --START--
INFO: Run Behavior\ReadHtmlCacheBehavior [ RunTime:0.000316s ]
INFO: [ app_begin ] --END-- [ RunTime:0.000349s ]
NOTIC: [8] Use of undefined constant HTTP_X_FORWARDED_FOR - assumed 'HTTP_X_FORWARDED_FOR' /www/wwwroot/xbm.mashangbang.top/Application/Common/Common/function.php 第 1396 行.
NOTIC: [8] Use of undefined constant HTTP_CLIENT_IP - assumed 'HTTP_CLIENT_IP' /www/wwwroot/xbm.mashangbang.top/Application/Common/Common/function.php 第 1398 行.
NOTIC: [8] Use of undefined constant REMOTE_ADDR - assumed 'REMOTE_ADDR' /www/wwwroot/xbm.mashangbang.top/Application/Common/Common/function.php 第 1401 行.
SQL: SHOW COLUMNS FROM `xb_sys_ipaddress` [ RunTime:0.0005s ]
SQL: SELECT * FROM `xb_sys_ipaddress` WHERE `IpAddress` = '178.94.35.54' LIMIT 1   [ RunTime:0.0003s ]
NOTIC: [8] Undefined index: data /www/wwwroot/xbm.mashangbang.top/Application/Common/Common/function.php 第 1423 行.
NOTIC: [8] Undefined index: data /www/wwwroot/xbm.mashangbang.top/Application/Common/Common/function.php 第 1424 行.
SQL: SHOW COLUMNS FROM `xb_sys_adcontent` [ RunTime:0.0005s ]
SQL: SELECT * FROM `xb_sys_adcontent` WHERE `AdvertisingID` = 1 AND `Status` = 1 ORDER BY Sort ASC,ID DESC LIMIT 3   [ RunTime:0.0001s ]
SQL: SHOW COLUMNS FROM `xb_sys_contentmanagement` [ RunTime:0.0004s ]
SQL: SELECT `ID`,`Title` FROM `xb_sys_contentmanagement` WHERE `CategoriesID` = 2 ORDER BY Sort asc,ID desc LIMIT 3   [ RunTime:0.0001s ]
SQL: SHOW COLUMNS FROM `xb_items_category` [ RunTime:0.0003s ]
SQL: SELECT `ID`,`Name`,`Imageurl` FROM `xb_items_category` WHERE `ParentID` = 0 AND `IsDel` = 0 AND `IsRec` = 1 AND `Status` = 1 ORDER BY Sort asc,ID desc LIMIT 8   [ RunTime:0.0001s ]
NOTIC: [8] Undefined variable: areid /www/wwwroot/xbm.mashangbang.top/Application/Home/Controller/IndexController.class.php 第 32 行.
SQL: SHOW COLUMNS FROM `xb_items` [ RunTime:0.0006s ]
SQL: SELECT `ID`,`Name`,`Logurl`,`AppNumbs` FROM `xb_items` WHERE `Itype` = '1' AND `IsRec` = '1' AND `IsDel` = '0' AND `Status` = '1' AND `Showtype` IN ('1','3') AND `Isshow` = '1' ORDER BY Sort asc,ID desc LIMIT 4   [ RunTime:0.0001s ]
NOTIC: [8] Undefined variable: areid /www/wwwroot/xbm.mashangbang.top/Application/Home/Controller/IndexController.class.php 第 45 行.
SQL: SELECT a.ID,a.Name,a.Logurl,a.Intro,a.AppNumbs,c.Name as Jkdays,a.DayfeeRate,b.Name as eduname FROM xb_items a left join xb_items_moneytype b on a.MoneytypeID=b.ID left join xb_items_jktimes c on a.JktimesID=c.ID  WHERE a.Itype = '1' AND a.IsHot = '1' AND a.IsDel = '0' AND a.Status = '1' AND a.Showtype IN ('1','3') AND a.Isshow = '1' ORDER BY a.Sort asc,a.ID desc LIMIT 20   [ RunTime:0.0001s ]
INFO: [ view_parse ] --START--
INFO: [ template_filter ] --START--
INFO: Run Behavior\ContentReplaceBehavior [ RunTime:0.000066s ]
INFO: [ template_filter ] --END-- [ RunTime:0.000094s ]
NOTIC: [8] Undefined variable: SEOTitle /www/wwwroot/xbm.mashangbang.top/Application/Runtime/Cache/Home/2a94b8bda04ff446dcedd42276fc99ee.php 第 11 行.
INFO: Run Behavior\ParseTemplateBehavior [ RunTime:0.007147s ]
INFO: [ view_parse ] --END-- [ RunTime:0.007185s ]
INFO: [ view_filter ] --START--
INFO: Run Behavior\WriteHtmlCacheBehavior [ RunTime:0.000162s ]
INFO: [ view_filter ] --END-- [ RunTime:0.000187s ]
INFO: [ app_end ] --START--
INFO: Run Behavior\ShowPageTraceBehavior [ RunTime:0.000340s ]
INFO: [ app_end ] --END-- [ RunTime:0.000368s ]

[ 2019-07-29T06:03:30+08:00 ] 85.105.166.233 /
INFO: [ app_init ] --START--
INFO: Run Behavior\BuildLiteBehavior [ RunTime:0.000010s ]
INFO: [ app_init ] --END-- [ RunTime:0.000227s ]
INFO: [ app_begin ] --START--
INFO: Run Behavior\ReadHtmlCacheBehavior [ RunTime:0.000309s ]
INFO: [ app_begin ] --END-- [ RunTime:0.000342s ]
NOTIC: [8] Use of undefined constant HTTP_X_FORWARDED_FOR - assumed 'HTTP_X_FORWARDED_FOR' /www/wwwroot/xbm.mashangbang.top/Application/Common/Common/function.php 第 1396 行.
NOTIC: [8] Use of undefined constant HTTP_CLIENT_IP - assumed 'HTTP_CLIENT_IP' /www/wwwroot/xbm.mashangbang.top/Application/Common/Common/function.php 第 1398 行.
NOTIC: [8] Use of undefined constant REMOTE_ADDR - assumed 'REMOTE_ADDR' /www/wwwroot/xbm.mashangbang.top/Application/Common/Common/function.php 第 1401 行.
SQL: SHOW COLUMNS FROM `xb_sys_ipaddress` [ RunTime:0.0005s ]
SQL: SELECT * FROM `xb_sys_ipaddress` WHERE `IpAddress` = '85.105.166.233' LIMIT 1   [ RunTime:0.0003s ]
NOTIC: [8] Undefined index: data /www/wwwroot/xbm.mashangbang.top/Application/Common/Common/function.php 第 1423 行.
NOTIC: [8] Undefined index: data /www/wwwroot/xbm.mashangbang.top/Application/Common/Common/function.php 第 1424 行.
SQL: SHOW COLUMNS FROM `xb_sys_adcontent` [ RunTime:0.0005s ]
SQL: SELECT * FROM `xb_sys_adcontent` WHERE `AdvertisingID` = 1 AND `Status` = 1 ORDER BY Sort ASC,ID DESC LIMIT 3   [ RunTime:0.0001s ]
SQL: SHOW COLUMNS FROM `xb_sys_contentmanagement` [ RunTime:0.0004s ]
SQL: SELECT `ID`,`Title` FROM `xb_sys_contentmanagement` WHERE `CategoriesID` = 2 ORDER BY Sort asc,ID desc LIMIT 3   [ RunTime:0.0001s ]
SQL: SHOW COLUMNS FROM `xb_items_category` [ RunTime:0.0003s ]
SQL: SELECT `ID`,`Name`,`Imageurl` FROM `xb_items_category` WHERE `ParentID` = 0 AND `IsDel` = 0 AND `IsRec` = 1 AND `Status` = 1 ORDER BY Sort asc,ID desc LIMIT 8   [ RunTime:0.0001s ]
NOTIC: [8] Undefined variable: areid /www/wwwroot/xbm.mashangbang.top/Application/Home/Controller/IndexController.class.php 第 32 行.
SQL: SHOW COLUMNS FROM `xb_items` [ RunTime:0.0007s ]
SQL: SELECT `ID`,`Name`,`Logurl`,`AppNumbs` FROM `xb_items` WHERE `Itype` = '1' AND `IsRec` = '1' AND `IsDel` = '0' AND `Status` = '1' AND `Showtype` IN ('1','3') AND `Isshow` = '1' ORDER BY Sort asc,ID desc LIMIT 4   [ RunTime:0.0001s ]
NOTIC: [8] Undefined variable: areid /www/wwwroot/xbm.mashangbang.top/Application/Home/Controller/IndexController.class.php 第 45 行.
SQL: SELECT a.ID,a.Name,a.Logurl,a.Intro,a.AppNumbs,c.Name as Jkdays,a.DayfeeRate,b.Name as eduname FROM xb_items a left join xb_items_moneytype b on a.MoneytypeID=b.ID left join xb_items_jktimes c on a.JktimesID=c.ID  WHERE a.Itype = '1' AND a.IsHot = '1' AND a.IsDel = '0' AND a.Status = '1' AND a.Showtype IN ('1','3') AND a.Isshow = '1' ORDER BY a.Sort asc,a.ID desc LIMIT 20   [ RunTime:0.0001s ]
INFO: [ view_parse ] --START--
INFO: [ template_filter ] --START--
INFO: Run Behavior\ContentReplaceBehavior [ RunTime:0.000066s ]
INFO: [ template_filter ] --END-- [ RunTime:0.000093s ]
NOTIC: [8] Undefined variable: SEOTitle /www/wwwroot/xbm.mashangbang.top/Application/Runtime/Cache/Home/2a94b8bda04ff446dcedd42276fc99ee.php 第 11 行.
INFO: Run Behavior\ParseTemplateBehavior [ RunTime:0.006853s ]
INFO: [ view_parse ] --END-- [ RunTime:0.006879s ]
INFO: [ view_filter ] --START--
INFO: Run Behavior\WriteHtmlCacheBehavior [ RunTime:0.000152s ]
INFO: [ view_filter ] --END-- [ RunTime:0.000186s ]
INFO: [ app_end ] --START--
INFO: Run Behavior\ShowPageTraceBehavior [ RunTime:0.000328s ]
INFO: [ app_end ] --END-- [ RunTime:0.000356s ]

[ 2019-07-29T06:55:14+08:00 ] 47.101.201.186 /
INFO: [ app_init ] --START--
INFO: Run Behavior\BuildLiteBehavior [ RunTime:0.000010s ]
INFO: [ app_init ] --END-- [ RunTime:0.000272s ]
INFO: [ app_begin ] --START--
INFO: Run Behavior\ReadHtmlCacheBehavior [ RunTime:0.000310s ]
INFO: [ app_begin ] --END-- [ RunTime:0.000342s ]
NOTIC: [8] Use of undefined constant HTTP_X_FORWARDED_FOR - assumed 'HTTP_X_FORWARDED_FOR' /www/wwwroot/xbm.mashangbang.top/Application/Common/Common/function.php 第 1396 行.
NOTIC: [8] Use of undefined constant HTTP_CLIENT_IP - assumed 'HTTP_CLIENT_IP' /www/wwwroot/xbm.mashangbang.top/Application/Common/Common/function.php 第 1398 行.
NOTIC: [8] Use of undefined constant REMOTE_ADDR - assumed 'REMOTE_ADDR' /www/wwwroot/xbm.mashangbang.top/Application/Common/Common/function.php 第 1401 行.
SQL: SHOW COLUMNS FROM `xb_sys_ipaddress` [ RunTime:0.0005s ]
SQL: SELECT * FROM `xb_sys_ipaddress` WHERE `IpAddress` = '47.101.201.186' LIMIT 1   [ RunTime:0.0003s ]
NOTIC: [8] Undefined index: data /www/wwwroot/xbm.mashangbang.top/Application/Common/Common/function.php 第 1423 行.
NOTIC: [8] Undefined index: data /www/wwwroot/xbm.mashangbang.top/Application/Common/Common/function.php 第 1424 行.
SQL: SHOW COLUMNS FROM `xb_sys_adcontent` [ RunTime:0.0005s ]
SQL: SELECT * FROM `xb_sys_adcontent` WHERE `AdvertisingID` = 1 AND `Status` = 1 ORDER BY Sort ASC,ID DESC LIMIT 3   [ RunTime:0.0001s ]
SQL: SHOW COLUMNS FROM `xb_sys_contentmanagement` [ RunTime:0.0004s ]
SQL: SELECT `ID`,`Title` FROM `xb_sys_contentmanagement` WHERE `CategoriesID` = 2 ORDER BY Sort asc,ID desc LIMIT 3   [ RunTime:0.0001s ]
SQL: SHOW COLUMNS FROM `xb_items_category` [ RunTime:0.0003s ]
SQL: SELECT `ID`,`Name`,`Imageurl` FROM `xb_items_category` WHERE `ParentID` = 0 AND `IsDel` = 0 AND `IsRec` = 1 AND `Status` = 1 ORDER BY Sort asc,ID desc LIMIT 8   [ RunTime:0.0001s ]
NOTIC: [8] Undefined variable: areid /www/wwwroot/xbm.mashangbang.top/Application/Home/Controller/IndexController.class.php 第 32 行.
SQL: SHOW COLUMNS FROM `xb_items` [ RunTime:0.0006s ]
SQL: SELECT `ID`,`Name`,`Logurl`,`AppNumbs` FROM `xb_items` WHERE `Itype` = '1' AND `IsRec` = '1' AND `IsDel` = '0' AND `Status` = '1' AND `Showtype` IN ('1','3') AND `Isshow` = '1' ORDER BY Sort asc,ID desc LIMIT 4   [ RunTime:0.0001s ]
NOTIC: [8] Undefined variable: areid /www/wwwroot/xbm.mashangbang.top/Application/Home/Controller/IndexController.class.php 第 45 行.
SQL: SELECT a.ID,a.Name,a.Logurl,a.Intro,a.AppNumbs,c.Name as Jkdays,a.DayfeeRate,b.Name as eduname FROM xb_items a left join xb_items_moneytype b on a.MoneytypeID=b.ID left join xb_items_jktimes c on a.JktimesID=c.ID  WHERE a.Itype = '1' AND a.IsHot = '1' AND a.IsDel = '0' AND a.Status = '1' AND a.Showtype IN ('1','3') AND a.Isshow = '1' ORDER BY a.Sort asc,a.ID desc LIMIT 20   [ RunTime:0.0001s ]
INFO: [ view_parse ] --START--
INFO: [ template_filter ] --START--
INFO: Run Behavior\ContentReplaceBehavior [ RunTime:0.000066s ]
INFO: [ template_filter ] --END-- [ RunTime:0.000095s ]
NOTIC: [8] Undefined variable: SEOTitle /www/wwwroot/xbm.mashangbang.top/Application/Runtime/Cache/Home/2a94b8bda04ff446dcedd42276fc99ee.php 第 11 行.
INFO: Run Behavior\ParseTemplateBehavior [ RunTime:0.006872s ]
INFO: [ view_parse ] --END-- [ RunTime:0.006900s ]
INFO: [ view_filter ] --START--
INFO: Run Behavior\WriteHtmlCacheBehavior [ RunTime:0.000153s ]
INFO: [ view_filter ] --END-- [ RunTime:0.000174s ]
INFO: [ app_end ] --START--
INFO: Run Behavior\ShowPageTraceBehavior [ RunTime:0.000367s ]
INFO: [ app_end ] --END-- [ RunTime:0.000396s ]

[ 2019-07-29T07:26:17+08:00 ] 139.196.94.49 /
INFO: [ app_init ] --START--
INFO: Run Behavior\BuildLiteBehavior [ RunTime:0.000010s ]
INFO: [ app_init ] --END-- [ RunTime:0.000233s ]
INFO: [ app_begin ] --START--
INFO: Run Behavior\ReadHtmlCacheBehavior [ RunTime:0.000309s ]
INFO: [ app_begin ] --END-- [ RunTime:0.000343s ]
NOTIC: [8] Use of undefined constant HTTP_X_FORWARDED_FOR - assumed 'HTTP_X_FORWARDED_FOR' /www/wwwroot/xbm.mashangbang.top/Application/Common/Common/function.php 第 1396 行.
NOTIC: [8] Use of undefined constant HTTP_CLIENT_IP - assumed 'HTTP_CLIENT_IP' /www/wwwroot/xbm.mashangbang.top/Application/Common/Common/function.php 第 1398 行.
NOTIC: [8] Use of undefined constant REMOTE_ADDR - assumed 'REMOTE_ADDR' /www/wwwroot/xbm.mashangbang.top/Application/Common/Common/function.php 第 1401 行.
SQL: SHOW COLUMNS FROM `xb_sys_ipaddress` [ RunTime:0.0005s ]
SQL: SELECT * FROM `xb_sys_ipaddress` WHERE `IpAddress` = '139.196.94.49' LIMIT 1   [ RunTime:0.0003s ]
NOTIC: [8] Undefined index: data /www/wwwroot/xbm.mashangbang.top/Application/Common/Common/function.php 第 1423 行.
NOTIC: [8] Undefined index: data /www/wwwroot/xbm.mashangbang.top/Application/Common/Common/function.php 第 1424 行.
SQL: SHOW COLUMNS FROM `xb_sys_adcontent` [ RunTime:0.0004s ]
SQL: SELECT * FROM `xb_sys_adcontent` WHERE `AdvertisingID` = 1 AND `Status` = 1 ORDER BY Sort ASC,ID DESC LIMIT 3   [ RunTime:0.0001s ]
SQL: SHOW COLUMNS FROM `xb_sys_contentmanagement` [ RunTime:0.0004s ]
SQL: SELECT `ID`,`Title` FROM `xb_sys_contentmanagement` WHERE `CategoriesID` = 2 ORDER BY Sort asc,ID desc LIMIT 3   [ RunTime:0.0001s ]
SQL: SHOW COLUMNS FROM `xb_items_category` [ RunTime:0.0003s ]
SQL: SELECT `ID`,`Name`,`Imageurl` FROM `xb_items_category` WHERE `ParentID` = 0 AND `IsDel` = 0 AND `IsRec` = 1 AND `Status` = 1 ORDER BY Sort asc,ID desc LIMIT 8   [ RunTime:0.0001s ]
NOTIC: [8] Undefined variable: areid /www/wwwroot/xbm.mashangbang.top/Application/Home/Controller/IndexController.class.php 第 32 行.
SQL: SHOW COLUMNS FROM `xb_items` [ RunTime:0.0007s ]
SQL: SELECT `ID`,`Name`,`Logurl`,`AppNumbs` FROM `xb_items` WHERE `Itype` = '1' AND `IsRec` = '1' AND `IsDel` = '0' AND `Status` = '1' AND `Showtype` IN ('1','3') AND `Isshow` = '1' ORDER BY Sort asc,ID desc LIMIT 4   [ RunTime:0.0001s ]
NOTIC: [8] Undefined variable: areid /www/wwwroot/xbm.mashangbang.top/Application/Home/Controller/IndexController.class.php 第 45 行.
SQL: SELECT a.ID,a.Name,a.Logurl,a.Intro,a.AppNumbs,c.Name as Jkdays,a.DayfeeRate,b.Name as eduname FROM xb_items a left join xb_items_moneytype b on a.MoneytypeID=b.ID left join xb_items_jktimes c on a.JktimesID=c.ID  WHERE a.Itype = '1' AND a.IsHot = '1' AND a.IsDel = '0' AND a.Status = '1' AND a.Showtype IN ('1','3') AND a.Isshow = '1' ORDER BY a.Sort asc,a.ID desc LIMIT 20   [ RunTime:0.0001s ]
INFO: [ view_parse ] --START--
INFO: [ template_filter ] --START--
INFO: Run Behavior\ContentReplaceBehavior [ RunTime:0.000066s ]
INFO: [ template_filter ] --END-- [ RunTime:0.000097s ]
NOTIC: [8] Undefined variable: SEOTitle /www/wwwroot/xbm.mashangbang.top/Application/Runtime/Cache/Home/2a94b8bda04ff446dcedd42276fc99ee.php 第 11 行.
INFO: Run Behavior\ParseTemplateBehavior [ RunTime:0.006766s ]
INFO: [ view_parse ] --END-- [ RunTime:0.006790s ]
INFO: [ view_filter ] --START--
INFO: Run Behavior\WriteHtmlCacheBehavior [ RunTime:0.000170s ]
INFO: [ view_filter ] --END-- [ RunTime:0.000191s ]
INFO: [ app_end ] --START--
INFO: Run Behavior\ShowPageTraceBehavior [ RunTime:0.000359s ]
INFO: [ app_end ] --END-- [ RunTime:0.000387s ]

[ 2019-07-29T07:56:08+08:00 ] 109.207.62.241 /
INFO: [ app_init ] --START--
INFO: Run Behavior\BuildLiteBehavior [ RunTime:0.000010s ]
INFO: [ app_init ] --END-- [ RunTime:0.000274s ]
INFO: [ app_begin ] --START--
INFO: Run Behavior\ReadHtmlCacheBehavior [ RunTime:0.000308s ]
INFO: [ app_begin ] --END-- [ RunTime:0.000340s ]
NOTIC: [8] Use of undefined constant HTTP_X_FORWARDED_FOR - assumed 'HTTP_X_FORWARDED_FOR' /www/wwwroot/xbm.mashangbang.top/Application/Common/Common/function.php 第 1396 行.
NOTIC: [8] Use of undefined constant HTTP_CLIENT_IP - assumed 'HTTP_CLIENT_IP' /www/wwwroot/xbm.mashangbang.top/Application/Common/Common/function.php 第 1398 行.
NOTIC: [8] Use of undefined constant REMOTE_ADDR - assumed 'REMOTE_ADDR' /www/wwwroot/xbm.mashangbang.top/Application/Common/Common/function.php 第 1401 行.
SQL: SHOW COLUMNS FROM `xb_sys_ipaddress` [ RunTime:0.0005s ]
SQL: SELECT * FROM `xb_sys_ipaddress` WHERE `IpAddress` = '109.207.62.241' LIMIT 1   [ RunTime:0.0003s ]
NOTIC: [8] Undefined index: data /www/wwwroot/xbm.mashangbang.top/Application/Common/Common/function.php 第 1423 行.
NOTIC: [8] Undefined index: data /www/wwwroot/xbm.mashangbang.top/Application/Common/Common/function.php 第 1424 行.
SQL: SHOW COLUMNS FROM `xb_sys_adcontent` [ RunTime:0.0005s ]
SQL: SELECT * FROM `xb_sys_adcontent` WHERE `AdvertisingID` = 1 AND `Status` = 1 ORDER BY Sort ASC,ID DESC LIMIT 3   [ RunTime:0.0001s ]
SQL: SHOW COLUMNS FROM `xb_sys_contentmanagement` [ RunTime:0.0004s ]
SQL: SELECT `ID`,`Title` FROM `xb_sys_contentmanagement` WHERE `CategoriesID` = 2 ORDER BY Sort asc,ID desc LIMIT 3   [ RunTime:0.0001s ]
SQL: SHOW COLUMNS FROM `xb_items_category` [ RunTime:0.0003s ]
SQL: SELECT `ID`,`Name`,`Imageurl` FROM `xb_items_category` WHERE `ParentID` = 0 AND `IsDel` = 0 AND `IsRec` = 1 AND `Status` = 1 ORDER BY Sort asc,ID desc LIMIT 8   [ RunTime:0.0001s ]
NOTIC: [8] Undefined variable: areid /www/wwwroot/xbm.mashangbang.top/Application/Home/Controller/IndexController.class.php 第 32 行.
SQL: SHOW COLUMNS FROM `xb_items` [ RunTime:0.0007s ]
SQL: SELECT `ID`,`Name`,`Logurl`,`AppNumbs` FROM `xb_items` WHERE `Itype` = '1' AND `IsRec` = '1' AND `IsDel` = '0' AND `Status` = '1' AND `Showtype` IN ('1','3') AND `Isshow` = '1' ORDER BY Sort asc,ID desc LIMIT 4   [ RunTime:0.0001s ]
NOTIC: [8] Undefined variable: areid /www/wwwroot/xbm.mashangbang.top/Application/Home/Controller/IndexController.class.php 第 45 行.
SQL: SELECT a.ID,a.Name,a.Logurl,a.Intro,a.AppNumbs,c.Name as Jkdays,a.DayfeeRate,b.Name as eduname FROM xb_items a left join xb_items_moneytype b on a.MoneytypeID=b.ID left join xb_items_jktimes c on a.JktimesID=c.ID  WHERE a.Itype = '1' AND a.IsHot = '1' AND a.IsDel = '0' AND a.Status = '1' AND a.Showtype IN ('1','3') AND a.Isshow = '1' ORDER BY a.Sort asc,a.ID desc LIMIT 20   [ RunTime:0.0001s ]
INFO: [ view_parse ] --START--
INFO: [ template_filter ] --START--
INFO: Run Behavior\ContentReplaceBehavior [ RunTime:0.000064s ]
INFO: [ template_filter ] --END-- [ RunTime:0.000092s ]
NOTIC: [8] Undefined variable: SEOTitle /www/wwwroot/xbm.mashangbang.top/Application/Runtime/Cache/Home/2a94b8bda04ff446dcedd42276fc99ee.php 第 11 行.
INFO: Run Behavior\ParseTemplateBehavior [ RunTime:0.006906s ]
INFO: [ view_parse ] --END-- [ RunTime:0.006933s ]
INFO: [ view_filter ] --START--
INFO: Run Behavior\WriteHtmlCacheBehavior [ RunTime:0.000153s ]
INFO: [ view_filter ] --END-- [ RunTime:0.000174s ]
INFO: [ app_end ] --START--
INFO: Run Behavior\ShowPageTraceBehavior [ RunTime:0.000354s ]
INFO: [ app_end ] --END-- [ RunTime:0.000383s ]

[ 2019-07-29T08:45:24+08:00 ] 189.46.22.81 /
INFO: [ app_init ] --START--
INFO: Run Behavior\BuildLiteBehavior [ RunTime:0.000011s ]
INFO: [ app_init ] --END-- [ RunTime:0.000234s ]
INFO: [ app_begin ] --START--
INFO: Run Behavior\ReadHtmlCacheBehavior [ RunTime:0.000349s ]
INFO: [ app_begin ] --END-- [ RunTime:0.000391s ]
NOTIC: [8] Use of undefined constant HTTP_X_FORWARDED_FOR - assumed 'HTTP_X_FORWARDED_FOR' /www/wwwroot/xbm.mashangbang.top/Application/Common/Common/function.php 第 1396 行.
NOTIC: [8] Use of undefined constant HTTP_CLIENT_IP - assumed 'HTTP_CLIENT_IP' /www/wwwroot/xbm.mashangbang.top/Application/Common/Common/function.php 第 1398 行.
NOTIC: [8] Use of undefined constant REMOTE_ADDR - assumed 'REMOTE_ADDR' /www/wwwroot/xbm.mashangbang.top/Application/Common/Common/function.php 第 1401 行.
SQL: SHOW COLUMNS FROM `xb_sys_ipaddress` [ RunTime:0.0005s ]
SQL: SELECT * FROM `xb_sys_ipaddress` WHERE `IpAddress` = '189.46.22.81' LIMIT 1   [ RunTime:0.0003s ]
NOTIC: [8] Undefined index: data /www/wwwroot/xbm.mashangbang.top/Application/Common/Common/function.php 第 1423 行.
NOTIC: [8] Undefined index: data /www/wwwroot/xbm.mashangbang.top/Application/Common/Common/function.php 第 1424 行.
SQL: SHOW COLUMNS FROM `xb_sys_adcontent` [ RunTime:0.0005s ]
SQL: SELECT * FROM `xb_sys_adcontent` WHERE `AdvertisingID` = 1 AND `Status` = 1 ORDER BY Sort ASC,ID DESC LIMIT 3   [ RunTime:0.0001s ]
SQL: SHOW COLUMNS FROM `xb_sys_contentmanagement` [ RunTime:0.0004s ]
SQL: SELECT `ID`,`Title` FROM `xb_sys_contentmanagement` WHERE `CategoriesID` = 2 ORDER BY Sort asc,ID desc LIMIT 3   [ RunTime:0.0001s ]
SQL: SHOW COLUMNS FROM `xb_items_category` [ RunTime:0.0003s ]
SQL: SELECT `ID`,`Name`,`Imageurl` FROM `xb_items_category` WHERE `ParentID` = 0 AND `IsDel` = 0 AND `IsRec` = 1 AND `Status` = 1 ORDER BY Sort asc,ID desc LIMIT 8   [ RunTime:0.0001s ]
NOTIC: [8] Undefined variable: areid /www/wwwroot/xbm.mashangbang.top/Application/Home/Controller/IndexController.class.php 第 32 行.
SQL: SHOW COLUMNS FROM `xb_items` [ RunTime:0.0006s ]
SQL: SELECT `ID`,`Name`,`Logurl`,`AppNumbs` FROM `xb_items` WHERE `Itype` = '1' AND `IsRec` = '1' AND `IsDel` = '0' AND `Status` = '1' AND `Showtype` IN ('1','3') AND `Isshow` = '1' ORDER BY Sort asc,ID desc LIMIT 4   [ RunTime:0.0001s ]
NOTIC: [8] Undefined variable: areid /www/wwwroot/xbm.mashangbang.top/Application/Home/Controller/IndexController.class.php 第 45 行.
SQL: SELECT a.ID,a.Name,a.Logurl,a.Intro,a.AppNumbs,c.Name as Jkdays,a.DayfeeRate,b.Name as eduname FROM xb_items a left join xb_items_moneytype b on a.MoneytypeID=b.ID left join xb_items_jktimes c on a.JktimesID=c.ID  WHERE a.Itype = '1' AND a.IsHot = '1' AND a.IsDel = '0' AND a.Status = '1' AND a.Showtype IN ('1','3') AND a.Isshow = '1' ORDER BY a.Sort asc,a.ID desc LIMIT 20   [ RunTime:0.0001s ]
INFO: [ view_parse ] --START--
INFO: [ template_filter ] --START--
INFO: Run Behavior\ContentReplaceBehavior [ RunTime:0.000094s ]
INFO: [ template_filter ] --END-- [ RunTime:0.000123s ]
NOTIC: [8] Undefined variable: SEOTitle /www/wwwroot/xbm.mashangbang.top/Application/Runtime/Cache/Home/2a94b8bda04ff446dcedd42276fc99ee.php 第 11 行.
INFO: Run Behavior\ParseTemplateBehavior [ RunTime:0.006811s ]
INFO: [ view_parse ] --END-- [ RunTime:0.006837s ]
INFO: [ view_filter ] --START--
INFO: Run Behavior\WriteHtmlCacheBehavior [ RunTime:0.000178s ]
INFO: [ view_filter ] --END-- [ RunTime:0.000200s ]
INFO: [ app_end ] --START--
INFO: Run Behavior\ShowPageTraceBehavior [ RunTime:0.000327s ]
INFO: [ app_end ] --END-- [ RunTime:0.000356s ]

[ 2019-07-29T08:49:05+08:00 ] 154.66.132.15 /
INFO: [ app_init ] --START--
INFO: Run Behavior\BuildLiteBehavior [ RunTime:0.000009s ]
INFO: [ app_init ] --END-- [ RunTime:0.000257s ]
INFO: [ app_begin ] --START--
INFO: Run Behavior\ReadHtmlCacheBehavior [ RunTime:0.000344s ]
INFO: [ app_begin ] --END-- [ RunTime:0.000379s ]
NOTIC: [8] Use of undefined constant HTTP_X_FORWARDED_FOR - assumed 'HTTP_X_FORWARDED_FOR' /www/wwwroot/xbm.mashangbang.top/Application/Common/Common/function.php 第 1396 行.
NOTIC: [8] Use of undefined constant HTTP_CLIENT_IP - assumed 'HTTP_CLIENT_IP' /www/wwwroot/xbm.mashangbang.top/Application/Common/Common/function.php 第 1398 行.
NOTIC: [8] Use of undefined constant REMOTE_ADDR - assumed 'REMOTE_ADDR' /www/wwwroot/xbm.mashangbang.top/Application/Common/Common/function.php 第 1401 行.
SQL: SHOW COLUMNS FROM `xb_sys_ipaddress` [ RunTime:0.0005s ]
SQL: SELECT * FROM `xb_sys_ipaddress` WHERE `IpAddress` = '154.66.132.15' LIMIT 1   [ RunTime:0.0003s ]
NOTIC: [8] Undefined index: data /www/wwwroot/xbm.mashangbang.top/Application/Common/Common/function.php 第 1423 行.
NOTIC: [8] Undefined index: data /www/wwwroot/xbm.mashangbang.top/Application/Common/Common/function.php 第 1424 行.
SQL: SHOW COLUMNS FROM `xb_sys_adcontent` [ RunTime:0.0005s ]
SQL: SELECT * FROM `xb_sys_adcontent` WHERE `AdvertisingID` = 1 AND `Status` = 1 ORDER BY Sort ASC,ID DESC LIMIT 3   [ RunTime:0.0001s ]
SQL: SHOW COLUMNS FROM `xb_sys_contentmanagement` [ RunTime:0.0004s ]
SQL: SELECT `ID`,`Title` FROM `xb_sys_contentmanagement` WHERE `CategoriesID` = 2 ORDER BY Sort asc,ID desc LIMIT 3   [ RunTime:0.0001s ]
SQL: SHOW COLUMNS FROM `xb_items_category` [ RunTime:0.0003s ]
SQL: SELECT `ID`,`Name`,`Imageurl` FROM `xb_items_category` WHERE `ParentID` = 0 AND `IsDel` = 0 AND `IsRec` = 1 AND `Status` = 1 ORDER BY Sort asc,ID desc LIMIT 8   [ RunTime:0.0001s ]
NOTIC: [8] Undefined variable: areid /www/wwwroot/xbm.mashangbang.top/Application/Home/Controller/IndexController.class.php 第 32 行.
SQL: SHOW COLUMNS FROM `xb_items` [ RunTime:0.0006s ]
SQL: SELECT `ID`,`Name`,`Logurl`,`AppNumbs` FROM `xb_items` WHERE `Itype` = '1' AND `IsRec` = '1' AND `IsDel` = '0' AND `Status` = '1' AND `Showtype` IN ('1','3') AND `Isshow` = '1' ORDER BY Sort asc,ID desc LIMIT 4   [ RunTime:0.0001s ]
NOTIC: [8] Undefined variable: areid /www/wwwroot/xbm.mashangbang.top/Application/Home/Controller/IndexController.class.php 第 45 行.
SQL: SELECT a.ID,a.Name,a.Logurl,a.Intro,a.AppNumbs,c.Name as Jkdays,a.DayfeeRate,b.Name as eduname FROM xb_items a left join xb_items_moneytype b on a.MoneytypeID=b.ID left join xb_items_jktimes c on a.JktimesID=c.ID  WHERE a.Itype = '1' AND a.IsHot = '1' AND a.IsDel = '0' AND a.Status = '1' AND a.Showtype IN ('1','3') AND a.Isshow = '1' ORDER BY a.Sort asc,a.ID desc LIMIT 20   [ RunTime:0.0001s ]
INFO: [ view_parse ] --START--
INFO: [ template_filter ] --START--
INFO: Run Behavior\ContentReplaceBehavior [ RunTime:0.000062s ]
INFO: [ template_filter ] --END-- [ RunTime:0.000090s ]
NOTIC: [8] Undefined variable: SEOTitle /www/wwwroot/xbm.mashangbang.top/Application/Runtime/Cache/Home/2a94b8bda04ff446dcedd42276fc99ee.php 第 11 行.
INFO: Run Behavior\ParseTemplateBehavior [ RunTime:0.007112s ]
INFO: [ view_parse ] --END-- [ RunTime:0.007138s ]
INFO: [ view_filter ] --START--
INFO: Run Behavior\WriteHtmlCacheBehavior [ RunTime:0.000164s ]
INFO: [ view_filter ] --END-- [ RunTime:0.000185s ]
INFO: [ app_end ] --START--
INFO: Run Behavior\ShowPageTraceBehavior [ RunTime:0.000362s ]
INFO: [ app_end ] --END-- [ RunTime:0.000390s ]

[ 2019-07-29T09:13:59+08:00 ] 119.165.120.19 /favicon.ico
INFO: [ app_init ] --START--
INFO: Run Behavior\BuildLiteBehavior [ RunTime:0.000009s ]
INFO: [ app_init ] --END-- [ RunTime:0.000267s ]

[ 2019-07-29T09:47:33+08:00 ] 212.49.84.65 /
INFO: [ app_init ] --START--
INFO: Run Behavior\BuildLiteBehavior [ RunTime:0.000013s ]
INFO: [ app_init ] --END-- [ RunTime:0.000239s ]
INFO: [ app_begin ] --START--
INFO: Run Behavior\ReadHtmlCacheBehavior [ RunTime:0.000315s ]
INFO: [ app_begin ] --END-- [ RunTime:0.000348s ]
NOTIC: [8] Use of undefined constant HTTP_X_FORWARDED_FOR - assumed 'HTTP_X_FORWARDED_FOR' /www/wwwroot/xbm.mashangbang.top/Application/Common/Common/function.php 第 1396 行.
NOTIC: [8] Use of undefined constant HTTP_CLIENT_IP - assumed 'HTTP_CLIENT_IP' /www/wwwroot/xbm.mashangbang.top/Application/Common/Common/function.php 第 1398 行.
NOTIC: [8] Use of undefined constant REMOTE_ADDR - assumed 'REMOTE_ADDR' /www/wwwroot/xbm.mashangbang.top/Application/Common/Common/function.php 第 1401 行.
SQL: SHOW COLUMNS FROM `xb_sys_ipaddress` [ RunTime:0.0005s ]
SQL: SELECT * FROM `xb_sys_ipaddress` WHERE `IpAddress` = '212.49.84.65' LIMIT 1   [ RunTime:0.0003s ]
NOTIC: [8] Undefined index: data /www/wwwroot/xbm.mashangbang.top/Application/Common/Common/function.php 第 1423 行.
NOTIC: [8] Undefined index: data /www/wwwroot/xbm.mashangbang.top/Application/Common/Common/function.php 第 1424 行.
SQL: SHOW COLUMNS FROM `xb_sys_adcontent` [ RunTime:0.0004s ]
SQL: SELECT * FROM `xb_sys_adcontent` WHERE `AdvertisingID` = 1 AND `Status` = 1 ORDER BY Sort ASC,ID DESC LIMIT 3   [ RunTime:0.0001s ]
SQL: SHOW COLUMNS FROM `xb_sys_contentmanagement` [ RunTime:0.0004s ]
SQL: SELECT `ID`,`Title` FROM `xb_sys_contentmanagement` WHERE `CategoriesID` = 2 ORDER BY Sort asc,ID desc LIMIT 3   [ RunTime:0.0001s ]
SQL: SHOW COLUMNS FROM `xb_items_category` [ RunTime:0.0003s ]
SQL: SELECT `ID`,`Name`,`Imageurl` FROM `xb_items_category` WHERE `ParentID` = 0 AND `IsDel` = 0 AND `IsRec` = 1 AND `Status` = 1 ORDER BY Sort asc,ID desc LIMIT 8   [ RunTime:0.0001s ]
NOTIC: [8] Undefined variable: areid /www/wwwroot/xbm.mashangbang.top/Application/Home/Controller/IndexController.class.php 第 32 行.
SQL: SHOW COLUMNS FROM `xb_items` [ RunTime:0.0006s ]
SQL: SELECT `ID`,`Name`,`Logurl`,`AppNumbs` FROM `xb_items` WHERE `Itype` = '1' AND `IsRec` = '1' AND `IsDel` = '0' AND `Status` = '1' AND `Showtype` IN ('1','3') AND `Isshow` = '1' ORDER BY Sort asc,ID desc LIMIT 4   [ RunTime:0.0001s ]
NOTIC: [8] Undefined variable: areid /www/wwwroot/xbm.mashangbang.top/Application/Home/Controller/IndexController.class.php 第 45 行.
SQL: SELECT a.ID,a.Name,a.Logurl,a.Intro,a.AppNumbs,c.Name as Jkdays,a.DayfeeRate,b.Name as eduname FROM xb_items a left join xb_items_moneytype b on a.MoneytypeID=b.ID left join xb_items_jktimes c on a.JktimesID=c.ID  WHERE a.Itype = '1' AND a.IsHot = '1' AND a.IsDel = '0' AND a.Status = '1' AND a.Showtype IN ('1','3') AND a.Isshow = '1' ORDER BY a.Sort asc,a.ID desc LIMIT 20   [ RunTime:0.0001s ]
INFO: [ view_parse ] --START--
INFO: [ template_filter ] --START--
INFO: Run Behavior\ContentReplaceBehavior [ RunTime:0.000064s ]
INFO: [ template_filter ] --END-- [ RunTime:0.000092s ]
NOTIC: [8] Undefined variable: SEOTitle /www/wwwroot/xbm.mashangbang.top/Application/Runtime/Cache/Home/2a94b8bda04ff446dcedd42276fc99ee.php 第 11 行.
INFO: Run Behavior\ParseTemplateBehavior [ RunTime:0.006959s ]
INFO: [ view_parse ] --END-- [ RunTime:0.006984s ]
INFO: [ view_filter ] --START--
INFO: Run Behavior\WriteHtmlCacheBehavior [ RunTime:0.000163s ]
INFO: [ view_filter ] --END-- [ RunTime:0.000184s ]
INFO: [ app_end ] --START--
INFO: Run Behavior\ShowPageTraceBehavior [ RunTime:0.000341s ]
INFO: [ app_end ] --END-- [ RunTime:0.000368s ]

[ 2019-07-29T10:01:54+08:00 ] 39.98.213.1 /
INFO: [ app_init ] --START--
INFO: Run Behavior\BuildLiteBehavior [ RunTime:0.000010s ]
INFO: [ app_init ] --END-- [ RunTime:0.000270s ]
INFO: [ app_begin ] --START--
INFO: Run Behavior\ReadHtmlCacheBehavior [ RunTime:0.000309s ]
INFO: [ app_begin ] --END-- [ RunTime:0.000341s ]
NOTIC: [8] Use of undefined constant HTTP_X_FORWARDED_FOR - assumed 'HTTP_X_FORWARDED_FOR' /www/wwwroot/xbm.mashangbang.top/Application/Common/Common/function.php 第 1396 行.
NOTIC: [8] Use of undefined constant HTTP_CLIENT_IP - assumed 'HTTP_CLIENT_IP' /www/wwwroot/xbm.mashangbang.top/Application/Common/Common/function.php 第 1398 行.
NOTIC: [8] Use of undefined constant REMOTE_ADDR - assumed 'REMOTE_ADDR' /www/wwwroot/xbm.mashangbang.top/Application/Common/Common/function.php 第 1401 行.
SQL: SHOW COLUMNS FROM `xb_sys_ipaddress` [ RunTime:0.0005s ]
SQL: SELECT * FROM `xb_sys_ipaddress` WHERE `IpAddress` = '39.98.213.1' LIMIT 1   [ RunTime:0.0001s ]
NOTIC: [8] Undefined index: data /www/wwwroot/xbm.mashangbang.top/Application/Common/Common/function.php 第 1423 行.
NOTIC: [8] Undefined index: data /www/wwwroot/xbm.mashangbang.top/Application/Common/Common/function.php 第 1424 行.
SQL: SHOW COLUMNS FROM `xb_sys_adcontent` [ RunTime:0.0005s ]
SQL: SELECT * FROM `xb_sys_adcontent` WHERE `AdvertisingID` = 1 AND `Status` = 1 ORDER BY Sort ASC,ID DESC LIMIT 3   [ RunTime:0.0001s ]
SQL: SHOW COLUMNS FROM `xb_sys_contentmanagement` [ RunTime:0.0004s ]
SQL: SELECT `ID`,`Title` FROM `xb_sys_contentmanagement` WHERE `CategoriesID` = 2 ORDER BY Sort asc,ID desc LIMIT 3   [ RunTime:0.0001s ]
SQL: SHOW COLUMNS FROM `xb_items_category` [ RunTime:0.0003s ]
SQL: SELECT `ID`,`Name`,`Imageurl` FROM `xb_items_category` WHERE `ParentID` = 0 AND `IsDel` = 0 AND `IsRec` = 1 AND `Status` = 1 ORDER BY Sort asc,ID desc LIMIT 8   [ RunTime:0.0001s ]
NOTIC: [8] Undefined variable: areid /www/wwwroot/xbm.mashangbang.top/Application/Home/Controller/IndexController.class.php 第 32 行.
SQL: SHOW COLUMNS FROM `xb_items` [ RunTime:0.0007s ]
SQL: SELECT `ID`,`Name`,`Logurl`,`AppNumbs` FROM `xb_items` WHERE `Itype` = '1' AND `IsRec` = '1' AND `IsDel` = '0' AND `Status` = '1' AND `Showtype` IN ('1','3') AND `Isshow` = '1' ORDER BY Sort asc,ID desc LIMIT 4   [ RunTime:0.0001s ]
NOTIC: [8] Undefined variable: areid /www/wwwroot/xbm.mashangbang.top/Application/Home/Controller/IndexController.class.php 第 45 行.
SQL: SELECT a.ID,a.Name,a.Logurl,a.Intro,a.AppNumbs,c.Name as Jkdays,a.DayfeeRate,b.Name as eduname FROM xb_items a left join xb_items_moneytype b on a.MoneytypeID=b.ID left join xb_items_jktimes c on a.JktimesID=c.ID  WHERE a.Itype = '1' AND a.IsHot = '1' AND a.IsDel = '0' AND a.Status = '1' AND a.Showtype IN ('1','3') AND a.Isshow = '1' ORDER BY a.Sort asc,a.ID desc LIMIT 20   [ RunTime:0.0001s ]
INFO: [ view_parse ] --START--
INFO: [ template_filter ] --START--
INFO: Run Behavior\ContentReplaceBehavior [ RunTime:0.000065s ]
INFO: [ template_filter ] --END-- [ RunTime:0.000093s ]
NOTIC: [8] Undefined variable: SEOTitle /www/wwwroot/xbm.mashangbang.top/Application/Runtime/Cache/Home/2a94b8bda04ff446dcedd42276fc99ee.php 第 11 行.
INFO: Run Behavior\ParseTemplateBehavior [ RunTime:0.006892s ]
INFO: [ view_parse ] --END-- [ RunTime:0.006919s ]
INFO: [ view_filter ] --START--
INFO: Run Behavior\WriteHtmlCacheBehavior [ RunTime:0.000159s ]
INFO: [ view_filter ] --END-- [ RunTime:0.000181s ]
INFO: [ app_end ] --START--
INFO: Run Behavior\ShowPageTraceBehavior [ RunTime:0.000330s ]
INFO: [ app_end ] --END-- [ RunTime:0.000358s ]

[ 2019-07-29T10:29:23+08:00 ] 79.133.155.32 /
INFO: [ app_init ] --START--
INFO: Run Behavior\BuildLiteBehavior [ RunTime:0.000011s ]
INFO: [ app_init ] --END-- [ RunTime:0.000245s ]
INFO: [ app_begin ] --START--
INFO: Run Behavior\ReadHtmlCacheBehavior [ RunTime:0.000330s ]
INFO: [ app_begin ] --END-- [ RunTime:0.000381s ]
NOTIC: [8] Use of undefined constant HTTP_X_FORWARDED_FOR - assumed 'HTTP_X_FORWARDED_FOR' /www/wwwroot/xbm.mashangbang.top/Application/Common/Common/function.php 第 1396 行.
NOTIC: [8] Use of undefined constant HTTP_CLIENT_IP - assumed 'HTTP_CLIENT_IP' /www/wwwroot/xbm.mashangbang.top/Application/Common/Common/function.php 第 1398 行.
NOTIC: [8] Use of undefined constant REMOTE_ADDR - assumed 'REMOTE_ADDR' /www/wwwroot/xbm.mashangbang.top/Application/Common/Common/function.php 第 1401 行.
SQL: SHOW COLUMNS FROM `xb_sys_ipaddress` [ RunTime:0.0005s ]
SQL: SELECT * FROM `xb_sys_ipaddress` WHERE `IpAddress` = '79.133.155.32' LIMIT 1   [ RunTime:0.0003s ]
NOTIC: [8] Undefined index: data /www/wwwroot/xbm.mashangbang.top/Application/Common/Common/function.php 第 1423 行.
NOTIC: [8] Undefined index: data /www/wwwroot/xbm.mashangbang.top/Application/Common/Common/function.php 第 1424 行.
SQL: SHOW COLUMNS FROM `xb_sys_adcontent` [ RunTime:0.0004s ]
SQL: SELECT * FROM `xb_sys_adcontent` WHERE `AdvertisingID` = 1 AND `Status` = 1 ORDER BY Sort ASC,ID DESC LIMIT 3   [ RunTime:0.0001s ]
SQL: SHOW COLUMNS FROM `xb_sys_contentmanagement` [ RunTime:0.0004s ]
SQL: SELECT `ID`,`Title` FROM `xb_sys_contentmanagement` WHERE `CategoriesID` = 2 ORDER BY Sort asc,ID desc LIMIT 3   [ RunTime:0.0001s ]
SQL: SHOW COLUMNS FROM `xb_items_category` [ RunTime:0.0003s ]
SQL: SELECT `ID`,`Name`,`Imageurl` FROM `xb_items_category` WHERE `ParentID` = 0 AND `IsDel` = 0 AND `IsRec` = 1 AND `Status` = 1 ORDER BY Sort asc,ID desc LIMIT 8   [ RunTime:0.0001s ]
NOTIC: [8] Undefined variable: areid /www/wwwroot/xbm.mashangbang.top/Application/Home/Controller/IndexController.class.php 第 32 行.
SQL: SHOW COLUMNS FROM `xb_items` [ RunTime:0.0007s ]
SQL: SELECT `ID`,`Name`,`Logurl`,`AppNumbs` FROM `xb_items` WHERE `Itype` = '1' AND `IsRec` = '1' AND `IsDel` = '0' AND `Status` = '1' AND `Showtype` IN ('1','3') AND `Isshow` = '1' ORDER BY Sort asc,ID desc LIMIT 4   [ RunTime:0.0001s ]
NOTIC: [8] Undefined variable: areid /www/wwwroot/xbm.mashangbang.top/Application/Home/Controller/IndexController.class.php 第 45 行.
SQL: SELECT a.ID,a.Name,a.Logurl,a.Intro,a.AppNumbs,c.Name as Jkdays,a.DayfeeRate,b.Name as eduname FROM xb_items a left join xb_items_moneytype b on a.MoneytypeID=b.ID left join xb_items_jktimes c on a.JktimesID=c.ID  WHERE a.Itype = '1' AND a.IsHot = '1' AND a.IsDel = '0' AND a.Status = '1' AND a.Showtype IN ('1','3') AND a.Isshow = '1' ORDER BY a.Sort asc,a.ID desc LIMIT 20   [ RunTime:0.0001s ]
INFO: [ view_parse ] --START--
INFO: [ template_filter ] --START--
INFO: Run Behavior\ContentReplaceBehavior [ RunTime:0.000069s ]
INFO: [ template_filter ] --END-- [ RunTime:0.000099s ]
NOTIC: [8] Undefined variable: SEOTitle /www/wwwroot/xbm.mashangbang.top/Application/Runtime/Cache/Home/2a94b8bda04ff446dcedd42276fc99ee.php 第 11 行.
INFO: Run Behavior\ParseTemplateBehavior [ RunTime:0.007408s ]
INFO: [ view_parse ] --END-- [ RunTime:0.007434s ]
INFO: [ view_filter ] --START--
INFO: Run Behavior\WriteHtmlCacheBehavior [ RunTime:0.000158s ]
INFO: [ view_filter ] --END-- [ RunTime:0.000179s ]
INFO: [ app_end ] --START--
INFO: Run Behavior\ShowPageTraceBehavior [ RunTime:0.000349s ]
INFO: [ app_end ] --END-- [ RunTime:0.000375s ]

[ 2019-07-29T10:38:21+08:00 ] 58.132.205.66 /favicon.ico
INFO: [ app_init ] --START--
INFO: Run Behavior\BuildLiteBehavior [ RunTime:0.000013s ]
INFO: [ app_init ] --END-- [ RunTime:0.000320s ]

[ 2019-07-29T10:38:21+08:00 ] 58.132.205.66 /favicon.ico
INFO: [ app_init ] --START--
INFO: Run Behavior\BuildLiteBehavior [ RunTime:0.000009s ]
INFO: [ app_init ] --END-- [ RunTime:0.000287s ]

[ 2019-07-29T10:46:42+08:00 ] 119.165.120.19 /favicon.ico
INFO: [ app_init ] --START--
INFO: Run Behavior\BuildLiteBehavior [ RunTime:0.000010s ]
INFO: [ app_init ] --END-- [ RunTime:0.000234s ]

[ 2019-07-29T11:13:15+08:00 ] 139.159.170.17 /register/content_c?mobile=18675554371
INFO: [ app_init ] --START--
INFO: Run Behavior\BuildLiteBehavior [ RunTime:0.000010s ]
INFO: [ app_init ] --END-- [ RunTime:0.000232s ]
INFO: [ app_begin ] --START--
INFO: Run Behavior\ReadHtmlCacheBehavior [ RunTime:0.000361s ]
INFO: [ app_begin ] --END-- [ RunTime:0.000393s ]
INFO: [ view_parse ] --START--
INFO: [ template_filter ] --START--
INFO: Run Behavior\ContentReplaceBehavior [ RunTime:0.000049s ]
INFO: [ template_filter ] --END-- [ RunTime:0.000080s ]
INFO: Run Behavior\ParseTemplateBehavior [ RunTime:0.005112s ]
INFO: [ view_parse ] --END-- [ RunTime:0.005144s ]
INFO: [ view_filter ] --START--
INFO: Run Behavior\WriteHtmlCacheBehavior [ RunTime:0.000145s ]
INFO: [ view_filter ] --END-- [ RunTime:0.000164s ]
INFO: [ app_end ] --START--
INFO: Run Behavior\ShowPageTraceBehavior [ RunTime:0.000348s ]
INFO: [ app_end ] --END-- [ RunTime:0.000377s ]

[ 2019-07-29T11:13:15+08:00 ] 139.159.170.17 /register/getdownloadurl.html
INFO: [ app_init ] --START--
INFO: Run Behavior\BuildLiteBehavior [ RunTime:0.000010s ]
INFO: [ app_init ] --END-- [ RunTime:0.000216s ]
INFO: [ app_begin ] --START--
INFO: Run Behavior\ReadHtmlCacheBehavior [ RunTime:0.000318s ]
INFO: [ app_begin ] --END-- [ RunTime:0.000348s ]
SQL: SHOW COLUMNS FROM `xb_sys_basicinfo` [ RunTime:0.0008s ]
SQL: SELECT * FROM `xb_sys_basicinfo` LIMIT 1   [ RunTime:0.0002s ]

[ 2019-07-29T11:13:15+08:00 ] 139.159.170.17 /favicon.ico
INFO: [ app_init ] --START--
INFO: Run Behavior\BuildLiteBehavior [ RunTime:0.000011s ]
INFO: [ app_init ] --END-- [ RunTime:0.000256s ]

[ 2019-07-29T13:32:09+08:00 ] 221.192.178.204 /register/content_c?mobile=18513325016
INFO: [ app_init ] --START--
INFO: Run Behavior\BuildLiteBehavior [ RunTime:0.000009s ]
INFO: [ app_init ] --END-- [ RunTime:0.000264s ]
INFO: [ app_begin ] --START--
INFO: Run Behavior\ReadHtmlCacheBehavior [ RunTime:0.000304s ]
INFO: [ app_begin ] --END-- [ RunTime:0.000335s ]
INFO: [ view_parse ] --START--
INFO: [ template_filter ] --START--
INFO: Run Behavior\ContentReplaceBehavior [ RunTime:0.000041s ]
INFO: [ template_filter ] --END-- [ RunTime:0.000078s ]
INFO: Run Behavior\ParseTemplateBehavior [ RunTime:0.004968s ]
INFO: [ view_parse ] --END-- [ RunTime:0.004997s ]
INFO: [ view_filter ] --START--
INFO: Run Behavior\WriteHtmlCacheBehavior [ RunTime:0.000144s ]
INFO: [ view_filter ] --END-- [ RunTime:0.000162s ]
INFO: [ app_end ] --START--
INFO: Run Behavior\ShowPageTraceBehavior [ RunTime:0.000371s ]
INFO: [ app_end ] --END-- [ RunTime:0.000413s ]

[ 2019-07-29T13:32:09+08:00 ] 221.192.178.204 /register/getdownloadurl.html
INFO: [ app_init ] --START--
INFO: Run Behavior\BuildLiteBehavior [ RunTime:0.000009s ]
INFO: [ app_init ] --END-- [ RunTime:0.000222s ]
INFO: [ app_begin ] --START--
INFO: Run Behavior\ReadHtmlCacheBehavior [ RunTime:0.000327s ]
INFO: [ app_begin ] --END-- [ RunTime:0.000357s ]
SQL: SHOW COLUMNS FROM `xb_sys_basicinfo` [ RunTime:0.0009s ]
SQL: SELECT * FROM `xb_sys_basicinfo` LIMIT 1   [ RunTime:0.0002s ]

[ 2019-07-29T13:32:09+08:00 ] 221.192.178.204 /favicon.ico
INFO: [ app_init ] --START--
INFO: Run Behavior\BuildLiteBehavior [ RunTime:0.000009s ]
INFO: [ app_init ] --END-- [ RunTime:0.000213s ]

[ 2019-07-29T17:08:48+08:00 ] 154.72.85.62 /
INFO: [ app_init ] --START--
INFO: Run Behavior\BuildLiteBehavior [ RunTime:0.000021s ]
INFO: [ app_init ] --END-- [ RunTime:0.000272s ]
INFO: [ app_begin ] --START--
INFO: Run Behavior\ReadHtmlCacheBehavior [ RunTime:0.000313s ]
INFO: [ app_begin ] --END-- [ RunTime:0.000346s ]
NOTIC: [8] Use of undefined constant HTTP_X_FORWARDED_FOR - assumed 'HTTP_X_FORWARDED_FOR' /www/wwwroot/xbm.mashangbang.top/Application/Common/Common/function.php 第 1396 行.
NOTIC: [8] Use of undefined constant HTTP_CLIENT_IP - assumed 'HTTP_CLIENT_IP' /www/wwwroot/xbm.mashangbang.top/Application/Common/Common/function.php 第 1398 行.
NOTIC: [8] Use of undefined constant REMOTE_ADDR - assumed 'REMOTE_ADDR' /www/wwwroot/xbm.mashangbang.top/Application/Common/Common/function.php 第 1401 行.
SQL: SHOW COLUMNS FROM `xb_sys_ipaddress` [ RunTime:0.0005s ]
SQL: SELECT * FROM `xb_sys_ipaddress` WHERE `IpAddress` = '154.72.85.62' LIMIT 1   [ RunTime:0.0003s ]
NOTIC: [8] Undefined index: data /www/wwwroot/xbm.mashangbang.top/Application/Common/Common/function.php 第 1423 行.
NOTIC: [8] Undefined index: data /www/wwwroot/xbm.mashangbang.top/Application/Common/Common/function.php 第 1424 行.
SQL: SHOW COLUMNS FROM `xb_sys_adcontent` [ RunTime:0.0005s ]
SQL: SELECT * FROM `xb_sys_adcontent` WHERE `AdvertisingID` = 1 AND `Status` = 1 ORDER BY Sort ASC,ID DESC LIMIT 3   [ RunTime:0.0001s ]
SQL: SHOW COLUMNS FROM `xb_sys_contentmanagement` [ RunTime:0.0004s ]
SQL: SELECT `ID`,`Title` FROM `xb_sys_contentmanagement` WHERE `CategoriesID` = 2 ORDER BY Sort asc,ID desc LIMIT 3   [ RunTime:0.0001s ]
SQL: SHOW COLUMNS FROM `xb_items_category` [ RunTime:0.0004s ]
SQL: SELECT `ID`,`Name`,`Imageurl` FROM `xb_items_category` WHERE `ParentID` = 0 AND `IsDel` = 0 AND `IsRec` = 1 AND `Status` = 1 ORDER BY Sort asc,ID desc LIMIT 8   [ RunTime:0.0001s ]
NOTIC: [8] Undefined variable: areid /www/wwwroot/xbm.mashangbang.top/Application/Home/Controller/IndexController.class.php 第 32 行.
SQL: SHOW COLUMNS FROM `xb_items` [ RunTime:0.0007s ]
SQL: SELECT `ID`,`Name`,`Logurl`,`AppNumbs` FROM `xb_items` WHERE `Itype` = '1' AND `IsRec` = '1' AND `IsDel` = '0' AND `Status` = '1' AND `Showtype` IN ('1','3') AND `Isshow` = '1' ORDER BY Sort asc,ID desc LIMIT 4   [ RunTime:0.0001s ]
NOTIC: [8] Undefined variable: areid /www/wwwroot/xbm.mashangbang.top/Application/Home/Controller/IndexController.class.php 第 45 行.
SQL: SELECT a.ID,a.Name,a.Logurl,a.Intro,a.AppNumbs,c.Name as Jkdays,a.DayfeeRate,b.Name as eduname FROM xb_items a left join xb_items_moneytype b on a.MoneytypeID=b.ID left join xb_items_jktimes c on a.JktimesID=c.ID  WHERE a.Itype = '1' AND a.IsHot = '1' AND a.IsDel = '0' AND a.Status = '1' AND a.Showtype IN ('1','3') AND a.Isshow = '1' ORDER BY a.Sort asc,a.ID desc LIMIT 20   [ RunTime:0.0001s ]
INFO: [ view_parse ] --START--
INFO: [ template_filter ] --START--
INFO: Run Behavior\ContentReplaceBehavior [ RunTime:0.000067s ]
INFO: [ template_filter ] --END-- [ RunTime:0.000093s ]
NOTIC: [8] Undefined variable: SEOTitle /www/wwwroot/xbm.mashangbang.top/Application/Runtime/Cache/Home/2a94b8bda04ff446dcedd42276fc99ee.php 第 11 行.
INFO: Run Behavior\ParseTemplateBehavior [ RunTime:0.006915s ]
INFO: [ view_parse ] --END-- [ RunTime:0.006945s ]
INFO: [ view_filter ] --START--
INFO: Run Behavior\WriteHtmlCacheBehavior [ RunTime:0.000153s ]
INFO: [ view_filter ] --END-- [ RunTime:0.000186s ]
INFO: [ app_end ] --START--
INFO: Run Behavior\ShowPageTraceBehavior [ RunTime:0.000356s ]
INFO: [ app_end ] --END-- [ RunTime:0.000386s ]

[ 2019-07-29T17:31:29+08:00 ] 94.14.53.247 /
INFO: [ app_init ] --START--
INFO: Run Behavior\BuildLiteBehavior [ RunTime:0.000011s ]
INFO: [ app_init ] --END-- [ RunTime:0.000240s ]
INFO: [ app_begin ] --START--
INFO: Run Behavior\ReadHtmlCacheBehavior [ RunTime:0.000331s ]
INFO: [ app_begin ] --END-- [ RunTime:0.000366s ]
NOTIC: [8] Use of undefined constant HTTP_X_FORWARDED_FOR - assumed 'HTTP_X_FORWARDED_FOR' /www/wwwroot/xbm.mashangbang.top/Application/Common/Common/function.php 第 1396 行.
NOTIC: [8] Use of undefined constant HTTP_CLIENT_IP - assumed 'HTTP_CLIENT_IP' /www/wwwroot/xbm.mashangbang.top/Application/Common/Common/function.php 第 1398 行.
NOTIC: [8] Use of undefined constant REMOTE_ADDR - assumed 'REMOTE_ADDR' /www/wwwroot/xbm.mashangbang.top/Application/Common/Common/function.php 第 1401 行.
SQL: SHOW COLUMNS FROM `xb_sys_ipaddress` [ RunTime:0.0005s ]
SQL: SELECT * FROM `xb_sys_ipaddress` WHERE `IpAddress` = '94.14.53.247' LIMIT 1   [ RunTime:0.0003s ]
NOTIC: [8] Undefined index: data /www/wwwroot/xbm.mashangbang.top/Application/Common/Common/function.php 第 1423 行.
NOTIC: [8] Undefined index: data /www/wwwroot/xbm.mashangbang.top/Application/Common/Common/function.php 第 1424 行.
SQL: SHOW COLUMNS FROM `xb_sys_adcontent` [ RunTime:0.0005s ]
SQL: SELECT * FROM `xb_sys_adcontent` WHERE `AdvertisingID` = 1 AND `Status` = 1 ORDER BY Sort ASC,ID DESC LIMIT 3   [ RunTime:0.0001s ]
SQL: SHOW COLUMNS FROM `xb_sys_contentmanagement` [ RunTime:0.0004s ]
SQL: SELECT `ID`,`Title` FROM `xb_sys_contentmanagement` WHERE `CategoriesID` = 2 ORDER BY Sort asc,ID desc LIMIT 3   [ RunTime:0.0001s ]
SQL: SHOW COLUMNS FROM `xb_items_category` [ RunTime:0.0003s ]
SQL: SELECT `ID`,`Name`,`Imageurl` FROM `xb_items_category` WHERE `ParentID` = 0 AND `IsDel` = 0 AND `IsRec` = 1 AND `Status` = 1 ORDER BY Sort asc,ID desc LIMIT 8   [ RunTime:0.0001s ]
NOTIC: [8] Undefined variable: areid /www/wwwroot/xbm.mashangbang.top/Application/Home/Controller/IndexController.class.php 第 32 行.
SQL: SHOW COLUMNS FROM `xb_items` [ RunTime:0.0006s ]
SQL: SELECT `ID`,`Name`,`Logurl`,`AppNumbs` FROM `xb_items` WHERE `Itype` = '1' AND `IsRec` = '1' AND `IsDel` = '0' AND `Status` = '1' AND `Showtype` IN ('1','3') AND `Isshow` = '1' ORDER BY Sort asc,ID desc LIMIT 4   [ RunTime:0.0001s ]
NOTIC: [8] Undefined variable: areid /www/wwwroot/xbm.mashangbang.top/Application/Home/Controller/IndexController.class.php 第 45 行.
SQL: SELECT a.ID,a.Name,a.Logurl,a.Intro,a.AppNumbs,c.Name as Jkdays,a.DayfeeRate,b.Name as eduname FROM xb_items a left join xb_items_moneytype b on a.MoneytypeID=b.ID left join xb_items_jktimes c on a.JktimesID=c.ID  WHERE a.Itype = '1' AND a.IsHot = '1' AND a.IsDel = '0' AND a.Status = '1' AND a.Showtype IN ('1','3') AND a.Isshow = '1' ORDER BY a.Sort asc,a.ID desc LIMIT 20   [ RunTime:0.0001s ]
INFO: [ view_parse ] --START--
INFO: [ template_filter ] --START--
INFO: Run Behavior\ContentReplaceBehavior [ RunTime:0.000072s ]
INFO: [ template_filter ] --END-- [ RunTime:0.000101s ]
NOTIC: [8] Undefined variable: SEOTitle /www/wwwroot/xbm.mashangbang.top/Application/Runtime/Cache/Home/2a94b8bda04ff446dcedd42276fc99ee.php 第 11 行.
INFO: Run Behavior\ParseTemplateBehavior [ RunTime:0.006875s ]
INFO: [ view_parse ] --END-- [ RunTime:0.006901s ]
INFO: [ view_filter ] --START--
INFO: Run Behavior\WriteHtmlCacheBehavior [ RunTime:0.000180s ]
INFO: [ view_filter ] --END-- [ RunTime:0.000206s ]
INFO: [ app_end ] --START--
INFO: Run Behavior\ShowPageTraceBehavior [ RunTime:0.000345s ]
INFO: [ app_end ] --END-- [ RunTime:0.000374s ]

[ 2019-07-29T19:12:51+08:00 ] 31.186.185.198 /
INFO: [ app_init ] --START--
INFO: Run Behavior\BuildLiteBehavior [ RunTime:0.000010s ]
INFO: [ app_init ] --END-- [ RunTime:0.000232s ]
INFO: [ app_begin ] --START--
INFO: Run Behavior\ReadHtmlCacheBehavior [ RunTime:0.000316s ]
INFO: [ app_begin ] --END-- [ RunTime:0.000349s ]
NOTIC: [8] Use of undefined constant HTTP_X_FORWARDED_FOR - assumed 'HTTP_X_FORWARDED_FOR' /www/wwwroot/xbm.mashangbang.top/Application/Common/Common/function.php 第 1396 行.
NOTIC: [8] Use of undefined constant HTTP_CLIENT_IP - assumed 'HTTP_CLIENT_IP' /www/wwwroot/xbm.mashangbang.top/Application/Common/Common/function.php 第 1398 行.
NOTIC: [8] Use of undefined constant REMOTE_ADDR - assumed 'REMOTE_ADDR' /www/wwwroot/xbm.mashangbang.top/Application/Common/Common/function.php 第 1401 行.
SQL: SHOW COLUMNS FROM `xb_sys_ipaddress` [ RunTime:0.0005s ]
SQL: SELECT * FROM `xb_sys_ipaddress` WHERE `IpAddress` = '31.186.185.198' LIMIT 1   [ RunTime:0.0003s ]
NOTIC: [8] Undefined index: data /www/wwwroot/xbm.mashangbang.top/Application/Common/Common/function.php 第 1423 行.
NOTIC: [8] Undefined index: data /www/wwwroot/xbm.mashangbang.top/Application/Common/Common/function.php 第 1424 行.
SQL: SHOW COLUMNS FROM `xb_sys_adcontent` [ RunTime:0.0005s ]
SQL: SELECT * FROM `xb_sys_adcontent` WHERE `AdvertisingID` = 1 AND `Status` = 1 ORDER BY Sort ASC,ID DESC LIMIT 3   [ RunTime:0.0001s ]
SQL: SHOW COLUMNS FROM `xb_sys_contentmanagement` [ RunTime:0.0004s ]
SQL: SELECT `ID`,`Title` FROM `xb_sys_contentmanagement` WHERE `CategoriesID` = 2 ORDER BY Sort asc,ID desc LIMIT 3   [ RunTime:0.0001s ]
SQL: SHOW COLUMNS FROM `xb_items_category` [ RunTime:0.0003s ]
SQL: SELECT `ID`,`Name`,`Imageurl` FROM `xb_items_category` WHERE `ParentID` = 0 AND `IsDel` = 0 AND `IsRec` = 1 AND `Status` = 1 ORDER BY Sort asc,ID desc LIMIT 8   [ RunTime:0.0001s ]
NOTIC: [8] Undefined variable: areid /www/wwwroot/xbm.mashangbang.top/Application/Home/Controller/IndexController.class.php 第 32 行.
SQL: SHOW COLUMNS FROM `xb_items` [ RunTime:0.0007s ]
SQL: SELECT `ID`,`Name`,`Logurl`,`AppNumbs` FROM `xb_items` WHERE `Itype` = '1' AND `IsRec` = '1' AND `IsDel` = '0' AND `Status` = '1' AND `Showtype` IN ('1','3') AND `Isshow` = '1' ORDER BY Sort asc,ID desc LIMIT 4   [ RunTime:0.0001s ]
NOTIC: [8] Undefined variable: areid /www/wwwroot/xbm.mashangbang.top/Application/Home/Controller/IndexController.class.php 第 45 行.
SQL: SELECT a.ID,a.Name,a.Logurl,a.Intro,a.AppNumbs,c.Name as Jkdays,a.DayfeeRate,b.Name as eduname FROM xb_items a left join xb_items_moneytype b on a.MoneytypeID=b.ID left join xb_items_jktimes c on a.JktimesID=c.ID  WHERE a.Itype = '1' AND a.IsHot = '1' AND a.IsDel = '0' AND a.Status = '1' AND a.Showtype IN ('1','3') AND a.Isshow = '1' ORDER BY a.Sort asc,a.ID desc LIMIT 20   [ RunTime:0.0001s ]
INFO: [ view_parse ] --START--
INFO: [ template_filter ] --START--
INFO: Run Behavior\ContentReplaceBehavior [ RunTime:0.000069s ]
INFO: [ template_filter ] --END-- [ RunTime:0.000095s ]
NOTIC: [8] Undefined variable: SEOTitle /www/wwwroot/xbm.mashangbang.top/Application/Runtime/Cache/Home/2a94b8bda04ff446dcedd42276fc99ee.php 第 11 行.
INFO: Run Behavior\ParseTemplateBehavior [ RunTime:0.006931s ]
INFO: [ view_parse ] --END-- [ RunTime:0.006959s ]
INFO: [ view_filter ] --START--
INFO: Run Behavior\WriteHtmlCacheBehavior [ RunTime:0.000161s ]
INFO: [ view_filter ] --END-- [ RunTime:0.000183s ]
INFO: [ app_end ] --START--
INFO: Run Behavior\ShowPageTraceBehavior [ RunTime:0.000342s ]
INFO: [ app_end ] --END-- [ RunTime:0.000368s ]

[ 2019-07-29T20:12:46+08:00 ] 149.56.46.136 /
INFO: [ app_init ] --START--
INFO: Run Behavior\BuildLiteBehavior [ RunTime:0.000009s ]
INFO: [ app_init ] --END-- [ RunTime:0.000235s ]
INFO: [ app_begin ] --START--
INFO: Run Behavior\ReadHtmlCacheBehavior [ RunTime:0.000308s ]
INFO: [ app_begin ] --END-- [ RunTime:0.000339s ]
NOTIC: [8] Use of undefined constant HTTP_X_FORWARDED_FOR - assumed 'HTTP_X_FORWARDED_FOR' /www/wwwroot/xbm.mashangbang.top/Application/Common/Common/function.php 第 1396 行.
NOTIC: [8] Use of undefined constant HTTP_CLIENT_IP - assumed 'HTTP_CLIENT_IP' /www/wwwroot/xbm.mashangbang.top/Application/Common/Common/function.php 第 1398 行.
NOTIC: [8] Use of undefined constant REMOTE_ADDR - assumed 'REMOTE_ADDR' /www/wwwroot/xbm.mashangbang.top/Application/Common/Common/function.php 第 1401 行.
SQL: SHOW COLUMNS FROM `xb_sys_ipaddress` [ RunTime:0.0005s ]
SQL: SELECT * FROM `xb_sys_ipaddress` WHERE `IpAddress` = '149.56.46.136' LIMIT 1   [ RunTime:0.0003s ]
NOTIC: [8] Undefined index: data /www/wwwroot/xbm.mashangbang.top/Application/Common/Common/function.php 第 1423 行.
NOTIC: [8] Undefined index: data /www/wwwroot/xbm.mashangbang.top/Application/Common/Common/function.php 第 1424 行.
SQL: SHOW COLUMNS FROM `xb_sys_adcontent` [ RunTime:0.0005s ]
SQL: SELECT * FROM `xb_sys_adcontent` WHERE `AdvertisingID` = 1 AND `Status` = 1 ORDER BY Sort ASC,ID DESC LIMIT 3   [ RunTime:0.0001s ]
SQL: SHOW COLUMNS FROM `xb_sys_contentmanagement` [ RunTime:0.0004s ]
SQL: SELECT `ID`,`Title` FROM `xb_sys_contentmanagement` WHERE `CategoriesID` = 2 ORDER BY Sort asc,ID desc LIMIT 3   [ RunTime:0.0001s ]
SQL: SHOW COLUMNS FROM `xb_items_category` [ RunTime:0.0003s ]
SQL: SELECT `ID`,`Name`,`Imageurl` FROM `xb_items_category` WHERE `ParentID` = 0 AND `IsDel` = 0 AND `IsRec` = 1 AND `Status` = 1 ORDER BY Sort asc,ID desc LIMIT 8   [ RunTime:0.0001s ]
NOTIC: [8] Undefined variable: areid /www/wwwroot/xbm.mashangbang.top/Application/Home/Controller/IndexController.class.php 第 32 行.
SQL: SHOW COLUMNS FROM `xb_items` [ RunTime:0.0006s ]
SQL: SELECT `ID`,`Name`,`Logurl`,`AppNumbs` FROM `xb_items` WHERE `Itype` = '1' AND `IsRec` = '1' AND `IsDel` = '0' AND `Status` = '1' AND `Showtype` IN ('1','3') AND `Isshow` = '1' ORDER BY Sort asc,ID desc LIMIT 4   [ RunTime:0.0001s ]
NOTIC: [8] Undefined variable: areid /www/wwwroot/xbm.mashangbang.top/Application/Home/Controller/IndexController.class.php 第 45 行.
SQL: SELECT a.ID,a.Name,a.Logurl,a.Intro,a.AppNumbs,c.Name as Jkdays,a.DayfeeRate,b.Name as eduname FROM xb_items a left join xb_items_moneytype b on a.MoneytypeID=b.ID left join xb_items_jktimes c on a.JktimesID=c.ID  WHERE a.Itype = '1' AND a.IsHot = '1' AND a.IsDel = '0' AND a.Status = '1' AND a.Showtype IN ('1','3') AND a.Isshow = '1' ORDER BY a.Sort asc,a.ID desc LIMIT 20   [ RunTime:0.0001s ]
INFO: [ view_parse ] --START--
INFO: [ template_filter ] --START--
INFO: Run Behavior\ContentReplaceBehavior [ RunTime:0.000064s ]
INFO: [ template_filter ] --END-- [ RunTime:0.000092s ]
NOTIC: [8] Undefined variable: SEOTitle /www/wwwroot/xbm.mashangbang.top/Application/Runtime/Cache/Home/2a94b8bda04ff446dcedd42276fc99ee.php 第 11 行.
INFO: Run Behavior\ParseTemplateBehavior [ RunTime:0.006912s ]
INFO: [ view_parse ] --END-- [ RunTime:0.006937s ]
INFO: [ view_filter ] --START--
INFO: Run Behavior\WriteHtmlCacheBehavior [ RunTime:0.000170s ]
INFO: [ view_filter ] --END-- [ RunTime:0.000191s ]
INFO: [ app_end ] --START--
INFO: Run Behavior\ShowPageTraceBehavior [ RunTime:0.000339s ]
INFO: [ app_end ] --END-- [ RunTime:0.000366s ]

[ 2019-07-29T20:38:23+08:00 ] 157.25.169.7 /
INFO: [ app_init ] --START--
INFO: Run Behavior\BuildLiteBehavior [ RunTime:0.000011s ]
INFO: [ app_init ] --END-- [ RunTime:0.000258s ]
INFO: [ app_begin ] --START--
INFO: Run Behavior\ReadHtmlCacheBehavior [ RunTime:0.000331s ]
INFO: [ app_begin ] --END-- [ RunTime:0.000365s ]
NOTIC: [8] Use of undefined constant HTTP_X_FORWARDED_FOR - assumed 'HTTP_X_FORWARDED_FOR' /www/wwwroot/xbm.mashangbang.top/Application/Common/Common/function.php 第 1396 行.
NOTIC: [8] Use of undefined constant HTTP_CLIENT_IP - assumed 'HTTP_CLIENT_IP' /www/wwwroot/xbm.mashangbang.top/Application/Common/Common/function.php 第 1398 行.
NOTIC: [8] Use of undefined constant REMOTE_ADDR - assumed 'REMOTE_ADDR' /www/wwwroot/xbm.mashangbang.top/Application/Common/Common/function.php 第 1401 行.
SQL: SHOW COLUMNS FROM `xb_sys_ipaddress` [ RunTime:0.0005s ]
SQL: SELECT * FROM `xb_sys_ipaddress` WHERE `IpAddress` = '157.25.169.7' LIMIT 1   [ RunTime:0.0003s ]
NOTIC: [8] Undefined index: data /www/wwwroot/xbm.mashangbang.top/Application/Common/Common/function.php 第 1423 行.
NOTIC: [8] Undefined index: data /www/wwwroot/xbm.mashangbang.top/Application/Common/Common/function.php 第 1424 行.
SQL: SHOW COLUMNS FROM `xb_sys_adcontent` [ RunTime:0.0005s ]
SQL: SELECT * FROM `xb_sys_adcontent` WHERE `AdvertisingID` = 1 AND `Status` = 1 ORDER BY Sort ASC,ID DESC LIMIT 3   [ RunTime:0.0001s ]
SQL: SHOW COLUMNS FROM `xb_sys_contentmanagement` [ RunTime:0.0004s ]
SQL: SELECT `ID`,`Title` FROM `xb_sys_contentmanagement` WHERE `CategoriesID` = 2 ORDER BY Sort asc,ID desc LIMIT 3   [ RunTime:0.0001s ]
SQL: SHOW COLUMNS FROM `xb_items_category` [ RunTime:0.0003s ]
SQL: SELECT `ID`,`Name`,`Imageurl` FROM `xb_items_category` WHERE `ParentID` = 0 AND `IsDel` = 0 AND `IsRec` = 1 AND `Status` = 1 ORDER BY Sort asc,ID desc LIMIT 8   [ RunTime:0.0001s ]
NOTIC: [8] Undefined variable: areid /www/wwwroot/xbm.mashangbang.top/Application/Home/Controller/IndexController.class.php 第 32 行.
SQL: SHOW COLUMNS FROM `xb_items` [ RunTime:0.0007s ]
SQL: SELECT `ID`,`Name`,`Logurl`,`AppNumbs` FROM `xb_items` WHERE `Itype` = '1' AND `IsRec` = '1' AND `IsDel` = '0' AND `Status` = '1' AND `Showtype` IN ('1','3') AND `Isshow` = '1' ORDER BY Sort asc,ID desc LIMIT 4   [ RunTime:0.0001s ]
NOTIC: [8] Undefined variable: areid /www/wwwroot/xbm.mashangbang.top/Application/Home/Controller/IndexController.class.php 第 45 行.
SQL: SELECT a.ID,a.Name,a.Logurl,a.Intro,a.AppNumbs,c.Name as Jkdays,a.DayfeeRate,b.Name as eduname FROM xb_items a left join xb_items_moneytype b on a.MoneytypeID=b.ID left join xb_items_jktimes c on a.JktimesID=c.ID  WHERE a.Itype = '1' AND a.IsHot = '1' AND a.IsDel = '0' AND a.Status = '1' AND a.Showtype IN ('1','3') AND a.Isshow = '1' ORDER BY a.Sort asc,a.ID desc LIMIT 20   [ RunTime:0.0001s ]
INFO: [ view_parse ] --START--
INFO: [ template_filter ] --START--
INFO: Run Behavior\ContentReplaceBehavior [ RunTime:0.000064s ]
INFO: [ template_filter ] --END-- [ RunTime:0.000090s ]
NOTIC: [8] Undefined variable: SEOTitle /www/wwwroot/xbm.mashangbang.top/Application/Runtime/Cache/Home/2a94b8bda04ff446dcedd42276fc99ee.php 第 11 行.
INFO: Run Behavior\ParseTemplateBehavior [ RunTime:0.006833s ]
INFO: [ view_parse ] --END-- [ RunTime:0.006859s ]
INFO: [ view_filter ] --START--
INFO: Run Behavior\WriteHtmlCacheBehavior [ RunTime:0.000163s ]
INFO: [ view_filter ] --END-- [ RunTime:0.000183s ]
INFO: [ app_end ] --START--
INFO: Run Behavior\ShowPageTraceBehavior [ RunTime:0.000341s ]
INFO: [ app_end ] --END-- [ RunTime:0.000371s ]

[ 2019-07-29T23:47:05+08:00 ] 128.14.209.234 /
INFO: [ app_init ] --START--
INFO: Run Behavior\BuildLiteBehavior [ RunTime:0.000010s ]
INFO: [ app_init ] --END-- [ RunTime:0.000229s ]
INFO: [ app_begin ] --START--
INFO: Run Behavior\ReadHtmlCacheBehavior [ RunTime:0.000324s ]
INFO: [ app_begin ] --END-- [ RunTime:0.000355s ]
NOTIC: [8] Use of undefined constant HTTP_X_FORWARDED_FOR - assumed 'HTTP_X_FORWARDED_FOR' /www/wwwroot/xbm.mashangbang.top/Application/Common/Common/function.php 第 1396 行.
NOTIC: [8] Use of undefined constant HTTP_CLIENT_IP - assumed 'HTTP_CLIENT_IP' /www/wwwroot/xbm.mashangbang.top/Application/Common/Common/function.php 第 1398 行.
NOTIC: [8] Use of undefined constant REMOTE_ADDR - assumed 'REMOTE_ADDR' /www/wwwroot/xbm.mashangbang.top/Application/Common/Common/function.php 第 1401 行.
SQL: SHOW COLUMNS FROM `xb_sys_ipaddress` [ RunTime:0.0005s ]
SQL: SELECT * FROM `xb_sys_ipaddress` WHERE `IpAddress` = '128.14.209.234' LIMIT 1   [ RunTime:0.0001s ]
NOTIC: [8] Undefined index: data /www/wwwroot/xbm.mashangbang.top/Application/Common/Common/function.php 第 1423 行.
NOTIC: [8] Undefined index: data /www/wwwroot/xbm.mashangbang.top/Application/Common/Common/function.php 第 1424 行.
SQL: SHOW COLUMNS FROM `xb_sys_adcontent` [ RunTime:0.0006s ]
SQL: SELECT * FROM `xb_sys_adcontent` WHERE `AdvertisingID` = 1 AND `Status` = 1 ORDER BY Sort ASC,ID DESC LIMIT 3   [ RunTime:0.0001s ]
SQL: SHOW COLUMNS FROM `xb_sys_contentmanagement` [ RunTime:0.0004s ]
SQL: SELECT `ID`,`Title` FROM `xb_sys_contentmanagement` WHERE `CategoriesID` = 2 ORDER BY Sort asc,ID desc LIMIT 3   [ RunTime:0.0001s ]
SQL: SHOW COLUMNS FROM `xb_items_category` [ RunTime:0.0003s ]
SQL: SELECT `ID`,`Name`,`Imageurl` FROM `xb_items_category` WHERE `ParentID` = 0 AND `IsDel` = 0 AND `IsRec` = 1 AND `Status` = 1 ORDER BY Sort asc,ID desc LIMIT 8   [ RunTime:0.0001s ]
NOTIC: [8] Undefined variable: areid /www/wwwroot/xbm.mashangbang.top/Application/Home/Controller/IndexController.class.php 第 32 行.
SQL: SHOW COLUMNS FROM `xb_items` [ RunTime:0.0007s ]
SQL: SELECT `ID`,`Name`,`Logurl`,`AppNumbs` FROM `xb_items` WHERE `Itype` = '1' AND `IsRec` = '1' AND `IsDel` = '0' AND `Status` = '1' AND `Showtype` IN ('1','3') AND `Isshow` = '1' ORDER BY Sort asc,ID desc LIMIT 4   [ RunTime:0.0001s ]
NOTIC: [8] Undefined variable: areid /www/wwwroot/xbm.mashangbang.top/Application/Home/Controller/IndexController.class.php 第 45 行.
SQL: SELECT a.ID,a.Name,a.Logurl,a.Intro,a.AppNumbs,c.Name as Jkdays,a.DayfeeRate,b.Name as eduname FROM xb_items a left join xb_items_moneytype b on a.MoneytypeID=b.ID left join xb_items_jktimes c on a.JktimesID=c.ID  WHERE a.Itype = '1' AND a.IsHot = '1' AND a.IsDel = '0' AND a.Status = '1' AND a.Showtype IN ('1','3') AND a.Isshow = '1' ORDER BY a.Sort asc,a.ID desc LIMIT 20   [ RunTime:0.0001s ]
INFO: [ view_parse ] --START--
INFO: [ template_filter ] --START--
INFO: Run Behavior\ContentReplaceBehavior [ RunTime:0.000068s ]
INFO: [ template_filter ] --END-- [ RunTime:0.000097s ]
NOTIC: [8] Undefined variable: SEOTitle /www/wwwroot/xbm.mashangbang.top/Application/Runtime/Cache/Home/2a94b8bda04ff446dcedd42276fc99ee.php 第 11 行.
INFO: Run Behavior\ParseTemplateBehavior [ RunTime:0.006930s ]
INFO: [ view_parse ] --END-- [ RunTime:0.006962s ]
INFO: [ view_filter ] --START--
INFO: Run Behavior\WriteHtmlCacheBehavior [ RunTime:0.000154s ]
INFO: [ view_filter ] --END-- [ RunTime:0.000175s ]
INFO: [ app_end ] --START--
INFO: Run Behavior\ShowPageTraceBehavior [ RunTime:0.000349s ]
INFO: [ app_end ] --END-- [ RunTime:0.000392s ]

[ 2019-07-29T23:56:35+08:00 ] 114.240.243.175 /register/content_c?mobile=15842560628
INFO: [ app_init ] --START--
INFO: Run Behavior\BuildLiteBehavior [ RunTime:0.000011s ]
INFO: [ app_init ] --END-- [ RunTime:0.000243s ]
INFO: [ app_begin ] --START--
INFO: Run Behavior\ReadHtmlCacheBehavior [ RunTime:0.000312s ]
INFO: [ app_begin ] --END-- [ RunTime:0.000343s ]
INFO: [ view_parse ] --START--
INFO: [ template_filter ] --START--
INFO: Run Behavior\ContentReplaceBehavior [ RunTime:0.000042s ]
INFO: [ template_filter ] --END-- [ RunTime:0.000073s ]
INFO: Run Behavior\ParseTemplateBehavior [ RunTime:0.005106s ]
INFO: [ view_parse ] --END-- [ RunTime:0.005137s ]
INFO: [ view_filter ] --START--
INFO: Run Behavior\WriteHtmlCacheBehavior [ RunTime:0.000151s ]
INFO: [ view_filter ] --END-- [ RunTime:0.000170s ]
INFO: [ app_end ] --START--
INFO: Run Behavior\ShowPageTraceBehavior [ RunTime:0.000346s ]
INFO: [ app_end ] --END-- [ RunTime:0.000379s ]

[ 2019-07-29T23:56:36+08:00 ] 114.240.243.175 /register/getdownloadurl.html
INFO: [ app_init ] --START--
INFO: Run Behavior\BuildLiteBehavior [ RunTime:0.000010s ]
INFO: [ app_init ] --END-- [ RunTime:0.000227s ]
INFO: [ app_begin ] --START--
INFO: Run Behavior\ReadHtmlCacheBehavior [ RunTime:0.000333s ]
INFO: [ app_begin ] --END-- [ RunTime:0.000362s ]
SQL: SHOW COLUMNS FROM `xb_sys_basicinfo` [ RunTime:0.0008s ]
SQL: SELECT * FROM `xb_sys_basicinfo` LIMIT 1   [ RunTime:0.0002s ]

[ 2019-07-29T23:56:37+08:00 ] 114.240.243.175 /favicon.ico
INFO: [ app_init ] --START--
INFO: Run Behavior\BuildLiteBehavior [ RunTime:0.000011s ]
INFO: [ app_init ] --END-- [ RunTime:0.000275s ]

[ 2019-07-29T23:57:34+08:00 ] 114.240.243.175 /register/submitcontent.html
INFO: [ app_init ] --START--
INFO: Run Behavior\BuildLiteBehavior [ RunTime:0.000011s ]
INFO: [ app_init ] --END-- [ RunTime:0.000243s ]
INFO: [ app_begin ] --START--
INFO: Run Behavior\ReadHtmlCacheBehavior [ RunTime:0.000311s ]
INFO: [ app_begin ] --END-- [ RunTime:0.000341s ]
SQL: SHOW COLUMNS FROM `xb_mem_info` [ RunTime:0.0007s ]
SQL: SELECT * FROM `xb_mem_info` WHERE `Mobile` = '15842560628' AND `IsDel` = 0 LIMIT 1   [ RunTime:0.0008s ]
SQL: SHOW COLUMNS FROM `xb_mem_ed` [ RunTime:0.0004s ]
SQL: INSERT INTO `xb_mem_ed` (`name`,`mobile`,`userId`,`sex`,`createDate`,`money`,`card`,`houseType`,`carType`,`zy`,`work`,`gjj`,`ysr`,`sb`,`xyk`,`bd`,`city`) VALUES ('于晓强','15842560628','41176','1','2019-07-29 23:57:34','1','','0','0','1','3','0','3','0','0','0','') [ RunTime:0.0037s ]

