[ 2019-07-27T00:17:36+08:00 ] 94.154.27.235 /
INFO: [ app_init ] --START--
INFO: Run Behavior\BuildLiteBehavior [ RunTime:0.000010s ]
INFO: [ app_init ] --END-- [ RunTime:0.000232s ]
INFO: [ app_begin ] --START--
INFO: Run Behavior\ReadHtmlCacheBehavior [ RunTime:0.000330s ]
INFO: [ app_begin ] --END-- [ RunTime:0.000363s ]
NOTIC: [8] Use of undefined constant HTTP_X_FORWARDED_FOR - assumed 'HTTP_X_FORWARDED_FOR' /www/wwwroot/xbm.mashangbang.top/Application/Common/Common/function.php 第 1396 行.
NOTIC: [8] Use of undefined constant HTTP_CLIENT_IP - assumed 'HTTP_CLIENT_IP' /www/wwwroot/xbm.mashangbang.top/Application/Common/Common/function.php 第 1398 行.
NOTIC: [8] Use of undefined constant REMOTE_ADDR - assumed 'REMOTE_ADDR' /www/wwwroot/xbm.mashangbang.top/Application/Common/Common/function.php 第 1401 行.
SQL: SHOW COLUMNS FROM `xb_sys_ipaddress` [ RunTime:0.0005s ]
SQL: SELECT * FROM `xb_sys_ipaddress` WHERE `IpAddress` = '94.154.27.235' LIMIT 1   [ RunTime:0.0003s ]
NOTIC: [8] Undefined index: data /www/wwwroot/xbm.mashangbang.top/Application/Common/Common/function.php 第 1423 行.
NOTIC: [8] Undefined index: data /www/wwwroot/xbm.mashangbang.top/Application/Common/Common/function.php 第 1424 行.
SQL: SHOW COLUMNS FROM `xb_sys_adcontent` [ RunTime:0.0005s ]
SQL: SELECT * FROM `xb_sys_adcontent` WHERE `AdvertisingID` = 1 AND `Status` = 1 ORDER BY Sort ASC,ID DESC LIMIT 3   [ RunTime:0.0001s ]
SQL: SHOW COLUMNS FROM `xb_sys_contentmanagement` [ RunTime:0.0004s ]
SQL: SELECT `ID`,`Title` FROM `xb_sys_contentmanagement` WHERE `CategoriesID` = 2 ORDER BY Sort asc,ID desc LIMIT 3   [ RunTime:0.0001s ]
SQL: SHOW COLUMNS FROM `xb_items_category` [ RunTime:0.0004s ]
SQL: SELECT `ID`,`Name`,`Imageurl` FROM `xb_items_category` WHERE `ParentID` = 0 AND `IsDel` = 0 AND `IsRec` = 1 AND `Status` = 1 ORDER BY Sort asc,ID desc LIMIT 8   [ RunTime:0.0001s ]
NOTIC: [8] Undefined variable: areid /www/wwwroot/xbm.mashangbang.top/Application/Home/Controller/IndexController.class.php 第 32 行.
SQL: SHOW COLUMNS FROM `xb_items` [ RunTime:0.0007s ]
SQL: SELECT `ID`,`Name`,`Logurl`,`AppNumbs` FROM `xb_items` WHERE `Itype` = '1' AND `IsRec` = '1' AND `IsDel` = '0' AND `Status` = '1' AND `Showtype` IN ('1','3') AND `Isshow` = '1' ORDER BY Sort asc,ID desc LIMIT 4   [ RunTime:0.0001s ]
NOTIC: [8] Undefined variable: areid /www/wwwroot/xbm.mashangbang.top/Application/Home/Controller/IndexController.class.php 第 45 行.
SQL: SELECT a.ID,a.Name,a.Logurl,a.Intro,a.AppNumbs,c.Name as Jkdays,a.DayfeeRate,b.Name as eduname FROM xb_items a left join xb_items_moneytype b on a.MoneytypeID=b.ID left join xb_items_jktimes c on a.JktimesID=c.ID  WHERE a.Itype = '1' AND a.IsHot = '1' AND a.IsDel = '0' AND a.Status = '1' AND a.Showtype IN ('1','3') AND a.Isshow = '1' ORDER BY a.Sort asc,a.ID desc LIMIT 20   [ RunTime:0.0001s ]
INFO: [ view_parse ] --START--
INFO: [ template_filter ] --START--
INFO: Run Behavior\ContentReplaceBehavior [ RunTime:0.000065s ]
INFO: [ template_filter ] --END-- [ RunTime:0.000093s ]
NOTIC: [8] Undefined variable: SEOTitle /www/wwwroot/xbm.mashangbang.top/Application/Runtime/Cache/Home/2a94b8bda04ff446dcedd42276fc99ee.php 第 11 行.
INFO: Run Behavior\ParseTemplateBehavior [ RunTime:0.006894s ]
INFO: [ view_parse ] --END-- [ RunTime:0.006921s ]
INFO: [ view_filter ] --START--
INFO: Run Behavior\WriteHtmlCacheBehavior [ RunTime:0.000182s ]
INFO: [ view_filter ] --END-- [ RunTime:0.000204s ]
INFO: [ app_end ] --START--
INFO: Run Behavior\ShowPageTraceBehavior [ RunTime:0.000336s ]
INFO: [ app_end ] --END-- [ RunTime:0.000364s ]

[ 2019-07-27T01:23:54+08:00 ] 111.231.99.77 /
INFO: [ app_init ] --START--
INFO: Run Behavior\BuildLiteBehavior [ RunTime:0.000011s ]
INFO: [ app_init ] --END-- [ RunTime:0.000233s ]
INFO: [ app_begin ] --START--
INFO: Run Behavior\ReadHtmlCacheBehavior [ RunTime:0.000320s ]
INFO: [ app_begin ] --END-- [ RunTime:0.000354s ]
NOTIC: [8] Use of undefined constant HTTP_X_FORWARDED_FOR - assumed 'HTTP_X_FORWARDED_FOR' /www/wwwroot/xbm.mashangbang.top/Application/Common/Common/function.php 第 1396 行.
NOTIC: [8] Use of undefined constant HTTP_CLIENT_IP - assumed 'HTTP_CLIENT_IP' /www/wwwroot/xbm.mashangbang.top/Application/Common/Common/function.php 第 1398 行.
NOTIC: [8] Use of undefined constant REMOTE_ADDR - assumed 'REMOTE_ADDR' /www/wwwroot/xbm.mashangbang.top/Application/Common/Common/function.php 第 1401 行.
SQL: SHOW COLUMNS FROM `xb_sys_ipaddress` [ RunTime:0.0005s ]
SQL: SELECT * FROM `xb_sys_ipaddress` WHERE `IpAddress` = '111.231.99.77' LIMIT 1   [ RunTime:0.0003s ]
NOTIC: [8] Undefined index: data /www/wwwroot/xbm.mashangbang.top/Application/Common/Common/function.php 第 1423 行.
NOTIC: [8] Undefined index: data /www/wwwroot/xbm.mashangbang.top/Application/Common/Common/function.php 第 1424 行.
SQL: SHOW COLUMNS FROM `xb_sys_adcontent` [ RunTime:0.0005s ]
SQL: SELECT * FROM `xb_sys_adcontent` WHERE `AdvertisingID` = 1 AND `Status` = 1 ORDER BY Sort ASC,ID DESC LIMIT 3   [ RunTime:0.0001s ]
SQL: SHOW COLUMNS FROM `xb_sys_contentmanagement` [ RunTime:0.0004s ]
SQL: SELECT `ID`,`Title` FROM `xb_sys_contentmanagement` WHERE `CategoriesID` = 2 ORDER BY Sort asc,ID desc LIMIT 3   [ RunTime:0.0001s ]
SQL: SHOW COLUMNS FROM `xb_items_category` [ RunTime:0.0004s ]
SQL: SELECT `ID`,`Name`,`Imageurl` FROM `xb_items_category` WHERE `ParentID` = 0 AND `IsDel` = 0 AND `IsRec` = 1 AND `Status` = 1 ORDER BY Sort asc,ID desc LIMIT 8   [ RunTime:0.0001s ]
NOTIC: [8] Undefined variable: areid /www/wwwroot/xbm.mashangbang.top/Application/Home/Controller/IndexController.class.php 第 32 行.
SQL: SHOW COLUMNS FROM `xb_items` [ RunTime:0.0006s ]
SQL: SELECT `ID`,`Name`,`Logurl`,`AppNumbs` FROM `xb_items` WHERE `Itype` = '1' AND `IsRec` = '1' AND `IsDel` = '0' AND `Status` = '1' AND `Showtype` IN ('1','3') AND `Isshow` = '1' ORDER BY Sort asc,ID desc LIMIT 4   [ RunTime:0.0001s ]
NOTIC: [8] Undefined variable: areid /www/wwwroot/xbm.mashangbang.top/Application/Home/Controller/IndexController.class.php 第 45 行.
SQL: SELECT a.ID,a.Name,a.Logurl,a.Intro,a.AppNumbs,c.Name as Jkdays,a.DayfeeRate,b.Name as eduname FROM xb_items a left join xb_items_moneytype b on a.MoneytypeID=b.ID left join xb_items_jktimes c on a.JktimesID=c.ID  WHERE a.Itype = '1' AND a.IsHot = '1' AND a.IsDel = '0' AND a.Status = '1' AND a.Showtype IN ('1','3') AND a.Isshow = '1' ORDER BY a.Sort asc,a.ID desc LIMIT 20   [ RunTime:0.0001s ]
INFO: [ view_parse ] --START--
INFO: [ template_filter ] --START--
INFO: Run Behavior\ContentReplaceBehavior [ RunTime:0.000064s ]
INFO: [ template_filter ] --END-- [ RunTime:0.000092s ]
NOTIC: [8] Undefined variable: SEOTitle /www/wwwroot/xbm.mashangbang.top/Application/Runtime/Cache/Home/2a94b8bda04ff446dcedd42276fc99ee.php 第 11 行.
INFO: Run Behavior\ParseTemplateBehavior [ RunTime:0.006938s ]
INFO: [ view_parse ] --END-- [ RunTime:0.006965s ]
INFO: [ view_filter ] --START--
INFO: Run Behavior\WriteHtmlCacheBehavior [ RunTime:0.000175s ]
INFO: [ view_filter ] --END-- [ RunTime:0.000198s ]
INFO: [ app_end ] --START--
INFO: Run Behavior\ShowPageTraceBehavior [ RunTime:0.000337s ]
INFO: [ app_end ] --END-- [ RunTime:0.000366s ]

[ 2019-07-27T02:27:02+08:00 ] 73.152.7.103 /
INFO: [ app_init ] --START--
INFO: Run Behavior\BuildLiteBehavior [ RunTime:0.000011s ]
INFO: [ app_init ] --END-- [ RunTime:0.000234s ]
INFO: [ app_begin ] --START--
INFO: Run Behavior\ReadHtmlCacheBehavior [ RunTime:0.000334s ]
INFO: [ app_begin ] --END-- [ RunTime:0.000368s ]
NOTIC: [8] Use of undefined constant HTTP_X_FORWARDED_FOR - assumed 'HTTP_X_FORWARDED_FOR' /www/wwwroot/xbm.mashangbang.top/Application/Common/Common/function.php 第 1396 行.
NOTIC: [8] Use of undefined constant HTTP_CLIENT_IP - assumed 'HTTP_CLIENT_IP' /www/wwwroot/xbm.mashangbang.top/Application/Common/Common/function.php 第 1398 行.
NOTIC: [8] Use of undefined constant REMOTE_ADDR - assumed 'REMOTE_ADDR' /www/wwwroot/xbm.mashangbang.top/Application/Common/Common/function.php 第 1401 行.
SQL: SHOW COLUMNS FROM `xb_sys_ipaddress` [ RunTime:0.0005s ]
SQL: SELECT * FROM `xb_sys_ipaddress` WHERE `IpAddress` = '73.152.7.103' LIMIT 1   [ RunTime:0.0003s ]
NOTIC: [8] Undefined index: data /www/wwwroot/xbm.mashangbang.top/Application/Common/Common/function.php 第 1423 行.
NOTIC: [8] Undefined index: data /www/wwwroot/xbm.mashangbang.top/Application/Common/Common/function.php 第 1424 行.
SQL: SHOW COLUMNS FROM `xb_sys_adcontent` [ RunTime:0.0005s ]
SQL: SELECT * FROM `xb_sys_adcontent` WHERE `AdvertisingID` = 1 AND `Status` = 1 ORDER BY Sort ASC,ID DESC LIMIT 3   [ RunTime:0.0001s ]
SQL: SHOW COLUMNS FROM `xb_sys_contentmanagement` [ RunTime:0.0004s ]
SQL: SELECT `ID`,`Title` FROM `xb_sys_contentmanagement` WHERE `CategoriesID` = 2 ORDER BY Sort asc,ID desc LIMIT 3   [ RunTime:0.0001s ]
SQL: SHOW COLUMNS FROM `xb_items_category` [ RunTime:0.0003s ]
SQL: SELECT `ID`,`Name`,`Imageurl` FROM `xb_items_category` WHERE `ParentID` = 0 AND `IsDel` = 0 AND `IsRec` = 1 AND `Status` = 1 ORDER BY Sort asc,ID desc LIMIT 8   [ RunTime:0.0001s ]
NOTIC: [8] Undefined variable: areid /www/wwwroot/xbm.mashangbang.top/Application/Home/Controller/IndexController.class.php 第 32 行.
SQL: SHOW COLUMNS FROM `xb_items` [ RunTime:0.0006s ]
SQL: SELECT `ID`,`Name`,`Logurl`,`AppNumbs` FROM `xb_items` WHERE `Itype` = '1' AND `IsRec` = '1' AND `IsDel` = '0' AND `Status` = '1' AND `Showtype` IN ('1','3') AND `Isshow` = '1' ORDER BY Sort asc,ID desc LIMIT 4   [ RunTime:0.0001s ]
NOTIC: [8] Undefined variable: areid /www/wwwroot/xbm.mashangbang.top/Application/Home/Controller/IndexController.class.php 第 45 行.
SQL: SELECT a.ID,a.Name,a.Logurl,a.Intro,a.AppNumbs,c.Name as Jkdays,a.DayfeeRate,b.Name as eduname FROM xb_items a left join xb_items_moneytype b on a.MoneytypeID=b.ID left join xb_items_jktimes c on a.JktimesID=c.ID  WHERE a.Itype = '1' AND a.IsHot = '1' AND a.IsDel = '0' AND a.Status = '1' AND a.Showtype IN ('1','3') AND a.Isshow = '1' ORDER BY a.Sort asc,a.ID desc LIMIT 20   [ RunTime:0.0001s ]
INFO: [ view_parse ] --START--
INFO: [ template_filter ] --START--
INFO: Run Behavior\ContentReplaceBehavior [ RunTime:0.000066s ]
INFO: [ template_filter ] --END-- [ RunTime:0.000093s ]
NOTIC: [8] Undefined variable: SEOTitle /www/wwwroot/xbm.mashangbang.top/Application/Runtime/Cache/Home/2a94b8bda04ff446dcedd42276fc99ee.php 第 11 行.
INFO: Run Behavior\ParseTemplateBehavior [ RunTime:0.006899s ]
INFO: [ view_parse ] --END-- [ RunTime:0.006925s ]
INFO: [ view_filter ] --START--
INFO: Run Behavior\WriteHtmlCacheBehavior [ RunTime:0.000172s ]
INFO: [ view_filter ] --END-- [ RunTime:0.000194s ]
INFO: [ app_end ] --START--
INFO: Run Behavior\ShowPageTraceBehavior [ RunTime:0.000370s ]
INFO: [ app_end ] --END-- [ RunTime:0.000399s ]

[ 2019-07-27T04:48:19+08:00 ] 92.38.45.139 /
INFO: [ app_init ] --START--
INFO: Run Behavior\BuildLiteBehavior [ RunTime:0.000010s ]
INFO: [ app_init ] --END-- [ RunTime:0.000234s ]
INFO: [ app_begin ] --START--
INFO: Run Behavior\ReadHtmlCacheBehavior [ RunTime:0.000361s ]
INFO: [ app_begin ] --END-- [ RunTime:0.000396s ]
NOTIC: [8] Use of undefined constant HTTP_X_FORWARDED_FOR - assumed 'HTTP_X_FORWARDED_FOR' /www/wwwroot/xbm.mashangbang.top/Application/Common/Common/function.php 第 1396 行.
NOTIC: [8] Use of undefined constant HTTP_CLIENT_IP - assumed 'HTTP_CLIENT_IP' /www/wwwroot/xbm.mashangbang.top/Application/Common/Common/function.php 第 1398 行.
NOTIC: [8] Use of undefined constant REMOTE_ADDR - assumed 'REMOTE_ADDR' /www/wwwroot/xbm.mashangbang.top/Application/Common/Common/function.php 第 1401 行.
SQL: SHOW COLUMNS FROM `xb_sys_ipaddress` [ RunTime:0.0005s ]
SQL: SELECT * FROM `xb_sys_ipaddress` WHERE `IpAddress` = '92.38.45.139' LIMIT 1   [ RunTime:0.0003s ]
NOTIC: [8] Undefined index: data /www/wwwroot/xbm.mashangbang.top/Application/Common/Common/function.php 第 1423 行.
NOTIC: [8] Undefined index: data /www/wwwroot/xbm.mashangbang.top/Application/Common/Common/function.php 第 1424 行.
SQL: SHOW COLUMNS FROM `xb_sys_adcontent` [ RunTime:0.0005s ]
SQL: SELECT * FROM `xb_sys_adcontent` WHERE `AdvertisingID` = 1 AND `Status` = 1 ORDER BY Sort ASC,ID DESC LIMIT 3   [ RunTime:0.0001s ]
SQL: SHOW COLUMNS FROM `xb_sys_contentmanagement` [ RunTime:0.0004s ]
SQL: SELECT `ID`,`Title` FROM `xb_sys_contentmanagement` WHERE `CategoriesID` = 2 ORDER BY Sort asc,ID desc LIMIT 3   [ RunTime:0.0001s ]
SQL: SHOW COLUMNS FROM `xb_items_category` [ RunTime:0.0003s ]
SQL: SELECT `ID`,`Name`,`Imageurl` FROM `xb_items_category` WHERE `ParentID` = 0 AND `IsDel` = 0 AND `IsRec` = 1 AND `Status` = 1 ORDER BY Sort asc,ID desc LIMIT 8   [ RunTime:0.0001s ]
NOTIC: [8] Undefined variable: areid /www/wwwroot/xbm.mashangbang.top/Application/Home/Controller/IndexController.class.php 第 32 行.
SQL: SHOW COLUMNS FROM `xb_items` [ RunTime:0.0006s ]
SQL: SELECT `ID`,`Name`,`Logurl`,`AppNumbs` FROM `xb_items` WHERE `Itype` = '1' AND `IsRec` = '1' AND `IsDel` = '0' AND `Status` = '1' AND `Showtype` IN ('1','3') AND `Isshow` = '1' ORDER BY Sort asc,ID desc LIMIT 4   [ RunTime:0.0001s ]
NOTIC: [8] Undefined variable: areid /www/wwwroot/xbm.mashangbang.top/Application/Home/Controller/IndexController.class.php 第 45 行.
SQL: SELECT a.ID,a.Name,a.Logurl,a.Intro,a.AppNumbs,c.Name as Jkdays,a.DayfeeRate,b.Name as eduname FROM xb_items a left join xb_items_moneytype b on a.MoneytypeID=b.ID left join xb_items_jktimes c on a.JktimesID=c.ID  WHERE a.Itype = '1' AND a.IsHot = '1' AND a.IsDel = '0' AND a.Status = '1' AND a.Showtype IN ('1','3') AND a.Isshow = '1' ORDER BY a.Sort asc,a.ID desc LIMIT 20   [ RunTime:0.0001s ]
INFO: [ view_parse ] --START--
INFO: [ template_filter ] --START--
INFO: Run Behavior\ContentReplaceBehavior [ RunTime:0.000065s ]
INFO: [ template_filter ] --END-- [ RunTime:0.000093s ]
NOTIC: [8] Undefined variable: SEOTitle /www/wwwroot/xbm.mashangbang.top/Application/Runtime/Cache/Home/2a94b8bda04ff446dcedd42276fc99ee.php 第 11 行.
INFO: Run Behavior\ParseTemplateBehavior [ RunTime:0.006899s ]
INFO: [ view_parse ] --END-- [ RunTime:0.006925s ]
INFO: [ view_filter ] --START--
INFO: Run Behavior\WriteHtmlCacheBehavior [ RunTime:0.000160s ]
INFO: [ view_filter ] --END-- [ RunTime:0.000180s ]
INFO: [ app_end ] --START--
INFO: Run Behavior\ShowPageTraceBehavior [ RunTime:0.000356s ]
INFO: [ app_end ] --END-- [ RunTime:0.000393s ]

[ 2019-07-27T06:26:20+08:00 ] 189.39.241.45 /
INFO: [ app_init ] --START--
INFO: Run Behavior\BuildLiteBehavior [ RunTime:0.000010s ]
INFO: [ app_init ] --END-- [ RunTime:0.000238s ]
INFO: [ app_begin ] --START--
INFO: Run Behavior\ReadHtmlCacheBehavior [ RunTime:0.000318s ]
INFO: [ app_begin ] --END-- [ RunTime:0.000352s ]
NOTIC: [8] Use of undefined constant HTTP_X_FORWARDED_FOR - assumed 'HTTP_X_FORWARDED_FOR' /www/wwwroot/xbm.mashangbang.top/Application/Common/Common/function.php 第 1396 行.
NOTIC: [8] Use of undefined constant HTTP_CLIENT_IP - assumed 'HTTP_CLIENT_IP' /www/wwwroot/xbm.mashangbang.top/Application/Common/Common/function.php 第 1398 行.
NOTIC: [8] Use of undefined constant REMOTE_ADDR - assumed 'REMOTE_ADDR' /www/wwwroot/xbm.mashangbang.top/Application/Common/Common/function.php 第 1401 行.
SQL: SHOW COLUMNS FROM `xb_sys_ipaddress` [ RunTime:0.0005s ]
SQL: SELECT * FROM `xb_sys_ipaddress` WHERE `IpAddress` = '189.39.241.45' LIMIT 1   [ RunTime:0.0003s ]
NOTIC: [8] Undefined index: data /www/wwwroot/xbm.mashangbang.top/Application/Common/Common/function.php 第 1423 行.
NOTIC: [8] Undefined index: data /www/wwwroot/xbm.mashangbang.top/Application/Common/Common/function.php 第 1424 行.
SQL: SHOW COLUMNS FROM `xb_sys_adcontent` [ RunTime:0.0005s ]
SQL: SELECT * FROM `xb_sys_adcontent` WHERE `AdvertisingID` = 1 AND `Status` = 1 ORDER BY Sort ASC,ID DESC LIMIT 3   [ RunTime:0.0001s ]
SQL: SHOW COLUMNS FROM `xb_sys_contentmanagement` [ RunTime:0.0004s ]
SQL: SELECT `ID`,`Title` FROM `xb_sys_contentmanagement` WHERE `CategoriesID` = 2 ORDER BY Sort asc,ID desc LIMIT 3   [ RunTime:0.0001s ]
SQL: SHOW COLUMNS FROM `xb_items_category` [ RunTime:0.0003s ]
SQL: SELECT `ID`,`Name`,`Imageurl` FROM `xb_items_category` WHERE `ParentID` = 0 AND `IsDel` = 0 AND `IsRec` = 1 AND `Status` = 1 ORDER BY Sort asc,ID desc LIMIT 8   [ RunTime:0.0001s ]
NOTIC: [8] Undefined variable: areid /www/wwwroot/xbm.mashangbang.top/Application/Home/Controller/IndexController.class.php 第 32 行.
SQL: SHOW COLUMNS FROM `xb_items` [ RunTime:0.0006s ]
SQL: SELECT `ID`,`Name`,`Logurl`,`AppNumbs` FROM `xb_items` WHERE `Itype` = '1' AND `IsRec` = '1' AND `IsDel` = '0' AND `Status` = '1' AND `Showtype` IN ('1','3') AND `Isshow` = '1' ORDER BY Sort asc,ID desc LIMIT 4   [ RunTime:0.0001s ]
NOTIC: [8] Undefined variable: areid /www/wwwroot/xbm.mashangbang.top/Application/Home/Controller/IndexController.class.php 第 45 行.
SQL: SELECT a.ID,a.Name,a.Logurl,a.Intro,a.AppNumbs,c.Name as Jkdays,a.DayfeeRate,b.Name as eduname FROM xb_items a left join xb_items_moneytype b on a.MoneytypeID=b.ID left join xb_items_jktimes c on a.JktimesID=c.ID  WHERE a.Itype = '1' AND a.IsHot = '1' AND a.IsDel = '0' AND a.Status = '1' AND a.Showtype IN ('1','3') AND a.Isshow = '1' ORDER BY a.Sort asc,a.ID desc LIMIT 20   [ RunTime:0.0001s ]
INFO: [ view_parse ] --START--
INFO: [ template_filter ] --START--
INFO: Run Behavior\ContentReplaceBehavior [ RunTime:0.000067s ]
INFO: [ template_filter ] --END-- [ RunTime:0.000095s ]
NOTIC: [8] Undefined variable: SEOTitle /www/wwwroot/xbm.mashangbang.top/Application/Runtime/Cache/Home/2a94b8bda04ff446dcedd42276fc99ee.php 第 11 行.
INFO: Run Behavior\ParseTemplateBehavior [ RunTime:0.006849s ]
INFO: [ view_parse ] --END-- [ RunTime:0.006875s ]
INFO: [ view_filter ] --START--
INFO: Run Behavior\WriteHtmlCacheBehavior [ RunTime:0.000160s ]
INFO: [ view_filter ] --END-- [ RunTime:0.000180s ]
INFO: [ app_end ] --START--
INFO: Run Behavior\ShowPageTraceBehavior [ RunTime:0.000331s ]
INFO: [ app_end ] --END-- [ RunTime:0.000358s ]

[ 2019-07-27T06:52:10+08:00 ] 51.254.59.113 /
INFO: [ app_init ] --START--
INFO: Run Behavior\BuildLiteBehavior [ RunTime:0.000010s ]
INFO: [ app_init ] --END-- [ RunTime:0.000274s ]
INFO: [ app_begin ] --START--
INFO: Run Behavior\ReadHtmlCacheBehavior [ RunTime:0.000323s ]
INFO: [ app_begin ] --END-- [ RunTime:0.000358s ]
NOTIC: [8] Use of undefined constant HTTP_X_FORWARDED_FOR - assumed 'HTTP_X_FORWARDED_FOR' /www/wwwroot/xbm.mashangbang.top/Application/Common/Common/function.php 第 1396 行.
NOTIC: [8] Use of undefined constant HTTP_CLIENT_IP - assumed 'HTTP_CLIENT_IP' /www/wwwroot/xbm.mashangbang.top/Application/Common/Common/function.php 第 1398 行.
NOTIC: [8] Use of undefined constant REMOTE_ADDR - assumed 'REMOTE_ADDR' /www/wwwroot/xbm.mashangbang.top/Application/Common/Common/function.php 第 1401 行.
SQL: SHOW COLUMNS FROM `xb_sys_ipaddress` [ RunTime:0.0005s ]
SQL: SELECT * FROM `xb_sys_ipaddress` WHERE `IpAddress` = '51.254.59.113' LIMIT 1   [ RunTime:0.0001s ]
NOTIC: [8] Undefined index: data /www/wwwroot/xbm.mashangbang.top/Application/Common/Common/function.php 第 1423 行.
NOTIC: [8] Undefined index: data /www/wwwroot/xbm.mashangbang.top/Application/Common/Common/function.php 第 1424 行.
SQL: SHOW COLUMNS FROM `xb_sys_adcontent` [ RunTime:0.0005s ]
SQL: SELECT * FROM `xb_sys_adcontent` WHERE `AdvertisingID` = 1 AND `Status` = 1 ORDER BY Sort ASC,ID DESC LIMIT 3   [ RunTime:0.0002s ]
SQL: SHOW COLUMNS FROM `xb_sys_contentmanagement` [ RunTime:0.0004s ]
SQL: SELECT `ID`,`Title` FROM `xb_sys_contentmanagement` WHERE `CategoriesID` = 2 ORDER BY Sort asc,ID desc LIMIT 3   [ RunTime:0.0001s ]
SQL: SHOW COLUMNS FROM `xb_items_category` [ RunTime:0.0003s ]
SQL: SELECT `ID`,`Name`,`Imageurl` FROM `xb_items_category` WHERE `ParentID` = 0 AND `IsDel` = 0 AND `IsRec` = 1 AND `Status` = 1 ORDER BY Sort asc,ID desc LIMIT 8   [ RunTime:0.0001s ]
NOTIC: [8] Undefined variable: areid /www/wwwroot/xbm.mashangbang.top/Application/Home/Controller/IndexController.class.php 第 32 行.
SQL: SHOW COLUMNS FROM `xb_items` [ RunTime:0.0006s ]
SQL: SELECT `ID`,`Name`,`Logurl`,`AppNumbs` FROM `xb_items` WHERE `Itype` = '1' AND `IsRec` = '1' AND `IsDel` = '0' AND `Status` = '1' AND `Showtype` IN ('1','3') AND `Isshow` = '1' ORDER BY Sort asc,ID desc LIMIT 4   [ RunTime:0.0001s ]
NOTIC: [8] Undefined variable: areid /www/wwwroot/xbm.mashangbang.top/Application/Home/Controller/IndexController.class.php 第 45 行.
SQL: SELECT a.ID,a.Name,a.Logurl,a.Intro,a.AppNumbs,c.Name as Jkdays,a.DayfeeRate,b.Name as eduname FROM xb_items a left join xb_items_moneytype b on a.MoneytypeID=b.ID left join xb_items_jktimes c on a.JktimesID=c.ID  WHERE a.Itype = '1' AND a.IsHot = '1' AND a.IsDel = '0' AND a.Status = '1' AND a.Showtype IN ('1','3') AND a.Isshow = '1' ORDER BY a.Sort asc,a.ID desc LIMIT 20   [ RunTime:0.0001s ]
INFO: [ view_parse ] --START--
INFO: [ template_filter ] --START--
INFO: Run Behavior\ContentReplaceBehavior [ RunTime:0.000064s ]
INFO: [ template_filter ] --END-- [ RunTime:0.000090s ]
NOTIC: [8] Undefined variable: SEOTitle /www/wwwroot/xbm.mashangbang.top/Application/Runtime/Cache/Home/2a94b8bda04ff446dcedd42276fc99ee.php 第 11 行.
INFO: Run Behavior\ParseTemplateBehavior [ RunTime:0.007105s ]
INFO: [ view_parse ] --END-- [ RunTime:0.007151s ]
INFO: [ view_filter ] --START--
INFO: Run Behavior\WriteHtmlCacheBehavior [ RunTime:0.000164s ]
INFO: [ view_filter ] --END-- [ RunTime:0.000184s ]
INFO: [ app_end ] --START--
INFO: Run Behavior\ShowPageTraceBehavior [ RunTime:0.000338s ]
INFO: [ app_end ] --END-- [ RunTime:0.000364s ]

[ 2019-07-27T07:15:58+08:00 ] 200.53.28.67 /
INFO: [ app_init ] --START--
INFO: Run Behavior\BuildLiteBehavior [ RunTime:0.000009s ]
INFO: [ app_init ] --END-- [ RunTime:0.000244s ]
INFO: [ app_begin ] --START--
INFO: Run Behavior\ReadHtmlCacheBehavior [ RunTime:0.000306s ]
INFO: [ app_begin ] --END-- [ RunTime:0.000337s ]
NOTIC: [8] Use of undefined constant HTTP_X_FORWARDED_FOR - assumed 'HTTP_X_FORWARDED_FOR' /www/wwwroot/xbm.mashangbang.top/Application/Common/Common/function.php 第 1396 行.
NOTIC: [8] Use of undefined constant HTTP_CLIENT_IP - assumed 'HTTP_CLIENT_IP' /www/wwwroot/xbm.mashangbang.top/Application/Common/Common/function.php 第 1398 行.
NOTIC: [8] Use of undefined constant REMOTE_ADDR - assumed 'REMOTE_ADDR' /www/wwwroot/xbm.mashangbang.top/Application/Common/Common/function.php 第 1401 行.
SQL: SHOW COLUMNS FROM `xb_sys_ipaddress` [ RunTime:0.0005s ]
SQL: SELECT * FROM `xb_sys_ipaddress` WHERE `IpAddress` = '200.53.28.67' LIMIT 1   [ RunTime:0.0003s ]
NOTIC: [8] Undefined index: data /www/wwwroot/xbm.mashangbang.top/Application/Common/Common/function.php 第 1423 行.
NOTIC: [8] Undefined index: data /www/wwwroot/xbm.mashangbang.top/Application/Common/Common/function.php 第 1424 行.
SQL: SHOW COLUMNS FROM `xb_sys_adcontent` [ RunTime:0.0005s ]
SQL: SELECT * FROM `xb_sys_adcontent` WHERE `AdvertisingID` = 1 AND `Status` = 1 ORDER BY Sort ASC,ID DESC LIMIT 3   [ RunTime:0.0003s ]
SQL: SHOW COLUMNS FROM `xb_sys_contentmanagement` [ RunTime:0.0004s ]
SQL: SELECT `ID`,`Title` FROM `xb_sys_contentmanagement` WHERE `CategoriesID` = 2 ORDER BY Sort asc,ID desc LIMIT 3   [ RunTime:0.0001s ]
SQL: SHOW COLUMNS FROM `xb_items_category` [ RunTime:0.0004s ]
SQL: SELECT `ID`,`Name`,`Imageurl` FROM `xb_items_category` WHERE `ParentID` = 0 AND `IsDel` = 0 AND `IsRec` = 1 AND `Status` = 1 ORDER BY Sort asc,ID desc LIMIT 8   [ RunTime:0.0001s ]
NOTIC: [8] Undefined variable: areid /www/wwwroot/xbm.mashangbang.top/Application/Home/Controller/IndexController.class.php 第 32 行.
SQL: SHOW COLUMNS FROM `xb_items` [ RunTime:0.0007s ]
SQL: SELECT `ID`,`Name`,`Logurl`,`AppNumbs` FROM `xb_items` WHERE `Itype` = '1' AND `IsRec` = '1' AND `IsDel` = '0' AND `Status` = '1' AND `Showtype` IN ('1','3') AND `Isshow` = '1' ORDER BY Sort asc,ID desc LIMIT 4   [ RunTime:0.0001s ]
NOTIC: [8] Undefined variable: areid /www/wwwroot/xbm.mashangbang.top/Application/Home/Controller/IndexController.class.php 第 45 行.
SQL: SELECT a.ID,a.Name,a.Logurl,a.Intro,a.AppNumbs,c.Name as Jkdays,a.DayfeeRate,b.Name as eduname FROM xb_items a left join xb_items_moneytype b on a.MoneytypeID=b.ID left join xb_items_jktimes c on a.JktimesID=c.ID  WHERE a.Itype = '1' AND a.IsHot = '1' AND a.IsDel = '0' AND a.Status = '1' AND a.Showtype IN ('1','3') AND a.Isshow = '1' ORDER BY a.Sort asc,a.ID desc LIMIT 20   [ RunTime:0.0001s ]
INFO: [ view_parse ] --START--
INFO: [ template_filter ] --START--
INFO: Run Behavior\ContentReplaceBehavior [ RunTime:0.000067s ]
INFO: [ template_filter ] --END-- [ RunTime:0.000094s ]
NOTIC: [8] Undefined variable: SEOTitle /www/wwwroot/xbm.mashangbang.top/Application/Runtime/Cache/Home/2a94b8bda04ff446dcedd42276fc99ee.php 第 11 行.
INFO: Run Behavior\ParseTemplateBehavior [ RunTime:0.007088s ]
INFO: [ view_parse ] --END-- [ RunTime:0.007115s ]
INFO: [ view_filter ] --START--
INFO: Run Behavior\WriteHtmlCacheBehavior [ RunTime:0.000171s ]
INFO: [ view_filter ] --END-- [ RunTime:0.000192s ]
INFO: [ app_end ] --START--
INFO: Run Behavior\ShowPageTraceBehavior [ RunTime:0.000349s ]
INFO: [ app_end ] --END-- [ RunTime:0.000376s ]

[ 2019-07-27T07:45:47+08:00 ] 128.14.209.250 /
INFO: [ app_init ] --START--
INFO: Run Behavior\BuildLiteBehavior [ RunTime:0.000010s ]
INFO: [ app_init ] --END-- [ RunTime:0.000286s ]
INFO: [ app_begin ] --START--
INFO: Run Behavior\ReadHtmlCacheBehavior [ RunTime:0.000338s ]
INFO: [ app_begin ] --END-- [ RunTime:0.000371s ]
NOTIC: [8] Use of undefined constant HTTP_X_FORWARDED_FOR - assumed 'HTTP_X_FORWARDED_FOR' /www/wwwroot/xbm.mashangbang.top/Application/Common/Common/function.php 第 1396 行.
NOTIC: [8] Use of undefined constant HTTP_CLIENT_IP - assumed 'HTTP_CLIENT_IP' /www/wwwroot/xbm.mashangbang.top/Application/Common/Common/function.php 第 1398 行.
NOTIC: [8] Use of undefined constant REMOTE_ADDR - assumed 'REMOTE_ADDR' /www/wwwroot/xbm.mashangbang.top/Application/Common/Common/function.php 第 1401 行.
SQL: SHOW COLUMNS FROM `xb_sys_ipaddress` [ RunTime:0.0005s ]
SQL: SELECT * FROM `xb_sys_ipaddress` WHERE `IpAddress` = '128.14.209.250' LIMIT 1   [ RunTime:0.0003s ]
NOTIC: [8] Undefined index: data /www/wwwroot/xbm.mashangbang.top/Application/Common/Common/function.php 第 1423 行.
NOTIC: [8] Undefined index: data /www/wwwroot/xbm.mashangbang.top/Application/Common/Common/function.php 第 1424 行.
SQL: SHOW COLUMNS FROM `xb_sys_adcontent` [ RunTime:0.0005s ]
SQL: SELECT * FROM `xb_sys_adcontent` WHERE `AdvertisingID` = 1 AND `Status` = 1 ORDER BY Sort ASC,ID DESC LIMIT 3   [ RunTime:0.0001s ]
SQL: SHOW COLUMNS FROM `xb_sys_contentmanagement` [ RunTime:0.0004s ]
SQL: SELECT `ID`,`Title` FROM `xb_sys_contentmanagement` WHERE `CategoriesID` = 2 ORDER BY Sort asc,ID desc LIMIT 3   [ RunTime:0.0001s ]
SQL: SHOW COLUMNS FROM `xb_items_category` [ RunTime:0.0003s ]
SQL: SELECT `ID`,`Name`,`Imageurl` FROM `xb_items_category` WHERE `ParentID` = 0 AND `IsDel` = 0 AND `IsRec` = 1 AND `Status` = 1 ORDER BY Sort asc,ID desc LIMIT 8   [ RunTime:0.0001s ]
NOTIC: [8] Undefined variable: areid /www/wwwroot/xbm.mashangbang.top/Application/Home/Controller/IndexController.class.php 第 32 行.
SQL: SHOW COLUMNS FROM `xb_items` [ RunTime:0.0006s ]
SQL: SELECT `ID`,`Name`,`Logurl`,`AppNumbs` FROM `xb_items` WHERE `Itype` = '1' AND `IsRec` = '1' AND `IsDel` = '0' AND `Status` = '1' AND `Showtype` IN ('1','3') AND `Isshow` = '1' ORDER BY Sort asc,ID desc LIMIT 4   [ RunTime:0.0001s ]
NOTIC: [8] Undefined variable: areid /www/wwwroot/xbm.mashangbang.top/Application/Home/Controller/IndexController.class.php 第 45 行.
SQL: SELECT a.ID,a.Name,a.Logurl,a.Intro,a.AppNumbs,c.Name as Jkdays,a.DayfeeRate,b.Name as eduname FROM xb_items a left join xb_items_moneytype b on a.MoneytypeID=b.ID left join xb_items_jktimes c on a.JktimesID=c.ID  WHERE a.Itype = '1' AND a.IsHot = '1' AND a.IsDel = '0' AND a.Status = '1' AND a.Showtype IN ('1','3') AND a.Isshow = '1' ORDER BY a.Sort asc,a.ID desc LIMIT 20   [ RunTime:0.0001s ]
INFO: [ view_parse ] --START--
INFO: [ template_filter ] --START--
INFO: Run Behavior\ContentReplaceBehavior [ RunTime:0.000066s ]
INFO: [ template_filter ] --END-- [ RunTime:0.000094s ]
NOTIC: [8] Undefined variable: SEOTitle /www/wwwroot/xbm.mashangbang.top/Application/Runtime/Cache/Home/2a94b8bda04ff446dcedd42276fc99ee.php 第 11 行.
INFO: Run Behavior\ParseTemplateBehavior [ RunTime:0.007006s ]
INFO: [ view_parse ] --END-- [ RunTime:0.007032s ]
INFO: [ view_filter ] --START--
INFO: Run Behavior\WriteHtmlCacheBehavior [ RunTime:0.000154s ]
INFO: [ view_filter ] --END-- [ RunTime:0.000175s ]
INFO: [ app_end ] --START--
INFO: Run Behavior\ShowPageTraceBehavior [ RunTime:0.000346s ]
INFO: [ app_end ] --END-- [ RunTime:0.000380s ]

[ 2019-07-27T08:37:10+08:00 ] 62.176.77.5 /
INFO: [ app_init ] --START--
INFO: Run Behavior\BuildLiteBehavior [ RunTime:0.000009s ]
INFO: [ app_init ] --END-- [ RunTime:0.000231s ]
INFO: [ app_begin ] --START--
INFO: Run Behavior\ReadHtmlCacheBehavior [ RunTime:0.000310s ]
INFO: [ app_begin ] --END-- [ RunTime:0.000342s ]
NOTIC: [8] Use of undefined constant HTTP_X_FORWARDED_FOR - assumed 'HTTP_X_FORWARDED_FOR' /www/wwwroot/xbm.mashangbang.top/Application/Common/Common/function.php 第 1396 行.
NOTIC: [8] Use of undefined constant HTTP_CLIENT_IP - assumed 'HTTP_CLIENT_IP' /www/wwwroot/xbm.mashangbang.top/Application/Common/Common/function.php 第 1398 行.
NOTIC: [8] Use of undefined constant REMOTE_ADDR - assumed 'REMOTE_ADDR' /www/wwwroot/xbm.mashangbang.top/Application/Common/Common/function.php 第 1401 行.
SQL: SHOW COLUMNS FROM `xb_sys_ipaddress` [ RunTime:0.0005s ]
SQL: SELECT * FROM `xb_sys_ipaddress` WHERE `IpAddress` = '62.176.77.5' LIMIT 1   [ RunTime:0.0003s ]
NOTIC: [8] Undefined index: data /www/wwwroot/xbm.mashangbang.top/Application/Common/Common/function.php 第 1423 行.
NOTIC: [8] Undefined index: data /www/wwwroot/xbm.mashangbang.top/Application/Common/Common/function.php 第 1424 行.
SQL: SHOW COLUMNS FROM `xb_sys_adcontent` [ RunTime:0.0005s ]
SQL: SELECT * FROM `xb_sys_adcontent` WHERE `AdvertisingID` = 1 AND `Status` = 1 ORDER BY Sort ASC,ID DESC LIMIT 3   [ RunTime:0.0001s ]
SQL: SHOW COLUMNS FROM `xb_sys_contentmanagement` [ RunTime:0.0004s ]
SQL: SELECT `ID`,`Title` FROM `xb_sys_contentmanagement` WHERE `CategoriesID` = 2 ORDER BY Sort asc,ID desc LIMIT 3   [ RunTime:0.0001s ]
SQL: SHOW COLUMNS FROM `xb_items_category` [ RunTime:0.0003s ]
SQL: SELECT `ID`,`Name`,`Imageurl` FROM `xb_items_category` WHERE `ParentID` = 0 AND `IsDel` = 0 AND `IsRec` = 1 AND `Status` = 1 ORDER BY Sort asc,ID desc LIMIT 8   [ RunTime:0.0001s ]
NOTIC: [8] Undefined variable: areid /www/wwwroot/xbm.mashangbang.top/Application/Home/Controller/IndexController.class.php 第 32 行.
SQL: SHOW COLUMNS FROM `xb_items` [ RunTime:0.0007s ]
SQL: SELECT `ID`,`Name`,`Logurl`,`AppNumbs` FROM `xb_items` WHERE `Itype` = '1' AND `IsRec` = '1' AND `IsDel` = '0' AND `Status` = '1' AND `Showtype` IN ('1','3') AND `Isshow` = '1' ORDER BY Sort asc,ID desc LIMIT 4   [ RunTime:0.0001s ]
NOTIC: [8] Undefined variable: areid /www/wwwroot/xbm.mashangbang.top/Application/Home/Controller/IndexController.class.php 第 45 行.
SQL: SELECT a.ID,a.Name,a.Logurl,a.Intro,a.AppNumbs,c.Name as Jkdays,a.DayfeeRate,b.Name as eduname FROM xb_items a left join xb_items_moneytype b on a.MoneytypeID=b.ID left join xb_items_jktimes c on a.JktimesID=c.ID  WHERE a.Itype = '1' AND a.IsHot = '1' AND a.IsDel = '0' AND a.Status = '1' AND a.Showtype IN ('1','3') AND a.Isshow = '1' ORDER BY a.Sort asc,a.ID desc LIMIT 20   [ RunTime:0.0001s ]
INFO: [ view_parse ] --START--
INFO: [ template_filter ] --START--
INFO: Run Behavior\ContentReplaceBehavior [ RunTime:0.000066s ]
INFO: [ template_filter ] --END-- [ RunTime:0.000092s ]
NOTIC: [8] Undefined variable: SEOTitle /www/wwwroot/xbm.mashangbang.top/Application/Runtime/Cache/Home/2a94b8bda04ff446dcedd42276fc99ee.php 第 11 行.
INFO: Run Behavior\ParseTemplateBehavior [ RunTime:0.006889s ]
INFO: [ view_parse ] --END-- [ RunTime:0.006915s ]
INFO: [ view_filter ] --START--
INFO: Run Behavior\WriteHtmlCacheBehavior [ RunTime:0.000154s ]
INFO: [ view_filter ] --END-- [ RunTime:0.000175s ]
INFO: [ app_end ] --START--
INFO: Run Behavior\ShowPageTraceBehavior [ RunTime:0.000334s ]
INFO: [ app_end ] --END-- [ RunTime:0.000360s ]

[ 2019-07-27T10:22:59+08:00 ] 47.101.194.146 /
INFO: [ app_init ] --START--
INFO: Run Behavior\BuildLiteBehavior [ RunTime:0.000010s ]
INFO: [ app_init ] --END-- [ RunTime:0.000231s ]
INFO: [ app_begin ] --START--
INFO: Run Behavior\ReadHtmlCacheBehavior [ RunTime:0.000311s ]
INFO: [ app_begin ] --END-- [ RunTime:0.000344s ]
NOTIC: [8] Use of undefined constant HTTP_X_FORWARDED_FOR - assumed 'HTTP_X_FORWARDED_FOR' /www/wwwroot/xbm.mashangbang.top/Application/Common/Common/function.php 第 1396 行.
NOTIC: [8] Use of undefined constant HTTP_CLIENT_IP - assumed 'HTTP_CLIENT_IP' /www/wwwroot/xbm.mashangbang.top/Application/Common/Common/function.php 第 1398 行.
NOTIC: [8] Use of undefined constant REMOTE_ADDR - assumed 'REMOTE_ADDR' /www/wwwroot/xbm.mashangbang.top/Application/Common/Common/function.php 第 1401 行.
SQL: SHOW COLUMNS FROM `xb_sys_ipaddress` [ RunTime:0.0005s ]
SQL: SELECT * FROM `xb_sys_ipaddress` WHERE `IpAddress` = '47.101.194.146' LIMIT 1   [ RunTime:0.0003s ]
NOTIC: [8] Undefined index: data /www/wwwroot/xbm.mashangbang.top/Application/Common/Common/function.php 第 1423 行.
NOTIC: [8] Undefined index: data /www/wwwroot/xbm.mashangbang.top/Application/Common/Common/function.php 第 1424 行.
SQL: SHOW COLUMNS FROM `xb_sys_adcontent` [ RunTime:0.0005s ]
SQL: SELECT * FROM `xb_sys_adcontent` WHERE `AdvertisingID` = 1 AND `Status` = 1 ORDER BY Sort ASC,ID DESC LIMIT 3   [ RunTime:0.0001s ]
SQL: SHOW COLUMNS FROM `xb_sys_contentmanagement` [ RunTime:0.0004s ]
SQL: SELECT `ID`,`Title` FROM `xb_sys_contentmanagement` WHERE `CategoriesID` = 2 ORDER BY Sort asc,ID desc LIMIT 3   [ RunTime:0.0001s ]
SQL: SHOW COLUMNS FROM `xb_items_category` [ RunTime:0.0003s ]
SQL: SELECT `ID`,`Name`,`Imageurl` FROM `xb_items_category` WHERE `ParentID` = 0 AND `IsDel` = 0 AND `IsRec` = 1 AND `Status` = 1 ORDER BY Sort asc,ID desc LIMIT 8   [ RunTime:0.0001s ]
NOTIC: [8] Undefined variable: areid /www/wwwroot/xbm.mashangbang.top/Application/Home/Controller/IndexController.class.php 第 32 行.
SQL: SHOW COLUMNS FROM `xb_items` [ RunTime:0.0007s ]
SQL: SELECT `ID`,`Name`,`Logurl`,`AppNumbs` FROM `xb_items` WHERE `Itype` = '1' AND `IsRec` = '1' AND `IsDel` = '0' AND `Status` = '1' AND `Showtype` IN ('1','3') AND `Isshow` = '1' ORDER BY Sort asc,ID desc LIMIT 4   [ RunTime:0.0001s ]
NOTIC: [8] Undefined variable: areid /www/wwwroot/xbm.mashangbang.top/Application/Home/Controller/IndexController.class.php 第 45 行.
SQL: SELECT a.ID,a.Name,a.Logurl,a.Intro,a.AppNumbs,c.Name as Jkdays,a.DayfeeRate,b.Name as eduname FROM xb_items a left join xb_items_moneytype b on a.MoneytypeID=b.ID left join xb_items_jktimes c on a.JktimesID=c.ID  WHERE a.Itype = '1' AND a.IsHot = '1' AND a.IsDel = '0' AND a.Status = '1' AND a.Showtype IN ('1','3') AND a.Isshow = '1' ORDER BY a.Sort asc,a.ID desc LIMIT 20   [ RunTime:0.0001s ]
INFO: [ view_parse ] --START--
INFO: [ template_filter ] --START--
INFO: Run Behavior\ContentReplaceBehavior [ RunTime:0.000066s ]
INFO: [ template_filter ] --END-- [ RunTime:0.000093s ]
NOTIC: [8] Undefined variable: SEOTitle /www/wwwroot/xbm.mashangbang.top/Application/Runtime/Cache/Home/2a94b8bda04ff446dcedd42276fc99ee.php 第 11 行.
INFO: Run Behavior\ParseTemplateBehavior [ RunTime:0.006852s ]
INFO: [ view_parse ] --END-- [ RunTime:0.006878s ]
INFO: [ view_filter ] --START--
INFO: Run Behavior\WriteHtmlCacheBehavior [ RunTime:0.000150s ]
INFO: [ view_filter ] --END-- [ RunTime:0.000171s ]
INFO: [ app_end ] --START--
INFO: Run Behavior\ShowPageTraceBehavior [ RunTime:0.000365s ]
INFO: [ app_end ] --END-- [ RunTime:0.000392s ]

[ 2019-07-27T11:03:24+08:00 ] 138.19.251.214 /
INFO: [ app_init ] --START--
INFO: Run Behavior\BuildLiteBehavior [ RunTime:0.000009s ]
INFO: [ app_init ] --END-- [ RunTime:0.000225s ]
INFO: [ app_begin ] --START--
INFO: Run Behavior\ReadHtmlCacheBehavior [ RunTime:0.000333s ]
INFO: [ app_begin ] --END-- [ RunTime:0.000365s ]
NOTIC: [8] Use of undefined constant HTTP_X_FORWARDED_FOR - assumed 'HTTP_X_FORWARDED_FOR' /www/wwwroot/xbm.mashangbang.top/Application/Common/Common/function.php 第 1396 行.
NOTIC: [8] Use of undefined constant HTTP_CLIENT_IP - assumed 'HTTP_CLIENT_IP' /www/wwwroot/xbm.mashangbang.top/Application/Common/Common/function.php 第 1398 行.
NOTIC: [8] Use of undefined constant REMOTE_ADDR - assumed 'REMOTE_ADDR' /www/wwwroot/xbm.mashangbang.top/Application/Common/Common/function.php 第 1401 行.
SQL: SHOW COLUMNS FROM `xb_sys_ipaddress` [ RunTime:0.0005s ]
SQL: SELECT * FROM `xb_sys_ipaddress` WHERE `IpAddress` = '138.19.251.214' LIMIT 1   [ RunTime:0.0003s ]
NOTIC: [8] Undefined index: data /www/wwwroot/xbm.mashangbang.top/Application/Common/Common/function.php 第 1423 行.
NOTIC: [8] Undefined index: data /www/wwwroot/xbm.mashangbang.top/Application/Common/Common/function.php 第 1424 行.
SQL: SHOW COLUMNS FROM `xb_sys_adcontent` [ RunTime:0.0005s ]
SQL: SELECT * FROM `xb_sys_adcontent` WHERE `AdvertisingID` = 1 AND `Status` = 1 ORDER BY Sort ASC,ID DESC LIMIT 3   [ RunTime:0.0001s ]
SQL: SHOW COLUMNS FROM `xb_sys_contentmanagement` [ RunTime:0.0004s ]
SQL: SELECT `ID`,`Title` FROM `xb_sys_contentmanagement` WHERE `CategoriesID` = 2 ORDER BY Sort asc,ID desc LIMIT 3   [ RunTime:0.0001s ]
SQL: SHOW COLUMNS FROM `xb_items_category` [ RunTime:0.0003s ]
SQL: SELECT `ID`,`Name`,`Imageurl` FROM `xb_items_category` WHERE `ParentID` = 0 AND `IsDel` = 0 AND `IsRec` = 1 AND `Status` = 1 ORDER BY Sort asc,ID desc LIMIT 8   [ RunTime:0.0001s ]
NOTIC: [8] Undefined variable: areid /www/wwwroot/xbm.mashangbang.top/Application/Home/Controller/IndexController.class.php 第 32 行.
SQL: SHOW COLUMNS FROM `xb_items` [ RunTime:0.0006s ]
SQL: SELECT `ID`,`Name`,`Logurl`,`AppNumbs` FROM `xb_items` WHERE `Itype` = '1' AND `IsRec` = '1' AND `IsDel` = '0' AND `Status` = '1' AND `Showtype` IN ('1','3') AND `Isshow` = '1' ORDER BY Sort asc,ID desc LIMIT 4   [ RunTime:0.0001s ]
NOTIC: [8] Undefined variable: areid /www/wwwroot/xbm.mashangbang.top/Application/Home/Controller/IndexController.class.php 第 45 行.
SQL: SELECT a.ID,a.Name,a.Logurl,a.Intro,a.AppNumbs,c.Name as Jkdays,a.DayfeeRate,b.Name as eduname FROM xb_items a left join xb_items_moneytype b on a.MoneytypeID=b.ID left join xb_items_jktimes c on a.JktimesID=c.ID  WHERE a.Itype = '1' AND a.IsHot = '1' AND a.IsDel = '0' AND a.Status = '1' AND a.Showtype IN ('1','3') AND a.Isshow = '1' ORDER BY a.Sort asc,a.ID desc LIMIT 20   [ RunTime:0.0001s ]
INFO: [ view_parse ] --START--
INFO: [ template_filter ] --START--
INFO: Run Behavior\ContentReplaceBehavior [ RunTime:0.000067s ]
INFO: [ template_filter ] --END-- [ RunTime:0.000095s ]
NOTIC: [8] Undefined variable: SEOTitle /www/wwwroot/xbm.mashangbang.top/Application/Runtime/Cache/Home/2a94b8bda04ff446dcedd42276fc99ee.php 第 11 行.
INFO: Run Behavior\ParseTemplateBehavior [ RunTime:0.006803s ]
INFO: [ view_parse ] --END-- [ RunTime:0.006838s ]
INFO: [ view_filter ] --START--
INFO: Run Behavior\WriteHtmlCacheBehavior [ RunTime:0.000171s ]
INFO: [ view_filter ] --END-- [ RunTime:0.000191s ]
INFO: [ app_end ] --START--
INFO: Run Behavior\ShowPageTraceBehavior [ RunTime:0.000331s ]
INFO: [ app_end ] --END-- [ RunTime:0.000358s ]

[ 2019-07-27T11:20:13+08:00 ] 189.90.118.236 /
INFO: [ app_init ] --START--
INFO: Run Behavior\BuildLiteBehavior [ RunTime:0.000010s ]
INFO: [ app_init ] --END-- [ RunTime:0.000234s ]
INFO: [ app_begin ] --START--
INFO: Run Behavior\ReadHtmlCacheBehavior [ RunTime:0.000330s ]
INFO: [ app_begin ] --END-- [ RunTime:0.000362s ]
NOTIC: [8] Use of undefined constant HTTP_X_FORWARDED_FOR - assumed 'HTTP_X_FORWARDED_FOR' /www/wwwroot/xbm.mashangbang.top/Application/Common/Common/function.php 第 1396 行.
NOTIC: [8] Use of undefined constant HTTP_CLIENT_IP - assumed 'HTTP_CLIENT_IP' /www/wwwroot/xbm.mashangbang.top/Application/Common/Common/function.php 第 1398 行.
NOTIC: [8] Use of undefined constant REMOTE_ADDR - assumed 'REMOTE_ADDR' /www/wwwroot/xbm.mashangbang.top/Application/Common/Common/function.php 第 1401 行.
SQL: SHOW COLUMNS FROM `xb_sys_ipaddress` [ RunTime:0.0005s ]
SQL: SELECT * FROM `xb_sys_ipaddress` WHERE `IpAddress` = '189.90.118.236' LIMIT 1   [ RunTime:0.0003s ]
NOTIC: [8] Undefined index: data /www/wwwroot/xbm.mashangbang.top/Application/Common/Common/function.php 第 1423 行.
NOTIC: [8] Undefined index: data /www/wwwroot/xbm.mashangbang.top/Application/Common/Common/function.php 第 1424 行.
SQL: SHOW COLUMNS FROM `xb_sys_adcontent` [ RunTime:0.0006s ]
SQL: SELECT * FROM `xb_sys_adcontent` WHERE `AdvertisingID` = 1 AND `Status` = 1 ORDER BY Sort ASC,ID DESC LIMIT 3   [ RunTime:0.0001s ]
SQL: SHOW COLUMNS FROM `xb_sys_contentmanagement` [ RunTime:0.0004s ]
SQL: SELECT `ID`,`Title` FROM `xb_sys_contentmanagement` WHERE `CategoriesID` = 2 ORDER BY Sort asc,ID desc LIMIT 3   [ RunTime:0.0001s ]
SQL: SHOW COLUMNS FROM `xb_items_category` [ RunTime:0.0003s ]
SQL: SELECT `ID`,`Name`,`Imageurl` FROM `xb_items_category` WHERE `ParentID` = 0 AND `IsDel` = 0 AND `IsRec` = 1 AND `Status` = 1 ORDER BY Sort asc,ID desc LIMIT 8   [ RunTime:0.0001s ]
NOTIC: [8] Undefined variable: areid /www/wwwroot/xbm.mashangbang.top/Application/Home/Controller/IndexController.class.php 第 32 行.
SQL: SHOW COLUMNS FROM `xb_items` [ RunTime:0.0007s ]
SQL: SELECT `ID`,`Name`,`Logurl`,`AppNumbs` FROM `xb_items` WHERE `Itype` = '1' AND `IsRec` = '1' AND `IsDel` = '0' AND `Status` = '1' AND `Showtype` IN ('1','3') AND `Isshow` = '1' ORDER BY Sort asc,ID desc LIMIT 4   [ RunTime:0.0001s ]
NOTIC: [8] Undefined variable: areid /www/wwwroot/xbm.mashangbang.top/Application/Home/Controller/IndexController.class.php 第 45 行.
SQL: SELECT a.ID,a.Name,a.Logurl,a.Intro,a.AppNumbs,c.Name as Jkdays,a.DayfeeRate,b.Name as eduname FROM xb_items a left join xb_items_moneytype b on a.MoneytypeID=b.ID left join xb_items_jktimes c on a.JktimesID=c.ID  WHERE a.Itype = '1' AND a.IsHot = '1' AND a.IsDel = '0' AND a.Status = '1' AND a.Showtype IN ('1','3') AND a.Isshow = '1' ORDER BY a.Sort asc,a.ID desc LIMIT 20   [ RunTime:0.0001s ]
INFO: [ view_parse ] --START--
INFO: [ template_filter ] --START--
INFO: Run Behavior\ContentReplaceBehavior [ RunTime:0.000071s ]
INFO: [ template_filter ] --END-- [ RunTime:0.000101s ]
NOTIC: [8] Undefined variable: SEOTitle /www/wwwroot/xbm.mashangbang.top/Application/Runtime/Cache/Home/2a94b8bda04ff446dcedd42276fc99ee.php 第 11 行.
INFO: Run Behavior\ParseTemplateBehavior [ RunTime:0.007561s ]
INFO: [ view_parse ] --END-- [ RunTime:0.007591s ]
INFO: [ view_filter ] --START--
INFO: Run Behavior\WriteHtmlCacheBehavior [ RunTime:0.000163s ]
INFO: [ view_filter ] --END-- [ RunTime:0.000184s ]
INFO: [ app_end ] --START--
INFO: Run Behavior\ShowPageTraceBehavior [ RunTime:0.000392s ]
INFO: [ app_end ] --END-- [ RunTime:0.000422s ]

[ 2019-07-27T12:11:23+08:00 ] 47.101.192.95 /
INFO: [ app_init ] --START--
INFO: Run Behavior\BuildLiteBehavior [ RunTime:0.000011s ]
INFO: [ app_init ] --END-- [ RunTime:0.000291s ]
INFO: [ app_begin ] --START--
INFO: Run Behavior\ReadHtmlCacheBehavior [ RunTime:0.000333s ]
INFO: [ app_begin ] --END-- [ RunTime:0.000369s ]
NOTIC: [8] Use of undefined constant HTTP_X_FORWARDED_FOR - assumed 'HTTP_X_FORWARDED_FOR' /www/wwwroot/xbm.mashangbang.top/Application/Common/Common/function.php 第 1396 行.
NOTIC: [8] Use of undefined constant HTTP_CLIENT_IP - assumed 'HTTP_CLIENT_IP' /www/wwwroot/xbm.mashangbang.top/Application/Common/Common/function.php 第 1398 行.
NOTIC: [8] Use of undefined constant REMOTE_ADDR - assumed 'REMOTE_ADDR' /www/wwwroot/xbm.mashangbang.top/Application/Common/Common/function.php 第 1401 行.
SQL: SHOW COLUMNS FROM `xb_sys_ipaddress` [ RunTime:0.0005s ]
SQL: SELECT * FROM `xb_sys_ipaddress` WHERE `IpAddress` = '47.101.192.95' LIMIT 1   [ RunTime:0.0003s ]
NOTIC: [8] Undefined index: data /www/wwwroot/xbm.mashangbang.top/Application/Common/Common/function.php 第 1423 行.
NOTIC: [8] Undefined index: data /www/wwwroot/xbm.mashangbang.top/Application/Common/Common/function.php 第 1424 行.
SQL: SHOW COLUMNS FROM `xb_sys_adcontent` [ RunTime:0.0004s ]
SQL: SELECT * FROM `xb_sys_adcontent` WHERE `AdvertisingID` = 1 AND `Status` = 1 ORDER BY Sort ASC,ID DESC LIMIT 3   [ RunTime:0.0001s ]
SQL: SHOW COLUMNS FROM `xb_sys_contentmanagement` [ RunTime:0.0004s ]
SQL: SELECT `ID`,`Title` FROM `xb_sys_contentmanagement` WHERE `CategoriesID` = 2 ORDER BY Sort asc,ID desc LIMIT 3   [ RunTime:0.0001s ]
SQL: SHOW COLUMNS FROM `xb_items_category` [ RunTime:0.0003s ]
SQL: SELECT `ID`,`Name`,`Imageurl` FROM `xb_items_category` WHERE `ParentID` = 0 AND `IsDel` = 0 AND `IsRec` = 1 AND `Status` = 1 ORDER BY Sort asc,ID desc LIMIT 8   [ RunTime:0.0001s ]
NOTIC: [8] Undefined variable: areid /www/wwwroot/xbm.mashangbang.top/Application/Home/Controller/IndexController.class.php 第 32 行.
SQL: SHOW COLUMNS FROM `xb_items` [ RunTime:0.0007s ]
SQL: SELECT `ID`,`Name`,`Logurl`,`AppNumbs` FROM `xb_items` WHERE `Itype` = '1' AND `IsRec` = '1' AND `IsDel` = '0' AND `Status` = '1' AND `Showtype` IN ('1','3') AND `Isshow` = '1' ORDER BY Sort asc,ID desc LIMIT 4   [ RunTime:0.0001s ]
NOTIC: [8] Undefined variable: areid /www/wwwroot/xbm.mashangbang.top/Application/Home/Controller/IndexController.class.php 第 45 行.
SQL: SELECT a.ID,a.Name,a.Logurl,a.Intro,a.AppNumbs,c.Name as Jkdays,a.DayfeeRate,b.Name as eduname FROM xb_items a left join xb_items_moneytype b on a.MoneytypeID=b.ID left join xb_items_jktimes c on a.JktimesID=c.ID  WHERE a.Itype = '1' AND a.IsHot = '1' AND a.IsDel = '0' AND a.Status = '1' AND a.Showtype IN ('1','3') AND a.Isshow = '1' ORDER BY a.Sort asc,a.ID desc LIMIT 20   [ RunTime:0.0001s ]
INFO: [ view_parse ] --START--
INFO: [ template_filter ] --START--
INFO: Run Behavior\ContentReplaceBehavior [ RunTime:0.000066s ]
INFO: [ template_filter ] --END-- [ RunTime:0.000094s ]
NOTIC: [8] Undefined variable: SEOTitle /www/wwwroot/xbm.mashangbang.top/Application/Runtime/Cache/Home/2a94b8bda04ff446dcedd42276fc99ee.php 第 11 行.
INFO: Run Behavior\ParseTemplateBehavior [ RunTime:0.007063s ]
INFO: [ view_parse ] --END-- [ RunTime:0.007089s ]
INFO: [ view_filter ] --START--
INFO: Run Behavior\WriteHtmlCacheBehavior [ RunTime:0.000160s ]
INFO: [ view_filter ] --END-- [ RunTime:0.000181s ]
INFO: [ app_end ] --START--
INFO: Run Behavior\ShowPageTraceBehavior [ RunTime:0.000340s ]
INFO: [ app_end ] --END-- [ RunTime:0.000367s ]

[ 2019-07-27T12:21:17+08:00 ] 152.250.210.235 /
INFO: [ app_init ] --START--
INFO: Run Behavior\BuildLiteBehavior [ RunTime:0.000010s ]
INFO: [ app_init ] --END-- [ RunTime:0.000230s ]
INFO: [ app_begin ] --START--
INFO: Run Behavior\ReadHtmlCacheBehavior [ RunTime:0.000359s ]
INFO: [ app_begin ] --END-- [ RunTime:0.000392s ]
NOTIC: [8] Use of undefined constant HTTP_X_FORWARDED_FOR - assumed 'HTTP_X_FORWARDED_FOR' /www/wwwroot/xbm.mashangbang.top/Application/Common/Common/function.php 第 1396 行.
NOTIC: [8] Use of undefined constant HTTP_CLIENT_IP - assumed 'HTTP_CLIENT_IP' /www/wwwroot/xbm.mashangbang.top/Application/Common/Common/function.php 第 1398 行.
NOTIC: [8] Use of undefined constant REMOTE_ADDR - assumed 'REMOTE_ADDR' /www/wwwroot/xbm.mashangbang.top/Application/Common/Common/function.php 第 1401 行.
SQL: SHOW COLUMNS FROM `xb_sys_ipaddress` [ RunTime:0.0005s ]
SQL: SELECT * FROM `xb_sys_ipaddress` WHERE `IpAddress` = '152.250.210.235' LIMIT 1   [ RunTime:0.0003s ]
NOTIC: [8] Undefined index: data /www/wwwroot/xbm.mashangbang.top/Application/Common/Common/function.php 第 1423 行.
NOTIC: [8] Undefined index: data /www/wwwroot/xbm.mashangbang.top/Application/Common/Common/function.php 第 1424 行.
SQL: SHOW COLUMNS FROM `xb_sys_adcontent` [ RunTime:0.0005s ]
SQL: SELECT * FROM `xb_sys_adcontent` WHERE `AdvertisingID` = 1 AND `Status` = 1 ORDER BY Sort ASC,ID DESC LIMIT 3   [ RunTime:0.0001s ]
SQL: SHOW COLUMNS FROM `xb_sys_contentmanagement` [ RunTime:0.0004s ]
SQL: SELECT `ID`,`Title` FROM `xb_sys_contentmanagement` WHERE `CategoriesID` = 2 ORDER BY Sort asc,ID desc LIMIT 3   [ RunTime:0.0001s ]
SQL: SHOW COLUMNS FROM `xb_items_category` [ RunTime:0.0003s ]
SQL: SELECT `ID`,`Name`,`Imageurl` FROM `xb_items_category` WHERE `ParentID` = 0 AND `IsDel` = 0 AND `IsRec` = 1 AND `Status` = 1 ORDER BY Sort asc,ID desc LIMIT 8   [ RunTime:0.0001s ]
NOTIC: [8] Undefined variable: areid /www/wwwroot/xbm.mashangbang.top/Application/Home/Controller/IndexController.class.php 第 32 行.
SQL: SHOW COLUMNS FROM `xb_items` [ RunTime:0.0006s ]
SQL: SELECT `ID`,`Name`,`Logurl`,`AppNumbs` FROM `xb_items` WHERE `Itype` = '1' AND `IsRec` = '1' AND `IsDel` = '0' AND `Status` = '1' AND `Showtype` IN ('1','3') AND `Isshow` = '1' ORDER BY Sort asc,ID desc LIMIT 4   [ RunTime:0.0001s ]
NOTIC: [8] Undefined variable: areid /www/wwwroot/xbm.mashangbang.top/Application/Home/Controller/IndexController.class.php 第 45 行.
SQL: SELECT a.ID,a.Name,a.Logurl,a.Intro,a.AppNumbs,c.Name as Jkdays,a.DayfeeRate,b.Name as eduname FROM xb_items a left join xb_items_moneytype b on a.MoneytypeID=b.ID left join xb_items_jktimes c on a.JktimesID=c.ID  WHERE a.Itype = '1' AND a.IsHot = '1' AND a.IsDel = '0' AND a.Status = '1' AND a.Showtype IN ('1','3') AND a.Isshow = '1' ORDER BY a.Sort asc,a.ID desc LIMIT 20   [ RunTime:0.0001s ]
INFO: [ view_parse ] --START--
INFO: [ template_filter ] --START--
INFO: Run Behavior\ContentReplaceBehavior [ RunTime:0.000066s ]
INFO: [ template_filter ] --END-- [ RunTime:0.000092s ]
NOTIC: [8] Undefined variable: SEOTitle /www/wwwroot/xbm.mashangbang.top/Application/Runtime/Cache/Home/2a94b8bda04ff446dcedd42276fc99ee.php 第 11 行.
INFO: Run Behavior\ParseTemplateBehavior [ RunTime:0.006834s ]
INFO: [ view_parse ] --END-- [ RunTime:0.006860s ]
INFO: [ view_filter ] --START--
INFO: Run Behavior\WriteHtmlCacheBehavior [ RunTime:0.000166s ]
INFO: [ view_filter ] --END-- [ RunTime:0.000186s ]
INFO: [ app_end ] --START--
INFO: Run Behavior\ShowPageTraceBehavior [ RunTime:0.000331s ]
INFO: [ app_end ] --END-- [ RunTime:0.000356s ]

[ 2019-07-27T13:55:01+08:00 ] 202.162.194.253 /
INFO: [ app_init ] --START--
INFO: Run Behavior\BuildLiteBehavior [ RunTime:0.000010s ]
INFO: [ app_init ] --END-- [ RunTime:0.000236s ]
INFO: [ app_begin ] --START--
INFO: Run Behavior\ReadHtmlCacheBehavior [ RunTime:0.000327s ]
INFO: [ app_begin ] --END-- [ RunTime:0.000360s ]
NOTIC: [8] Use of undefined constant HTTP_X_FORWARDED_FOR - assumed 'HTTP_X_FORWARDED_FOR' /www/wwwroot/xbm.mashangbang.top/Application/Common/Common/function.php 第 1396 行.
NOTIC: [8] Use of undefined constant HTTP_CLIENT_IP - assumed 'HTTP_CLIENT_IP' /www/wwwroot/xbm.mashangbang.top/Application/Common/Common/function.php 第 1398 行.
NOTIC: [8] Use of undefined constant REMOTE_ADDR - assumed 'REMOTE_ADDR' /www/wwwroot/xbm.mashangbang.top/Application/Common/Common/function.php 第 1401 行.
SQL: SHOW COLUMNS FROM `xb_sys_ipaddress` [ RunTime:0.0005s ]
SQL: SELECT * FROM `xb_sys_ipaddress` WHERE `IpAddress` = '202.162.194.253' LIMIT 1   [ RunTime:0.0003s ]
NOTIC: [8] Undefined index: data /www/wwwroot/xbm.mashangbang.top/Application/Common/Common/function.php 第 1423 行.
NOTIC: [8] Undefined index: data /www/wwwroot/xbm.mashangbang.top/Application/Common/Common/function.php 第 1424 行.
SQL: SHOW COLUMNS FROM `xb_sys_adcontent` [ RunTime:0.0005s ]
SQL: SELECT * FROM `xb_sys_adcontent` WHERE `AdvertisingID` = 1 AND `Status` = 1 ORDER BY Sort ASC,ID DESC LIMIT 3   [ RunTime:0.0001s ]
SQL: SHOW COLUMNS FROM `xb_sys_contentmanagement` [ RunTime:0.0004s ]
SQL: SELECT `ID`,`Title` FROM `xb_sys_contentmanagement` WHERE `CategoriesID` = 2 ORDER BY Sort asc,ID desc LIMIT 3   [ RunTime:0.0001s ]
SQL: SHOW COLUMNS FROM `xb_items_category` [ RunTime:0.0003s ]
SQL: SELECT `ID`,`Name`,`Imageurl` FROM `xb_items_category` WHERE `ParentID` = 0 AND `IsDel` = 0 AND `IsRec` = 1 AND `Status` = 1 ORDER BY Sort asc,ID desc LIMIT 8   [ RunTime:0.0001s ]
NOTIC: [8] Undefined variable: areid /www/wwwroot/xbm.mashangbang.top/Application/Home/Controller/IndexController.class.php 第 32 行.
SQL: SHOW COLUMNS FROM `xb_items` [ RunTime:0.0007s ]
SQL: SELECT `ID`,`Name`,`Logurl`,`AppNumbs` FROM `xb_items` WHERE `Itype` = '1' AND `IsRec` = '1' AND `IsDel` = '0' AND `Status` = '1' AND `Showtype` IN ('1','3') AND `Isshow` = '1' ORDER BY Sort asc,ID desc LIMIT 4   [ RunTime:0.0001s ]
NOTIC: [8] Undefined variable: areid /www/wwwroot/xbm.mashangbang.top/Application/Home/Controller/IndexController.class.php 第 45 行.
SQL: SELECT a.ID,a.Name,a.Logurl,a.Intro,a.AppNumbs,c.Name as Jkdays,a.DayfeeRate,b.Name as eduname FROM xb_items a left join xb_items_moneytype b on a.MoneytypeID=b.ID left join xb_items_jktimes c on a.JktimesID=c.ID  WHERE a.Itype = '1' AND a.IsHot = '1' AND a.IsDel = '0' AND a.Status = '1' AND a.Showtype IN ('1','3') AND a.Isshow = '1' ORDER BY a.Sort asc,a.ID desc LIMIT 20   [ RunTime:0.0001s ]
INFO: [ view_parse ] --START--
INFO: [ template_filter ] --START--
INFO: Run Behavior\ContentReplaceBehavior [ RunTime:0.000067s ]
INFO: [ template_filter ] --END-- [ RunTime:0.000096s ]
NOTIC: [8] Undefined variable: SEOTitle /www/wwwroot/xbm.mashangbang.top/Application/Runtime/Cache/Home/2a94b8bda04ff446dcedd42276fc99ee.php 第 11 行.
INFO: Run Behavior\ParseTemplateBehavior [ RunTime:0.007618s ]
INFO: [ view_parse ] --END-- [ RunTime:0.007648s ]
INFO: [ view_filter ] --START--
INFO: Run Behavior\WriteHtmlCacheBehavior [ RunTime:0.000171s ]
INFO: [ view_filter ] --END-- [ RunTime:0.000193s ]
INFO: [ app_end ] --START--
INFO: Run Behavior\ShowPageTraceBehavior [ RunTime:0.000388s ]
INFO: [ app_end ] --END-- [ RunTime:0.000418s ]

[ 2019-07-27T14:07:23+08:00 ] 152.249.178.126 /
INFO: [ app_init ] --START--
INFO: Run Behavior\BuildLiteBehavior [ RunTime:0.000011s ]
INFO: [ app_init ] --END-- [ RunTime:0.000249s ]
INFO: [ app_begin ] --START--
INFO: Run Behavior\ReadHtmlCacheBehavior [ RunTime:0.000309s ]
INFO: [ app_begin ] --END-- [ RunTime:0.000341s ]
NOTIC: [8] Use of undefined constant HTTP_X_FORWARDED_FOR - assumed 'HTTP_X_FORWARDED_FOR' /www/wwwroot/xbm.mashangbang.top/Application/Common/Common/function.php 第 1396 行.
NOTIC: [8] Use of undefined constant HTTP_CLIENT_IP - assumed 'HTTP_CLIENT_IP' /www/wwwroot/xbm.mashangbang.top/Application/Common/Common/function.php 第 1398 行.
NOTIC: [8] Use of undefined constant REMOTE_ADDR - assumed 'REMOTE_ADDR' /www/wwwroot/xbm.mashangbang.top/Application/Common/Common/function.php 第 1401 行.
SQL: SHOW COLUMNS FROM `xb_sys_ipaddress` [ RunTime:0.0005s ]
SQL: SELECT * FROM `xb_sys_ipaddress` WHERE `IpAddress` = '152.249.178.126' LIMIT 1   [ RunTime:0.0003s ]
NOTIC: [8] Undefined index: data /www/wwwroot/xbm.mashangbang.top/Application/Common/Common/function.php 第 1423 行.
NOTIC: [8] Undefined index: data /www/wwwroot/xbm.mashangbang.top/Application/Common/Common/function.php 第 1424 行.
SQL: SHOW COLUMNS FROM `xb_sys_adcontent` [ RunTime:0.0005s ]
SQL: SELECT * FROM `xb_sys_adcontent` WHERE `AdvertisingID` = 1 AND `Status` = 1 ORDER BY Sort ASC,ID DESC LIMIT 3   [ RunTime:0.0001s ]
SQL: SHOW COLUMNS FROM `xb_sys_contentmanagement` [ RunTime:0.0004s ]
SQL: SELECT `ID`,`Title` FROM `xb_sys_contentmanagement` WHERE `CategoriesID` = 2 ORDER BY Sort asc,ID desc LIMIT 3   [ RunTime:0.0001s ]
SQL: SHOW COLUMNS FROM `xb_items_category` [ RunTime:0.0003s ]
SQL: SELECT `ID`,`Name`,`Imageurl` FROM `xb_items_category` WHERE `ParentID` = 0 AND `IsDel` = 0 AND `IsRec` = 1 AND `Status` = 1 ORDER BY Sort asc,ID desc LIMIT 8   [ RunTime:0.0001s ]
NOTIC: [8] Undefined variable: areid /www/wwwroot/xbm.mashangbang.top/Application/Home/Controller/IndexController.class.php 第 32 行.
SQL: SHOW COLUMNS FROM `xb_items` [ RunTime:0.0006s ]
SQL: SELECT `ID`,`Name`,`Logurl`,`AppNumbs` FROM `xb_items` WHERE `Itype` = '1' AND `IsRec` = '1' AND `IsDel` = '0' AND `Status` = '1' AND `Showtype` IN ('1','3') AND `Isshow` = '1' ORDER BY Sort asc,ID desc LIMIT 4   [ RunTime:0.0001s ]
NOTIC: [8] Undefined variable: areid /www/wwwroot/xbm.mashangbang.top/Application/Home/Controller/IndexController.class.php 第 45 行.
SQL: SELECT a.ID,a.Name,a.Logurl,a.Intro,a.AppNumbs,c.Name as Jkdays,a.DayfeeRate,b.Name as eduname FROM xb_items a left join xb_items_moneytype b on a.MoneytypeID=b.ID left join xb_items_jktimes c on a.JktimesID=c.ID  WHERE a.Itype = '1' AND a.IsHot = '1' AND a.IsDel = '0' AND a.Status = '1' AND a.Showtype IN ('1','3') AND a.Isshow = '1' ORDER BY a.Sort asc,a.ID desc LIMIT 20   [ RunTime:0.0001s ]
INFO: [ view_parse ] --START--
INFO: [ template_filter ] --START--
INFO: Run Behavior\ContentReplaceBehavior [ RunTime:0.000065s ]
INFO: [ template_filter ] --END-- [ RunTime:0.000091s ]
NOTIC: [8] Undefined variable: SEOTitle /www/wwwroot/xbm.mashangbang.top/Application/Runtime/Cache/Home/2a94b8bda04ff446dcedd42276fc99ee.php 第 11 行.
INFO: Run Behavior\ParseTemplateBehavior [ RunTime:0.006943s ]
INFO: [ view_parse ] --END-- [ RunTime:0.006970s ]
INFO: [ view_filter ] --START--
INFO: Run Behavior\WriteHtmlCacheBehavior [ RunTime:0.000149s ]
INFO: [ view_filter ] --END-- [ RunTime:0.000169s ]
INFO: [ app_end ] --START--
INFO: Run Behavior\ShowPageTraceBehavior [ RunTime:0.000353s ]
INFO: [ app_end ] --END-- [ RunTime:0.000382s ]

[ 2019-07-27T16:54:53+08:00 ] 87.48.12.64 /fsj_patch/android/check.xml?t=26070294
INFO: [ app_init ] --START--
INFO: Run Behavior\BuildLiteBehavior [ RunTime:0.000010s ]
INFO: [ app_init ] --END-- [ RunTime:0.000236s ]
INFO: [ app_begin ] --START--
INFO: Run Behavior\ReadHtmlCacheBehavior [ RunTime:0.000334s ]
INFO: [ app_begin ] --END-- [ RunTime:0.000365s ]
ERR: 无法加载控制器:FsjPatch

[ 2019-07-27T16:54:57+08:00 ] 87.48.12.64 /fsj_patch/android/check.xml?t=26070294
INFO: [ app_init ] --START--
INFO: Run Behavior\BuildLiteBehavior [ RunTime:0.000011s ]
INFO: [ app_init ] --END-- [ RunTime:0.000228s ]
INFO: [ app_begin ] --START--
INFO: Run Behavior\ReadHtmlCacheBehavior [ RunTime:0.000355s ]
INFO: [ app_begin ] --END-- [ RunTime:0.000394s ]
ERR: 无法加载控制器:FsjPatch

[ 2019-07-27T16:55:00+08:00 ] 87.48.12.64 /fsj_patch/android/check.xml?t=26070295
INFO: [ app_init ] --START--
INFO: Run Behavior\BuildLiteBehavior [ RunTime:0.000009s ]
INFO: [ app_init ] --END-- [ RunTime:0.000226s ]
INFO: [ app_begin ] --START--
INFO: Run Behavior\ReadHtmlCacheBehavior [ RunTime:0.000307s ]
INFO: [ app_begin ] --END-- [ RunTime:0.000345s ]
ERR: 无法加载控制器:FsjPatch

[ 2019-07-27T16:55:02+08:00 ] 87.48.12.64 /fsj_patch/android/check.xml?t=26070295
INFO: [ app_init ] --START--
INFO: Run Behavior\BuildLiteBehavior [ RunTime:0.000009s ]
INFO: [ app_init ] --END-- [ RunTime:0.000234s ]
INFO: [ app_begin ] --START--
INFO: Run Behavior\ReadHtmlCacheBehavior [ RunTime:0.000339s ]
INFO: [ app_begin ] --END-- [ RunTime:0.000372s ]
ERR: 无法加载控制器:FsjPatch

[ 2019-07-27T16:55:04+08:00 ] 87.48.12.64 /fsj_patch/android/check.xml?t=26070295
INFO: [ app_init ] --START--
INFO: Run Behavior\BuildLiteBehavior [ RunTime:0.000011s ]
INFO: [ app_init ] --END-- [ RunTime:0.000272s ]
INFO: [ app_begin ] --START--
INFO: Run Behavior\ReadHtmlCacheBehavior [ RunTime:0.000331s ]
INFO: [ app_begin ] --END-- [ RunTime:0.000364s ]
ERR: 无法加载控制器:FsjPatch

[ 2019-07-27T18:13:10+08:00 ] 117.132.183.17 /
INFO: [ app_init ] --START--
INFO: Run Behavior\BuildLiteBehavior [ RunTime:0.000009s ]
INFO: [ app_init ] --END-- [ RunTime:0.000229s ]
INFO: [ app_begin ] --START--
INFO: Run Behavior\ReadHtmlCacheBehavior [ RunTime:0.000331s ]
INFO: [ app_begin ] --END-- [ RunTime:0.000363s ]
NOTIC: [8] Use of undefined constant HTTP_X_FORWARDED_FOR - assumed 'HTTP_X_FORWARDED_FOR' /www/wwwroot/xbm.mashangbang.top/Application/Common/Common/function.php 第 1396 行.
NOTIC: [8] Use of undefined constant HTTP_CLIENT_IP - assumed 'HTTP_CLIENT_IP' /www/wwwroot/xbm.mashangbang.top/Application/Common/Common/function.php 第 1398 行.
NOTIC: [8] Use of undefined constant REMOTE_ADDR - assumed 'REMOTE_ADDR' /www/wwwroot/xbm.mashangbang.top/Application/Common/Common/function.php 第 1401 行.
SQL: SHOW COLUMNS FROM `xb_sys_ipaddress` [ RunTime:0.0005s ]
SQL: SELECT * FROM `xb_sys_ipaddress` WHERE `IpAddress` = '117.132.183.17' LIMIT 1   [ RunTime:0.0001s ]
NOTIC: [8] Undefined index: data /www/wwwroot/xbm.mashangbang.top/Application/Common/Common/function.php 第 1423 行.
NOTIC: [8] Undefined index: data /www/wwwroot/xbm.mashangbang.top/Application/Common/Common/function.php 第 1424 行.
SQL: SHOW COLUMNS FROM `xb_sys_adcontent` [ RunTime:0.0005s ]
SQL: SELECT * FROM `xb_sys_adcontent` WHERE `AdvertisingID` = 1 AND `Status` = 1 ORDER BY Sort ASC,ID DESC LIMIT 3   [ RunTime:0.0001s ]
SQL: SHOW COLUMNS FROM `xb_sys_contentmanagement` [ RunTime:0.0004s ]
SQL: SELECT `ID`,`Title` FROM `xb_sys_contentmanagement` WHERE `CategoriesID` = 2 ORDER BY Sort asc,ID desc LIMIT 3   [ RunTime:0.0001s ]
SQL: SHOW COLUMNS FROM `xb_items_category` [ RunTime:0.0004s ]
SQL: SELECT `ID`,`Name`,`Imageurl` FROM `xb_items_category` WHERE `ParentID` = 0 AND `IsDel` = 0 AND `IsRec` = 1 AND `Status` = 1 ORDER BY Sort asc,ID desc LIMIT 8   [ RunTime:0.0001s ]
NOTIC: [8] Undefined variable: areid /www/wwwroot/xbm.mashangbang.top/Application/Home/Controller/IndexController.class.php 第 32 行.
SQL: SHOW COLUMNS FROM `xb_items` [ RunTime:0.0007s ]
SQL: SELECT `ID`,`Name`,`Logurl`,`AppNumbs` FROM `xb_items` WHERE `Itype` = '1' AND `IsRec` = '1' AND `IsDel` = '0' AND `Status` = '1' AND `Showtype` IN ('1','3') AND `Isshow` = '1' ORDER BY Sort asc,ID desc LIMIT 4   [ RunTime:0.0001s ]
NOTIC: [8] Undefined variable: areid /www/wwwroot/xbm.mashangbang.top/Application/Home/Controller/IndexController.class.php 第 45 行.
SQL: SELECT a.ID,a.Name,a.Logurl,a.Intro,a.AppNumbs,c.Name as Jkdays,a.DayfeeRate,b.Name as eduname FROM xb_items a left join xb_items_moneytype b on a.MoneytypeID=b.ID left join xb_items_jktimes c on a.JktimesID=c.ID  WHERE a.Itype = '1' AND a.IsHot = '1' AND a.IsDel = '0' AND a.Status = '1' AND a.Showtype IN ('1','3') AND a.Isshow = '1' ORDER BY a.Sort asc,a.ID desc LIMIT 20   [ RunTime:0.0001s ]
INFO: [ view_parse ] --START--
INFO: [ template_filter ] --START--
INFO: Run Behavior\ContentReplaceBehavior [ RunTime:0.000065s ]
INFO: [ template_filter ] --END-- [ RunTime:0.000093s ]
NOTIC: [8] Undefined variable: SEOTitle /www/wwwroot/xbm.mashangbang.top/Application/Runtime/Cache/Home/2a94b8bda04ff446dcedd42276fc99ee.php 第 11 行.
INFO: Run Behavior\ParseTemplateBehavior [ RunTime:0.007189s ]
INFO: [ view_parse ] --END-- [ RunTime:0.007218s ]
INFO: [ view_filter ] --START--
INFO: Run Behavior\WriteHtmlCacheBehavior [ RunTime:0.000156s ]
INFO: [ view_filter ] --END-- [ RunTime:0.000177s ]
INFO: [ app_end ] --START--
INFO: Run Behavior\ShowPageTraceBehavior [ RunTime:0.000348s ]
INFO: [ app_end ] --END-- [ RunTime:0.000376s ]

[ 2019-07-27T19:41:30+08:00 ] 85.243.243.62 /
INFO: [ app_init ] --START--
INFO: Run Behavior\BuildLiteBehavior [ RunTime:0.000010s ]
INFO: [ app_init ] --END-- [ RunTime:0.000245s ]
INFO: [ app_begin ] --START--
INFO: Run Behavior\ReadHtmlCacheBehavior [ RunTime:0.000306s ]
INFO: [ app_begin ] --END-- [ RunTime:0.000338s ]
NOTIC: [8] Use of undefined constant HTTP_X_FORWARDED_FOR - assumed 'HTTP_X_FORWARDED_FOR' /www/wwwroot/xbm.mashangbang.top/Application/Common/Common/function.php 第 1396 行.
NOTIC: [8] Use of undefined constant HTTP_CLIENT_IP - assumed 'HTTP_CLIENT_IP' /www/wwwroot/xbm.mashangbang.top/Application/Common/Common/function.php 第 1398 行.
NOTIC: [8] Use of undefined constant REMOTE_ADDR - assumed 'REMOTE_ADDR' /www/wwwroot/xbm.mashangbang.top/Application/Common/Common/function.php 第 1401 行.
SQL: SHOW COLUMNS FROM `xb_sys_ipaddress` [ RunTime:0.0005s ]
SQL: SELECT * FROM `xb_sys_ipaddress` WHERE `IpAddress` = '85.243.243.62' LIMIT 1   [ RunTime:0.0003s ]
NOTIC: [8] Undefined index: data /www/wwwroot/xbm.mashangbang.top/Application/Common/Common/function.php 第 1423 行.
NOTIC: [8] Undefined index: data /www/wwwroot/xbm.mashangbang.top/Application/Common/Common/function.php 第 1424 行.
SQL: SHOW COLUMNS FROM `xb_sys_adcontent` [ RunTime:0.0005s ]
SQL: SELECT * FROM `xb_sys_adcontent` WHERE `AdvertisingID` = 1 AND `Status` = 1 ORDER BY Sort ASC,ID DESC LIMIT 3   [ RunTime:0.0001s ]
SQL: SHOW COLUMNS FROM `xb_sys_contentmanagement` [ RunTime:0.0004s ]
SQL: SELECT `ID`,`Title` FROM `xb_sys_contentmanagement` WHERE `CategoriesID` = 2 ORDER BY Sort asc,ID desc LIMIT 3   [ RunTime:0.0001s ]
SQL: SHOW COLUMNS FROM `xb_items_category` [ RunTime:0.0003s ]
SQL: SELECT `ID`,`Name`,`Imageurl` FROM `xb_items_category` WHERE `ParentID` = 0 AND `IsDel` = 0 AND `IsRec` = 1 AND `Status` = 1 ORDER BY Sort asc,ID desc LIMIT 8   [ RunTime:0.0001s ]
NOTIC: [8] Undefined variable: areid /www/wwwroot/xbm.mashangbang.top/Application/Home/Controller/IndexController.class.php 第 32 行.
SQL: SHOW COLUMNS FROM `xb_items` [ RunTime:0.0007s ]
SQL: SELECT `ID`,`Name`,`Logurl`,`AppNumbs` FROM `xb_items` WHERE `Itype` = '1' AND `IsRec` = '1' AND `IsDel` = '0' AND `Status` = '1' AND `Showtype` IN ('1','3') AND `Isshow` = '1' ORDER BY Sort asc,ID desc LIMIT 4   [ RunTime:0.0001s ]
NOTIC: [8] Undefined variable: areid /www/wwwroot/xbm.mashangbang.top/Application/Home/Controller/IndexController.class.php 第 45 行.
SQL: SELECT a.ID,a.Name,a.Logurl,a.Intro,a.AppNumbs,c.Name as Jkdays,a.DayfeeRate,b.Name as eduname FROM xb_items a left join xb_items_moneytype b on a.MoneytypeID=b.ID left join xb_items_jktimes c on a.JktimesID=c.ID  WHERE a.Itype = '1' AND a.IsHot = '1' AND a.IsDel = '0' AND a.Status = '1' AND a.Showtype IN ('1','3') AND a.Isshow = '1' ORDER BY a.Sort asc,a.ID desc LIMIT 20   [ RunTime:0.0001s ]
INFO: [ view_parse ] --START--
INFO: [ template_filter ] --START--
INFO: Run Behavior\ContentReplaceBehavior [ RunTime:0.000067s ]
INFO: [ template_filter ] --END-- [ RunTime:0.000095s ]
NOTIC: [8] Undefined variable: SEOTitle /www/wwwroot/xbm.mashangbang.top/Application/Runtime/Cache/Home/2a94b8bda04ff446dcedd42276fc99ee.php 第 11 行.
INFO: Run Behavior\ParseTemplateBehavior [ RunTime:0.006954s ]
INFO: [ view_parse ] --END-- [ RunTime:0.006995s ]
INFO: [ view_filter ] --START--
INFO: Run Behavior\WriteHtmlCacheBehavior [ RunTime:0.000156s ]
INFO: [ view_filter ] --END-- [ RunTime:0.000176s ]
INFO: [ app_end ] --START--
INFO: Run Behavior\ShowPageTraceBehavior [ RunTime:0.000343s ]
INFO: [ app_end ] --END-- [ RunTime:0.000370s ]

[ 2019-07-27T22:55:14+08:00 ] 176.212.28.47 /
INFO: [ app_init ] --START--
INFO: Run Behavior\BuildLiteBehavior [ RunTime:0.000010s ]
INFO: [ app_init ] --END-- [ RunTime:0.000282s ]
INFO: [ app_begin ] --START--
INFO: Run Behavior\ReadHtmlCacheBehavior [ RunTime:0.000311s ]
INFO: [ app_begin ] --END-- [ RunTime:0.000345s ]
NOTIC: [8] Use of undefined constant HTTP_X_FORWARDED_FOR - assumed 'HTTP_X_FORWARDED_FOR' /www/wwwroot/xbm.mashangbang.top/Application/Common/Common/function.php 第 1396 行.
NOTIC: [8] Use of undefined constant HTTP_CLIENT_IP - assumed 'HTTP_CLIENT_IP' /www/wwwroot/xbm.mashangbang.top/Application/Common/Common/function.php 第 1398 行.
NOTIC: [8] Use of undefined constant REMOTE_ADDR - assumed 'REMOTE_ADDR' /www/wwwroot/xbm.mashangbang.top/Application/Common/Common/function.php 第 1401 行.
SQL: SHOW COLUMNS FROM `xb_sys_ipaddress` [ RunTime:0.0005s ]
SQL: SELECT * FROM `xb_sys_ipaddress` WHERE `IpAddress` = '176.212.28.47' LIMIT 1   [ RunTime:0.0003s ]
NOTIC: [8] Undefined index: data /www/wwwroot/xbm.mashangbang.top/Application/Common/Common/function.php 第 1423 行.
NOTIC: [8] Undefined index: data /www/wwwroot/xbm.mashangbang.top/Application/Common/Common/function.php 第 1424 行.
SQL: SHOW COLUMNS FROM `xb_sys_adcontent` [ RunTime:0.0004s ]
SQL: SELECT * FROM `xb_sys_adcontent` WHERE `AdvertisingID` = 1 AND `Status` = 1 ORDER BY Sort ASC,ID DESC LIMIT 3   [ RunTime:0.0001s ]
SQL: SHOW COLUMNS FROM `xb_sys_contentmanagement` [ RunTime:0.0004s ]
SQL: SELECT `ID`,`Title` FROM `xb_sys_contentmanagement` WHERE `CategoriesID` = 2 ORDER BY Sort asc,ID desc LIMIT 3   [ RunTime:0.0001s ]
SQL: SHOW COLUMNS FROM `xb_items_category` [ RunTime:0.0003s ]
SQL: SELECT `ID`,`Name`,`Imageurl` FROM `xb_items_category` WHERE `ParentID` = 0 AND `IsDel` = 0 AND `IsRec` = 1 AND `Status` = 1 ORDER BY Sort asc,ID desc LIMIT 8   [ RunTime:0.0001s ]
NOTIC: [8] Undefined variable: areid /www/wwwroot/xbm.mashangbang.top/Application/Home/Controller/IndexController.class.php 第 32 行.
SQL: SHOW COLUMNS FROM `xb_items` [ RunTime:0.0007s ]
SQL: SELECT `ID`,`Name`,`Logurl`,`AppNumbs` FROM `xb_items` WHERE `Itype` = '1' AND `IsRec` = '1' AND `IsDel` = '0' AND `Status` = '1' AND `Showtype` IN ('1','3') AND `Isshow` = '1' ORDER BY Sort asc,ID desc LIMIT 4   [ RunTime:0.0001s ]
NOTIC: [8] Undefined variable: areid /www/wwwroot/xbm.mashangbang.top/Application/Home/Controller/IndexController.class.php 第 45 行.
SQL: SELECT a.ID,a.Name,a.Logurl,a.Intro,a.AppNumbs,c.Name as Jkdays,a.DayfeeRate,b.Name as eduname FROM xb_items a left join xb_items_moneytype b on a.MoneytypeID=b.ID left join xb_items_jktimes c on a.JktimesID=c.ID  WHERE a.Itype = '1' AND a.IsHot = '1' AND a.IsDel = '0' AND a.Status = '1' AND a.Showtype IN ('1','3') AND a.Isshow = '1' ORDER BY a.Sort asc,a.ID desc LIMIT 20   [ RunTime:0.0001s ]
INFO: [ view_parse ] --START--
INFO: [ template_filter ] --START--
INFO: Run Behavior\ContentReplaceBehavior [ RunTime:0.000064s ]
INFO: [ template_filter ] --END-- [ RunTime:0.000091s ]
NOTIC: [8] Undefined variable: SEOTitle /www/wwwroot/xbm.mashangbang.top/Application/Runtime/Cache/Home/2a94b8bda04ff446dcedd42276fc99ee.php 第 11 行.
INFO: Run Behavior\ParseTemplateBehavior [ RunTime:0.006905s ]
INFO: [ view_parse ] --END-- [ RunTime:0.006932s ]
INFO: [ view_filter ] --START--
INFO: Run Behavior\WriteHtmlCacheBehavior [ RunTime:0.000153s ]
INFO: [ view_filter ] --END-- [ RunTime:0.000173s ]
INFO: [ app_end ] --START--
INFO: Run Behavior\ShowPageTraceBehavior [ RunTime:0.000349s ]
INFO: [ app_end ] --END-- [ RunTime:0.000376s ]

