[ 2019-08-14T23:55:59+08:00 ] 220.164.121.215 /api.php/center/member/info
INFO: [ app_init ] --START--
INFO: Run Behavior\BuildLiteBehavior [ RunTime:0.000015s ]
INFO: [ app_init ] --END-- [ RunTime:0.031894s ]
INFO: [ app_begin ] --START--
INFO: Run Behavior\ReadHtmlCacheBehavior [ RunTime:0.000422s ]
INFO: [ app_begin ] --END-- [ RunTime:0.000480s ]
NOTIC: [8] Undefined index: HTTP_ACCEPT /www/wwwroot/xbm.mashangbang.top/ThinkPHP/Library/Think/Controller/RestController.class.php 第 118 行.
NOTIC: [8] Undefined index: HTTP_ACCEPT /www/wwwroot/xbm.mashangbang.top/ThinkPHP/Library/Think/Controller/RestController.class.php 第 118 行.
NOTIC: [8] Undefined index: HTTP_ACCEPT /www/wwwroot/xbm.mashangbang.top/ThinkPHP/Library/Think/Controller/RestController.class.php 第 118 行.
NOTIC: [8] Undefined index: HTTP_ACCEPT /www/wwwroot/xbm.mashangbang.top/ThinkPHP/Library/Think/Controller/RestController.class.php 第 118 行.
NOTIC: [8] Undefined index: HTTP_ACCEPT /www/wwwroot/xbm.mashangbang.top/ThinkPHP/Library/Think/Controller/RestController.class.php 第 118 行.
NOTIC: [8] Undefined index: HTTP_ACCEPT /www/wwwroot/xbm.mashangbang.top/ThinkPHP/Library/Think/Controller/RestController.class.php 第 118 行.
NOTIC: [8] Undefined index: HTTP_ACCEPT /www/wwwroot/xbm.mashangbang.top/ThinkPHP/Library/Think/Controller/RestController.class.php 第 118 行.
NOTIC: [8] Undefined index: HTTP_ACCEPT /www/wwwroot/xbm.mashangbang.top/ThinkPHP/Library/Think/Controller/RestController.class.php 第 118 行.
NOTIC: [8] Undefined index: HTTP_ACCEPT /www/wwwroot/xbm.mashangbang.top/ThinkPHP/Library/Think/Controller/RestController.class.php 第 118 行.
NOTIC: [8] Undefined index: HTTP_ACCEPT /www/wwwroot/xbm.mashangbang.top/ThinkPHP/Library/Think/Controller/RestController.class.php 第 118 行.
NOTIC: [8] Undefined index: HTTP_ACCEPT /www/wwwroot/xbm.mashangbang.top/ThinkPHP/Library/Think/Controller/RestController.class.php 第 118 行.
NOTIC: [8] Undefined index: HTTP_ACCEPT /www/wwwroot/xbm.mashangbang.top/ThinkPHP/Library/Think/Controller/RestController.class.php 第 118 行.
NOTIC: [8] Undefined index: HTTP_ACCEPT /www/wwwroot/xbm.mashangbang.top/ThinkPHP/Library/Think/Controller/RestController.class.php 第 118 行.
NOTIC: [8] Undefined index: HTTP_ACCEPT /www/wwwroot/xbm.mashangbang.top/ThinkPHP/Library/Think/Controller/RestController.class.php 第 118 行.
NOTIC: [8] Undefined index: HTTP_ACCEPT /www/wwwroot/xbm.mashangbang.top/ThinkPHP/Library/Think/Controller/RestController.class.php 第 118 行.
NOTIC: [8] Undefined index: HTTP_ACCEPT /www/wwwroot/xbm.mashangbang.top/ThinkPHP/Library/Think/Controller/RestController.class.php 第 118 行.
NOTIC: [8] Undefined index: HTTP_ACCEPT /www/wwwroot/xbm.mashangbang.top/ThinkPHP/Library/Think/Controller/RestController.class.php 第 118 行.
NOTIC: [8] Undefined index: HTTP_ACCEPT /www/wwwroot/xbm.mashangbang.top/ThinkPHP/Library/Think/Controller/RestController.class.php 第 118 行.
NOTIC: [8] Undefined index: HTTP_ACCEPT /www/wwwroot/xbm.mashangbang.top/ThinkPHP/Library/Think/Controller/RestController.class.php 第 118 行.
NOTIC: [8] Undefined index: HTTP_ACCEPT /www/wwwroot/xbm.mashangbang.top/ThinkPHP/Library/Think/Controller/RestController.class.php 第 118 行.
NOTIC: [8] Undefined index: HTTP_ACCEPT /www/wwwroot/xbm.mashangbang.top/ThinkPHP/Library/Think/Controller/RestController.class.php 第 118 行.
NOTIC: [8] Undefined index: HTTP_ACCEPT /www/wwwroot/xbm.mashangbang.top/ThinkPHP/Library/Think/Controller/RestController.class.php 第 118 行.
NOTIC: [8] Undefined index: HTTP_ACCEPT /www/wwwroot/xbm.mashangbang.top/ThinkPHP/Library/Think/Controller/RestController.class.php 第 118 行.
NOTIC: [8] Undefined index: HTTP_ACCEPT /www/wwwroot/xbm.mashangbang.top/ThinkPHP/Library/Think/Controller/RestController.class.php 第 118 行.
NOTIC: [8] Undefined index: HTTP_ACCEPT /www/wwwroot/xbm.mashangbang.top/ThinkPHP/Library/Think/Controller/RestController.class.php 第 118 行.
NOTIC: [8] Undefined index: HTTP_ACCEPT /www/wwwroot/xbm.mashangbang.top/ThinkPHP/Library/Think/Controller/RestController.class.php 第 118 行.
SQL: SHOW COLUMNS FROM `xb_mem_info` [ RunTime:0.0007s ]
SQL: SELECT * FROM `xb_mem_info` WHERE `ID` = 41828 AND `Status` = 1 AND `IsDel` = 0 LIMIT 1   [ RunTime:0.0021s ]
SQL: SHOW COLUMNS FROM `xb_mem_money` [ RunTime:0.0005s ]
SQL: SELECT `Money` FROM `xb_mem_money` WHERE `Uid` = 41828 AND `Type` = 0 AND `IsAduit` = 2  [ RunTime:0.0001s ]
SQL: SHOW COLUMNS FROM `xb_mem_balances` [ RunTime:0.0004s ]
SQL: SELECT `Amount` FROM `xb_mem_balances` WHERE `UserID` = 41828 AND `Type` = 0 AND `SruType` <> '5'  [ RunTime:0.0001s ]

[ 2019-08-14T23:55:59+08:00 ] 220.164.121.215 /api.php/center/member/isnoreadmsg
INFO: [ app_init ] --START--
INFO: Run Behavior\BuildLiteBehavior [ RunTime:0.000013s ]
INFO: [ app_init ] --END-- [ RunTime:0.000305s ]
INFO: [ app_begin ] --START--
INFO: Run Behavior\ReadHtmlCacheBehavior [ RunTime:0.000421s ]
INFO: [ app_begin ] --END-- [ RunTime:0.000467s ]
NOTIC: [8] Undefined index: HTTP_ACCEPT /www/wwwroot/xbm.mashangbang.top/ThinkPHP/Library/Think/Controller/RestController.class.php 第 118 行.
NOTIC: [8] Undefined index: HTTP_ACCEPT /www/wwwroot/xbm.mashangbang.top/ThinkPHP/Library/Think/Controller/RestController.class.php 第 118 行.
NOTIC: [8] Undefined index: HTTP_ACCEPT /www/wwwroot/xbm.mashangbang.top/ThinkPHP/Library/Think/Controller/RestController.class.php 第 118 行.
NOTIC: [8] Undefined index: HTTP_ACCEPT /www/wwwroot/xbm.mashangbang.top/ThinkPHP/Library/Think/Controller/RestController.class.php 第 118 行.
NOTIC: [8] Undefined index: HTTP_ACCEPT /www/wwwroot/xbm.mashangbang.top/ThinkPHP/Library/Think/Controller/RestController.class.php 第 118 行.
NOTIC: [8] Undefined index: HTTP_ACCEPT /www/wwwroot/xbm.mashangbang.top/ThinkPHP/Library/Think/Controller/RestController.class.php 第 118 行.
NOTIC: [8] Undefined index: HTTP_ACCEPT /www/wwwroot/xbm.mashangbang.top/ThinkPHP/Library/Think/Controller/RestController.class.php 第 118 行.
NOTIC: [8] Undefined index: HTTP_ACCEPT /www/wwwroot/xbm.mashangbang.top/ThinkPHP/Library/Think/Controller/RestController.class.php 第 118 行.
NOTIC: [8] Undefined index: HTTP_ACCEPT /www/wwwroot/xbm.mashangbang.top/ThinkPHP/Library/Think/Controller/RestController.class.php 第 118 行.
NOTIC: [8] Undefined index: HTTP_ACCEPT /www/wwwroot/xbm.mashangbang.top/ThinkPHP/Library/Think/Controller/RestController.class.php 第 118 行.
NOTIC: [8] Undefined index: HTTP_ACCEPT /www/wwwroot/xbm.mashangbang.top/ThinkPHP/Library/Think/Controller/RestController.class.php 第 118 行.
NOTIC: [8] Undefined index: HTTP_ACCEPT /www/wwwroot/xbm.mashangbang.top/ThinkPHP/Library/Think/Controller/RestController.class.php 第 118 行.
NOTIC: [8] Undefined index: HTTP_ACCEPT /www/wwwroot/xbm.mashangbang.top/ThinkPHP/Library/Think/Controller/RestController.class.php 第 118 行.
NOTIC: [8] Undefined index: HTTP_ACCEPT /www/wwwroot/xbm.mashangbang.top/ThinkPHP/Library/Think/Controller/RestController.class.php 第 118 行.
NOTIC: [8] Undefined index: HTTP_ACCEPT /www/wwwroot/xbm.mashangbang.top/ThinkPHP/Library/Think/Controller/RestController.class.php 第 118 行.
NOTIC: [8] Undefined index: HTTP_ACCEPT /www/wwwroot/xbm.mashangbang.top/ThinkPHP/Library/Think/Controller/RestController.class.php 第 118 行.
NOTIC: [8] Undefined index: HTTP_ACCEPT /www/wwwroot/xbm.mashangbang.top/ThinkPHP/Library/Think/Controller/RestController.class.php 第 118 行.
NOTIC: [8] Undefined index: HTTP_ACCEPT /www/wwwroot/xbm.mashangbang.top/ThinkPHP/Library/Think/Controller/RestController.class.php 第 118 行.
NOTIC: [8] Undefined index: HTTP_ACCEPT /www/wwwroot/xbm.mashangbang.top/ThinkPHP/Library/Think/Controller/RestController.class.php 第 118 行.
NOTIC: [8] Undefined index: HTTP_ACCEPT /www/wwwroot/xbm.mashangbang.top/ThinkPHP/Library/Think/Controller/RestController.class.php 第 118 行.
NOTIC: [8] Undefined index: HTTP_ACCEPT /www/wwwroot/xbm.mashangbang.top/ThinkPHP/Library/Think/Controller/RestController.class.php 第 118 行.
NOTIC: [8] Undefined index: HTTP_ACCEPT /www/wwwroot/xbm.mashangbang.top/ThinkPHP/Library/Think/Controller/RestController.class.php 第 118 行.
NOTIC: [8] Undefined index: HTTP_ACCEPT /www/wwwroot/xbm.mashangbang.top/ThinkPHP/Library/Think/Controller/RestController.class.php 第 118 行.
NOTIC: [8] Undefined index: HTTP_ACCEPT /www/wwwroot/xbm.mashangbang.top/ThinkPHP/Library/Think/Controller/RestController.class.php 第 118 行.
NOTIC: [8] Undefined index: HTTP_ACCEPT /www/wwwroot/xbm.mashangbang.top/ThinkPHP/Library/Think/Controller/RestController.class.php 第 118 行.
NOTIC: [8] Undefined index: HTTP_ACCEPT /www/wwwroot/xbm.mashangbang.top/ThinkPHP/Library/Think/Controller/RestController.class.php 第 118 行.
SQL: SHOW COLUMNS FROM `xb_mem_message` [ RunTime:0.0004s ]
SQL: SELECT * FROM `xb_mem_message` WHERE (  `UserID` IN (0,'41828') AND `Status` = '1' ) AND `Type` = 0 ORDER BY SendTime desc  [ RunTime:0.0002s ]
SQL: SELECT * FROM `xb_mem_message` WHERE (  `UserID` IN (0,'41828') AND `Status` = '1' ) AND `Type` = 1 ORDER BY SendTime desc  [ RunTime:0.0001s ]
SQL: SHOW COLUMNS FROM `xb_readmessage` [ RunTime:0.0003s ]
SQL: SELECT * FROM `xb_readmessage` WHERE `MID` = 41435 AND `UID` = 41828 LIMIT 1   [ RunTime:0.0002s ]

[ 2019-08-14T23:55:59+08:00 ] 220.164.121.215 /api.php/home/home/ads?client=android&package=com.xbm.app&ver=1.0.0&aid=1&num=20
INFO: [ app_init ] --START--
INFO: Run Behavior\BuildLiteBehavior [ RunTime:0.000013s ]
INFO: [ app_init ] --END-- [ RunTime:0.000345s ]
INFO: [ app_begin ] --START--
INFO: Run Behavior\ReadHtmlCacheBehavior [ RunTime:0.000483s ]
INFO: [ app_begin ] --END-- [ RunTime:0.000528s ]
NOTIC: [8] Undefined index: HTTP_ACCEPT /www/wwwroot/xbm.mashangbang.top/ThinkPHP/Library/Think/Controller/RestController.class.php 第 118 行.
NOTIC: [8] Undefined index: HTTP_ACCEPT /www/wwwroot/xbm.mashangbang.top/ThinkPHP/Library/Think/Controller/RestController.class.php 第 118 行.
NOTIC: [8] Undefined index: HTTP_ACCEPT /www/wwwroot/xbm.mashangbang.top/ThinkPHP/Library/Think/Controller/RestController.class.php 第 118 行.
NOTIC: [8] Undefined index: HTTP_ACCEPT /www/wwwroot/xbm.mashangbang.top/ThinkPHP/Library/Think/Controller/RestController.class.php 第 118 行.
NOTIC: [8] Undefined index: HTTP_ACCEPT /www/wwwroot/xbm.mashangbang.top/ThinkPHP/Library/Think/Controller/RestController.class.php 第 118 行.
NOTIC: [8] Undefined index: HTTP_ACCEPT /www/wwwroot/xbm.mashangbang.top/ThinkPHP/Library/Think/Controller/RestController.class.php 第 118 行.
NOTIC: [8] Undefined index: HTTP_ACCEPT /www/wwwroot/xbm.mashangbang.top/ThinkPHP/Library/Think/Controller/RestController.class.php 第 118 行.
NOTIC: [8] Undefined index: HTTP_ACCEPT /www/wwwroot/xbm.mashangbang.top/ThinkPHP/Library/Think/Controller/RestController.class.php 第 118 行.
NOTIC: [8] Undefined index: HTTP_ACCEPT /www/wwwroot/xbm.mashangbang.top/ThinkPHP/Library/Think/Controller/RestController.class.php 第 118 行.
NOTIC: [8] Undefined index: HTTP_ACCEPT /www/wwwroot/xbm.mashangbang.top/ThinkPHP/Library/Think/Controller/RestController.class.php 第 118 行.
NOTIC: [8] Undefined index: HTTP_ACCEPT /www/wwwroot/xbm.mashangbang.top/ThinkPHP/Library/Think/Controller/RestController.class.php 第 118 行.
NOTIC: [8] Undefined index: HTTP_ACCEPT /www/wwwroot/xbm.mashangbang.top/ThinkPHP/Library/Think/Controller/RestController.class.php 第 118 行.
NOTIC: [8] Undefined index: HTTP_ACCEPT /www/wwwroot/xbm.mashangbang.top/ThinkPHP/Library/Think/Controller/RestController.class.php 第 118 行.
NOTIC: [8] Undefined index: HTTP_ACCEPT /www/wwwroot/xbm.mashangbang.top/ThinkPHP/Library/Think/Controller/RestController.class.php 第 118 行.
NOTIC: [8] Undefined index: HTTP_ACCEPT /www/wwwroot/xbm.mashangbang.top/ThinkPHP/Library/Think/Controller/RestController.class.php 第 118 行.
NOTIC: [8] Undefined index: HTTP_ACCEPT /www/wwwroot/xbm.mashangbang.top/ThinkPHP/Library/Think/Controller/RestController.class.php 第 118 行.
NOTIC: [8] Undefined index: HTTP_ACCEPT /www/wwwroot/xbm.mashangbang.top/ThinkPHP/Library/Think/Controller/RestController.class.php 第 118 行.
NOTIC: [8] Undefined index: HTTP_ACCEPT /www/wwwroot/xbm.mashangbang.top/ThinkPHP/Library/Think/Controller/RestController.class.php 第 118 行.
NOTIC: [8] Undefined index: HTTP_ACCEPT /www/wwwroot/xbm.mashangbang.top/ThinkPHP/Library/Think/Controller/RestController.class.php 第 118 行.
NOTIC: [8] Undefined index: HTTP_ACCEPT /www/wwwroot/xbm.mashangbang.top/ThinkPHP/Library/Think/Controller/RestController.class.php 第 118 行.
NOTIC: [8] Undefined index: HTTP_ACCEPT /www/wwwroot/xbm.mashangbang.top/ThinkPHP/Library/Think/Controller/RestController.class.php 第 118 行.
NOTIC: [8] Undefined index: HTTP_ACCEPT /www/wwwroot/xbm.mashangbang.top/ThinkPHP/Library/Think/Controller/RestController.class.php 第 118 行.
NOTIC: [8] Undefined index: HTTP_ACCEPT /www/wwwroot/xbm.mashangbang.top/ThinkPHP/Library/Think/Controller/RestController.class.php 第 118 行.
NOTIC: [8] Undefined index: HTTP_ACCEPT /www/wwwroot/xbm.mashangbang.top/ThinkPHP/Library/Think/Controller/RestController.class.php 第 118 行.
NOTIC: [8] Undefined index: HTTP_ACCEPT /www/wwwroot/xbm.mashangbang.top/ThinkPHP/Library/Think/Controller/RestController.class.php 第 118 行.
NOTIC: [8] Undefined index: HTTP_ACCEPT /www/wwwroot/xbm.mashangbang.top/ThinkPHP/Library/Think/Controller/RestController.class.php 第 118 行.
SQL: SHOW COLUMNS FROM `xb_sys_adcontent` [ RunTime:0.0004s ]
SQL: SELECT `Name`,`Pic`,`Url`,`UrlType`,`SystemClass`,`SystemClassVal`,`productID` FROM `xb_sys_adcontent` WHERE `AdvertisingID` = 1 AND `Status` = 1 ORDER BY Sort asc,ID desc LIMIT 20   [ RunTime:0.0001s ]

[ 2019-08-14T23:55:59+08:00 ] 220.164.121.215 /api.php/home/home/getitems?client=android&package=com.xbm.app&ver=1.0.0&isrec=1&rows=4
INFO: [ app_init ] --START--
INFO: Run Behavior\BuildLiteBehavior [ RunTime:0.000011s ]
INFO: [ app_init ] --END-- [ RunTime:0.000318s ]
INFO: [ app_begin ] --START--
INFO: Run Behavior\ReadHtmlCacheBehavior [ RunTime:0.000461s ]
INFO: [ app_begin ] --END-- [ RunTime:0.000508s ]
NOTIC: [8] Undefined index: HTTP_ACCEPT /www/wwwroot/xbm.mashangbang.top/ThinkPHP/Library/Think/Controller/RestController.class.php 第 118 行.
NOTIC: [8] Undefined index: HTTP_ACCEPT /www/wwwroot/xbm.mashangbang.top/ThinkPHP/Library/Think/Controller/RestController.class.php 第 118 行.
NOTIC: [8] Undefined index: HTTP_ACCEPT /www/wwwroot/xbm.mashangbang.top/ThinkPHP/Library/Think/Controller/RestController.class.php 第 118 行.
NOTIC: [8] Undefined index: HTTP_ACCEPT /www/wwwroot/xbm.mashangbang.top/ThinkPHP/Library/Think/Controller/RestController.class.php 第 118 行.
NOTIC: [8] Undefined index: HTTP_ACCEPT /www/wwwroot/xbm.mashangbang.top/ThinkPHP/Library/Think/Controller/RestController.class.php 第 118 行.
NOTIC: [8] Undefined index: HTTP_ACCEPT /www/wwwroot/xbm.mashangbang.top/ThinkPHP/Library/Think/Controller/RestController.class.php 第 118 行.
NOTIC: [8] Undefined index: HTTP_ACCEPT /www/wwwroot/xbm.mashangbang.top/ThinkPHP/Library/Think/Controller/RestController.class.php 第 118 行.
NOTIC: [8] Undefined index: HTTP_ACCEPT /www/wwwroot/xbm.mashangbang.top/ThinkPHP/Library/Think/Controller/RestController.class.php 第 118 行.
NOTIC: [8] Undefined index: HTTP_ACCEPT /www/wwwroot/xbm.mashangbang.top/ThinkPHP/Library/Think/Controller/RestController.class.php 第 118 行.
NOTIC: [8] Undefined index: HTTP_ACCEPT /www/wwwroot/xbm.mashangbang.top/ThinkPHP/Library/Think/Controller/RestController.class.php 第 118 行.
NOTIC: [8] Undefined index: HTTP_ACCEPT /www/wwwroot/xbm.mashangbang.top/ThinkPHP/Library/Think/Controller/RestController.class.php 第 118 行.
NOTIC: [8] Undefined index: HTTP_ACCEPT /www/wwwroot/xbm.mashangbang.top/ThinkPHP/Library/Think/Controller/RestController.class.php 第 118 行.
NOTIC: [8] Undefined index: HTTP_ACCEPT /www/wwwroot/xbm.mashangbang.top/ThinkPHP/Library/Think/Controller/RestController.class.php 第 118 行.
NOTIC: [8] Undefined index: HTTP_ACCEPT /www/wwwroot/xbm.mashangbang.top/ThinkPHP/Library/Think/Controller/RestController.class.php 第 118 行.
NOTIC: [8] Undefined index: HTTP_ACCEPT /www/wwwroot/xbm.mashangbang.top/ThinkPHP/Library/Think/Controller/RestController.class.php 第 118 行.
NOTIC: [8] Undefined index: HTTP_ACCEPT /www/wwwroot/xbm.mashangbang.top/ThinkPHP/Library/Think/Controller/RestController.class.php 第 118 行.
NOTIC: [8] Undefined index: HTTP_ACCEPT /www/wwwroot/xbm.mashangbang.top/ThinkPHP/Library/Think/Controller/RestController.class.php 第 118 行.
NOTIC: [8] Undefined index: HTTP_ACCEPT /www/wwwroot/xbm.mashangbang.top/ThinkPHP/Library/Think/Controller/RestController.class.php 第 118 行.
NOTIC: [8] Undefined index: HTTP_ACCEPT /www/wwwroot/xbm.mashangbang.top/ThinkPHP/Library/Think/Controller/RestController.class.php 第 118 行.
NOTIC: [8] Undefined index: HTTP_ACCEPT /www/wwwroot/xbm.mashangbang.top/ThinkPHP/Library/Think/Controller/RestController.class.php 第 118 行.
NOTIC: [8] Undefined index: HTTP_ACCEPT /www/wwwroot/xbm.mashangbang.top/ThinkPHP/Library/Think/Controller/RestController.class.php 第 118 行.
NOTIC: [8] Undefined index: HTTP_ACCEPT /www/wwwroot/xbm.mashangbang.top/ThinkPHP/Library/Think/Controller/RestController.class.php 第 118 行.
NOTIC: [8] Undefined index: HTTP_ACCEPT /www/wwwroot/xbm.mashangbang.top/ThinkPHP/Library/Think/Controller/RestController.class.php 第 118 行.
NOTIC: [8] Undefined index: HTTP_ACCEPT /www/wwwroot/xbm.mashangbang.top/ThinkPHP/Library/Think/Controller/RestController.class.php 第 118 行.
NOTIC: [8] Undefined index: HTTP_ACCEPT /www/wwwroot/xbm.mashangbang.top/ThinkPHP/Library/Think/Controller/RestController.class.php 第 118 行.
NOTIC: [8] Undefined index: HTTP_ACCEPT /www/wwwroot/xbm.mashangbang.top/ThinkPHP/Library/Think/Controller/RestController.class.php 第 118 行.
SQL: SHOW COLUMNS FROM `xb_items` [ RunTime:0.0010s ]
NOTIC: [8] Use of undefined constant HTTP_X_FORWARDED_FOR - assumed 'HTTP_X_FORWARDED_FOR' /www/wwwroot/xbm.mashangbang.top/Application/Common/Common/function.php 第 1396 行.
NOTIC: [8] Use of undefined constant HTTP_CLIENT_IP - assumed 'HTTP_CLIENT_IP' /www/wwwroot/xbm.mashangbang.top/Application/Common/Common/function.php 第 1398 行.
NOTIC: [8] Use of undefined constant REMOTE_ADDR - assumed 'REMOTE_ADDR' /www/wwwroot/xbm.mashangbang.top/Application/Common/Common/function.php 第 1401 行.
SQL: SHOW COLUMNS FROM `xb_sys_ipaddress` [ RunTime:0.0618s ]
SQL: SELECT * FROM `xb_sys_ipaddress` WHERE `IpAddress` = '220.164.121.215' LIMIT 1   [ RunTime:0.0001s ]
NOTIC: [8] Undefined index: data /www/wwwroot/xbm.mashangbang.top/Application/Common/Common/function.php 第 1423 行.
NOTIC: [8] Undefined index: data /www/wwwroot/xbm.mashangbang.top/Application/Common/Common/function.php 第 1424 行.
NOTIC: [8] Undefined variable: areid /www/wwwroot/xbm.mashangbang.top/Application/Api/Controller/Home/HomeController.class.php 第 248 行.
SQL: SELECT `ID`,`Name`,`Logurl`,`AppNumbs`,`linkType`,`Openurl` FROM `xb_items` WHERE `IsRec` = 1 AND `Itype` = 1 AND `IsDel` = 0 AND `Status` = '1' AND `Showtype` IN ('1','3') AND `Isshow` = '1' ORDER BY Sort asc,ID desc LIMIT 4   [ RunTime:0.0002s ]

[ 2019-08-14T23:55:59+08:00 ] 220.164.121.215 /api.php/home/home/getitems?client=android&package=com.xbm.app&ver=1.0.0&isrec=1&rows=4
INFO: [ app_init ] --START--
INFO: Run Behavior\BuildLiteBehavior [ RunTime:0.000009s ]
INFO: [ app_init ] --END-- [ RunTime:0.000210s ]
INFO: [ app_begin ] --START--
INFO: Run Behavior\ReadHtmlCacheBehavior [ RunTime:0.000301s ]
INFO: [ app_begin ] --END-- [ RunTime:0.000332s ]
NOTIC: [8] Undefined index: HTTP_ACCEPT /www/wwwroot/xbm.mashangbang.top/ThinkPHP/Library/Think/Controller/RestController.class.php 第 118 行.
NOTIC: [8] Undefined index: HTTP_ACCEPT /www/wwwroot/xbm.mashangbang.top/ThinkPHP/Library/Think/Controller/RestController.class.php 第 118 行.
NOTIC: [8] Undefined index: HTTP_ACCEPT /www/wwwroot/xbm.mashangbang.top/ThinkPHP/Library/Think/Controller/RestController.class.php 第 118 行.
NOTIC: [8] Undefined index: HTTP_ACCEPT /www/wwwroot/xbm.mashangbang.top/ThinkPHP/Library/Think/Controller/RestController.class.php 第 118 行.
NOTIC: [8] Undefined index: HTTP_ACCEPT /www/wwwroot/xbm.mashangbang.top/ThinkPHP/Library/Think/Controller/RestController.class.php 第 118 行.
NOTIC: [8] Undefined index: HTTP_ACCEPT /www/wwwroot/xbm.mashangbang.top/ThinkPHP/Library/Think/Controller/RestController.class.php 第 118 行.
NOTIC: [8] Undefined index: HTTP_ACCEPT /www/wwwroot/xbm.mashangbang.top/ThinkPHP/Library/Think/Controller/RestController.class.php 第 118 行.
NOTIC: [8] Undefined index: HTTP_ACCEPT /www/wwwroot/xbm.mashangbang.top/ThinkPHP/Library/Think/Controller/RestController.class.php 第 118 行.
NOTIC: [8] Undefined index: HTTP_ACCEPT /www/wwwroot/xbm.mashangbang.top/ThinkPHP/Library/Think/Controller/RestController.class.php 第 118 行.
NOTIC: [8] Undefined index: HTTP_ACCEPT /www/wwwroot/xbm.mashangbang.top/ThinkPHP/Library/Think/Controller/RestController.class.php 第 118 行.
NOTIC: [8] Undefined index: HTTP_ACCEPT /www/wwwroot/xbm.mashangbang.top/ThinkPHP/Library/Think/Controller/RestController.class.php 第 118 行.
NOTIC: [8] Undefined index: HTTP_ACCEPT /www/wwwroot/xbm.mashangbang.top/ThinkPHP/Library/Think/Controller/RestController.class.php 第 118 行.
NOTIC: [8] Undefined index: HTTP_ACCEPT /www/wwwroot/xbm.mashangbang.top/ThinkPHP/Library/Think/Controller/RestController.class.php 第 118 行.
NOTIC: [8] Undefined index: HTTP_ACCEPT /www/wwwroot/xbm.mashangbang.top/ThinkPHP/Library/Think/Controller/RestController.class.php 第 118 行.
NOTIC: [8] Undefined index: HTTP_ACCEPT /www/wwwroot/xbm.mashangbang.top/ThinkPHP/Library/Think/Controller/RestController.class.php 第 118 行.
NOTIC: [8] Undefined index: HTTP_ACCEPT /www/wwwroot/xbm.mashangbang.top/ThinkPHP/Library/Think/Controller/RestController.class.php 第 118 行.
NOTIC: [8] Undefined index: HTTP_ACCEPT /www/wwwroot/xbm.mashangbang.top/ThinkPHP/Library/Think/Controller/RestController.class.php 第 118 行.
NOTIC: [8] Undefined index: HTTP_ACCEPT /www/wwwroot/xbm.mashangbang.top/ThinkPHP/Library/Think/Controller/RestController.class.php 第 118 行.
NOTIC: [8] Undefined index: HTTP_ACCEPT /www/wwwroot/xbm.mashangbang.top/ThinkPHP/Library/Think/Controller/RestController.class.php 第 118 行.
NOTIC: [8] Undefined index: HTTP_ACCEPT /www/wwwroot/xbm.mashangbang.top/ThinkPHP/Library/Think/Controller/RestController.class.php 第 118 行.
NOTIC: [8] Undefined index: HTTP_ACCEPT /www/wwwroot/xbm.mashangbang.top/ThinkPHP/Library/Think/Controller/RestController.class.php 第 118 行.
NOTIC: [8] Undefined index: HTTP_ACCEPT /www/wwwroot/xbm.mashangbang.top/ThinkPHP/Library/Think/Controller/RestController.class.php 第 118 行.
NOTIC: [8] Undefined index: HTTP_ACCEPT /www/wwwroot/xbm.mashangbang.top/ThinkPHP/Library/Think/Controller/RestController.class.php 第 118 行.
NOTIC: [8] Undefined index: HTTP_ACCEPT /www/wwwroot/xbm.mashangbang.top/ThinkPHP/Library/Think/Controller/RestController.class.php 第 118 行.
NOTIC: [8] Undefined index: HTTP_ACCEPT /www/wwwroot/xbm.mashangbang.top/ThinkPHP/Library/Think/Controller/RestController.class.php 第 118 行.
NOTIC: [8] Undefined index: HTTP_ACCEPT /www/wwwroot/xbm.mashangbang.top/ThinkPHP/Library/Think/Controller/RestController.class.php 第 118 行.
SQL: SHOW COLUMNS FROM `xb_items` [ RunTime:0.0007s ]
NOTIC: [8] Use of undefined constant HTTP_X_FORWARDED_FOR - assumed 'HTTP_X_FORWARDED_FOR' /www/wwwroot/xbm.mashangbang.top/Application/Common/Common/function.php 第 1396 行.
NOTIC: [8] Use of undefined constant HTTP_CLIENT_IP - assumed 'HTTP_CLIENT_IP' /www/wwwroot/xbm.mashangbang.top/Application/Common/Common/function.php 第 1398 行.
NOTIC: [8] Use of undefined constant REMOTE_ADDR - assumed 'REMOTE_ADDR' /www/wwwroot/xbm.mashangbang.top/Application/Common/Common/function.php 第 1401 行.
SQL: SHOW COLUMNS FROM `xb_sys_ipaddress` [ RunTime:0.0004s ]
SQL: SELECT * FROM `xb_sys_ipaddress` WHERE `IpAddress` = '220.164.121.215' LIMIT 1   [ RunTime:0.0001s ]
NOTIC: [8] Undefined index: data /www/wwwroot/xbm.mashangbang.top/Application/Common/Common/function.php 第 1423 行.
NOTIC: [8] Undefined index: data /www/wwwroot/xbm.mashangbang.top/Application/Common/Common/function.php 第 1424 行.
NOTIC: [8] Undefined variable: areid /www/wwwroot/xbm.mashangbang.top/Application/Api/Controller/Home/HomeController.class.php 第 248 行.
SQL: SELECT `ID`,`Name`,`Logurl`,`AppNumbs`,`linkType`,`Openurl` FROM `xb_items` WHERE `IsRec` = 1 AND `Itype` = 1 AND `IsDel` = 0 AND `Status` = '1' AND `Showtype` IN ('1','3') AND `Isshow` = '1' ORDER BY Sort asc,ID desc LIMIT 4   [ RunTime:0.0001s ]

[ 2019-08-14T23:56:00+08:00 ] 220.164.121.215 /api.php/center/member/isnoreadmsg
INFO: [ app_init ] --START--
INFO: Run Behavior\BuildLiteBehavior [ RunTime:0.000013s ]
INFO: [ app_init ] --END-- [ RunTime:0.000313s ]
INFO: [ app_begin ] --START--
INFO: Run Behavior\ReadHtmlCacheBehavior [ RunTime:0.000453s ]
INFO: [ app_begin ] --END-- [ RunTime:0.000499s ]
NOTIC: [8] Undefined index: HTTP_ACCEPT /www/wwwroot/xbm.mashangbang.top/ThinkPHP/Library/Think/Controller/RestController.class.php 第 118 行.
NOTIC: [8] Undefined index: HTTP_ACCEPT /www/wwwroot/xbm.mashangbang.top/ThinkPHP/Library/Think/Controller/RestController.class.php 第 118 行.
NOTIC: [8] Undefined index: HTTP_ACCEPT /www/wwwroot/xbm.mashangbang.top/ThinkPHP/Library/Think/Controller/RestController.class.php 第 118 行.
NOTIC: [8] Undefined index: HTTP_ACCEPT /www/wwwroot/xbm.mashangbang.top/ThinkPHP/Library/Think/Controller/RestController.class.php 第 118 行.
NOTIC: [8] Undefined index: HTTP_ACCEPT /www/wwwroot/xbm.mashangbang.top/ThinkPHP/Library/Think/Controller/RestController.class.php 第 118 行.
NOTIC: [8] Undefined index: HTTP_ACCEPT /www/wwwroot/xbm.mashangbang.top/ThinkPHP/Library/Think/Controller/RestController.class.php 第 118 行.
NOTIC: [8] Undefined index: HTTP_ACCEPT /www/wwwroot/xbm.mashangbang.top/ThinkPHP/Library/Think/Controller/RestController.class.php 第 118 行.
NOTIC: [8] Undefined index: HTTP_ACCEPT /www/wwwroot/xbm.mashangbang.top/ThinkPHP/Library/Think/Controller/RestController.class.php 第 118 行.
NOTIC: [8] Undefined index: HTTP_ACCEPT /www/wwwroot/xbm.mashangbang.top/ThinkPHP/Library/Think/Controller/RestController.class.php 第 118 行.
NOTIC: [8] Undefined index: HTTP_ACCEPT /www/wwwroot/xbm.mashangbang.top/ThinkPHP/Library/Think/Controller/RestController.class.php 第 118 行.
NOTIC: [8] Undefined index: HTTP_ACCEPT /www/wwwroot/xbm.mashangbang.top/ThinkPHP/Library/Think/Controller/RestController.class.php 第 118 行.
NOTIC: [8] Undefined index: HTTP_ACCEPT /www/wwwroot/xbm.mashangbang.top/ThinkPHP/Library/Think/Controller/RestController.class.php 第 118 行.
NOTIC: [8] Undefined index: HTTP_ACCEPT /www/wwwroot/xbm.mashangbang.top/ThinkPHP/Library/Think/Controller/RestController.class.php 第 118 行.
NOTIC: [8] Undefined index: HTTP_ACCEPT /www/wwwroot/xbm.mashangbang.top/ThinkPHP/Library/Think/Controller/RestController.class.php 第 118 行.
NOTIC: [8] Undefined index: HTTP_ACCEPT /www/wwwroot/xbm.mashangbang.top/ThinkPHP/Library/Think/Controller/RestController.class.php 第 118 行.
NOTIC: [8] Undefined index: HTTP_ACCEPT /www/wwwroot/xbm.mashangbang.top/ThinkPHP/Library/Think/Controller/RestController.class.php 第 118 行.
NOTIC: [8] Undefined index: HTTP_ACCEPT /www/wwwroot/xbm.mashangbang.top/ThinkPHP/Library/Think/Controller/RestController.class.php 第 118 行.
NOTIC: [8] Undefined index: HTTP_ACCEPT /www/wwwroot/xbm.mashangbang.top/ThinkPHP/Library/Think/Controller/RestController.class.php 第 118 行.
NOTIC: [8] Undefined index: HTTP_ACCEPT /www/wwwroot/xbm.mashangbang.top/ThinkPHP/Library/Think/Controller/RestController.class.php 第 118 行.
NOTIC: [8] Undefined index: HTTP_ACCEPT /www/wwwroot/xbm.mashangbang.top/ThinkPHP/Library/Think/Controller/RestController.class.php 第 118 行.
NOTIC: [8] Undefined index: HTTP_ACCEPT /www/wwwroot/xbm.mashangbang.top/ThinkPHP/Library/Think/Controller/RestController.class.php 第 118 行.
NOTIC: [8] Undefined index: HTTP_ACCEPT /www/wwwroot/xbm.mashangbang.top/ThinkPHP/Library/Think/Controller/RestController.class.php 第 118 行.
NOTIC: [8] Undefined index: HTTP_ACCEPT /www/wwwroot/xbm.mashangbang.top/ThinkPHP/Library/Think/Controller/RestController.class.php 第 118 行.
NOTIC: [8] Undefined index: HTTP_ACCEPT /www/wwwroot/xbm.mashangbang.top/ThinkPHP/Library/Think/Controller/RestController.class.php 第 118 行.
NOTIC: [8] Undefined index: HTTP_ACCEPT /www/wwwroot/xbm.mashangbang.top/ThinkPHP/Library/Think/Controller/RestController.class.php 第 118 行.
NOTIC: [8] Undefined index: HTTP_ACCEPT /www/wwwroot/xbm.mashangbang.top/ThinkPHP/Library/Think/Controller/RestController.class.php 第 118 行.
SQL: SHOW COLUMNS FROM `xb_mem_message` [ RunTime:0.0005s ]
SQL: SELECT * FROM `xb_mem_message` WHERE (  `UserID` IN (0,'41828') AND `Status` = '1' ) AND `Type` = 0 ORDER BY SendTime desc  [ RunTime:0.0001s ]
SQL: SELECT * FROM `xb_mem_message` WHERE (  `UserID` IN (0,'41828') AND `Status` = '1' ) AND `Type` = 1 ORDER BY SendTime desc  [ RunTime:0.0001s ]
SQL: SHOW COLUMNS FROM `xb_readmessage` [ RunTime:0.0004s ]
SQL: SELECT * FROM `xb_readmessage` WHERE `MID` = 41435 AND `UID` = 41828 LIMIT 1   [ RunTime:0.0001s ]

[ 2019-08-14T23:56:00+08:00 ] 220.164.121.215 /api.php/Home/News/getnewslist?client=android&package=com.xbm.app&ver=1.0.0&cid=2&page=0&rows=4
INFO: [ app_init ] --START--
INFO: Run Behavior\BuildLiteBehavior [ RunTime:0.000013s ]
INFO: [ app_init ] --END-- [ RunTime:0.000291s ]
INFO: [ app_begin ] --START--
INFO: Run Behavior\ReadHtmlCacheBehavior [ RunTime:0.000458s ]
INFO: [ app_begin ] --END-- [ RunTime:0.000502s ]
NOTIC: [8] Undefined index: HTTP_ACCEPT /www/wwwroot/xbm.mashangbang.top/ThinkPHP/Library/Think/Controller/RestController.class.php 第 118 行.
NOTIC: [8] Undefined index: HTTP_ACCEPT /www/wwwroot/xbm.mashangbang.top/ThinkPHP/Library/Think/Controller/RestController.class.php 第 118 行.
NOTIC: [8] Undefined index: HTTP_ACCEPT /www/wwwroot/xbm.mashangbang.top/ThinkPHP/Library/Think/Controller/RestController.class.php 第 118 行.
NOTIC: [8] Undefined index: HTTP_ACCEPT /www/wwwroot/xbm.mashangbang.top/ThinkPHP/Library/Think/Controller/RestController.class.php 第 118 行.
NOTIC: [8] Undefined index: HTTP_ACCEPT /www/wwwroot/xbm.mashangbang.top/ThinkPHP/Library/Think/Controller/RestController.class.php 第 118 行.
NOTIC: [8] Undefined index: HTTP_ACCEPT /www/wwwroot/xbm.mashangbang.top/ThinkPHP/Library/Think/Controller/RestController.class.php 第 118 行.
NOTIC: [8] Undefined index: HTTP_ACCEPT /www/wwwroot/xbm.mashangbang.top/ThinkPHP/Library/Think/Controller/RestController.class.php 第 118 行.
NOTIC: [8] Undefined index: HTTP_ACCEPT /www/wwwroot/xbm.mashangbang.top/ThinkPHP/Library/Think/Controller/RestController.class.php 第 118 行.
NOTIC: [8] Undefined index: HTTP_ACCEPT /www/wwwroot/xbm.mashangbang.top/ThinkPHP/Library/Think/Controller/RestController.class.php 第 118 行.
NOTIC: [8] Undefined index: HTTP_ACCEPT /www/wwwroot/xbm.mashangbang.top/ThinkPHP/Library/Think/Controller/RestController.class.php 第 118 行.
NOTIC: [8] Undefined index: HTTP_ACCEPT /www/wwwroot/xbm.mashangbang.top/ThinkPHP/Library/Think/Controller/RestController.class.php 第 118 行.
NOTIC: [8] Undefined index: HTTP_ACCEPT /www/wwwroot/xbm.mashangbang.top/ThinkPHP/Library/Think/Controller/RestController.class.php 第 118 行.
NOTIC: [8] Undefined index: HTTP_ACCEPT /www/wwwroot/xbm.mashangbang.top/ThinkPHP/Library/Think/Controller/RestController.class.php 第 118 行.
NOTIC: [8] Undefined index: HTTP_ACCEPT /www/wwwroot/xbm.mashangbang.top/ThinkPHP/Library/Think/Controller/RestController.class.php 第 118 行.
NOTIC: [8] Undefined index: HTTP_ACCEPT /www/wwwroot/xbm.mashangbang.top/ThinkPHP/Library/Think/Controller/RestController.class.php 第 118 行.
NOTIC: [8] Undefined index: HTTP_ACCEPT /www/wwwroot/xbm.mashangbang.top/ThinkPHP/Library/Think/Controller/RestController.class.php 第 118 行.
NOTIC: [8] Undefined index: HTTP_ACCEPT /www/wwwroot/xbm.mashangbang.top/ThinkPHP/Library/Think/Controller/RestController.class.php 第 118 行.
NOTIC: [8] Undefined index: HTTP_ACCEPT /www/wwwroot/xbm.mashangbang.top/ThinkPHP/Library/Think/Controller/RestController.class.php 第 118 行.
NOTIC: [8] Undefined index: HTTP_ACCEPT /www/wwwroot/xbm.mashangbang.top/ThinkPHP/Library/Think/Controller/RestController.class.php 第 118 行.
NOTIC: [8] Undefined index: HTTP_ACCEPT /www/wwwroot/xbm.mashangbang.top/ThinkPHP/Library/Think/Controller/RestController.class.php 第 118 行.
NOTIC: [8] Undefined index: HTTP_ACCEPT /www/wwwroot/xbm.mashangbang.top/ThinkPHP/Library/Think/Controller/RestController.class.php 第 118 行.
NOTIC: [8] Undefined index: HTTP_ACCEPT /www/wwwroot/xbm.mashangbang.top/ThinkPHP/Library/Think/Controller/RestController.class.php 第 118 行.
NOTIC: [8] Undefined index: HTTP_ACCEPT /www/wwwroot/xbm.mashangbang.top/ThinkPHP/Library/Think/Controller/RestController.class.php 第 118 行.
NOTIC: [8] Undefined index: HTTP_ACCEPT /www/wwwroot/xbm.mashangbang.top/ThinkPHP/Library/Think/Controller/RestController.class.php 第 118 行.
NOTIC: [8] Undefined index: HTTP_ACCEPT /www/wwwroot/xbm.mashangbang.top/ThinkPHP/Library/Think/Controller/RestController.class.php 第 118 行.
NOTIC: [8] Undefined index: HTTP_ACCEPT /www/wwwroot/xbm.mashangbang.top/ThinkPHP/Library/Think/Controller/RestController.class.php 第 118 行.
SQL: SHOW COLUMNS FROM `xb_sys_contentmanagement` [ RunTime:0.0006s ]
SQL: SELECT `ID`,`Title`,`AddTime` FROM `xb_sys_contentmanagement` WHERE `CategoriesID` = 2 AND `IsPublish` = 1 ORDER BY Sort asc,ID desc LIMIT 0,4   [ RunTime:0.0001s ]

[ 2019-08-14T23:56:00+08:00 ] 220.164.121.215 /api.php/home/home/getcate?client=android&package=com.xbm.app&ver=1.0.0&aid=8
INFO: [ app_init ] --START--
INFO: Run Behavior\BuildLiteBehavior [ RunTime:0.000012s ]
INFO: [ app_init ] --END-- [ RunTime:0.000290s ]
INFO: [ app_begin ] --START--
INFO: Run Behavior\ReadHtmlCacheBehavior [ RunTime:0.000423s ]
INFO: [ app_begin ] --END-- [ RunTime:0.000472s ]
NOTIC: [8] Undefined index: HTTP_ACCEPT /www/wwwroot/xbm.mashangbang.top/ThinkPHP/Library/Think/Controller/RestController.class.php 第 118 行.
NOTIC: [8] Undefined index: HTTP_ACCEPT /www/wwwroot/xbm.mashangbang.top/ThinkPHP/Library/Think/Controller/RestController.class.php 第 118 行.
NOTIC: [8] Undefined index: HTTP_ACCEPT /www/wwwroot/xbm.mashangbang.top/ThinkPHP/Library/Think/Controller/RestController.class.php 第 118 行.
NOTIC: [8] Undefined index: HTTP_ACCEPT /www/wwwroot/xbm.mashangbang.top/ThinkPHP/Library/Think/Controller/RestController.class.php 第 118 行.
NOTIC: [8] Undefined index: HTTP_ACCEPT /www/wwwroot/xbm.mashangbang.top/ThinkPHP/Library/Think/Controller/RestController.class.php 第 118 行.
NOTIC: [8] Undefined index: HTTP_ACCEPT /www/wwwroot/xbm.mashangbang.top/ThinkPHP/Library/Think/Controller/RestController.class.php 第 118 行.
NOTIC: [8] Undefined index: HTTP_ACCEPT /www/wwwroot/xbm.mashangbang.top/ThinkPHP/Library/Think/Controller/RestController.class.php 第 118 行.
NOTIC: [8] Undefined index: HTTP_ACCEPT /www/wwwroot/xbm.mashangbang.top/ThinkPHP/Library/Think/Controller/RestController.class.php 第 118 行.
NOTIC: [8] Undefined index: HTTP_ACCEPT /www/wwwroot/xbm.mashangbang.top/ThinkPHP/Library/Think/Controller/RestController.class.php 第 118 行.
NOTIC: [8] Undefined index: HTTP_ACCEPT /www/wwwroot/xbm.mashangbang.top/ThinkPHP/Library/Think/Controller/RestController.class.php 第 118 行.
NOTIC: [8] Undefined index: HTTP_ACCEPT /www/wwwroot/xbm.mashangbang.top/ThinkPHP/Library/Think/Controller/RestController.class.php 第 118 行.
NOTIC: [8] Undefined index: HTTP_ACCEPT /www/wwwroot/xbm.mashangbang.top/ThinkPHP/Library/Think/Controller/RestController.class.php 第 118 行.
NOTIC: [8] Undefined index: HTTP_ACCEPT /www/wwwroot/xbm.mashangbang.top/ThinkPHP/Library/Think/Controller/RestController.class.php 第 118 行.
NOTIC: [8] Undefined index: HTTP_ACCEPT /www/wwwroot/xbm.mashangbang.top/ThinkPHP/Library/Think/Controller/RestController.class.php 第 118 行.
NOTIC: [8] Undefined index: HTTP_ACCEPT /www/wwwroot/xbm.mashangbang.top/ThinkPHP/Library/Think/Controller/RestController.class.php 第 118 行.
NOTIC: [8] Undefined index: HTTP_ACCEPT /www/wwwroot/xbm.mashangbang.top/ThinkPHP/Library/Think/Controller/RestController.class.php 第 118 行.
NOTIC: [8] Undefined index: HTTP_ACCEPT /www/wwwroot/xbm.mashangbang.top/ThinkPHP/Library/Think/Controller/RestController.class.php 第 118 行.
NOTIC: [8] Undefined index: HTTP_ACCEPT /www/wwwroot/xbm.mashangbang.top/ThinkPHP/Library/Think/Controller/RestController.class.php 第 118 行.
NOTIC: [8] Undefined index: HTTP_ACCEPT /www/wwwroot/xbm.mashangbang.top/ThinkPHP/Library/Think/Controller/RestController.class.php 第 118 行.
NOTIC: [8] Undefined index: HTTP_ACCEPT /www/wwwroot/xbm.mashangbang.top/ThinkPHP/Library/Think/Controller/RestController.class.php 第 118 行.
NOTIC: [8] Undefined index: HTTP_ACCEPT /www/wwwroot/xbm.mashangbang.top/ThinkPHP/Library/Think/Controller/RestController.class.php 第 118 行.
NOTIC: [8] Undefined index: HTTP_ACCEPT /www/wwwroot/xbm.mashangbang.top/ThinkPHP/Library/Think/Controller/RestController.class.php 第 118 行.
NOTIC: [8] Undefined index: HTTP_ACCEPT /www/wwwroot/xbm.mashangbang.top/ThinkPHP/Library/Think/Controller/RestController.class.php 第 118 行.
NOTIC: [8] Undefined index: HTTP_ACCEPT /www/wwwroot/xbm.mashangbang.top/ThinkPHP/Library/Think/Controller/RestController.class.php 第 118 行.
NOTIC: [8] Undefined index: HTTP_ACCEPT /www/wwwroot/xbm.mashangbang.top/ThinkPHP/Library/Think/Controller/RestController.class.php 第 118 行.
NOTIC: [8] Undefined index: HTTP_ACCEPT /www/wwwroot/xbm.mashangbang.top/ThinkPHP/Library/Think/Controller/RestController.class.php 第 118 行.
NOTIC: [8] Undefined index: rows /www/wwwroot/xbm.mashangbang.top/Application/Api/Controller/Home/HomeController.class.php 第 154 行.
SQL: SHOW COLUMNS FROM `xb_items_category` [ RunTime:0.0005s ]
SQL: SELECT `ID`,`Name`,`Imageurl` FROM `xb_items_category` WHERE `ParentID` = 0 AND `IsRec` = 1 AND `Status` = 1 AND `IsDel` = 0 ORDER BY Sort asc,ID desc LIMIT 8   [ RunTime:0.0001s ]
NOTIC: [8] Use of undefined constant HTTP_X_FORWARDED_FOR - assumed 'HTTP_X_FORWARDED_FOR' /www/wwwroot/xbm.mashangbang.top/Application/Common/Common/function.php 第 1396 行.
NOTIC: [8] Use of undefined constant HTTP_CLIENT_IP - assumed 'HTTP_CLIENT_IP' /www/wwwroot/xbm.mashangbang.top/Application/Common/Common/function.php 第 1398 行.
NOTIC: [8] Use of undefined constant REMOTE_ADDR - assumed 'REMOTE_ADDR' /www/wwwroot/xbm.mashangbang.top/Application/Common/Common/function.php 第 1401 行.
SQL: SHOW COLUMNS FROM `xb_sys_ipaddress` [ RunTime:0.0005s ]
SQL: SELECT * FROM `xb_sys_ipaddress` WHERE `IpAddress` = '220.164.121.215' LIMIT 1   [ RunTime:0.0001s ]
NOTIC: [8] Undefined index: data /www/wwwroot/xbm.mashangbang.top/Application/Common/Common/function.php 第 1423 行.
NOTIC: [8] Undefined index: data /www/wwwroot/xbm.mashangbang.top/Application/Common/Common/function.php 第 1424 行.

[ 2019-08-14T23:56:00+08:00 ] 220.164.121.215 /api.php/home/home/getitems?client=android&package=com.xbm.app&ver=1.0.0&isrec=0&rows=20
INFO: [ app_init ] --START--
INFO: Run Behavior\BuildLiteBehavior [ RunTime:0.000013s ]
INFO: [ app_init ] --END-- [ RunTime:0.000316s ]
INFO: [ app_begin ] --START--
INFO: Run Behavior\ReadHtmlCacheBehavior [ RunTime:0.000423s ]
INFO: [ app_begin ] --END-- [ RunTime:0.000469s ]
NOTIC: [8] Undefined index: HTTP_ACCEPT /www/wwwroot/xbm.mashangbang.top/ThinkPHP/Library/Think/Controller/RestController.class.php 第 118 行.
NOTIC: [8] Undefined index: HTTP_ACCEPT /www/wwwroot/xbm.mashangbang.top/ThinkPHP/Library/Think/Controller/RestController.class.php 第 118 行.
NOTIC: [8] Undefined index: HTTP_ACCEPT /www/wwwroot/xbm.mashangbang.top/ThinkPHP/Library/Think/Controller/RestController.class.php 第 118 行.
NOTIC: [8] Undefined index: HTTP_ACCEPT /www/wwwroot/xbm.mashangbang.top/ThinkPHP/Library/Think/Controller/RestController.class.php 第 118 行.
NOTIC: [8] Undefined index: HTTP_ACCEPT /www/wwwroot/xbm.mashangbang.top/ThinkPHP/Library/Think/Controller/RestController.class.php 第 118 行.
NOTIC: [8] Undefined index: HTTP_ACCEPT /www/wwwroot/xbm.mashangbang.top/ThinkPHP/Library/Think/Controller/RestController.class.php 第 118 行.
NOTIC: [8] Undefined index: HTTP_ACCEPT /www/wwwroot/xbm.mashangbang.top/ThinkPHP/Library/Think/Controller/RestController.class.php 第 118 行.
NOTIC: [8] Undefined index: HTTP_ACCEPT /www/wwwroot/xbm.mashangbang.top/ThinkPHP/Library/Think/Controller/RestController.class.php 第 118 行.
NOTIC: [8] Undefined index: HTTP_ACCEPT /www/wwwroot/xbm.mashangbang.top/ThinkPHP/Library/Think/Controller/RestController.class.php 第 118 行.
NOTIC: [8] Undefined index: HTTP_ACCEPT /www/wwwroot/xbm.mashangbang.top/ThinkPHP/Library/Think/Controller/RestController.class.php 第 118 行.
NOTIC: [8] Undefined index: HTTP_ACCEPT /www/wwwroot/xbm.mashangbang.top/ThinkPHP/Library/Think/Controller/RestController.class.php 第 118 行.
NOTIC: [8] Undefined index: HTTP_ACCEPT /www/wwwroot/xbm.mashangbang.top/ThinkPHP/Library/Think/Controller/RestController.class.php 第 118 行.
NOTIC: [8] Undefined index: HTTP_ACCEPT /www/wwwroot/xbm.mashangbang.top/ThinkPHP/Library/Think/Controller/RestController.class.php 第 118 行.
NOTIC: [8] Undefined index: HTTP_ACCEPT /www/wwwroot/xbm.mashangbang.top/ThinkPHP/Library/Think/Controller/RestController.class.php 第 118 行.
NOTIC: [8] Undefined index: HTTP_ACCEPT /www/wwwroot/xbm.mashangbang.top/ThinkPHP/Library/Think/Controller/RestController.class.php 第 118 行.
NOTIC: [8] Undefined index: HTTP_ACCEPT /www/wwwroot/xbm.mashangbang.top/ThinkPHP/Library/Think/Controller/RestController.class.php 第 118 行.
NOTIC: [8] Undefined index: HTTP_ACCEPT /www/wwwroot/xbm.mashangbang.top/ThinkPHP/Library/Think/Controller/RestController.class.php 第 118 行.
NOTIC: [8] Undefined index: HTTP_ACCEPT /www/wwwroot/xbm.mashangbang.top/ThinkPHP/Library/Think/Controller/RestController.class.php 第 118 行.
NOTIC: [8] Undefined index: HTTP_ACCEPT /www/wwwroot/xbm.mashangbang.top/ThinkPHP/Library/Think/Controller/RestController.class.php 第 118 行.
NOTIC: [8] Undefined index: HTTP_ACCEPT /www/wwwroot/xbm.mashangbang.top/ThinkPHP/Library/Think/Controller/RestController.class.php 第 118 行.
NOTIC: [8] Undefined index: HTTP_ACCEPT /www/wwwroot/xbm.mashangbang.top/ThinkPHP/Library/Think/Controller/RestController.class.php 第 118 行.
NOTIC: [8] Undefined index: HTTP_ACCEPT /www/wwwroot/xbm.mashangbang.top/ThinkPHP/Library/Think/Controller/RestController.class.php 第 118 行.
NOTIC: [8] Undefined index: HTTP_ACCEPT /www/wwwroot/xbm.mashangbang.top/ThinkPHP/Library/Think/Controller/RestController.class.php 第 118 行.
NOTIC: [8] Undefined index: HTTP_ACCEPT /www/wwwroot/xbm.mashangbang.top/ThinkPHP/Library/Think/Controller/RestController.class.php 第 118 行.
NOTIC: [8] Undefined index: HTTP_ACCEPT /www/wwwroot/xbm.mashangbang.top/ThinkPHP/Library/Think/Controller/RestController.class.php 第 118 行.
NOTIC: [8] Undefined index: HTTP_ACCEPT /www/wwwroot/xbm.mashangbang.top/ThinkPHP/Library/Think/Controller/RestController.class.php 第 118 行.
SQL: SHOW COLUMNS FROM `xb_items` [ RunTime:0.0010s ]
NOTIC: [8] Use of undefined constant HTTP_X_FORWARDED_FOR - assumed 'HTTP_X_FORWARDED_FOR' /www/wwwroot/xbm.mashangbang.top/Application/Common/Common/function.php 第 1396 行.
NOTIC: [8] Use of undefined constant HTTP_CLIENT_IP - assumed 'HTTP_CLIENT_IP' /www/wwwroot/xbm.mashangbang.top/Application/Common/Common/function.php 第 1398 行.
NOTIC: [8] Use of undefined constant REMOTE_ADDR - assumed 'REMOTE_ADDR' /www/wwwroot/xbm.mashangbang.top/Application/Common/Common/function.php 第 1401 行.
SQL: SHOW COLUMNS FROM `xb_sys_ipaddress` [ RunTime:0.0004s ]
SQL: SELECT * FROM `xb_sys_ipaddress` WHERE `IpAddress` = '220.164.121.215' LIMIT 1   [ RunTime:0.0001s ]
NOTIC: [8] Undefined index: data /www/wwwroot/xbm.mashangbang.top/Application/Common/Common/function.php 第 1423 行.
NOTIC: [8] Undefined index: data /www/wwwroot/xbm.mashangbang.top/Application/Common/Common/function.php 第 1424 行.
NOTIC: [8] Undefined variable: areid /www/wwwroot/xbm.mashangbang.top/Application/Api/Controller/Home/HomeController.class.php 第 265 行.
SQL: SELECT a.ID,a.Name,a.Logurl,a.AppNumbs,a.Intro,c.Name as Jkdays,a.DayfeeRate,b.Name as TypeName,a.linkType,a.Openurl FROM xb_items a left join xb_items_moneytype b on b.ID=a.MoneytypeID left join xb_items_jktimes c on a.JktimesID=c.ID  WHERE a.IsHot = 1 AND a.Itype = 1 AND a.IsDel = 0 AND a.Status = '1' AND a.Showtype IN ('1','3') AND a.Isshow = '1' ORDER BY a.Sort asc,a.ID desc LIMIT 20   [ RunTime:0.0001s ]

[ 2019-08-14T23:56:00+08:00 ] 220.164.121.215 /api.php/home/home/ads?client=android&package=com.xbm.app&ver=1.0.0&aid=1&num=20
INFO: [ app_init ] --START--
INFO: Run Behavior\BuildLiteBehavior [ RunTime:0.000009s ]
INFO: [ app_init ] --END-- [ RunTime:0.000278s ]
INFO: [ app_begin ] --START--
INFO: Run Behavior\ReadHtmlCacheBehavior [ RunTime:0.000316s ]
INFO: [ app_begin ] --END-- [ RunTime:0.000349s ]
NOTIC: [8] Undefined index: HTTP_ACCEPT /www/wwwroot/xbm.mashangbang.top/ThinkPHP/Library/Think/Controller/RestController.class.php 第 118 行.
NOTIC: [8] Undefined index: HTTP_ACCEPT /www/wwwroot/xbm.mashangbang.top/ThinkPHP/Library/Think/Controller/RestController.class.php 第 118 行.
NOTIC: [8] Undefined index: HTTP_ACCEPT /www/wwwroot/xbm.mashangbang.top/ThinkPHP/Library/Think/Controller/RestController.class.php 第 118 行.
NOTIC: [8] Undefined index: HTTP_ACCEPT /www/wwwroot/xbm.mashangbang.top/ThinkPHP/Library/Think/Controller/RestController.class.php 第 118 行.
NOTIC: [8] Undefined index: HTTP_ACCEPT /www/wwwroot/xbm.mashangbang.top/ThinkPHP/Library/Think/Controller/RestController.class.php 第 118 行.
NOTIC: [8] Undefined index: HTTP_ACCEPT /www/wwwroot/xbm.mashangbang.top/ThinkPHP/Library/Think/Controller/RestController.class.php 第 118 行.
NOTIC: [8] Undefined index: HTTP_ACCEPT /www/wwwroot/xbm.mashangbang.top/ThinkPHP/Library/Think/Controller/RestController.class.php 第 118 行.
NOTIC: [8] Undefined index: HTTP_ACCEPT /www/wwwroot/xbm.mashangbang.top/ThinkPHP/Library/Think/Controller/RestController.class.php 第 118 行.
NOTIC: [8] Undefined index: HTTP_ACCEPT /www/wwwroot/xbm.mashangbang.top/ThinkPHP/Library/Think/Controller/RestController.class.php 第 118 行.
NOTIC: [8] Undefined index: HTTP_ACCEPT /www/wwwroot/xbm.mashangbang.top/ThinkPHP/Library/Think/Controller/RestController.class.php 第 118 行.
NOTIC: [8] Undefined index: HTTP_ACCEPT /www/wwwroot/xbm.mashangbang.top/ThinkPHP/Library/Think/Controller/RestController.class.php 第 118 行.
NOTIC: [8] Undefined index: HTTP_ACCEPT /www/wwwroot/xbm.mashangbang.top/ThinkPHP/Library/Think/Controller/RestController.class.php 第 118 行.
NOTIC: [8] Undefined index: HTTP_ACCEPT /www/wwwroot/xbm.mashangbang.top/ThinkPHP/Library/Think/Controller/RestController.class.php 第 118 行.
NOTIC: [8] Undefined index: HTTP_ACCEPT /www/wwwroot/xbm.mashangbang.top/ThinkPHP/Library/Think/Controller/RestController.class.php 第 118 行.
NOTIC: [8] Undefined index: HTTP_ACCEPT /www/wwwroot/xbm.mashangbang.top/ThinkPHP/Library/Think/Controller/RestController.class.php 第 118 行.
NOTIC: [8] Undefined index: HTTP_ACCEPT /www/wwwroot/xbm.mashangbang.top/ThinkPHP/Library/Think/Controller/RestController.class.php 第 118 行.
NOTIC: [8] Undefined index: HTTP_ACCEPT /www/wwwroot/xbm.mashangbang.top/ThinkPHP/Library/Think/Controller/RestController.class.php 第 118 行.
NOTIC: [8] Undefined index: HTTP_ACCEPT /www/wwwroot/xbm.mashangbang.top/ThinkPHP/Library/Think/Controller/RestController.class.php 第 118 行.
NOTIC: [8] Undefined index: HTTP_ACCEPT /www/wwwroot/xbm.mashangbang.top/ThinkPHP/Library/Think/Controller/RestController.class.php 第 118 行.
NOTIC: [8] Undefined index: HTTP_ACCEPT /www/wwwroot/xbm.mashangbang.top/ThinkPHP/Library/Think/Controller/RestController.class.php 第 118 行.
NOTIC: [8] Undefined index: HTTP_ACCEPT /www/wwwroot/xbm.mashangbang.top/ThinkPHP/Library/Think/Controller/RestController.class.php 第 118 行.
NOTIC: [8] Undefined index: HTTP_ACCEPT /www/wwwroot/xbm.mashangbang.top/ThinkPHP/Library/Think/Controller/RestController.class.php 第 118 行.
NOTIC: [8] Undefined index: HTTP_ACCEPT /www/wwwroot/xbm.mashangbang.top/ThinkPHP/Library/Think/Controller/RestController.class.php 第 118 行.
NOTIC: [8] Undefined index: HTTP_ACCEPT /www/wwwroot/xbm.mashangbang.top/ThinkPHP/Library/Think/Controller/RestController.class.php 第 118 行.
NOTIC: [8] Undefined index: HTTP_ACCEPT /www/wwwroot/xbm.mashangbang.top/ThinkPHP/Library/Think/Controller/RestController.class.php 第 118 行.
NOTIC: [8] Undefined index: HTTP_ACCEPT /www/wwwroot/xbm.mashangbang.top/ThinkPHP/Library/Think/Controller/RestController.class.php 第 118 行.
SQL: SHOW COLUMNS FROM `xb_sys_adcontent` [ RunTime:0.0005s ]
SQL: SELECT `Name`,`Pic`,`Url`,`UrlType`,`SystemClass`,`SystemClassVal`,`productID` FROM `xb_sys_adcontent` WHERE `AdvertisingID` = 1 AND `Status` = 1 ORDER BY Sort asc,ID desc LIMIT 20   [ RunTime:0.0001s ]

[ 2019-08-14T23:56:02+08:00 ] 220.164.121.215 /api.php/center/member/modifyAdd
INFO: [ app_init ] --START--
INFO: Run Behavior\BuildLiteBehavior [ RunTime:0.000010s ]
INFO: [ app_init ] --END-- [ RunTime:0.000217s ]
INFO: [ app_begin ] --START--
INFO: Run Behavior\ReadHtmlCacheBehavior [ RunTime:0.000307s ]
INFO: [ app_begin ] --END-- [ RunTime:0.000339s ]
NOTIC: [8] Undefined index: HTTP_ACCEPT /www/wwwroot/xbm.mashangbang.top/ThinkPHP/Library/Think/Controller/RestController.class.php 第 118 行.
NOTIC: [8] Undefined index: HTTP_ACCEPT /www/wwwroot/xbm.mashangbang.top/ThinkPHP/Library/Think/Controller/RestController.class.php 第 118 行.
NOTIC: [8] Undefined index: HTTP_ACCEPT /www/wwwroot/xbm.mashangbang.top/ThinkPHP/Library/Think/Controller/RestController.class.php 第 118 行.
NOTIC: [8] Undefined index: HTTP_ACCEPT /www/wwwroot/xbm.mashangbang.top/ThinkPHP/Library/Think/Controller/RestController.class.php 第 118 行.
NOTIC: [8] Undefined index: HTTP_ACCEPT /www/wwwroot/xbm.mashangbang.top/ThinkPHP/Library/Think/Controller/RestController.class.php 第 118 行.
NOTIC: [8] Undefined index: HTTP_ACCEPT /www/wwwroot/xbm.mashangbang.top/ThinkPHP/Library/Think/Controller/RestController.class.php 第 118 行.
NOTIC: [8] Undefined index: HTTP_ACCEPT /www/wwwroot/xbm.mashangbang.top/ThinkPHP/Library/Think/Controller/RestController.class.php 第 118 行.
NOTIC: [8] Undefined index: HTTP_ACCEPT /www/wwwroot/xbm.mashangbang.top/ThinkPHP/Library/Think/Controller/RestController.class.php 第 118 行.
NOTIC: [8] Undefined index: HTTP_ACCEPT /www/wwwroot/xbm.mashangbang.top/ThinkPHP/Library/Think/Controller/RestController.class.php 第 118 行.
NOTIC: [8] Undefined index: HTTP_ACCEPT /www/wwwroot/xbm.mashangbang.top/ThinkPHP/Library/Think/Controller/RestController.class.php 第 118 行.
NOTIC: [8] Undefined index: HTTP_ACCEPT /www/wwwroot/xbm.mashangbang.top/ThinkPHP/Library/Think/Controller/RestController.class.php 第 118 行.
NOTIC: [8] Undefined index: HTTP_ACCEPT /www/wwwroot/xbm.mashangbang.top/ThinkPHP/Library/Think/Controller/RestController.class.php 第 118 行.
NOTIC: [8] Undefined index: HTTP_ACCEPT /www/wwwroot/xbm.mashangbang.top/ThinkPHP/Library/Think/Controller/RestController.class.php 第 118 行.
NOTIC: [8] Undefined index: HTTP_ACCEPT /www/wwwroot/xbm.mashangbang.top/ThinkPHP/Library/Think/Controller/RestController.class.php 第 118 行.
NOTIC: [8] Undefined index: HTTP_ACCEPT /www/wwwroot/xbm.mashangbang.top/ThinkPHP/Library/Think/Controller/RestController.class.php 第 118 行.
NOTIC: [8] Undefined index: HTTP_ACCEPT /www/wwwroot/xbm.mashangbang.top/ThinkPHP/Library/Think/Controller/RestController.class.php 第 118 行.
NOTIC: [8] Undefined index: HTTP_ACCEPT /www/wwwroot/xbm.mashangbang.top/ThinkPHP/Library/Think/Controller/RestController.class.php 第 118 行.
NOTIC: [8] Undefined index: HTTP_ACCEPT /www/wwwroot/xbm.mashangbang.top/ThinkPHP/Library/Think/Controller/RestController.class.php 第 118 行.
NOTIC: [8] Undefined index: HTTP_ACCEPT /www/wwwroot/xbm.mashangbang.top/ThinkPHP/Library/Think/Controller/RestController.class.php 第 118 行.
NOTIC: [8] Undefined index: HTTP_ACCEPT /www/wwwroot/xbm.mashangbang.top/ThinkPHP/Library/Think/Controller/RestController.class.php 第 118 行.
NOTIC: [8] Undefined index: HTTP_ACCEPT /www/wwwroot/xbm.mashangbang.top/ThinkPHP/Library/Think/Controller/RestController.class.php 第 118 行.
NOTIC: [8] Undefined index: HTTP_ACCEPT /www/wwwroot/xbm.mashangbang.top/ThinkPHP/Library/Think/Controller/RestController.class.php 第 118 行.
NOTIC: [8] Undefined index: HTTP_ACCEPT /www/wwwroot/xbm.mashangbang.top/ThinkPHP/Library/Think/Controller/RestController.class.php 第 118 行.
NOTIC: [8] Undefined index: HTTP_ACCEPT /www/wwwroot/xbm.mashangbang.top/ThinkPHP/Library/Think/Controller/RestController.class.php 第 118 行.
NOTIC: [8] Undefined index: HTTP_ACCEPT /www/wwwroot/xbm.mashangbang.top/ThinkPHP/Library/Think/Controller/RestController.class.php 第 118 行.
NOTIC: [8] Undefined index: HTTP_ACCEPT /www/wwwroot/xbm.mashangbang.top/ThinkPHP/Library/Think/Controller/RestController.class.php 第 118 行.

[ 2019-08-14T23:56:37+08:00 ] 220.164.121.215 /api.php/home/items/getcate?client=android&package=com.xbm.app&ver=1.0.0
INFO: [ app_init ] --START--
INFO: Run Behavior\BuildLiteBehavior [ RunTime:0.000012s ]
INFO: [ app_init ] --END-- [ RunTime:0.000304s ]
INFO: [ app_begin ] --START--
INFO: Run Behavior\ReadHtmlCacheBehavior [ RunTime:0.000411s ]
INFO: [ app_begin ] --END-- [ RunTime:0.000454s ]
NOTIC: [8] Undefined index: HTTP_ACCEPT /www/wwwroot/xbm.mashangbang.top/ThinkPHP/Library/Think/Controller/RestController.class.php 第 118 行.
NOTIC: [8] Undefined index: HTTP_ACCEPT /www/wwwroot/xbm.mashangbang.top/ThinkPHP/Library/Think/Controller/RestController.class.php 第 118 行.
NOTIC: [8] Undefined index: HTTP_ACCEPT /www/wwwroot/xbm.mashangbang.top/ThinkPHP/Library/Think/Controller/RestController.class.php 第 118 行.
NOTIC: [8] Undefined index: HTTP_ACCEPT /www/wwwroot/xbm.mashangbang.top/ThinkPHP/Library/Think/Controller/RestController.class.php 第 118 行.
NOTIC: [8] Undefined index: HTTP_ACCEPT /www/wwwroot/xbm.mashangbang.top/ThinkPHP/Library/Think/Controller/RestController.class.php 第 118 行.
NOTIC: [8] Undefined index: HTTP_ACCEPT /www/wwwroot/xbm.mashangbang.top/ThinkPHP/Library/Think/Controller/RestController.class.php 第 118 行.
NOTIC: [8] Undefined index: HTTP_ACCEPT /www/wwwroot/xbm.mashangbang.top/ThinkPHP/Library/Think/Controller/RestController.class.php 第 118 行.
NOTIC: [8] Undefined index: HTTP_ACCEPT /www/wwwroot/xbm.mashangbang.top/ThinkPHP/Library/Think/Controller/RestController.class.php 第 118 行.
NOTIC: [8] Undefined index: HTTP_ACCEPT /www/wwwroot/xbm.mashangbang.top/ThinkPHP/Library/Think/Controller/RestController.class.php 第 118 行.
NOTIC: [8] Undefined index: HTTP_ACCEPT /www/wwwroot/xbm.mashangbang.top/ThinkPHP/Library/Think/Controller/RestController.class.php 第 118 行.
NOTIC: [8] Undefined index: HTTP_ACCEPT /www/wwwroot/xbm.mashangbang.top/ThinkPHP/Library/Think/Controller/RestController.class.php 第 118 行.
NOTIC: [8] Undefined index: HTTP_ACCEPT /www/wwwroot/xbm.mashangbang.top/ThinkPHP/Library/Think/Controller/RestController.class.php 第 118 行.
NOTIC: [8] Undefined index: HTTP_ACCEPT /www/wwwroot/xbm.mashangbang.top/ThinkPHP/Library/Think/Controller/RestController.class.php 第 118 行.
NOTIC: [8] Undefined index: HTTP_ACCEPT /www/wwwroot/xbm.mashangbang.top/ThinkPHP/Library/Think/Controller/RestController.class.php 第 118 行.
NOTIC: [8] Undefined index: HTTP_ACCEPT /www/wwwroot/xbm.mashangbang.top/ThinkPHP/Library/Think/Controller/RestController.class.php 第 118 行.
NOTIC: [8] Undefined index: HTTP_ACCEPT /www/wwwroot/xbm.mashangbang.top/ThinkPHP/Library/Think/Controller/RestController.class.php 第 118 行.
NOTIC: [8] Undefined index: HTTP_ACCEPT /www/wwwroot/xbm.mashangbang.top/ThinkPHP/Library/Think/Controller/RestController.class.php 第 118 行.
NOTIC: [8] Undefined index: HTTP_ACCEPT /www/wwwroot/xbm.mashangbang.top/ThinkPHP/Library/Think/Controller/RestController.class.php 第 118 行.
NOTIC: [8] Undefined index: HTTP_ACCEPT /www/wwwroot/xbm.mashangbang.top/ThinkPHP/Library/Think/Controller/RestController.class.php 第 118 行.
NOTIC: [8] Undefined index: HTTP_ACCEPT /www/wwwroot/xbm.mashangbang.top/ThinkPHP/Library/Think/Controller/RestController.class.php 第 118 行.
NOTIC: [8] Undefined index: HTTP_ACCEPT /www/wwwroot/xbm.mashangbang.top/ThinkPHP/Library/Think/Controller/RestController.class.php 第 118 行.
NOTIC: [8] Undefined index: HTTP_ACCEPT /www/wwwroot/xbm.mashangbang.top/ThinkPHP/Library/Think/Controller/RestController.class.php 第 118 行.
NOTIC: [8] Undefined index: HTTP_ACCEPT /www/wwwroot/xbm.mashangbang.top/ThinkPHP/Library/Think/Controller/RestController.class.php 第 118 行.
NOTIC: [8] Undefined index: HTTP_ACCEPT /www/wwwroot/xbm.mashangbang.top/ThinkPHP/Library/Think/Controller/RestController.class.php 第 118 行.
NOTIC: [8] Undefined index: HTTP_ACCEPT /www/wwwroot/xbm.mashangbang.top/ThinkPHP/Library/Think/Controller/RestController.class.php 第 118 行.
NOTIC: [8] Undefined index: HTTP_ACCEPT /www/wwwroot/xbm.mashangbang.top/ThinkPHP/Library/Think/Controller/RestController.class.php 第 118 行.
SQL: SHOW COLUMNS FROM `xb_items_category` [ RunTime:0.0009s ]
SQL: SELECT `ID`,`Name` FROM `xb_items_category` WHERE `IsDel` = 0 AND `Status` = 1 ORDER BY Sort asc,ID desc  [ RunTime:0.0004s ]

[ 2019-08-14T23:56:37+08:00 ] 220.164.121.215 /api.php/Home/items/getjktimes?client=android&package=com.xbm.app&ver=1.0.0
INFO: [ app_init ] --START--
INFO: Run Behavior\BuildLiteBehavior [ RunTime:0.000012s ]
INFO: [ app_init ] --END-- [ RunTime:0.000293s ]
INFO: [ app_begin ] --START--
INFO: Run Behavior\ReadHtmlCacheBehavior [ RunTime:0.000452s ]
INFO: [ app_begin ] --END-- [ RunTime:0.000496s ]
NOTIC: [8] Undefined index: HTTP_ACCEPT /www/wwwroot/xbm.mashangbang.top/ThinkPHP/Library/Think/Controller/RestController.class.php 第 118 行.
NOTIC: [8] Undefined index: HTTP_ACCEPT /www/wwwroot/xbm.mashangbang.top/ThinkPHP/Library/Think/Controller/RestController.class.php 第 118 行.
NOTIC: [8] Undefined index: HTTP_ACCEPT /www/wwwroot/xbm.mashangbang.top/ThinkPHP/Library/Think/Controller/RestController.class.php 第 118 行.
NOTIC: [8] Undefined index: HTTP_ACCEPT /www/wwwroot/xbm.mashangbang.top/ThinkPHP/Library/Think/Controller/RestController.class.php 第 118 行.
NOTIC: [8] Undefined index: HTTP_ACCEPT /www/wwwroot/xbm.mashangbang.top/ThinkPHP/Library/Think/Controller/RestController.class.php 第 118 行.
NOTIC: [8] Undefined index: HTTP_ACCEPT /www/wwwroot/xbm.mashangbang.top/ThinkPHP/Library/Think/Controller/RestController.class.php 第 118 行.
NOTIC: [8] Undefined index: HTTP_ACCEPT /www/wwwroot/xbm.mashangbang.top/ThinkPHP/Library/Think/Controller/RestController.class.php 第 118 行.
NOTIC: [8] Undefined index: HTTP_ACCEPT /www/wwwroot/xbm.mashangbang.top/ThinkPHP/Library/Think/Controller/RestController.class.php 第 118 行.
NOTIC: [8] Undefined index: HTTP_ACCEPT /www/wwwroot/xbm.mashangbang.top/ThinkPHP/Library/Think/Controller/RestController.class.php 第 118 行.
NOTIC: [8] Undefined index: HTTP_ACCEPT /www/wwwroot/xbm.mashangbang.top/ThinkPHP/Library/Think/Controller/RestController.class.php 第 118 行.
NOTIC: [8] Undefined index: HTTP_ACCEPT /www/wwwroot/xbm.mashangbang.top/ThinkPHP/Library/Think/Controller/RestController.class.php 第 118 行.
NOTIC: [8] Undefined index: HTTP_ACCEPT /www/wwwroot/xbm.mashangbang.top/ThinkPHP/Library/Think/Controller/RestController.class.php 第 118 行.
NOTIC: [8] Undefined index: HTTP_ACCEPT /www/wwwroot/xbm.mashangbang.top/ThinkPHP/Library/Think/Controller/RestController.class.php 第 118 行.
NOTIC: [8] Undefined index: HTTP_ACCEPT /www/wwwroot/xbm.mashangbang.top/ThinkPHP/Library/Think/Controller/RestController.class.php 第 118 行.
NOTIC: [8] Undefined index: HTTP_ACCEPT /www/wwwroot/xbm.mashangbang.top/ThinkPHP/Library/Think/Controller/RestController.class.php 第 118 行.
NOTIC: [8] Undefined index: HTTP_ACCEPT /www/wwwroot/xbm.mashangbang.top/ThinkPHP/Library/Think/Controller/RestController.class.php 第 118 行.
NOTIC: [8] Undefined index: HTTP_ACCEPT /www/wwwroot/xbm.mashangbang.top/ThinkPHP/Library/Think/Controller/RestController.class.php 第 118 行.
NOTIC: [8] Undefined index: HTTP_ACCEPT /www/wwwroot/xbm.mashangbang.top/ThinkPHP/Library/Think/Controller/RestController.class.php 第 118 行.
NOTIC: [8] Undefined index: HTTP_ACCEPT /www/wwwroot/xbm.mashangbang.top/ThinkPHP/Library/Think/Controller/RestController.class.php 第 118 行.
NOTIC: [8] Undefined index: HTTP_ACCEPT /www/wwwroot/xbm.mashangbang.top/ThinkPHP/Library/Think/Controller/RestController.class.php 第 118 行.
NOTIC: [8] Undefined index: HTTP_ACCEPT /www/wwwroot/xbm.mashangbang.top/ThinkPHP/Library/Think/Controller/RestController.class.php 第 118 行.
NOTIC: [8] Undefined index: HTTP_ACCEPT /www/wwwroot/xbm.mashangbang.top/ThinkPHP/Library/Think/Controller/RestController.class.php 第 118 行.
NOTIC: [8] Undefined index: HTTP_ACCEPT /www/wwwroot/xbm.mashangbang.top/ThinkPHP/Library/Think/Controller/RestController.class.php 第 118 行.
NOTIC: [8] Undefined index: HTTP_ACCEPT /www/wwwroot/xbm.mashangbang.top/ThinkPHP/Library/Think/Controller/RestController.class.php 第 118 行.
NOTIC: [8] Undefined index: HTTP_ACCEPT /www/wwwroot/xbm.mashangbang.top/ThinkPHP/Library/Think/Controller/RestController.class.php 第 118 行.
NOTIC: [8] Undefined index: HTTP_ACCEPT /www/wwwroot/xbm.mashangbang.top/ThinkPHP/Library/Think/Controller/RestController.class.php 第 118 行.
SQL: SHOW COLUMNS FROM `xb_items_jktimes` [ RunTime:0.0011s ]
SQL: SELECT `ID`,`Name` FROM `xb_items_jktimes` WHERE `IsDel` = 0 AND `Status` = 1 ORDER BY Sort asc  [ RunTime:0.0015s ]

[ 2019-08-14T23:56:37+08:00 ] 220.164.121.215 /api.php/home/items/getmoneytype?client=android&package=com.xbm.app&ver=1.0.0
INFO: [ app_init ] --START--
INFO: Run Behavior\BuildLiteBehavior [ RunTime:0.000010s ]
INFO: [ app_init ] --END-- [ RunTime:0.000314s ]
INFO: [ app_begin ] --START--
INFO: Run Behavior\ReadHtmlCacheBehavior [ RunTime:0.000425s ]
INFO: [ app_begin ] --END-- [ RunTime:0.000469s ]
NOTIC: [8] Undefined index: HTTP_ACCEPT /www/wwwroot/xbm.mashangbang.top/ThinkPHP/Library/Think/Controller/RestController.class.php 第 118 行.
NOTIC: [8] Undefined index: HTTP_ACCEPT /www/wwwroot/xbm.mashangbang.top/ThinkPHP/Library/Think/Controller/RestController.class.php 第 118 行.
NOTIC: [8] Undefined index: HTTP_ACCEPT /www/wwwroot/xbm.mashangbang.top/ThinkPHP/Library/Think/Controller/RestController.class.php 第 118 行.
NOTIC: [8] Undefined index: HTTP_ACCEPT /www/wwwroot/xbm.mashangbang.top/ThinkPHP/Library/Think/Controller/RestController.class.php 第 118 行.
NOTIC: [8] Undefined index: HTTP_ACCEPT /www/wwwroot/xbm.mashangbang.top/ThinkPHP/Library/Think/Controller/RestController.class.php 第 118 行.
NOTIC: [8] Undefined index: HTTP_ACCEPT /www/wwwroot/xbm.mashangbang.top/ThinkPHP/Library/Think/Controller/RestController.class.php 第 118 行.
NOTIC: [8] Undefined index: HTTP_ACCEPT /www/wwwroot/xbm.mashangbang.top/ThinkPHP/Library/Think/Controller/RestController.class.php 第 118 行.
NOTIC: [8] Undefined index: HTTP_ACCEPT /www/wwwroot/xbm.mashangbang.top/ThinkPHP/Library/Think/Controller/RestController.class.php 第 118 行.
NOTIC: [8] Undefined index: HTTP_ACCEPT /www/wwwroot/xbm.mashangbang.top/ThinkPHP/Library/Think/Controller/RestController.class.php 第 118 行.
NOTIC: [8] Undefined index: HTTP_ACCEPT /www/wwwroot/xbm.mashangbang.top/ThinkPHP/Library/Think/Controller/RestController.class.php 第 118 行.
NOTIC: [8] Undefined index: HTTP_ACCEPT /www/wwwroot/xbm.mashangbang.top/ThinkPHP/Library/Think/Controller/RestController.class.php 第 118 行.
NOTIC: [8] Undefined index: HTTP_ACCEPT /www/wwwroot/xbm.mashangbang.top/ThinkPHP/Library/Think/Controller/RestController.class.php 第 118 行.
NOTIC: [8] Undefined index: HTTP_ACCEPT /www/wwwroot/xbm.mashangbang.top/ThinkPHP/Library/Think/Controller/RestController.class.php 第 118 行.
NOTIC: [8] Undefined index: HTTP_ACCEPT /www/wwwroot/xbm.mashangbang.top/ThinkPHP/Library/Think/Controller/RestController.class.php 第 118 行.
NOTIC: [8] Undefined index: HTTP_ACCEPT /www/wwwroot/xbm.mashangbang.top/ThinkPHP/Library/Think/Controller/RestController.class.php 第 118 行.
NOTIC: [8] Undefined index: HTTP_ACCEPT /www/wwwroot/xbm.mashangbang.top/ThinkPHP/Library/Think/Controller/RestController.class.php 第 118 行.
NOTIC: [8] Undefined index: HTTP_ACCEPT /www/wwwroot/xbm.mashangbang.top/ThinkPHP/Library/Think/Controller/RestController.class.php 第 118 行.
NOTIC: [8] Undefined index: HTTP_ACCEPT /www/wwwroot/xbm.mashangbang.top/ThinkPHP/Library/Think/Controller/RestController.class.php 第 118 行.
NOTIC: [8] Undefined index: HTTP_ACCEPT /www/wwwroot/xbm.mashangbang.top/ThinkPHP/Library/Think/Controller/RestController.class.php 第 118 行.
NOTIC: [8] Undefined index: HTTP_ACCEPT /www/wwwroot/xbm.mashangbang.top/ThinkPHP/Library/Think/Controller/RestController.class.php 第 118 行.
NOTIC: [8] Undefined index: HTTP_ACCEPT /www/wwwroot/xbm.mashangbang.top/ThinkPHP/Library/Think/Controller/RestController.class.php 第 118 行.
NOTIC: [8] Undefined index: HTTP_ACCEPT /www/wwwroot/xbm.mashangbang.top/ThinkPHP/Library/Think/Controller/RestController.class.php 第 118 行.
NOTIC: [8] Undefined index: HTTP_ACCEPT /www/wwwroot/xbm.mashangbang.top/ThinkPHP/Library/Think/Controller/RestController.class.php 第 118 行.
NOTIC: [8] Undefined index: HTTP_ACCEPT /www/wwwroot/xbm.mashangbang.top/ThinkPHP/Library/Think/Controller/RestController.class.php 第 118 行.
NOTIC: [8] Undefined index: HTTP_ACCEPT /www/wwwroot/xbm.mashangbang.top/ThinkPHP/Library/Think/Controller/RestController.class.php 第 118 行.
NOTIC: [8] Undefined index: HTTP_ACCEPT /www/wwwroot/xbm.mashangbang.top/ThinkPHP/Library/Think/Controller/RestController.class.php 第 118 行.
SQL: SHOW COLUMNS FROM `xb_items_moneytype` [ RunTime:0.0005s ]
SQL: SELECT `ID`,`Name` FROM `xb_items_moneytype` WHERE `IsDel` = 0 AND `Status` = 1 ORDER BY Sort asc,ID desc  [ RunTime:0.0043s ]

[ 2019-08-14T23:56:37+08:00 ] 220.164.121.215 /api.php/Home/Items/getitems?client=android&package=com.xbm.app&ver=1.0.0&jkday=&tid=0&cid=14&nids=0&page=0&rows=100
INFO: [ app_init ] --START--
INFO: Run Behavior\BuildLiteBehavior [ RunTime:0.000014s ]
INFO: [ app_init ] --END-- [ RunTime:0.000346s ]
INFO: [ app_begin ] --START--
INFO: Run Behavior\ReadHtmlCacheBehavior [ RunTime:0.000436s ]
INFO: [ app_begin ] --END-- [ RunTime:0.000480s ]
NOTIC: [8] Undefined index: HTTP_ACCEPT /www/wwwroot/xbm.mashangbang.top/ThinkPHP/Library/Think/Controller/RestController.class.php 第 118 行.
NOTIC: [8] Undefined index: HTTP_ACCEPT /www/wwwroot/xbm.mashangbang.top/ThinkPHP/Library/Think/Controller/RestController.class.php 第 118 行.
NOTIC: [8] Undefined index: HTTP_ACCEPT /www/wwwroot/xbm.mashangbang.top/ThinkPHP/Library/Think/Controller/RestController.class.php 第 118 行.
NOTIC: [8] Undefined index: HTTP_ACCEPT /www/wwwroot/xbm.mashangbang.top/ThinkPHP/Library/Think/Controller/RestController.class.php 第 118 行.
NOTIC: [8] Undefined index: HTTP_ACCEPT /www/wwwroot/xbm.mashangbang.top/ThinkPHP/Library/Think/Controller/RestController.class.php 第 118 行.
NOTIC: [8] Undefined index: HTTP_ACCEPT /www/wwwroot/xbm.mashangbang.top/ThinkPHP/Library/Think/Controller/RestController.class.php 第 118 行.
NOTIC: [8] Undefined index: HTTP_ACCEPT /www/wwwroot/xbm.mashangbang.top/ThinkPHP/Library/Think/Controller/RestController.class.php 第 118 行.
NOTIC: [8] Undefined index: HTTP_ACCEPT /www/wwwroot/xbm.mashangbang.top/ThinkPHP/Library/Think/Controller/RestController.class.php 第 118 行.
NOTIC: [8] Undefined index: HTTP_ACCEPT /www/wwwroot/xbm.mashangbang.top/ThinkPHP/Library/Think/Controller/RestController.class.php 第 118 行.
NOTIC: [8] Undefined index: HTTP_ACCEPT /www/wwwroot/xbm.mashangbang.top/ThinkPHP/Library/Think/Controller/RestController.class.php 第 118 行.
NOTIC: [8] Undefined index: HTTP_ACCEPT /www/wwwroot/xbm.mashangbang.top/ThinkPHP/Library/Think/Controller/RestController.class.php 第 118 行.
NOTIC: [8] Undefined index: HTTP_ACCEPT /www/wwwroot/xbm.mashangbang.top/ThinkPHP/Library/Think/Controller/RestController.class.php 第 118 行.
NOTIC: [8] Undefined index: HTTP_ACCEPT /www/wwwroot/xbm.mashangbang.top/ThinkPHP/Library/Think/Controller/RestController.class.php 第 118 行.
NOTIC: [8] Undefined index: HTTP_ACCEPT /www/wwwroot/xbm.mashangbang.top/ThinkPHP/Library/Think/Controller/RestController.class.php 第 118 行.
NOTIC: [8] Undefined index: HTTP_ACCEPT /www/wwwroot/xbm.mashangbang.top/ThinkPHP/Library/Think/Controller/RestController.class.php 第 118 行.
NOTIC: [8] Undefined index: HTTP_ACCEPT /www/wwwroot/xbm.mashangbang.top/ThinkPHP/Library/Think/Controller/RestController.class.php 第 118 行.
NOTIC: [8] Undefined index: HTTP_ACCEPT /www/wwwroot/xbm.mashangbang.top/ThinkPHP/Library/Think/Controller/RestController.class.php 第 118 行.
NOTIC: [8] Undefined index: HTTP_ACCEPT /www/wwwroot/xbm.mashangbang.top/ThinkPHP/Library/Think/Controller/RestController.class.php 第 118 行.
NOTIC: [8] Undefined index: HTTP_ACCEPT /www/wwwroot/xbm.mashangbang.top/ThinkPHP/Library/Think/Controller/RestController.class.php 第 118 行.
NOTIC: [8] Undefined index: HTTP_ACCEPT /www/wwwroot/xbm.mashangbang.top/ThinkPHP/Library/Think/Controller/RestController.class.php 第 118 行.
NOTIC: [8] Undefined index: HTTP_ACCEPT /www/wwwroot/xbm.mashangbang.top/ThinkPHP/Library/Think/Controller/RestController.class.php 第 118 行.
NOTIC: [8] Undefined index: HTTP_ACCEPT /www/wwwroot/xbm.mashangbang.top/ThinkPHP/Library/Think/Controller/RestController.class.php 第 118 行.
NOTIC: [8] Undefined index: HTTP_ACCEPT /www/wwwroot/xbm.mashangbang.top/ThinkPHP/Library/Think/Controller/RestController.class.php 第 118 行.
NOTIC: [8] Undefined index: HTTP_ACCEPT /www/wwwroot/xbm.mashangbang.top/ThinkPHP/Library/Think/Controller/RestController.class.php 第 118 行.
NOTIC: [8] Undefined index: HTTP_ACCEPT /www/wwwroot/xbm.mashangbang.top/ThinkPHP/Library/Think/Controller/RestController.class.php 第 118 行.
NOTIC: [8] Undefined index: HTTP_ACCEPT /www/wwwroot/xbm.mashangbang.top/ThinkPHP/Library/Think/Controller/RestController.class.php 第 118 行.
SQL: SHOW COLUMNS FROM `xb_items` [ RunTime:0.0011s ]
NOTIC: [8] Use of undefined constant HTTP_X_FORWARDED_FOR - assumed 'HTTP_X_FORWARDED_FOR' /www/wwwroot/xbm.mashangbang.top/Application/Common/Common/function.php 第 1396 行.
NOTIC: [8] Use of undefined constant HTTP_CLIENT_IP - assumed 'HTTP_CLIENT_IP' /www/wwwroot/xbm.mashangbang.top/Application/Common/Common/function.php 第 1398 行.
NOTIC: [8] Use of undefined constant REMOTE_ADDR - assumed 'REMOTE_ADDR' /www/wwwroot/xbm.mashangbang.top/Application/Common/Common/function.php 第 1401 行.
SQL: SHOW COLUMNS FROM `xb_sys_ipaddress` [ RunTime:0.0005s ]
SQL: SELECT * FROM `xb_sys_ipaddress` WHERE `IpAddress` = '220.164.121.215' LIMIT 1   [ RunTime:0.0001s ]
NOTIC: [8] Undefined index: data /www/wwwroot/xbm.mashangbang.top/Application/Common/Common/function.php 第 1423 行.
NOTIC: [8] Undefined index: data /www/wwwroot/xbm.mashangbang.top/Application/Common/Common/function.php 第 1424 行.
NOTIC: [8] Undefined variable: areid /www/wwwroot/xbm.mashangbang.top/Application/Api/Controller/Home/ItemsController.class.php 第 72 行.
SQL: SELECT a.ID,a.Name,a.Openurl,a.linkType,a.Logurl,a.AppNumbs,a.Intro,c.Name as Jkdays,a.DayfeeRate,b.Name as TypeName FROM xb_items a left join xb_items_moneytype b on b.ID=a.MoneytypeID left join xb_items_jktimes c on a.JktimesID=c.ID  WHERE (  find_in_set(14,a.CateID) ) AND a.Isshow = '1' AND a.Itype = 1 AND a.Showtype IN ('1','3') AND a.IsDel = 0 AND a.Status = '1' ORDER BY a.Sort asc,a.ID desc LIMIT 0,100   [ RunTime:0.0001s ]

[ 2019-08-14T23:56:41+08:00 ] 220.164.121.215 /api.php/center/member/isnoreadmsg
INFO: [ app_init ] --START--
INFO: Run Behavior\BuildLiteBehavior [ RunTime:0.000014s ]
INFO: [ app_init ] --END-- [ RunTime:0.000299s ]
INFO: [ app_begin ] --START--
INFO: Run Behavior\ReadHtmlCacheBehavior [ RunTime:0.000448s ]
INFO: [ app_begin ] --END-- [ RunTime:0.000497s ]
NOTIC: [8] Undefined index: HTTP_ACCEPT /www/wwwroot/xbm.mashangbang.top/ThinkPHP/Library/Think/Controller/RestController.class.php 第 118 行.
NOTIC: [8] Undefined index: HTTP_ACCEPT /www/wwwroot/xbm.mashangbang.top/ThinkPHP/Library/Think/Controller/RestController.class.php 第 118 行.
NOTIC: [8] Undefined index: HTTP_ACCEPT /www/wwwroot/xbm.mashangbang.top/ThinkPHP/Library/Think/Controller/RestController.class.php 第 118 行.
NOTIC: [8] Undefined index: HTTP_ACCEPT /www/wwwroot/xbm.mashangbang.top/ThinkPHP/Library/Think/Controller/RestController.class.php 第 118 行.
NOTIC: [8] Undefined index: HTTP_ACCEPT /www/wwwroot/xbm.mashangbang.top/ThinkPHP/Library/Think/Controller/RestController.class.php 第 118 行.
NOTIC: [8] Undefined index: HTTP_ACCEPT /www/wwwroot/xbm.mashangbang.top/ThinkPHP/Library/Think/Controller/RestController.class.php 第 118 行.
NOTIC: [8] Undefined index: HTTP_ACCEPT /www/wwwroot/xbm.mashangbang.top/ThinkPHP/Library/Think/Controller/RestController.class.php 第 118 行.
NOTIC: [8] Undefined index: HTTP_ACCEPT /www/wwwroot/xbm.mashangbang.top/ThinkPHP/Library/Think/Controller/RestController.class.php 第 118 行.
NOTIC: [8] Undefined index: HTTP_ACCEPT /www/wwwroot/xbm.mashangbang.top/ThinkPHP/Library/Think/Controller/RestController.class.php 第 118 行.
NOTIC: [8] Undefined index: HTTP_ACCEPT /www/wwwroot/xbm.mashangbang.top/ThinkPHP/Library/Think/Controller/RestController.class.php 第 118 行.
NOTIC: [8] Undefined index: HTTP_ACCEPT /www/wwwroot/xbm.mashangbang.top/ThinkPHP/Library/Think/Controller/RestController.class.php 第 118 行.
NOTIC: [8] Undefined index: HTTP_ACCEPT /www/wwwroot/xbm.mashangbang.top/ThinkPHP/Library/Think/Controller/RestController.class.php 第 118 行.
NOTIC: [8] Undefined index: HTTP_ACCEPT /www/wwwroot/xbm.mashangbang.top/ThinkPHP/Library/Think/Controller/RestController.class.php 第 118 行.
NOTIC: [8] Undefined index: HTTP_ACCEPT /www/wwwroot/xbm.mashangbang.top/ThinkPHP/Library/Think/Controller/RestController.class.php 第 118 行.
NOTIC: [8] Undefined index: HTTP_ACCEPT /www/wwwroot/xbm.mashangbang.top/ThinkPHP/Library/Think/Controller/RestController.class.php 第 118 行.
NOTIC: [8] Undefined index: HTTP_ACCEPT /www/wwwroot/xbm.mashangbang.top/ThinkPHP/Library/Think/Controller/RestController.class.php 第 118 行.
NOTIC: [8] Undefined index: HTTP_ACCEPT /www/wwwroot/xbm.mashangbang.top/ThinkPHP/Library/Think/Controller/RestController.class.php 第 118 行.
NOTIC: [8] Undefined index: HTTP_ACCEPT /www/wwwroot/xbm.mashangbang.top/ThinkPHP/Library/Think/Controller/RestController.class.php 第 118 行.
NOTIC: [8] Undefined index: HTTP_ACCEPT /www/wwwroot/xbm.mashangbang.top/ThinkPHP/Library/Think/Controller/RestController.class.php 第 118 行.
NOTIC: [8] Undefined index: HTTP_ACCEPT /www/wwwroot/xbm.mashangbang.top/ThinkPHP/Library/Think/Controller/RestController.class.php 第 118 行.
NOTIC: [8] Undefined index: HTTP_ACCEPT /www/wwwroot/xbm.mashangbang.top/ThinkPHP/Library/Think/Controller/RestController.class.php 第 118 行.
NOTIC: [8] Undefined index: HTTP_ACCEPT /www/wwwroot/xbm.mashangbang.top/ThinkPHP/Library/Think/Controller/RestController.class.php 第 118 行.
NOTIC: [8] Undefined index: HTTP_ACCEPT /www/wwwroot/xbm.mashangbang.top/ThinkPHP/Library/Think/Controller/RestController.class.php 第 118 行.
NOTIC: [8] Undefined index: HTTP_ACCEPT /www/wwwroot/xbm.mashangbang.top/ThinkPHP/Library/Think/Controller/RestController.class.php 第 118 行.
NOTIC: [8] Undefined index: HTTP_ACCEPT /www/wwwroot/xbm.mashangbang.top/ThinkPHP/Library/Think/Controller/RestController.class.php 第 118 行.
NOTIC: [8] Undefined index: HTTP_ACCEPT /www/wwwroot/xbm.mashangbang.top/ThinkPHP/Library/Think/Controller/RestController.class.php 第 118 行.
SQL: SHOW COLUMNS FROM `xb_mem_message` [ RunTime:0.0005s ]
SQL: SELECT * FROM `xb_mem_message` WHERE (  `UserID` IN (0,'41828') AND `Status` = '1' ) AND `Type` = 0 ORDER BY SendTime desc  [ RunTime:0.0001s ]
SQL: SELECT * FROM `xb_mem_message` WHERE (  `UserID` IN (0,'41828') AND `Status` = '1' ) AND `Type` = 1 ORDER BY SendTime desc  [ RunTime:0.0001s ]
SQL: SHOW COLUMNS FROM `xb_readmessage` [ RunTime:0.0004s ]
SQL: SELECT * FROM `xb_readmessage` WHERE `MID` = 41435 AND `UID` = 41828 LIMIT 1   [ RunTime:0.0001s ]

[ 2019-08-14T23:56:41+08:00 ] 220.164.121.215 /api.php/center/member/info
INFO: [ app_init ] --START--
INFO: Run Behavior\BuildLiteBehavior [ RunTime:0.000012s ]
INFO: [ app_init ] --END-- [ RunTime:0.000291s ]
INFO: [ app_begin ] --START--
INFO: Run Behavior\ReadHtmlCacheBehavior [ RunTime:0.000443s ]
INFO: [ app_begin ] --END-- [ RunTime:0.000495s ]
NOTIC: [8] Undefined index: HTTP_ACCEPT /www/wwwroot/xbm.mashangbang.top/ThinkPHP/Library/Think/Controller/RestController.class.php 第 118 行.
NOTIC: [8] Undefined index: HTTP_ACCEPT /www/wwwroot/xbm.mashangbang.top/ThinkPHP/Library/Think/Controller/RestController.class.php 第 118 行.
NOTIC: [8] Undefined index: HTTP_ACCEPT /www/wwwroot/xbm.mashangbang.top/ThinkPHP/Library/Think/Controller/RestController.class.php 第 118 行.
NOTIC: [8] Undefined index: HTTP_ACCEPT /www/wwwroot/xbm.mashangbang.top/ThinkPHP/Library/Think/Controller/RestController.class.php 第 118 行.
NOTIC: [8] Undefined index: HTTP_ACCEPT /www/wwwroot/xbm.mashangbang.top/ThinkPHP/Library/Think/Controller/RestController.class.php 第 118 行.
NOTIC: [8] Undefined index: HTTP_ACCEPT /www/wwwroot/xbm.mashangbang.top/ThinkPHP/Library/Think/Controller/RestController.class.php 第 118 行.
NOTIC: [8] Undefined index: HTTP_ACCEPT /www/wwwroot/xbm.mashangbang.top/ThinkPHP/Library/Think/Controller/RestController.class.php 第 118 行.
NOTIC: [8] Undefined index: HTTP_ACCEPT /www/wwwroot/xbm.mashangbang.top/ThinkPHP/Library/Think/Controller/RestController.class.php 第 118 行.
NOTIC: [8] Undefined index: HTTP_ACCEPT /www/wwwroot/xbm.mashangbang.top/ThinkPHP/Library/Think/Controller/RestController.class.php 第 118 行.
NOTIC: [8] Undefined index: HTTP_ACCEPT /www/wwwroot/xbm.mashangbang.top/ThinkPHP/Library/Think/Controller/RestController.class.php 第 118 行.
NOTIC: [8] Undefined index: HTTP_ACCEPT /www/wwwroot/xbm.mashangbang.top/ThinkPHP/Library/Think/Controller/RestController.class.php 第 118 行.
NOTIC: [8] Undefined index: HTTP_ACCEPT /www/wwwroot/xbm.mashangbang.top/ThinkPHP/Library/Think/Controller/RestController.class.php 第 118 行.
NOTIC: [8] Undefined index: HTTP_ACCEPT /www/wwwroot/xbm.mashangbang.top/ThinkPHP/Library/Think/Controller/RestController.class.php 第 118 行.
NOTIC: [8] Undefined index: HTTP_ACCEPT /www/wwwroot/xbm.mashangbang.top/ThinkPHP/Library/Think/Controller/RestController.class.php 第 118 行.
NOTIC: [8] Undefined index: HTTP_ACCEPT /www/wwwroot/xbm.mashangbang.top/ThinkPHP/Library/Think/Controller/RestController.class.php 第 118 行.
NOTIC: [8] Undefined index: HTTP_ACCEPT /www/wwwroot/xbm.mashangbang.top/ThinkPHP/Library/Think/Controller/RestController.class.php 第 118 行.
NOTIC: [8] Undefined index: HTTP_ACCEPT /www/wwwroot/xbm.mashangbang.top/ThinkPHP/Library/Think/Controller/RestController.class.php 第 118 行.
NOTIC: [8] Undefined index: HTTP_ACCEPT /www/wwwroot/xbm.mashangbang.top/ThinkPHP/Library/Think/Controller/RestController.class.php 第 118 行.
NOTIC: [8] Undefined index: HTTP_ACCEPT /www/wwwroot/xbm.mashangbang.top/ThinkPHP/Library/Think/Controller/RestController.class.php 第 118 行.
NOTIC: [8] Undefined index: HTTP_ACCEPT /www/wwwroot/xbm.mashangbang.top/ThinkPHP/Library/Think/Controller/RestController.class.php 第 118 行.
NOTIC: [8] Undefined index: HTTP_ACCEPT /www/wwwroot/xbm.mashangbang.top/ThinkPHP/Library/Think/Controller/RestController.class.php 第 118 行.
NOTIC: [8] Undefined index: HTTP_ACCEPT /www/wwwroot/xbm.mashangbang.top/ThinkPHP/Library/Think/Controller/RestController.class.php 第 118 行.
NOTIC: [8] Undefined index: HTTP_ACCEPT /www/wwwroot/xbm.mashangbang.top/ThinkPHP/Library/Think/Controller/RestController.class.php 第 118 行.
NOTIC: [8] Undefined index: HTTP_ACCEPT /www/wwwroot/xbm.mashangbang.top/ThinkPHP/Library/Think/Controller/RestController.class.php 第 118 行.
NOTIC: [8] Undefined index: HTTP_ACCEPT /www/wwwroot/xbm.mashangbang.top/ThinkPHP/Library/Think/Controller/RestController.class.php 第 118 行.
NOTIC: [8] Undefined index: HTTP_ACCEPT /www/wwwroot/xbm.mashangbang.top/ThinkPHP/Library/Think/Controller/RestController.class.php 第 118 行.
SQL: SHOW COLUMNS FROM `xb_mem_info` [ RunTime:0.0007s ]
SQL: SELECT * FROM `xb_mem_info` WHERE `ID` = 41828 AND `Status` = 1 AND `IsDel` = 0 LIMIT 1   [ RunTime:0.0002s ]
SQL: SHOW COLUMNS FROM `xb_mem_money` [ RunTime:0.0005s ]
SQL: SELECT `Money` FROM `xb_mem_money` WHERE `Uid` = 41828 AND `Type` = 0 AND `IsAduit` = 2  [ RunTime:0.0001s ]
SQL: SHOW COLUMNS FROM `xb_mem_balances` [ RunTime:0.0005s ]
SQL: SELECT `Amount` FROM `xb_mem_balances` WHERE `UserID` = 41828 AND `Type` = 0 AND `SruType` <> '5'  [ RunTime:0.0001s ]

[ 2019-08-14T23:56:42+08:00 ] 220.164.121.215 /api.php/center/member/info
INFO: [ app_init ] --START--
INFO: Run Behavior\BuildLiteBehavior [ RunTime:0.000012s ]
INFO: [ app_init ] --END-- [ RunTime:0.000306s ]
INFO: [ app_begin ] --START--
INFO: Run Behavior\ReadHtmlCacheBehavior [ RunTime:0.000447s ]
INFO: [ app_begin ] --END-- [ RunTime:0.000491s ]
NOTIC: [8] Undefined index: HTTP_ACCEPT /www/wwwroot/xbm.mashangbang.top/ThinkPHP/Library/Think/Controller/RestController.class.php 第 118 行.
NOTIC: [8] Undefined index: HTTP_ACCEPT /www/wwwroot/xbm.mashangbang.top/ThinkPHP/Library/Think/Controller/RestController.class.php 第 118 行.
NOTIC: [8] Undefined index: HTTP_ACCEPT /www/wwwroot/xbm.mashangbang.top/ThinkPHP/Library/Think/Controller/RestController.class.php 第 118 行.
NOTIC: [8] Undefined index: HTTP_ACCEPT /www/wwwroot/xbm.mashangbang.top/ThinkPHP/Library/Think/Controller/RestController.class.php 第 118 行.
NOTIC: [8] Undefined index: HTTP_ACCEPT /www/wwwroot/xbm.mashangbang.top/ThinkPHP/Library/Think/Controller/RestController.class.php 第 118 行.
NOTIC: [8] Undefined index: HTTP_ACCEPT /www/wwwroot/xbm.mashangbang.top/ThinkPHP/Library/Think/Controller/RestController.class.php 第 118 行.
NOTIC: [8] Undefined index: HTTP_ACCEPT /www/wwwroot/xbm.mashangbang.top/ThinkPHP/Library/Think/Controller/RestController.class.php 第 118 行.
NOTIC: [8] Undefined index: HTTP_ACCEPT /www/wwwroot/xbm.mashangbang.top/ThinkPHP/Library/Think/Controller/RestController.class.php 第 118 行.
NOTIC: [8] Undefined index: HTTP_ACCEPT /www/wwwroot/xbm.mashangbang.top/ThinkPHP/Library/Think/Controller/RestController.class.php 第 118 行.
NOTIC: [8] Undefined index: HTTP_ACCEPT /www/wwwroot/xbm.mashangbang.top/ThinkPHP/Library/Think/Controller/RestController.class.php 第 118 行.
NOTIC: [8] Undefined index: HTTP_ACCEPT /www/wwwroot/xbm.mashangbang.top/ThinkPHP/Library/Think/Controller/RestController.class.php 第 118 行.
NOTIC: [8] Undefined index: HTTP_ACCEPT /www/wwwroot/xbm.mashangbang.top/ThinkPHP/Library/Think/Controller/RestController.class.php 第 118 行.
NOTIC: [8] Undefined index: HTTP_ACCEPT /www/wwwroot/xbm.mashangbang.top/ThinkPHP/Library/Think/Controller/RestController.class.php 第 118 行.
NOTIC: [8] Undefined index: HTTP_ACCEPT /www/wwwroot/xbm.mashangbang.top/ThinkPHP/Library/Think/Controller/RestController.class.php 第 118 行.
NOTIC: [8] Undefined index: HTTP_ACCEPT /www/wwwroot/xbm.mashangbang.top/ThinkPHP/Library/Think/Controller/RestController.class.php 第 118 行.
NOTIC: [8] Undefined index: HTTP_ACCEPT /www/wwwroot/xbm.mashangbang.top/ThinkPHP/Library/Think/Controller/RestController.class.php 第 118 行.
NOTIC: [8] Undefined index: HTTP_ACCEPT /www/wwwroot/xbm.mashangbang.top/ThinkPHP/Library/Think/Controller/RestController.class.php 第 118 行.
NOTIC: [8] Undefined index: HTTP_ACCEPT /www/wwwroot/xbm.mashangbang.top/ThinkPHP/Library/Think/Controller/RestController.class.php 第 118 行.
NOTIC: [8] Undefined index: HTTP_ACCEPT /www/wwwroot/xbm.mashangbang.top/ThinkPHP/Library/Think/Controller/RestController.class.php 第 118 行.
NOTIC: [8] Undefined index: HTTP_ACCEPT /www/wwwroot/xbm.mashangbang.top/ThinkPHP/Library/Think/Controller/RestController.class.php 第 118 行.
NOTIC: [8] Undefined index: HTTP_ACCEPT /www/wwwroot/xbm.mashangbang.top/ThinkPHP/Library/Think/Controller/RestController.class.php 第 118 行.
NOTIC: [8] Undefined index: HTTP_ACCEPT /www/wwwroot/xbm.mashangbang.top/ThinkPHP/Library/Think/Controller/RestController.class.php 第 118 行.
NOTIC: [8] Undefined index: HTTP_ACCEPT /www/wwwroot/xbm.mashangbang.top/ThinkPHP/Library/Think/Controller/RestController.class.php 第 118 行.
NOTIC: [8] Undefined index: HTTP_ACCEPT /www/wwwroot/xbm.mashangbang.top/ThinkPHP/Library/Think/Controller/RestController.class.php 第 118 行.
NOTIC: [8] Undefined index: HTTP_ACCEPT /www/wwwroot/xbm.mashangbang.top/ThinkPHP/Library/Think/Controller/RestController.class.php 第 118 行.
NOTIC: [8] Undefined index: HTTP_ACCEPT /www/wwwroot/xbm.mashangbang.top/ThinkPHP/Library/Think/Controller/RestController.class.php 第 118 行.
SQL: SHOW COLUMNS FROM `xb_mem_info` [ RunTime:0.0007s ]
SQL: SELECT * FROM `xb_mem_info` WHERE `ID` = 41828 AND `Status` = 1 AND `IsDel` = 0 LIMIT 1   [ RunTime:0.0002s ]
SQL: SHOW COLUMNS FROM `xb_mem_money` [ RunTime:0.0005s ]
SQL: SELECT `Money` FROM `xb_mem_money` WHERE `Uid` = 41828 AND `Type` = 0 AND `IsAduit` = 2  [ RunTime:0.0001s ]
SQL: SHOW COLUMNS FROM `xb_mem_balances` [ RunTime:0.0004s ]
SQL: SELECT `Amount` FROM `xb_mem_balances` WHERE `UserID` = 41828 AND `Type` = 0 AND `SruType` <> '5'  [ RunTime:0.0001s ]

[ 2019-08-14T23:56:42+08:00 ] 220.164.121.215 /api.php/center/member/isnoreadmsg
INFO: [ app_init ] --START--
INFO: Run Behavior\BuildLiteBehavior [ RunTime:0.000012s ]
INFO: [ app_init ] --END-- [ RunTime:0.000321s ]
INFO: [ app_begin ] --START--
INFO: Run Behavior\ReadHtmlCacheBehavior [ RunTime:0.000427s ]
INFO: [ app_begin ] --END-- [ RunTime:0.000473s ]
NOTIC: [8] Undefined index: HTTP_ACCEPT /www/wwwroot/xbm.mashangbang.top/ThinkPHP/Library/Think/Controller/RestController.class.php 第 118 行.
NOTIC: [8] Undefined index: HTTP_ACCEPT /www/wwwroot/xbm.mashangbang.top/ThinkPHP/Library/Think/Controller/RestController.class.php 第 118 行.
NOTIC: [8] Undefined index: HTTP_ACCEPT /www/wwwroot/xbm.mashangbang.top/ThinkPHP/Library/Think/Controller/RestController.class.php 第 118 行.
NOTIC: [8] Undefined index: HTTP_ACCEPT /www/wwwroot/xbm.mashangbang.top/ThinkPHP/Library/Think/Controller/RestController.class.php 第 118 行.
NOTIC: [8] Undefined index: HTTP_ACCEPT /www/wwwroot/xbm.mashangbang.top/ThinkPHP/Library/Think/Controller/RestController.class.php 第 118 行.
NOTIC: [8] Undefined index: HTTP_ACCEPT /www/wwwroot/xbm.mashangbang.top/ThinkPHP/Library/Think/Controller/RestController.class.php 第 118 行.
NOTIC: [8] Undefined index: HTTP_ACCEPT /www/wwwroot/xbm.mashangbang.top/ThinkPHP/Library/Think/Controller/RestController.class.php 第 118 行.
NOTIC: [8] Undefined index: HTTP_ACCEPT /www/wwwroot/xbm.mashangbang.top/ThinkPHP/Library/Think/Controller/RestController.class.php 第 118 行.
NOTIC: [8] Undefined index: HTTP_ACCEPT /www/wwwroot/xbm.mashangbang.top/ThinkPHP/Library/Think/Controller/RestController.class.php 第 118 行.
NOTIC: [8] Undefined index: HTTP_ACCEPT /www/wwwroot/xbm.mashangbang.top/ThinkPHP/Library/Think/Controller/RestController.class.php 第 118 行.
NOTIC: [8] Undefined index: HTTP_ACCEPT /www/wwwroot/xbm.mashangbang.top/ThinkPHP/Library/Think/Controller/RestController.class.php 第 118 行.
NOTIC: [8] Undefined index: HTTP_ACCEPT /www/wwwroot/xbm.mashangbang.top/ThinkPHP/Library/Think/Controller/RestController.class.php 第 118 行.
NOTIC: [8] Undefined index: HTTP_ACCEPT /www/wwwroot/xbm.mashangbang.top/ThinkPHP/Library/Think/Controller/RestController.class.php 第 118 行.
NOTIC: [8] Undefined index: HTTP_ACCEPT /www/wwwroot/xbm.mashangbang.top/ThinkPHP/Library/Think/Controller/RestController.class.php 第 118 行.
NOTIC: [8] Undefined index: HTTP_ACCEPT /www/wwwroot/xbm.mashangbang.top/ThinkPHP/Library/Think/Controller/RestController.class.php 第 118 行.
NOTIC: [8] Undefined index: HTTP_ACCEPT /www/wwwroot/xbm.mashangbang.top/ThinkPHP/Library/Think/Controller/RestController.class.php 第 118 行.
NOTIC: [8] Undefined index: HTTP_ACCEPT /www/wwwroot/xbm.mashangbang.top/ThinkPHP/Library/Think/Controller/RestController.class.php 第 118 行.
NOTIC: [8] Undefined index: HTTP_ACCEPT /www/wwwroot/xbm.mashangbang.top/ThinkPHP/Library/Think/Controller/RestController.class.php 第 118 行.
NOTIC: [8] Undefined index: HTTP_ACCEPT /www/wwwroot/xbm.mashangbang.top/ThinkPHP/Library/Think/Controller/RestController.class.php 第 118 行.
NOTIC: [8] Undefined index: HTTP_ACCEPT /www/wwwroot/xbm.mashangbang.top/ThinkPHP/Library/Think/Controller/RestController.class.php 第 118 行.
NOTIC: [8] Undefined index: HTTP_ACCEPT /www/wwwroot/xbm.mashangbang.top/ThinkPHP/Library/Think/Controller/RestController.class.php 第 118 行.
NOTIC: [8] Undefined index: HTTP_ACCEPT /www/wwwroot/xbm.mashangbang.top/ThinkPHP/Library/Think/Controller/RestController.class.php 第 118 行.
NOTIC: [8] Undefined index: HTTP_ACCEPT /www/wwwroot/xbm.mashangbang.top/ThinkPHP/Library/Think/Controller/RestController.class.php 第 118 行.
NOTIC: [8] Undefined index: HTTP_ACCEPT /www/wwwroot/xbm.mashangbang.top/ThinkPHP/Library/Think/Controller/RestController.class.php 第 118 行.
NOTIC: [8] Undefined index: HTTP_ACCEPT /www/wwwroot/xbm.mashangbang.top/ThinkPHP/Library/Think/Controller/RestController.class.php 第 118 行.
NOTIC: [8] Undefined index: HTTP_ACCEPT /www/wwwroot/xbm.mashangbang.top/ThinkPHP/Library/Think/Controller/RestController.class.php 第 118 行.
SQL: SHOW COLUMNS FROM `xb_mem_message` [ RunTime:0.0003s ]
SQL: SELECT * FROM `xb_mem_message` WHERE (  `UserID` IN (0,'41828') AND `Status` = '1' ) AND `Type` = 0 ORDER BY SendTime desc  [ RunTime:0.0001s ]
SQL: SELECT * FROM `xb_mem_message` WHERE (  `UserID` IN (0,'41828') AND `Status` = '1' ) AND `Type` = 1 ORDER BY SendTime desc  [ RunTime:0.0001s ]
SQL: SHOW COLUMNS FROM `xb_readmessage` [ RunTime:0.0003s ]
SQL: SELECT * FROM `xb_readmessage` WHERE `MID` = 41435 AND `UID` = 41828 LIMIT 1   [ RunTime:0.0001s ]

[ 2019-08-14T23:56:44+08:00 ] 220.164.121.215 /api.php/center/member/modifyAdd
INFO: [ app_init ] --START--
INFO: Run Behavior\BuildLiteBehavior [ RunTime:0.000010s ]
INFO: [ app_init ] --END-- [ RunTime:0.000242s ]
INFO: [ app_begin ] --START--
INFO: Run Behavior\ReadHtmlCacheBehavior [ RunTime:0.000311s ]
INFO: [ app_begin ] --END-- [ RunTime:0.000343s ]
NOTIC: [8] Undefined index: HTTP_ACCEPT /www/wwwroot/xbm.mashangbang.top/ThinkPHP/Library/Think/Controller/RestController.class.php 第 118 行.
NOTIC: [8] Undefined index: HTTP_ACCEPT /www/wwwroot/xbm.mashangbang.top/ThinkPHP/Library/Think/Controller/RestController.class.php 第 118 行.
NOTIC: [8] Undefined index: HTTP_ACCEPT /www/wwwroot/xbm.mashangbang.top/ThinkPHP/Library/Think/Controller/RestController.class.php 第 118 行.
NOTIC: [8] Undefined index: HTTP_ACCEPT /www/wwwroot/xbm.mashangbang.top/ThinkPHP/Library/Think/Controller/RestController.class.php 第 118 行.
NOTIC: [8] Undefined index: HTTP_ACCEPT /www/wwwroot/xbm.mashangbang.top/ThinkPHP/Library/Think/Controller/RestController.class.php 第 118 行.
NOTIC: [8] Undefined index: HTTP_ACCEPT /www/wwwroot/xbm.mashangbang.top/ThinkPHP/Library/Think/Controller/RestController.class.php 第 118 行.
NOTIC: [8] Undefined index: HTTP_ACCEPT /www/wwwroot/xbm.mashangbang.top/ThinkPHP/Library/Think/Controller/RestController.class.php 第 118 行.
NOTIC: [8] Undefined index: HTTP_ACCEPT /www/wwwroot/xbm.mashangbang.top/ThinkPHP/Library/Think/Controller/RestController.class.php 第 118 行.
NOTIC: [8] Undefined index: HTTP_ACCEPT /www/wwwroot/xbm.mashangbang.top/ThinkPHP/Library/Think/Controller/RestController.class.php 第 118 行.
NOTIC: [8] Undefined index: HTTP_ACCEPT /www/wwwroot/xbm.mashangbang.top/ThinkPHP/Library/Think/Controller/RestController.class.php 第 118 行.
NOTIC: [8] Undefined index: HTTP_ACCEPT /www/wwwroot/xbm.mashangbang.top/ThinkPHP/Library/Think/Controller/RestController.class.php 第 118 行.
NOTIC: [8] Undefined index: HTTP_ACCEPT /www/wwwroot/xbm.mashangbang.top/ThinkPHP/Library/Think/Controller/RestController.class.php 第 118 行.
NOTIC: [8] Undefined index: HTTP_ACCEPT /www/wwwroot/xbm.mashangbang.top/ThinkPHP/Library/Think/Controller/RestController.class.php 第 118 行.
NOTIC: [8] Undefined index: HTTP_ACCEPT /www/wwwroot/xbm.mashangbang.top/ThinkPHP/Library/Think/Controller/RestController.class.php 第 118 行.
NOTIC: [8] Undefined index: HTTP_ACCEPT /www/wwwroot/xbm.mashangbang.top/ThinkPHP/Library/Think/Controller/RestController.class.php 第 118 行.
NOTIC: [8] Undefined index: HTTP_ACCEPT /www/wwwroot/xbm.mashangbang.top/ThinkPHP/Library/Think/Controller/RestController.class.php 第 118 行.
NOTIC: [8] Undefined index: HTTP_ACCEPT /www/wwwroot/xbm.mashangbang.top/ThinkPHP/Library/Think/Controller/RestController.class.php 第 118 行.
NOTIC: [8] Undefined index: HTTP_ACCEPT /www/wwwroot/xbm.mashangbang.top/ThinkPHP/Library/Think/Controller/RestController.class.php 第 118 行.
NOTIC: [8] Undefined index: HTTP_ACCEPT /www/wwwroot/xbm.mashangbang.top/ThinkPHP/Library/Think/Controller/RestController.class.php 第 118 行.
NOTIC: [8] Undefined index: HTTP_ACCEPT /www/wwwroot/xbm.mashangbang.top/ThinkPHP/Library/Think/Controller/RestController.class.php 第 118 行.
NOTIC: [8] Undefined index: HTTP_ACCEPT /www/wwwroot/xbm.mashangbang.top/ThinkPHP/Library/Think/Controller/RestController.class.php 第 118 行.
NOTIC: [8] Undefined index: HTTP_ACCEPT /www/wwwroot/xbm.mashangbang.top/ThinkPHP/Library/Think/Controller/RestController.class.php 第 118 行.
NOTIC: [8] Undefined index: HTTP_ACCEPT /www/wwwroot/xbm.mashangbang.top/ThinkPHP/Library/Think/Controller/RestController.class.php 第 118 行.
NOTIC: [8] Undefined index: HTTP_ACCEPT /www/wwwroot/xbm.mashangbang.top/ThinkPHP/Library/Think/Controller/RestController.class.php 第 118 行.
NOTIC: [8] Undefined index: HTTP_ACCEPT /www/wwwroot/xbm.mashangbang.top/ThinkPHP/Library/Think/Controller/RestController.class.php 第 118 行.
NOTIC: [8] Undefined index: HTTP_ACCEPT /www/wwwroot/xbm.mashangbang.top/ThinkPHP/Library/Think/Controller/RestController.class.php 第 118 行.

