[ 2019-06-24T10:32:24+08:00 ] 117.136.0.168 /api.php/center/member/info
INFO: [ app_init ] --START--
INFO: Run Behavior\BuildLiteBehavior [ RunTime:0.000010s ]
INFO: [ app_init ] --END-- [ RunTime:0.000247s ]
INFO: [ app_begin ] --START--
INFO: Run Behavior\ReadHtmlCacheBehavior [ RunTime:0.000325s ]
INFO: [ app_begin ] --END-- [ RunTime:0.000359s ]
NOTIC: [8] Undefined index: 1.0.6 /www/wwwroot/xbm.mashangbang.top/Application/Api/Common/function.php 第 9 行.

[ 2019-06-24T10:32:24+08:00 ] 117.136.0.168 /api.php/Home/home/version?client=ios&package=com.xbm.app&upload=upload&ver=1.0.6
INFO: [ app_init ] --START--
INFO: Run Behavior\BuildLiteBehavior [ RunTime:0.000009s ]
INFO: [ app_init ] --END-- [ RunTime:0.000230s ]
INFO: [ app_begin ] --START--
INFO: Run Behavior\ReadHtmlCacheBehavior [ RunTime:0.000305s ]
INFO: [ app_begin ] --END-- [ RunTime:0.000334s ]
SQL: SHOW COLUMNS FROM `xb_version` [ RunTime:0.0005s ]
SQL: SELECT `ID`,`Ver`,`isForced`,`Url`,`Updates` FROM `xb_version` WHERE `Client` = 'ios' AND `IsDefault` = 1 LIMIT 1   [ RunTime:0.0001s ]

[ 2019-06-24T10:32:27+08:00 ] 117.136.0.168 /api.php/core/tool/getcode?Mobile=13716431042&client=ios&code=1234&package=com.xbm.app&type=5&ver=1.0.6
INFO: [ app_init ] --START--
INFO: Run Behavior\BuildLiteBehavior [ RunTime:0.000009s ]
INFO: [ app_init ] --END-- [ RunTime:0.000234s ]
INFO: [ app_begin ] --START--
INFO: Run Behavior\ReadHtmlCacheBehavior [ RunTime:0.000322s ]
INFO: [ app_begin ] --END-- [ RunTime:0.000354s ]
NOTIC: [8] Undefined index: 1.0.6 /www/wwwroot/xbm.mashangbang.top/Application/Api/Common/function.php 第 9 行.
SQL: SHOW COLUMNS FROM `xb_code` [ RunTime:0.0004s ]
SQL: SELECT * FROM `xb_code` WHERE `Name` = '13716431042' ORDER BY UpdateTime Asc LIMIT 1   [ RunTime:0.0016s ]
SQL: SHOW COLUMNS FROM `xb_mem_info` [ RunTime:0.0006s ]
SQL: SELECT * FROM `xb_mem_info` WHERE `Mobile` = '13716431042' AND `IsDel` = 0 LIMIT 1   [ RunTime:0.0003s ]
SQL: INSERT INTO `xb_code` (`Name`,`Code`,`UpdateTime`) VALUES ('13716431042','9630','2019-06-24 10:32:27') [ RunTime:0.0056s ]

[ 2019-06-24T10:32:39+08:00 ] 117.136.0.168 /api.php/Home/home/version?client=ios&package=com.xbm.app&upload=upload&ver=1.0.6
INFO: [ app_init ] --START--
INFO: Run Behavior\BuildLiteBehavior [ RunTime:0.000011s ]
INFO: [ app_init ] --END-- [ RunTime:0.000254s ]
INFO: [ app_begin ] --START--
INFO: Run Behavior\ReadHtmlCacheBehavior [ RunTime:0.000376s ]
INFO: [ app_begin ] --END-- [ RunTime:0.000412s ]
SQL: SHOW COLUMNS FROM `xb_version` [ RunTime:0.0005s ]
SQL: SELECT `ID`,`Ver`,`isForced`,`Url`,`Updates` FROM `xb_version` WHERE `Client` = 'ios' AND `IsDefault` = 1 LIMIT 1   [ RunTime:0.0001s ]

[ 2019-06-24T10:32:47+08:00 ] 117.136.0.168 /api.php/core/tool/timestamp?client=ios&package=com.xbm.app&ver=1.0.6
INFO: [ app_init ] --START--
INFO: Run Behavior\BuildLiteBehavior [ RunTime:0.000010s ]
INFO: [ app_init ] --END-- [ RunTime:0.000244s ]
INFO: [ app_begin ] --START--
INFO: Run Behavior\ReadHtmlCacheBehavior [ RunTime:0.000312s ]
INFO: [ app_begin ] --END-- [ RunTime:0.000341s ]
NOTIC: [8] Undefined index: 1.0.6 /www/wwwroot/xbm.mashangbang.top/Application/Api/Common/function.php 第 9 行.
SQL: SHOW COLUMNS FROM `xb_sys_timestamp` [ RunTime:0.0004s ]
SQL: INSERT INTO `xb_sys_timestamp` (`Time`,`Val`) VALUES ('1561343567','8b69340ce74d082027e7b2879cb6b3') [ RunTime:0.0042s ]

[ 2019-06-24T10:32:47+08:00 ] 117.136.0.168 /api.php/center/member/login?DeviceToken=b49a423768dda955a7e3da3b217629185cbaffdea06cf87911909fa7e1f1a882&client=ios&code=9630&loginType=1&mobile=13716431042&package=com.xbm.app&ticks=8b69340ce74d082027e7b2879cb6b3&ticksid=37924&token=73e354acbb73248368f09d845d993b52690123208f5fcf808ce93e4f1d64&ver=1.0.6
INFO: [ app_init ] --START--
INFO: Run Behavior\BuildLiteBehavior [ RunTime:0.000010s ]
INFO: [ app_init ] --END-- [ RunTime:0.000257s ]
INFO: [ app_begin ] --START--
INFO: Run Behavior\ReadHtmlCacheBehavior [ RunTime:0.000319s ]
INFO: [ app_begin ] --END-- [ RunTime:0.000350s ]
NOTIC: [8] Undefined index: 1.0.6 /www/wwwroot/xbm.mashangbang.top/Application/Api/Common/function.php 第 9 行.
SQL: SHOW COLUMNS FROM `xb_sys_timestamp` [ RunTime:0.0004s ]
SQL: SELECT `Val` FROM `xb_sys_timestamp` WHERE `ID` = 37924 LIMIT 1   [ RunTime:0.0002s ]
SQL: SHOW COLUMNS FROM `xb_mem_info` [ RunTime:0.0006s ]
SQL: SELECT * FROM `xb_mem_info` WHERE `Mobile` = '13716431042' AND `IsDel` = 0 LIMIT 1   [ RunTime:0.0002s ]
SQL: SHOW COLUMNS FROM `xb_code` [ RunTime:0.0003s ]
SQL: SELECT * FROM `xb_code` WHERE `Name` = '13716431042' AND `Code` = '9630' ORDER BY UpdateTime ASC LIMIT 1   [ RunTime:0.0016s ]
NOTIC: [2] unlink(./Application/Runtime/Temp/817dd21c53d4afdbc0bc64faedf141be.php): No such file or directory /www/wwwroot/xbm.mashangbang.top/ThinkPHP/Library/Think/Cache/Driver/File.class.php 第 157 行.
SQL: SHOW COLUMNS FROM `xb_sys_ipaddress` [ RunTime:0.0004s ]
SQL: SELECT * FROM `xb_sys_ipaddress` WHERE `IpAddress` = '117.136.0.168' LIMIT 1   [ RunTime:0.0002s ]
NOTIC: [8] Undefined index: data /www/wwwroot/xbm.mashangbang.top/Application/Common/Common/function.php 第 385 行.
NOTIC: [8] Undefined index: data /www/wwwroot/xbm.mashangbang.top/Application/Common/Common/function.php 第 386 行.
SQL: UPDATE `xb_mem_info` SET `LoginClient`='ios',`LastLoginTime`='2019-06-23 12:19:45',`LoginTime`='2019-06-24 10:32:47',`LastLoginIP`='222.128.84.30',`LoginIP`='117.136.0.168',`LastIpCity`='中国北京市朝阳区青年路西里5号院15号楼2层(朝阳大悦城西北侧)',`IpCity`=NULL,`Token`='73e354acbb73248368f09d845d993b7679612afa825ea4034283a56eefc4',`KEY`='XBe354acbb73248368f09d845d993b15',`IV`='XB7bbb7762126e88',`PhoneType`='ios',`alive`='1',`DeviceToken`='b49a423768dda955a7e3da3b217629185cbaffdea06cf87911909fa7e1f1a882' WHERE `ID` = 40968 [ RunTime:0.0048s ]
SQL: DELETE FROM `xb_code` WHERE `Name` = '13716431042' [ RunTime:0.0048s ]

[ 2019-06-24T10:32:48+08:00 ] 117.136.0.168 /api.php/home/home/tanimg?client=ios&package=com.xbm.app&ver=1.0.6
INFO: [ app_init ] --START--
INFO: Run Behavior\BuildLiteBehavior [ RunTime:0.000009s ]
INFO: [ app_init ] --END-- [ RunTime:0.000232s ]
INFO: [ app_begin ] --START--
INFO: Run Behavior\ReadHtmlCacheBehavior [ RunTime:0.000314s ]
INFO: [ app_begin ] --END-- [ RunTime:0.000347s ]
NOTIC: [8] Undefined index: 1.0.6 /www/wwwroot/xbm.mashangbang.top/Application/Api/Common/function.php 第 9 行.
SQL: SHOW COLUMNS FROM `xb_sys_basicinfo` [ RunTime:0.0008s ]
SQL: SELECT * FROM `xb_sys_basicinfo` LIMIT 1   [ RunTime:0.0002s ]

[ 2019-06-24T10:32:48+08:00 ] 117.136.0.168 /api.php/Home/home/getcate?client=ios&package=com.xbm.app&rows=8&ver=1.0.6
INFO: [ app_init ] --START--
INFO: Run Behavior\BuildLiteBehavior [ RunTime:0.000014s ]
INFO: [ app_init ] --END-- [ RunTime:0.000323s ]
INFO: [ app_begin ] --START--
INFO: Run Behavior\ReadHtmlCacheBehavior [ RunTime:0.000461s ]
INFO: [ app_begin ] --END-- [ RunTime:0.000508s ]
NOTIC: [8] Undefined index: 1.0.6 /www/wwwroot/xbm.mashangbang.top/Application/Api/Common/function.php 第 9 行.
SQL: SHOW COLUMNS FROM `xb_items_category` [ RunTime:0.0006s ]
SQL: SELECT `ID`,`Name`,`Imageurl` FROM `xb_items_category` WHERE `ParentID` = 0 AND `IsRec` = 1 AND `Status` = 1 AND `IsDel` = 0 ORDER BY Sort asc,ID desc LIMIT 8   [ RunTime:0.0001s ]
NOTIC: [8] Use of undefined constant HTTP_X_FORWARDED_FOR - assumed 'HTTP_X_FORWARDED_FOR' /www/wwwroot/xbm.mashangbang.top/Application/Common/Common/function.php 第 1396 行.
NOTIC: [8] Use of undefined constant HTTP_CLIENT_IP - assumed 'HTTP_CLIENT_IP' /www/wwwroot/xbm.mashangbang.top/Application/Common/Common/function.php 第 1398 行.
NOTIC: [8] Use of undefined constant REMOTE_ADDR - assumed 'REMOTE_ADDR' /www/wwwroot/xbm.mashangbang.top/Application/Common/Common/function.php 第 1401 行.
SQL: SHOW COLUMNS FROM `xb_sys_ipaddress` [ RunTime:0.0005s ]
SQL: SELECT * FROM `xb_sys_ipaddress` WHERE `IpAddress` = '117.136.0.168' LIMIT 1   [ RunTime:0.0001s ]
NOTIC: [8] Undefined index: data /www/wwwroot/xbm.mashangbang.top/Application/Common/Common/function.php 第 1423 行.
NOTIC: [8] Undefined index: data /www/wwwroot/xbm.mashangbang.top/Application/Common/Common/function.php 第 1424 行.

[ 2019-06-24T10:32:48+08:00 ] 117.136.0.168 /api.php/Home/home/getitems?client=ios&isrec=1&package=com.xbm.app&rows=4&ver=1.0.6
INFO: [ app_init ] --START--
INFO: Run Behavior\BuildLiteBehavior [ RunTime:0.000022s ]
INFO: [ app_init ] --END-- [ RunTime:0.000301s ]
INFO: [ app_begin ] --START--
INFO: Run Behavior\ReadHtmlCacheBehavior [ RunTime:0.000432s ]
INFO: [ app_begin ] --END-- [ RunTime:0.000474s ]
NOTIC: [8] Undefined index: 1.0.6 /www/wwwroot/xbm.mashangbang.top/Application/Api/Common/function.php 第 9 行.
SQL: SHOW COLUMNS FROM `xb_items` [ RunTime:0.0007s ]
NOTIC: [8] Use of undefined constant HTTP_X_FORWARDED_FOR - assumed 'HTTP_X_FORWARDED_FOR' /www/wwwroot/xbm.mashangbang.top/Application/Common/Common/function.php 第 1396 行.
NOTIC: [8] Use of undefined constant HTTP_CLIENT_IP - assumed 'HTTP_CLIENT_IP' /www/wwwroot/xbm.mashangbang.top/Application/Common/Common/function.php 第 1398 行.
NOTIC: [8] Use of undefined constant REMOTE_ADDR - assumed 'REMOTE_ADDR' /www/wwwroot/xbm.mashangbang.top/Application/Common/Common/function.php 第 1401 行.
SQL: SHOW COLUMNS FROM `xb_sys_ipaddress` [ RunTime:0.0004s ]
SQL: SELECT * FROM `xb_sys_ipaddress` WHERE `IpAddress` = '117.136.0.168' LIMIT 1   [ RunTime:0.0001s ]
NOTIC: [8] Undefined index: data /www/wwwroot/xbm.mashangbang.top/Application/Common/Common/function.php 第 1423 行.
NOTIC: [8] Undefined index: data /www/wwwroot/xbm.mashangbang.top/Application/Common/Common/function.php 第 1424 行.
NOTIC: [8] Undefined variable: areid /www/wwwroot/xbm.mashangbang.top/Application/Api/Controller/Home/HomeController.class.php 第 248 行.
SQL: SELECT `ID`,`Name`,`Logurl`,`AppNumbs`,`linkType`,`Openurl` FROM `xb_items` WHERE `IsRec` = 1 AND `Itype` = 1 AND `IsDel` = 0 AND `Status` = '1' AND `Showtype` IN ('1','3') AND `Isshow` = '1' ORDER BY Sort asc,ID desc LIMIT 4   [ RunTime:0.0001s ]

[ 2019-06-24T10:32:49+08:00 ] 117.136.0.168 /api.php/Home/home/getnotice?client=ios&package=com.xbm.app&ver=1.0.6
INFO: [ app_init ] --START--
INFO: Run Behavior\BuildLiteBehavior [ RunTime:0.000009s ]
INFO: [ app_init ] --END-- [ RunTime:0.000218s ]
INFO: [ app_begin ] --START--
INFO: Run Behavior\ReadHtmlCacheBehavior [ RunTime:0.000444s ]
INFO: [ app_begin ] --END-- [ RunTime:0.000492s ]
NOTIC: [8] Undefined index: 1.0.6 /www/wwwroot/xbm.mashangbang.top/Application/Api/Common/function.php 第 9 行.
SQL: SHOW COLUMNS FROM `xb_sys_contentmanagement` [ RunTime:0.0004s ]
SQL: SELECT `Title` FROM `xb_sys_contentmanagement` WHERE `CategoriesID` = 2 ORDER BY Sort asc,ID desc LIMIT 3   [ RunTime:0.0001s ]

[ 2019-06-24T10:32:49+08:00 ] 117.136.0.168 /api.php/center/member/isnoreadmsg
INFO: [ app_init ] --START--
INFO: Run Behavior\BuildLiteBehavior [ RunTime:0.000013s ]
INFO: [ app_init ] --END-- [ RunTime:0.000314s ]
INFO: [ app_begin ] --START--
INFO: Run Behavior\ReadHtmlCacheBehavior [ RunTime:0.000439s ]
INFO: [ app_begin ] --END-- [ RunTime:0.000483s ]
NOTIC: [8] Undefined index: 1.0.6 /www/wwwroot/xbm.mashangbang.top/Application/Api/Common/function.php 第 9 行.
SQL: SHOW COLUMNS FROM `xb_mem_message` [ RunTime:0.0004s ]
SQL: SELECT * FROM `xb_mem_message` WHERE (  `UserID` IN (0,'40968') AND `Status` = '1' ) AND `Type` = 0 ORDER BY SendTime desc  [ RunTime:0.0001s ]
SQL: SELECT * FROM `xb_mem_message` WHERE (  `UserID` IN (0,'40968') AND `Status` = '1' ) AND `Type` = 1 ORDER BY SendTime desc  [ RunTime:0.0001s ]

[ 2019-06-24T10:32:49+08:00 ] 117.136.0.168 /api.php/home/home/ads?aid=1&client=ios&num=10&package=com.xbm.app&ver=1.0.6
INFO: [ app_init ] --START--
INFO: Run Behavior\BuildLiteBehavior [ RunTime:0.000012s ]
INFO: [ app_init ] --END-- [ RunTime:0.000306s ]
INFO: [ app_begin ] --START--
INFO: Run Behavior\ReadHtmlCacheBehavior [ RunTime:0.000428s ]
INFO: [ app_begin ] --END-- [ RunTime:0.000482s ]
NOTIC: [8] Undefined index: 1.0.6 /www/wwwroot/xbm.mashangbang.top/Application/Api/Common/function.php 第 9 行.
SQL: SHOW COLUMNS FROM `xb_sys_adcontent` [ RunTime:0.0004s ]
SQL: SELECT `Name`,`Pic`,`Url`,`UrlType`,`SystemClass`,`SystemClassVal`,`productID` FROM `xb_sys_adcontent` WHERE `AdvertisingID` = 1 AND `Status` = 1 ORDER BY Sort asc,ID desc LIMIT 10   [ RunTime:0.0001s ]

[ 2019-06-24T10:32:49+08:00 ] 117.136.0.168 /api.php/Home/home/getitems?client=ios&isrec=0&package=com.xbm.app&rows=100&ver=1.0.6
INFO: [ app_init ] --START--
INFO: Run Behavior\BuildLiteBehavior [ RunTime:0.000013s ]
INFO: [ app_init ] --END-- [ RunTime:0.000301s ]
INFO: [ app_begin ] --START--
INFO: Run Behavior\ReadHtmlCacheBehavior [ RunTime:0.000416s ]
INFO: [ app_begin ] --END-- [ RunTime:0.000461s ]
NOTIC: [8] Undefined index: 1.0.6 /www/wwwroot/xbm.mashangbang.top/Application/Api/Common/function.php 第 9 行.
SQL: SHOW COLUMNS FROM `xb_items` [ RunTime:0.0007s ]
NOTIC: [8] Use of undefined constant HTTP_X_FORWARDED_FOR - assumed 'HTTP_X_FORWARDED_FOR' /www/wwwroot/xbm.mashangbang.top/Application/Common/Common/function.php 第 1396 行.
NOTIC: [8] Use of undefined constant HTTP_CLIENT_IP - assumed 'HTTP_CLIENT_IP' /www/wwwroot/xbm.mashangbang.top/Application/Common/Common/function.php 第 1398 行.
NOTIC: [8] Use of undefined constant REMOTE_ADDR - assumed 'REMOTE_ADDR' /www/wwwroot/xbm.mashangbang.top/Application/Common/Common/function.php 第 1401 行.
SQL: SHOW COLUMNS FROM `xb_sys_ipaddress` [ RunTime:0.0004s ]
SQL: SELECT * FROM `xb_sys_ipaddress` WHERE `IpAddress` = '117.136.0.168' LIMIT 1   [ RunTime:0.0001s ]
NOTIC: [8] Undefined index: data /www/wwwroot/xbm.mashangbang.top/Application/Common/Common/function.php 第 1423 行.
NOTIC: [8] Undefined index: data /www/wwwroot/xbm.mashangbang.top/Application/Common/Common/function.php 第 1424 行.
NOTIC: [8] Undefined variable: areid /www/wwwroot/xbm.mashangbang.top/Application/Api/Controller/Home/HomeController.class.php 第 265 行.
SQL: SELECT a.ID,a.Name,a.Logurl,a.AppNumbs,a.Intro,c.Name as Jkdays,a.DayfeeRate,b.Name as TypeName,a.linkType,a.Openurl FROM xb_items a left join xb_items_moneytype b on b.ID=a.MoneytypeID left join xb_items_jktimes c on a.JktimesID=c.ID  WHERE a.IsHot = 1 AND a.Itype = 1 AND a.IsDel = 0 AND a.Status = '1' AND a.Showtype IN ('1','3') AND a.Isshow = '1' ORDER BY a.Sort asc,a.ID desc LIMIT 20   [ RunTime:0.0004s ]

[ 2019-06-24T10:32:49+08:00 ] 117.136.0.168 /api.php/center/member/modifyAdd
INFO: [ app_init ] --START--
INFO: Run Behavior\BuildLiteBehavior [ RunTime:0.000009s ]
INFO: [ app_init ] --END-- [ RunTime:0.000222s ]
INFO: [ app_begin ] --START--
INFO: Run Behavior\ReadHtmlCacheBehavior [ RunTime:0.000297s ]
INFO: [ app_begin ] --END-- [ RunTime:0.000327s ]
NOTIC: [8] Undefined index: 1.0.6 /www/wwwroot/xbm.mashangbang.top/Application/Api/Common/function.php 第 9 行.
SQL: SHOW COLUMNS FROM `xb_mem_info` [ RunTime:0.0006s ]
SQL: UPDATE `xb_mem_info` SET `PhoneType`='ios',`LoginIP`='117.136.0.168',`IpCity`='中国北京市朝阳区朝阳路慈云寺桥东北角' WHERE `ID` = 40968 [ RunTime:0.0040s ]

[ 2019-06-24T10:32:54+08:00 ] 117.136.0.168 /api.php/Home/home/point?client=ios&package=com.xbm.app&pointName=banner&ver=1.0.6
INFO: [ app_init ] --START--
INFO: Run Behavior\BuildLiteBehavior [ RunTime:0.000010s ]
INFO: [ app_init ] --END-- [ RunTime:0.000270s ]
INFO: [ app_begin ] --START--
INFO: Run Behavior\ReadHtmlCacheBehavior [ RunTime:0.000330s ]
INFO: [ app_begin ] --END-- [ RunTime:0.000365s ]
NOTIC: [8] Undefined index: 1.0.6 /www/wwwroot/xbm.mashangbang.top/Application/Api/Common/function.php 第 9 行.
SQL: SHOW COLUMNS FROM `xb_point_home` [ RunTime:0.0005s ]
SQL: SELECT * FROM `xb_point_home` WHERE `createDate` = '2019-06-24' LIMIT 1   [ RunTime:0.0002s ]
SQL: INSERT INTO `xb_point_home` (`banner`,`createDate`) VALUES ('1','2019-06-24') [ RunTime:0.0043s ]

[ 2019-06-24T10:33:00+08:00 ] 117.136.0.168 /api.php/Home/home/point?client=ios&package=com.xbm.app&pointName=banner&ver=1.0.6
INFO: [ app_init ] --START--
INFO: Run Behavior\BuildLiteBehavior [ RunTime:0.000010s ]
INFO: [ app_init ] --END-- [ RunTime:0.000247s ]
INFO: [ app_begin ] --START--
INFO: Run Behavior\ReadHtmlCacheBehavior [ RunTime:0.000326s ]
INFO: [ app_begin ] --END-- [ RunTime:0.000356s ]
NOTIC: [8] Undefined index: 1.0.6 /www/wwwroot/xbm.mashangbang.top/Application/Api/Common/function.php 第 9 行.
SQL: SHOW COLUMNS FROM `xb_point_home` [ RunTime:0.0005s ]
SQL: SELECT * FROM `xb_point_home` WHERE `createDate` = '2019-06-24' LIMIT 1   [ RunTime:0.0003s ]
SQL: UPDATE `xb_point_home` SET `banner`='2',`message`='0',`cate1`='0',`cate2`='0',`cate3`='0',`cate4`='0',`cate5`='0',`cate6`='0',`cate7`='0',`cate8`='0',`createDate`='2019-06-24',`enable`='1' WHERE `ID` = 98 [ RunTime:0.0041s ]

