[ 2019-09-06T22:04:22+08:00 ] 180.140.157.73 /api.php/center/member/modifyAdd
INFO: [ app_init ] --START--
INFO: Run Behavior\BuildLiteBehavior [ RunTime:0.000011s ]
INFO: [ app_init ] --END-- [ RunTime:0.000260s ]
INFO: [ app_begin ] --START--
INFO: Run Behavior\ReadHtmlCacheBehavior [ RunTime:0.000325s ]
INFO: [ app_begin ] --END-- [ RunTime:0.000360s ]
NOTIC: [8] Undefined index: HTTP_ACCEPT /www/wwwroot/xbm.mashangbang.top/ThinkPHP/Library/Think/Controller/RestController.class.php 第 118 行.
NOTIC: [8] Undefined index: HTTP_ACCEPT /www/wwwroot/xbm.mashangbang.top/ThinkPHP/Library/Think/Controller/RestController.class.php 第 118 行.
NOTIC: [8] Undefined index: HTTP_ACCEPT /www/wwwroot/xbm.mashangbang.top/ThinkPHP/Library/Think/Controller/RestController.class.php 第 118 行.
NOTIC: [8] Undefined index: HTTP_ACCEPT /www/wwwroot/xbm.mashangbang.top/ThinkPHP/Library/Think/Controller/RestController.class.php 第 118 行.
NOTIC: [8] Undefined index: HTTP_ACCEPT /www/wwwroot/xbm.mashangbang.top/ThinkPHP/Library/Think/Controller/RestController.class.php 第 118 行.
NOTIC: [8] Undefined index: HTTP_ACCEPT /www/wwwroot/xbm.mashangbang.top/ThinkPHP/Library/Think/Controller/RestController.class.php 第 118 行.
NOTIC: [8] Undefined index: HTTP_ACCEPT /www/wwwroot/xbm.mashangbang.top/ThinkPHP/Library/Think/Controller/RestController.class.php 第 118 行.
NOTIC: [8] Undefined index: HTTP_ACCEPT /www/wwwroot/xbm.mashangbang.top/ThinkPHP/Library/Think/Controller/RestController.class.php 第 118 行.
NOTIC: [8] Undefined index: HTTP_ACCEPT /www/wwwroot/xbm.mashangbang.top/ThinkPHP/Library/Think/Controller/RestController.class.php 第 118 行.
NOTIC: [8] Undefined index: HTTP_ACCEPT /www/wwwroot/xbm.mashangbang.top/ThinkPHP/Library/Think/Controller/RestController.class.php 第 118 行.
NOTIC: [8] Undefined index: HTTP_ACCEPT /www/wwwroot/xbm.mashangbang.top/ThinkPHP/Library/Think/Controller/RestController.class.php 第 118 行.
NOTIC: [8] Undefined index: HTTP_ACCEPT /www/wwwroot/xbm.mashangbang.top/ThinkPHP/Library/Think/Controller/RestController.class.php 第 118 行.
NOTIC: [8] Undefined index: HTTP_ACCEPT /www/wwwroot/xbm.mashangbang.top/ThinkPHP/Library/Think/Controller/RestController.class.php 第 118 行.
NOTIC: [8] Undefined index: HTTP_ACCEPT /www/wwwroot/xbm.mashangbang.top/ThinkPHP/Library/Think/Controller/RestController.class.php 第 118 行.
NOTIC: [8] Undefined index: HTTP_ACCEPT /www/wwwroot/xbm.mashangbang.top/ThinkPHP/Library/Think/Controller/RestController.class.php 第 118 行.
NOTIC: [8] Undefined index: HTTP_ACCEPT /www/wwwroot/xbm.mashangbang.top/ThinkPHP/Library/Think/Controller/RestController.class.php 第 118 行.
NOTIC: [8] Undefined index: HTTP_ACCEPT /www/wwwroot/xbm.mashangbang.top/ThinkPHP/Library/Think/Controller/RestController.class.php 第 118 行.
NOTIC: [8] Undefined index: HTTP_ACCEPT /www/wwwroot/xbm.mashangbang.top/ThinkPHP/Library/Think/Controller/RestController.class.php 第 118 行.
NOTIC: [8] Undefined index: HTTP_ACCEPT /www/wwwroot/xbm.mashangbang.top/ThinkPHP/Library/Think/Controller/RestController.class.php 第 118 行.
NOTIC: [8] Undefined index: HTTP_ACCEPT /www/wwwroot/xbm.mashangbang.top/ThinkPHP/Library/Think/Controller/RestController.class.php 第 118 行.
NOTIC: [8] Undefined index: HTTP_ACCEPT /www/wwwroot/xbm.mashangbang.top/ThinkPHP/Library/Think/Controller/RestController.class.php 第 118 行.
NOTIC: [8] Undefined index: HTTP_ACCEPT /www/wwwroot/xbm.mashangbang.top/ThinkPHP/Library/Think/Controller/RestController.class.php 第 118 行.
NOTIC: [8] Undefined index: HTTP_ACCEPT /www/wwwroot/xbm.mashangbang.top/ThinkPHP/Library/Think/Controller/RestController.class.php 第 118 行.
NOTIC: [8] Undefined index: HTTP_ACCEPT /www/wwwroot/xbm.mashangbang.top/ThinkPHP/Library/Think/Controller/RestController.class.php 第 118 行.
NOTIC: [8] Undefined index: HTTP_ACCEPT /www/wwwroot/xbm.mashangbang.top/ThinkPHP/Library/Think/Controller/RestController.class.php 第 118 行.
NOTIC: [8] Undefined index: HTTP_ACCEPT /www/wwwroot/xbm.mashangbang.top/ThinkPHP/Library/Think/Controller/RestController.class.php 第 118 行.

[ 2019-09-06T22:04:24+08:00 ] 180.140.157.73 /api.php/center/Member/layout
INFO: [ app_init ] --START--
INFO: Run Behavior\BuildLiteBehavior [ RunTime:0.000010s ]
INFO: [ app_init ] --END-- [ RunTime:0.000222s ]
INFO: [ app_begin ] --START--
INFO: Run Behavior\ReadHtmlCacheBehavior [ RunTime:0.000301s ]
INFO: [ app_begin ] --END-- [ RunTime:0.000335s ]
NOTIC: [8] Undefined index: HTTP_ACCEPT /www/wwwroot/xbm.mashangbang.top/ThinkPHP/Library/Think/Controller/RestController.class.php 第 118 行.
NOTIC: [8] Undefined index: HTTP_ACCEPT /www/wwwroot/xbm.mashangbang.top/ThinkPHP/Library/Think/Controller/RestController.class.php 第 118 行.
NOTIC: [8] Undefined index: HTTP_ACCEPT /www/wwwroot/xbm.mashangbang.top/ThinkPHP/Library/Think/Controller/RestController.class.php 第 118 行.
NOTIC: [8] Undefined index: HTTP_ACCEPT /www/wwwroot/xbm.mashangbang.top/ThinkPHP/Library/Think/Controller/RestController.class.php 第 118 行.
NOTIC: [8] Undefined index: HTTP_ACCEPT /www/wwwroot/xbm.mashangbang.top/ThinkPHP/Library/Think/Controller/RestController.class.php 第 118 行.
NOTIC: [8] Undefined index: HTTP_ACCEPT /www/wwwroot/xbm.mashangbang.top/ThinkPHP/Library/Think/Controller/RestController.class.php 第 118 行.
NOTIC: [8] Undefined index: HTTP_ACCEPT /www/wwwroot/xbm.mashangbang.top/ThinkPHP/Library/Think/Controller/RestController.class.php 第 118 行.
NOTIC: [8] Undefined index: HTTP_ACCEPT /www/wwwroot/xbm.mashangbang.top/ThinkPHP/Library/Think/Controller/RestController.class.php 第 118 行.
NOTIC: [8] Undefined index: HTTP_ACCEPT /www/wwwroot/xbm.mashangbang.top/ThinkPHP/Library/Think/Controller/RestController.class.php 第 118 行.
NOTIC: [8] Undefined index: HTTP_ACCEPT /www/wwwroot/xbm.mashangbang.top/ThinkPHP/Library/Think/Controller/RestController.class.php 第 118 行.
NOTIC: [8] Undefined index: HTTP_ACCEPT /www/wwwroot/xbm.mashangbang.top/ThinkPHP/Library/Think/Controller/RestController.class.php 第 118 行.
NOTIC: [8] Undefined index: HTTP_ACCEPT /www/wwwroot/xbm.mashangbang.top/ThinkPHP/Library/Think/Controller/RestController.class.php 第 118 行.
NOTIC: [8] Undefined index: HTTP_ACCEPT /www/wwwroot/xbm.mashangbang.top/ThinkPHP/Library/Think/Controller/RestController.class.php 第 118 行.
NOTIC: [8] Undefined index: HTTP_ACCEPT /www/wwwroot/xbm.mashangbang.top/ThinkPHP/Library/Think/Controller/RestController.class.php 第 118 行.
NOTIC: [8] Undefined index: HTTP_ACCEPT /www/wwwroot/xbm.mashangbang.top/ThinkPHP/Library/Think/Controller/RestController.class.php 第 118 行.
NOTIC: [8] Undefined index: HTTP_ACCEPT /www/wwwroot/xbm.mashangbang.top/ThinkPHP/Library/Think/Controller/RestController.class.php 第 118 行.
NOTIC: [8] Undefined index: HTTP_ACCEPT /www/wwwroot/xbm.mashangbang.top/ThinkPHP/Library/Think/Controller/RestController.class.php 第 118 行.
NOTIC: [8] Undefined index: HTTP_ACCEPT /www/wwwroot/xbm.mashangbang.top/ThinkPHP/Library/Think/Controller/RestController.class.php 第 118 行.
NOTIC: [8] Undefined index: HTTP_ACCEPT /www/wwwroot/xbm.mashangbang.top/ThinkPHP/Library/Think/Controller/RestController.class.php 第 118 行.
NOTIC: [8] Undefined index: HTTP_ACCEPT /www/wwwroot/xbm.mashangbang.top/ThinkPHP/Library/Think/Controller/RestController.class.php 第 118 行.
NOTIC: [8] Undefined index: HTTP_ACCEPT /www/wwwroot/xbm.mashangbang.top/ThinkPHP/Library/Think/Controller/RestController.class.php 第 118 行.
NOTIC: [8] Undefined index: HTTP_ACCEPT /www/wwwroot/xbm.mashangbang.top/ThinkPHP/Library/Think/Controller/RestController.class.php 第 118 行.
NOTIC: [8] Undefined index: HTTP_ACCEPT /www/wwwroot/xbm.mashangbang.top/ThinkPHP/Library/Think/Controller/RestController.class.php 第 118 行.
NOTIC: [8] Undefined index: HTTP_ACCEPT /www/wwwroot/xbm.mashangbang.top/ThinkPHP/Library/Think/Controller/RestController.class.php 第 118 行.
NOTIC: [8] Undefined index: HTTP_ACCEPT /www/wwwroot/xbm.mashangbang.top/ThinkPHP/Library/Think/Controller/RestController.class.php 第 118 行.
NOTIC: [8] Undefined index: HTTP_ACCEPT /www/wwwroot/xbm.mashangbang.top/ThinkPHP/Library/Think/Controller/RestController.class.php 第 118 行.
SQL: SHOW COLUMNS FROM `xb_mem_info` [ RunTime:0.0007s ]
SQL: UPDATE `xb_mem_info` SET `IV`=NULL,`Token`=NULL WHERE `ID` = 42643 [ RunTime:0.0045s ]

[ 2019-09-06T22:04:24+08:00 ] 180.140.157.73 /api.php/Home/home/version?client=android&ver=1.0.0&package=com.xbm.app&upload=upload
INFO: [ app_init ] --START--
INFO: Run Behavior\BuildLiteBehavior [ RunTime:0.000013s ]
INFO: [ app_init ] --END-- [ RunTime:0.000334s ]
INFO: [ app_begin ] --START--
INFO: Run Behavior\ReadHtmlCacheBehavior [ RunTime:0.000478s ]
INFO: [ app_begin ] --END-- [ RunTime:0.000541s ]
NOTIC: [8] Undefined index: HTTP_ACCEPT /www/wwwroot/xbm.mashangbang.top/ThinkPHP/Library/Think/Controller/RestController.class.php 第 118 行.
NOTIC: [8] Undefined index: HTTP_ACCEPT /www/wwwroot/xbm.mashangbang.top/ThinkPHP/Library/Think/Controller/RestController.class.php 第 118 行.
NOTIC: [8] Undefined index: HTTP_ACCEPT /www/wwwroot/xbm.mashangbang.top/ThinkPHP/Library/Think/Controller/RestController.class.php 第 118 行.
NOTIC: [8] Undefined index: HTTP_ACCEPT /www/wwwroot/xbm.mashangbang.top/ThinkPHP/Library/Think/Controller/RestController.class.php 第 118 行.
NOTIC: [8] Undefined index: HTTP_ACCEPT /www/wwwroot/xbm.mashangbang.top/ThinkPHP/Library/Think/Controller/RestController.class.php 第 118 行.
NOTIC: [8] Undefined index: HTTP_ACCEPT /www/wwwroot/xbm.mashangbang.top/ThinkPHP/Library/Think/Controller/RestController.class.php 第 118 行.
NOTIC: [8] Undefined index: HTTP_ACCEPT /www/wwwroot/xbm.mashangbang.top/ThinkPHP/Library/Think/Controller/RestController.class.php 第 118 行.
NOTIC: [8] Undefined index: HTTP_ACCEPT /www/wwwroot/xbm.mashangbang.top/ThinkPHP/Library/Think/Controller/RestController.class.php 第 118 行.
NOTIC: [8] Undefined index: HTTP_ACCEPT /www/wwwroot/xbm.mashangbang.top/ThinkPHP/Library/Think/Controller/RestController.class.php 第 118 行.
NOTIC: [8] Undefined index: HTTP_ACCEPT /www/wwwroot/xbm.mashangbang.top/ThinkPHP/Library/Think/Controller/RestController.class.php 第 118 行.
NOTIC: [8] Undefined index: HTTP_ACCEPT /www/wwwroot/xbm.mashangbang.top/ThinkPHP/Library/Think/Controller/RestController.class.php 第 118 行.
NOTIC: [8] Undefined index: HTTP_ACCEPT /www/wwwroot/xbm.mashangbang.top/ThinkPHP/Library/Think/Controller/RestController.class.php 第 118 行.
NOTIC: [8] Undefined index: HTTP_ACCEPT /www/wwwroot/xbm.mashangbang.top/ThinkPHP/Library/Think/Controller/RestController.class.php 第 118 行.
NOTIC: [8] Undefined index: HTTP_ACCEPT /www/wwwroot/xbm.mashangbang.top/ThinkPHP/Library/Think/Controller/RestController.class.php 第 118 行.
NOTIC: [8] Undefined index: HTTP_ACCEPT /www/wwwroot/xbm.mashangbang.top/ThinkPHP/Library/Think/Controller/RestController.class.php 第 118 行.
NOTIC: [8] Undefined index: HTTP_ACCEPT /www/wwwroot/xbm.mashangbang.top/ThinkPHP/Library/Think/Controller/RestController.class.php 第 118 行.
NOTIC: [8] Undefined index: HTTP_ACCEPT /www/wwwroot/xbm.mashangbang.top/ThinkPHP/Library/Think/Controller/RestController.class.php 第 118 行.
NOTIC: [8] Undefined index: HTTP_ACCEPT /www/wwwroot/xbm.mashangbang.top/ThinkPHP/Library/Think/Controller/RestController.class.php 第 118 行.
NOTIC: [8] Undefined index: HTTP_ACCEPT /www/wwwroot/xbm.mashangbang.top/ThinkPHP/Library/Think/Controller/RestController.class.php 第 118 行.
NOTIC: [8] Undefined index: HTTP_ACCEPT /www/wwwroot/xbm.mashangbang.top/ThinkPHP/Library/Think/Controller/RestController.class.php 第 118 行.
NOTIC: [8] Undefined index: HTTP_ACCEPT /www/wwwroot/xbm.mashangbang.top/ThinkPHP/Library/Think/Controller/RestController.class.php 第 118 行.
NOTIC: [8] Undefined index: HTTP_ACCEPT /www/wwwroot/xbm.mashangbang.top/ThinkPHP/Library/Think/Controller/RestController.class.php 第 118 行.
NOTIC: [8] Undefined index: HTTP_ACCEPT /www/wwwroot/xbm.mashangbang.top/ThinkPHP/Library/Think/Controller/RestController.class.php 第 118 行.
NOTIC: [8] Undefined index: HTTP_ACCEPT /www/wwwroot/xbm.mashangbang.top/ThinkPHP/Library/Think/Controller/RestController.class.php 第 118 行.
NOTIC: [8] Undefined index: HTTP_ACCEPT /www/wwwroot/xbm.mashangbang.top/ThinkPHP/Library/Think/Controller/RestController.class.php 第 118 行.
NOTIC: [8] Undefined index: HTTP_ACCEPT /www/wwwroot/xbm.mashangbang.top/ThinkPHP/Library/Think/Controller/RestController.class.php 第 118 行.
SQL: SHOW COLUMNS FROM `xb_version` [ RunTime:0.0006s ]
SQL: SELECT `ID`,`Ver`,`isForced`,`Url`,`Updates` FROM `xb_version` WHERE `Client` = 'android' AND `IsDefault` = 1 LIMIT 1   [ RunTime:0.0001s ]

[ 2019-09-06T22:04:24+08:00 ] 180.140.157.73 /api.php/home/home/tanimg?client=android&ver=1.0.0&package=com.xbm.app
INFO: [ app_init ] --START--
INFO: Run Behavior\BuildLiteBehavior [ RunTime:0.000012s ]
INFO: [ app_init ] --END-- [ RunTime:0.000297s ]
INFO: [ app_begin ] --START--
INFO: Run Behavior\ReadHtmlCacheBehavior [ RunTime:0.000495s ]
INFO: [ app_begin ] --END-- [ RunTime:0.000541s ]
NOTIC: [8] Undefined index: HTTP_ACCEPT /www/wwwroot/xbm.mashangbang.top/ThinkPHP/Library/Think/Controller/RestController.class.php 第 118 行.
NOTIC: [8] Undefined index: HTTP_ACCEPT /www/wwwroot/xbm.mashangbang.top/ThinkPHP/Library/Think/Controller/RestController.class.php 第 118 行.
NOTIC: [8] Undefined index: HTTP_ACCEPT /www/wwwroot/xbm.mashangbang.top/ThinkPHP/Library/Think/Controller/RestController.class.php 第 118 行.
NOTIC: [8] Undefined index: HTTP_ACCEPT /www/wwwroot/xbm.mashangbang.top/ThinkPHP/Library/Think/Controller/RestController.class.php 第 118 行.
NOTIC: [8] Undefined index: HTTP_ACCEPT /www/wwwroot/xbm.mashangbang.top/ThinkPHP/Library/Think/Controller/RestController.class.php 第 118 行.
NOTIC: [8] Undefined index: HTTP_ACCEPT /www/wwwroot/xbm.mashangbang.top/ThinkPHP/Library/Think/Controller/RestController.class.php 第 118 行.
NOTIC: [8] Undefined index: HTTP_ACCEPT /www/wwwroot/xbm.mashangbang.top/ThinkPHP/Library/Think/Controller/RestController.class.php 第 118 行.
NOTIC: [8] Undefined index: HTTP_ACCEPT /www/wwwroot/xbm.mashangbang.top/ThinkPHP/Library/Think/Controller/RestController.class.php 第 118 行.
NOTIC: [8] Undefined index: HTTP_ACCEPT /www/wwwroot/xbm.mashangbang.top/ThinkPHP/Library/Think/Controller/RestController.class.php 第 118 行.
NOTIC: [8] Undefined index: HTTP_ACCEPT /www/wwwroot/xbm.mashangbang.top/ThinkPHP/Library/Think/Controller/RestController.class.php 第 118 行.
NOTIC: [8] Undefined index: HTTP_ACCEPT /www/wwwroot/xbm.mashangbang.top/ThinkPHP/Library/Think/Controller/RestController.class.php 第 118 行.
NOTIC: [8] Undefined index: HTTP_ACCEPT /www/wwwroot/xbm.mashangbang.top/ThinkPHP/Library/Think/Controller/RestController.class.php 第 118 行.
NOTIC: [8] Undefined index: HTTP_ACCEPT /www/wwwroot/xbm.mashangbang.top/ThinkPHP/Library/Think/Controller/RestController.class.php 第 118 行.
NOTIC: [8] Undefined index: HTTP_ACCEPT /www/wwwroot/xbm.mashangbang.top/ThinkPHP/Library/Think/Controller/RestController.class.php 第 118 行.
NOTIC: [8] Undefined index: HTTP_ACCEPT /www/wwwroot/xbm.mashangbang.top/ThinkPHP/Library/Think/Controller/RestController.class.php 第 118 行.
NOTIC: [8] Undefined index: HTTP_ACCEPT /www/wwwroot/xbm.mashangbang.top/ThinkPHP/Library/Think/Controller/RestController.class.php 第 118 行.
NOTIC: [8] Undefined index: HTTP_ACCEPT /www/wwwroot/xbm.mashangbang.top/ThinkPHP/Library/Think/Controller/RestController.class.php 第 118 行.
NOTIC: [8] Undefined index: HTTP_ACCEPT /www/wwwroot/xbm.mashangbang.top/ThinkPHP/Library/Think/Controller/RestController.class.php 第 118 行.
NOTIC: [8] Undefined index: HTTP_ACCEPT /www/wwwroot/xbm.mashangbang.top/ThinkPHP/Library/Think/Controller/RestController.class.php 第 118 行.
NOTIC: [8] Undefined index: HTTP_ACCEPT /www/wwwroot/xbm.mashangbang.top/ThinkPHP/Library/Think/Controller/RestController.class.php 第 118 行.
NOTIC: [8] Undefined index: HTTP_ACCEPT /www/wwwroot/xbm.mashangbang.top/ThinkPHP/Library/Think/Controller/RestController.class.php 第 118 行.
NOTIC: [8] Undefined index: HTTP_ACCEPT /www/wwwroot/xbm.mashangbang.top/ThinkPHP/Library/Think/Controller/RestController.class.php 第 118 行.
NOTIC: [8] Undefined index: HTTP_ACCEPT /www/wwwroot/xbm.mashangbang.top/ThinkPHP/Library/Think/Controller/RestController.class.php 第 118 行.
NOTIC: [8] Undefined index: HTTP_ACCEPT /www/wwwroot/xbm.mashangbang.top/ThinkPHP/Library/Think/Controller/RestController.class.php 第 118 行.
NOTIC: [8] Undefined index: HTTP_ACCEPT /www/wwwroot/xbm.mashangbang.top/ThinkPHP/Library/Think/Controller/RestController.class.php 第 118 行.
NOTIC: [8] Undefined index: HTTP_ACCEPT /www/wwwroot/xbm.mashangbang.top/ThinkPHP/Library/Think/Controller/RestController.class.php 第 118 行.
SQL: SHOW COLUMNS FROM `xb_sys_basicinfo` [ RunTime:0.0008s ]
SQL: SELECT * FROM `xb_sys_basicinfo` LIMIT 1   [ RunTime:0.0002s ]

[ 2019-09-06T22:04:24+08:00 ] 180.140.157.73 /api.php/center/member/isnoreadmsg
INFO: [ app_init ] --START--
INFO: Run Behavior\BuildLiteBehavior [ RunTime:0.000013s ]
INFO: [ app_init ] --END-- [ RunTime:0.000318s ]
INFO: [ app_begin ] --START--
INFO: Run Behavior\ReadHtmlCacheBehavior [ RunTime:0.000424s ]
INFO: [ app_begin ] --END-- [ RunTime:0.000473s ]
NOTIC: [8] Undefined index: HTTP_ACCEPT /www/wwwroot/xbm.mashangbang.top/ThinkPHP/Library/Think/Controller/RestController.class.php 第 118 行.
NOTIC: [8] Undefined index: HTTP_ACCEPT /www/wwwroot/xbm.mashangbang.top/ThinkPHP/Library/Think/Controller/RestController.class.php 第 118 行.
NOTIC: [8] Undefined index: HTTP_ACCEPT /www/wwwroot/xbm.mashangbang.top/ThinkPHP/Library/Think/Controller/RestController.class.php 第 118 行.
NOTIC: [8] Undefined index: HTTP_ACCEPT /www/wwwroot/xbm.mashangbang.top/ThinkPHP/Library/Think/Controller/RestController.class.php 第 118 行.
NOTIC: [8] Undefined index: HTTP_ACCEPT /www/wwwroot/xbm.mashangbang.top/ThinkPHP/Library/Think/Controller/RestController.class.php 第 118 行.
NOTIC: [8] Undefined index: HTTP_ACCEPT /www/wwwroot/xbm.mashangbang.top/ThinkPHP/Library/Think/Controller/RestController.class.php 第 118 行.
NOTIC: [8] Undefined index: HTTP_ACCEPT /www/wwwroot/xbm.mashangbang.top/ThinkPHP/Library/Think/Controller/RestController.class.php 第 118 行.
NOTIC: [8] Undefined index: HTTP_ACCEPT /www/wwwroot/xbm.mashangbang.top/ThinkPHP/Library/Think/Controller/RestController.class.php 第 118 行.
NOTIC: [8] Undefined index: HTTP_ACCEPT /www/wwwroot/xbm.mashangbang.top/ThinkPHP/Library/Think/Controller/RestController.class.php 第 118 行.
NOTIC: [8] Undefined index: HTTP_ACCEPT /www/wwwroot/xbm.mashangbang.top/ThinkPHP/Library/Think/Controller/RestController.class.php 第 118 行.
NOTIC: [8] Undefined index: HTTP_ACCEPT /www/wwwroot/xbm.mashangbang.top/ThinkPHP/Library/Think/Controller/RestController.class.php 第 118 行.
NOTIC: [8] Undefined index: HTTP_ACCEPT /www/wwwroot/xbm.mashangbang.top/ThinkPHP/Library/Think/Controller/RestController.class.php 第 118 行.
NOTIC: [8] Undefined index: HTTP_ACCEPT /www/wwwroot/xbm.mashangbang.top/ThinkPHP/Library/Think/Controller/RestController.class.php 第 118 行.
NOTIC: [8] Undefined index: HTTP_ACCEPT /www/wwwroot/xbm.mashangbang.top/ThinkPHP/Library/Think/Controller/RestController.class.php 第 118 行.
NOTIC: [8] Undefined index: HTTP_ACCEPT /www/wwwroot/xbm.mashangbang.top/ThinkPHP/Library/Think/Controller/RestController.class.php 第 118 行.
NOTIC: [8] Undefined index: HTTP_ACCEPT /www/wwwroot/xbm.mashangbang.top/ThinkPHP/Library/Think/Controller/RestController.class.php 第 118 行.
NOTIC: [8] Undefined index: HTTP_ACCEPT /www/wwwroot/xbm.mashangbang.top/ThinkPHP/Library/Think/Controller/RestController.class.php 第 118 行.
NOTIC: [8] Undefined index: HTTP_ACCEPT /www/wwwroot/xbm.mashangbang.top/ThinkPHP/Library/Think/Controller/RestController.class.php 第 118 行.
NOTIC: [8] Undefined index: HTTP_ACCEPT /www/wwwroot/xbm.mashangbang.top/ThinkPHP/Library/Think/Controller/RestController.class.php 第 118 行.
NOTIC: [8] Undefined index: HTTP_ACCEPT /www/wwwroot/xbm.mashangbang.top/ThinkPHP/Library/Think/Controller/RestController.class.php 第 118 行.
NOTIC: [8] Undefined index: HTTP_ACCEPT /www/wwwroot/xbm.mashangbang.top/ThinkPHP/Library/Think/Controller/RestController.class.php 第 118 行.
NOTIC: [8] Undefined index: HTTP_ACCEPT /www/wwwroot/xbm.mashangbang.top/ThinkPHP/Library/Think/Controller/RestController.class.php 第 118 行.
NOTIC: [8] Undefined index: HTTP_ACCEPT /www/wwwroot/xbm.mashangbang.top/ThinkPHP/Library/Think/Controller/RestController.class.php 第 118 行.
NOTIC: [8] Undefined index: HTTP_ACCEPT /www/wwwroot/xbm.mashangbang.top/ThinkPHP/Library/Think/Controller/RestController.class.php 第 118 行.
NOTIC: [8] Undefined index: HTTP_ACCEPT /www/wwwroot/xbm.mashangbang.top/ThinkPHP/Library/Think/Controller/RestController.class.php 第 118 行.
NOTIC: [8] Undefined index: HTTP_ACCEPT /www/wwwroot/xbm.mashangbang.top/ThinkPHP/Library/Think/Controller/RestController.class.php 第 118 行.

[ 2019-09-06T22:04:24+08:00 ] 180.140.157.73 /api.php/center/member/isnoreadmsg
INFO: [ app_init ] --START--
INFO: Run Behavior\BuildLiteBehavior [ RunTime:0.000013s ]
INFO: [ app_init ] --END-- [ RunTime:0.000317s ]
INFO: [ app_begin ] --START--
INFO: Run Behavior\ReadHtmlCacheBehavior [ RunTime:0.000476s ]
INFO: [ app_begin ] --END-- [ RunTime:0.000523s ]
NOTIC: [8] Undefined index: HTTP_ACCEPT /www/wwwroot/xbm.mashangbang.top/ThinkPHP/Library/Think/Controller/RestController.class.php 第 118 行.
NOTIC: [8] Undefined index: HTTP_ACCEPT /www/wwwroot/xbm.mashangbang.top/ThinkPHP/Library/Think/Controller/RestController.class.php 第 118 行.
NOTIC: [8] Undefined index: HTTP_ACCEPT /www/wwwroot/xbm.mashangbang.top/ThinkPHP/Library/Think/Controller/RestController.class.php 第 118 行.
NOTIC: [8] Undefined index: HTTP_ACCEPT /www/wwwroot/xbm.mashangbang.top/ThinkPHP/Library/Think/Controller/RestController.class.php 第 118 行.
NOTIC: [8] Undefined index: HTTP_ACCEPT /www/wwwroot/xbm.mashangbang.top/ThinkPHP/Library/Think/Controller/RestController.class.php 第 118 行.
NOTIC: [8] Undefined index: HTTP_ACCEPT /www/wwwroot/xbm.mashangbang.top/ThinkPHP/Library/Think/Controller/RestController.class.php 第 118 行.
NOTIC: [8] Undefined index: HTTP_ACCEPT /www/wwwroot/xbm.mashangbang.top/ThinkPHP/Library/Think/Controller/RestController.class.php 第 118 行.
NOTIC: [8] Undefined index: HTTP_ACCEPT /www/wwwroot/xbm.mashangbang.top/ThinkPHP/Library/Think/Controller/RestController.class.php 第 118 行.
NOTIC: [8] Undefined index: HTTP_ACCEPT /www/wwwroot/xbm.mashangbang.top/ThinkPHP/Library/Think/Controller/RestController.class.php 第 118 行.
NOTIC: [8] Undefined index: HTTP_ACCEPT /www/wwwroot/xbm.mashangbang.top/ThinkPHP/Library/Think/Controller/RestController.class.php 第 118 行.
NOTIC: [8] Undefined index: HTTP_ACCEPT /www/wwwroot/xbm.mashangbang.top/ThinkPHP/Library/Think/Controller/RestController.class.php 第 118 行.
NOTIC: [8] Undefined index: HTTP_ACCEPT /www/wwwroot/xbm.mashangbang.top/ThinkPHP/Library/Think/Controller/RestController.class.php 第 118 行.
NOTIC: [8] Undefined index: HTTP_ACCEPT /www/wwwroot/xbm.mashangbang.top/ThinkPHP/Library/Think/Controller/RestController.class.php 第 118 行.
NOTIC: [8] Undefined index: HTTP_ACCEPT /www/wwwroot/xbm.mashangbang.top/ThinkPHP/Library/Think/Controller/RestController.class.php 第 118 行.
NOTIC: [8] Undefined index: HTTP_ACCEPT /www/wwwroot/xbm.mashangbang.top/ThinkPHP/Library/Think/Controller/RestController.class.php 第 118 行.
NOTIC: [8] Undefined index: HTTP_ACCEPT /www/wwwroot/xbm.mashangbang.top/ThinkPHP/Library/Think/Controller/RestController.class.php 第 118 行.
NOTIC: [8] Undefined index: HTTP_ACCEPT /www/wwwroot/xbm.mashangbang.top/ThinkPHP/Library/Think/Controller/RestController.class.php 第 118 行.
NOTIC: [8] Undefined index: HTTP_ACCEPT /www/wwwroot/xbm.mashangbang.top/ThinkPHP/Library/Think/Controller/RestController.class.php 第 118 行.
NOTIC: [8] Undefined index: HTTP_ACCEPT /www/wwwroot/xbm.mashangbang.top/ThinkPHP/Library/Think/Controller/RestController.class.php 第 118 行.
NOTIC: [8] Undefined index: HTTP_ACCEPT /www/wwwroot/xbm.mashangbang.top/ThinkPHP/Library/Think/Controller/RestController.class.php 第 118 行.
NOTIC: [8] Undefined index: HTTP_ACCEPT /www/wwwroot/xbm.mashangbang.top/ThinkPHP/Library/Think/Controller/RestController.class.php 第 118 行.
NOTIC: [8] Undefined index: HTTP_ACCEPT /www/wwwroot/xbm.mashangbang.top/ThinkPHP/Library/Think/Controller/RestController.class.php 第 118 行.
NOTIC: [8] Undefined index: HTTP_ACCEPT /www/wwwroot/xbm.mashangbang.top/ThinkPHP/Library/Think/Controller/RestController.class.php 第 118 行.
NOTIC: [8] Undefined index: HTTP_ACCEPT /www/wwwroot/xbm.mashangbang.top/ThinkPHP/Library/Think/Controller/RestController.class.php 第 118 行.
NOTIC: [8] Undefined index: HTTP_ACCEPT /www/wwwroot/xbm.mashangbang.top/ThinkPHP/Library/Think/Controller/RestController.class.php 第 118 行.
NOTIC: [8] Undefined index: HTTP_ACCEPT /www/wwwroot/xbm.mashangbang.top/ThinkPHP/Library/Think/Controller/RestController.class.php 第 118 行.

[ 2019-09-06T22:04:24+08:00 ] 180.140.157.73 /api.php/home/home/ads?client=android&package=com.xbm.app&ver=1.0.0&aid=1&num=20
INFO: [ app_init ] --START--
INFO: Run Behavior\BuildLiteBehavior [ RunTime:0.000016s ]
INFO: [ app_init ] --END-- [ RunTime:0.005415s ]
INFO: [ app_begin ] --START--
INFO: Run Behavior\ReadHtmlCacheBehavior [ RunTime:0.000438s ]
INFO: [ app_begin ] --END-- [ RunTime:0.000475s ]
NOTIC: [8] Undefined index: HTTP_ACCEPT /www/wwwroot/xbm.mashangbang.top/ThinkPHP/Library/Think/Controller/RestController.class.php 第 118 行.
NOTIC: [8] Undefined index: HTTP_ACCEPT /www/wwwroot/xbm.mashangbang.top/ThinkPHP/Library/Think/Controller/RestController.class.php 第 118 行.
NOTIC: [8] Undefined index: HTTP_ACCEPT /www/wwwroot/xbm.mashangbang.top/ThinkPHP/Library/Think/Controller/RestController.class.php 第 118 行.
NOTIC: [8] Undefined index: HTTP_ACCEPT /www/wwwroot/xbm.mashangbang.top/ThinkPHP/Library/Think/Controller/RestController.class.php 第 118 行.
NOTIC: [8] Undefined index: HTTP_ACCEPT /www/wwwroot/xbm.mashangbang.top/ThinkPHP/Library/Think/Controller/RestController.class.php 第 118 行.
NOTIC: [8] Undefined index: HTTP_ACCEPT /www/wwwroot/xbm.mashangbang.top/ThinkPHP/Library/Think/Controller/RestController.class.php 第 118 行.
NOTIC: [8] Undefined index: HTTP_ACCEPT /www/wwwroot/xbm.mashangbang.top/ThinkPHP/Library/Think/Controller/RestController.class.php 第 118 行.
NOTIC: [8] Undefined index: HTTP_ACCEPT /www/wwwroot/xbm.mashangbang.top/ThinkPHP/Library/Think/Controller/RestController.class.php 第 118 行.
NOTIC: [8] Undefined index: HTTP_ACCEPT /www/wwwroot/xbm.mashangbang.top/ThinkPHP/Library/Think/Controller/RestController.class.php 第 118 行.
NOTIC: [8] Undefined index: HTTP_ACCEPT /www/wwwroot/xbm.mashangbang.top/ThinkPHP/Library/Think/Controller/RestController.class.php 第 118 行.
NOTIC: [8] Undefined index: HTTP_ACCEPT /www/wwwroot/xbm.mashangbang.top/ThinkPHP/Library/Think/Controller/RestController.class.php 第 118 行.
NOTIC: [8] Undefined index: HTTP_ACCEPT /www/wwwroot/xbm.mashangbang.top/ThinkPHP/Library/Think/Controller/RestController.class.php 第 118 行.
NOTIC: [8] Undefined index: HTTP_ACCEPT /www/wwwroot/xbm.mashangbang.top/ThinkPHP/Library/Think/Controller/RestController.class.php 第 118 行.
NOTIC: [8] Undefined index: HTTP_ACCEPT /www/wwwroot/xbm.mashangbang.top/ThinkPHP/Library/Think/Controller/RestController.class.php 第 118 行.
NOTIC: [8] Undefined index: HTTP_ACCEPT /www/wwwroot/xbm.mashangbang.top/ThinkPHP/Library/Think/Controller/RestController.class.php 第 118 行.
NOTIC: [8] Undefined index: HTTP_ACCEPT /www/wwwroot/xbm.mashangbang.top/ThinkPHP/Library/Think/Controller/RestController.class.php 第 118 行.
NOTIC: [8] Undefined index: HTTP_ACCEPT /www/wwwroot/xbm.mashangbang.top/ThinkPHP/Library/Think/Controller/RestController.class.php 第 118 行.
NOTIC: [8] Undefined index: HTTP_ACCEPT /www/wwwroot/xbm.mashangbang.top/ThinkPHP/Library/Think/Controller/RestController.class.php 第 118 行.
NOTIC: [8] Undefined index: HTTP_ACCEPT /www/wwwroot/xbm.mashangbang.top/ThinkPHP/Library/Think/Controller/RestController.class.php 第 118 行.
NOTIC: [8] Undefined index: HTTP_ACCEPT /www/wwwroot/xbm.mashangbang.top/ThinkPHP/Library/Think/Controller/RestController.class.php 第 118 行.
NOTIC: [8] Undefined index: HTTP_ACCEPT /www/wwwroot/xbm.mashangbang.top/ThinkPHP/Library/Think/Controller/RestController.class.php 第 118 行.
NOTIC: [8] Undefined index: HTTP_ACCEPT /www/wwwroot/xbm.mashangbang.top/ThinkPHP/Library/Think/Controller/RestController.class.php 第 118 行.
NOTIC: [8] Undefined index: HTTP_ACCEPT /www/wwwroot/xbm.mashangbang.top/ThinkPHP/Library/Think/Controller/RestController.class.php 第 118 行.
NOTIC: [8] Undefined index: HTTP_ACCEPT /www/wwwroot/xbm.mashangbang.top/ThinkPHP/Library/Think/Controller/RestController.class.php 第 118 行.
NOTIC: [8] Undefined index: HTTP_ACCEPT /www/wwwroot/xbm.mashangbang.top/ThinkPHP/Library/Think/Controller/RestController.class.php 第 118 行.
NOTIC: [8] Undefined index: HTTP_ACCEPT /www/wwwroot/xbm.mashangbang.top/ThinkPHP/Library/Think/Controller/RestController.class.php 第 118 行.
SQL: SHOW COLUMNS FROM `xb_sys_adcontent` [ RunTime:0.0495s ]
SQL: SELECT `Name`,`Pic`,`Url`,`UrlType`,`SystemClass`,`SystemClassVal`,`productID` FROM `xb_sys_adcontent` WHERE `AdvertisingID` = 1 AND `Status` = 1 ORDER BY Sort asc,ID desc LIMIT 20   [ RunTime:0.0001s ]

[ 2019-09-06T22:04:24+08:00 ] 180.140.157.73 /api.php/center/member/isnoreadmsg
INFO: [ app_init ] --START--
INFO: Run Behavior\BuildLiteBehavior [ RunTime:0.000012s ]
INFO: [ app_init ] --END-- [ RunTime:0.000305s ]
INFO: [ app_begin ] --START--
INFO: Run Behavior\ReadHtmlCacheBehavior [ RunTime:0.000417s ]
INFO: [ app_begin ] --END-- [ RunTime:0.000462s ]
NOTIC: [8] Undefined index: HTTP_ACCEPT /www/wwwroot/xbm.mashangbang.top/ThinkPHP/Library/Think/Controller/RestController.class.php 第 118 行.
NOTIC: [8] Undefined index: HTTP_ACCEPT /www/wwwroot/xbm.mashangbang.top/ThinkPHP/Library/Think/Controller/RestController.class.php 第 118 行.
NOTIC: [8] Undefined index: HTTP_ACCEPT /www/wwwroot/xbm.mashangbang.top/ThinkPHP/Library/Think/Controller/RestController.class.php 第 118 行.
NOTIC: [8] Undefined index: HTTP_ACCEPT /www/wwwroot/xbm.mashangbang.top/ThinkPHP/Library/Think/Controller/RestController.class.php 第 118 行.
NOTIC: [8] Undefined index: HTTP_ACCEPT /www/wwwroot/xbm.mashangbang.top/ThinkPHP/Library/Think/Controller/RestController.class.php 第 118 行.
NOTIC: [8] Undefined index: HTTP_ACCEPT /www/wwwroot/xbm.mashangbang.top/ThinkPHP/Library/Think/Controller/RestController.class.php 第 118 行.
NOTIC: [8] Undefined index: HTTP_ACCEPT /www/wwwroot/xbm.mashangbang.top/ThinkPHP/Library/Think/Controller/RestController.class.php 第 118 行.
NOTIC: [8] Undefined index: HTTP_ACCEPT /www/wwwroot/xbm.mashangbang.top/ThinkPHP/Library/Think/Controller/RestController.class.php 第 118 行.
NOTIC: [8] Undefined index: HTTP_ACCEPT /www/wwwroot/xbm.mashangbang.top/ThinkPHP/Library/Think/Controller/RestController.class.php 第 118 行.
NOTIC: [8] Undefined index: HTTP_ACCEPT /www/wwwroot/xbm.mashangbang.top/ThinkPHP/Library/Think/Controller/RestController.class.php 第 118 行.
NOTIC: [8] Undefined index: HTTP_ACCEPT /www/wwwroot/xbm.mashangbang.top/ThinkPHP/Library/Think/Controller/RestController.class.php 第 118 行.
NOTIC: [8] Undefined index: HTTP_ACCEPT /www/wwwroot/xbm.mashangbang.top/ThinkPHP/Library/Think/Controller/RestController.class.php 第 118 行.
NOTIC: [8] Undefined index: HTTP_ACCEPT /www/wwwroot/xbm.mashangbang.top/ThinkPHP/Library/Think/Controller/RestController.class.php 第 118 行.
NOTIC: [8] Undefined index: HTTP_ACCEPT /www/wwwroot/xbm.mashangbang.top/ThinkPHP/Library/Think/Controller/RestController.class.php 第 118 行.
NOTIC: [8] Undefined index: HTTP_ACCEPT /www/wwwroot/xbm.mashangbang.top/ThinkPHP/Library/Think/Controller/RestController.class.php 第 118 行.
NOTIC: [8] Undefined index: HTTP_ACCEPT /www/wwwroot/xbm.mashangbang.top/ThinkPHP/Library/Think/Controller/RestController.class.php 第 118 行.
NOTIC: [8] Undefined index: HTTP_ACCEPT /www/wwwroot/xbm.mashangbang.top/ThinkPHP/Library/Think/Controller/RestController.class.php 第 118 行.
NOTIC: [8] Undefined index: HTTP_ACCEPT /www/wwwroot/xbm.mashangbang.top/ThinkPHP/Library/Think/Controller/RestController.class.php 第 118 行.
NOTIC: [8] Undefined index: HTTP_ACCEPT /www/wwwroot/xbm.mashangbang.top/ThinkPHP/Library/Think/Controller/RestController.class.php 第 118 行.
NOTIC: [8] Undefined index: HTTP_ACCEPT /www/wwwroot/xbm.mashangbang.top/ThinkPHP/Library/Think/Controller/RestController.class.php 第 118 行.
NOTIC: [8] Undefined index: HTTP_ACCEPT /www/wwwroot/xbm.mashangbang.top/ThinkPHP/Library/Think/Controller/RestController.class.php 第 118 行.
NOTIC: [8] Undefined index: HTTP_ACCEPT /www/wwwroot/xbm.mashangbang.top/ThinkPHP/Library/Think/Controller/RestController.class.php 第 118 行.
NOTIC: [8] Undefined index: HTTP_ACCEPT /www/wwwroot/xbm.mashangbang.top/ThinkPHP/Library/Think/Controller/RestController.class.php 第 118 行.
NOTIC: [8] Undefined index: HTTP_ACCEPT /www/wwwroot/xbm.mashangbang.top/ThinkPHP/Library/Think/Controller/RestController.class.php 第 118 行.
NOTIC: [8] Undefined index: HTTP_ACCEPT /www/wwwroot/xbm.mashangbang.top/ThinkPHP/Library/Think/Controller/RestController.class.php 第 118 行.
NOTIC: [8] Undefined index: HTTP_ACCEPT /www/wwwroot/xbm.mashangbang.top/ThinkPHP/Library/Think/Controller/RestController.class.php 第 118 行.

[ 2019-09-06T22:04:24+08:00 ] 180.140.157.73 /api.php/Home/News/getnewslist?client=android&package=com.xbm.app&ver=1.0.0&cid=2&page=0&rows=4
INFO: [ app_init ] --START--
INFO: Run Behavior\BuildLiteBehavior [ RunTime:0.000013s ]
INFO: [ app_init ] --END-- [ RunTime:0.000349s ]
INFO: [ app_begin ] --START--
INFO: Run Behavior\ReadHtmlCacheBehavior [ RunTime:0.000444s ]
INFO: [ app_begin ] --END-- [ RunTime:0.000491s ]
NOTIC: [8] Undefined index: HTTP_ACCEPT /www/wwwroot/xbm.mashangbang.top/ThinkPHP/Library/Think/Controller/RestController.class.php 第 118 行.
NOTIC: [8] Undefined index: HTTP_ACCEPT /www/wwwroot/xbm.mashangbang.top/ThinkPHP/Library/Think/Controller/RestController.class.php 第 118 行.
NOTIC: [8] Undefined index: HTTP_ACCEPT /www/wwwroot/xbm.mashangbang.top/ThinkPHP/Library/Think/Controller/RestController.class.php 第 118 行.
NOTIC: [8] Undefined index: HTTP_ACCEPT /www/wwwroot/xbm.mashangbang.top/ThinkPHP/Library/Think/Controller/RestController.class.php 第 118 行.
NOTIC: [8] Undefined index: HTTP_ACCEPT /www/wwwroot/xbm.mashangbang.top/ThinkPHP/Library/Think/Controller/RestController.class.php 第 118 行.
NOTIC: [8] Undefined index: HTTP_ACCEPT /www/wwwroot/xbm.mashangbang.top/ThinkPHP/Library/Think/Controller/RestController.class.php 第 118 行.
NOTIC: [8] Undefined index: HTTP_ACCEPT /www/wwwroot/xbm.mashangbang.top/ThinkPHP/Library/Think/Controller/RestController.class.php 第 118 行.
NOTIC: [8] Undefined index: HTTP_ACCEPT /www/wwwroot/xbm.mashangbang.top/ThinkPHP/Library/Think/Controller/RestController.class.php 第 118 行.
NOTIC: [8] Undefined index: HTTP_ACCEPT /www/wwwroot/xbm.mashangbang.top/ThinkPHP/Library/Think/Controller/RestController.class.php 第 118 行.
NOTIC: [8] Undefined index: HTTP_ACCEPT /www/wwwroot/xbm.mashangbang.top/ThinkPHP/Library/Think/Controller/RestController.class.php 第 118 行.
NOTIC: [8] Undefined index: HTTP_ACCEPT /www/wwwroot/xbm.mashangbang.top/ThinkPHP/Library/Think/Controller/RestController.class.php 第 118 行.
NOTIC: [8] Undefined index: HTTP_ACCEPT /www/wwwroot/xbm.mashangbang.top/ThinkPHP/Library/Think/Controller/RestController.class.php 第 118 行.
NOTIC: [8] Undefined index: HTTP_ACCEPT /www/wwwroot/xbm.mashangbang.top/ThinkPHP/Library/Think/Controller/RestController.class.php 第 118 行.
NOTIC: [8] Undefined index: HTTP_ACCEPT /www/wwwroot/xbm.mashangbang.top/ThinkPHP/Library/Think/Controller/RestController.class.php 第 118 行.
NOTIC: [8] Undefined index: HTTP_ACCEPT /www/wwwroot/xbm.mashangbang.top/ThinkPHP/Library/Think/Controller/RestController.class.php 第 118 行.
NOTIC: [8] Undefined index: HTTP_ACCEPT /www/wwwroot/xbm.mashangbang.top/ThinkPHP/Library/Think/Controller/RestController.class.php 第 118 行.
NOTIC: [8] Undefined index: HTTP_ACCEPT /www/wwwroot/xbm.mashangbang.top/ThinkPHP/Library/Think/Controller/RestController.class.php 第 118 行.
NOTIC: [8] Undefined index: HTTP_ACCEPT /www/wwwroot/xbm.mashangbang.top/ThinkPHP/Library/Think/Controller/RestController.class.php 第 118 行.
NOTIC: [8] Undefined index: HTTP_ACCEPT /www/wwwroot/xbm.mashangbang.top/ThinkPHP/Library/Think/Controller/RestController.class.php 第 118 行.
NOTIC: [8] Undefined index: HTTP_ACCEPT /www/wwwroot/xbm.mashangbang.top/ThinkPHP/Library/Think/Controller/RestController.class.php 第 118 行.
NOTIC: [8] Undefined index: HTTP_ACCEPT /www/wwwroot/xbm.mashangbang.top/ThinkPHP/Library/Think/Controller/RestController.class.php 第 118 行.
NOTIC: [8] Undefined index: HTTP_ACCEPT /www/wwwroot/xbm.mashangbang.top/ThinkPHP/Library/Think/Controller/RestController.class.php 第 118 行.
NOTIC: [8] Undefined index: HTTP_ACCEPT /www/wwwroot/xbm.mashangbang.top/ThinkPHP/Library/Think/Controller/RestController.class.php 第 118 行.
NOTIC: [8] Undefined index: HTTP_ACCEPT /www/wwwroot/xbm.mashangbang.top/ThinkPHP/Library/Think/Controller/RestController.class.php 第 118 行.
NOTIC: [8] Undefined index: HTTP_ACCEPT /www/wwwroot/xbm.mashangbang.top/ThinkPHP/Library/Think/Controller/RestController.class.php 第 118 行.
NOTIC: [8] Undefined index: HTTP_ACCEPT /www/wwwroot/xbm.mashangbang.top/ThinkPHP/Library/Think/Controller/RestController.class.php 第 118 行.
SQL: SHOW COLUMNS FROM `xb_sys_contentmanagement` [ RunTime:0.0006s ]
SQL: SELECT `ID`,`Title`,`AddTime` FROM `xb_sys_contentmanagement` WHERE `CategoriesID` = 2 AND `IsPublish` = 1 ORDER BY Sort asc,ID desc LIMIT 0,4   [ RunTime:0.0001s ]

[ 2019-09-06T22:04:24+08:00 ] 180.140.157.73 /api.php/home/home/getitems?client=android&package=com.xbm.app&ver=1.0.0&isrec=0&rows=20
INFO: [ app_init ] --START--
INFO: Run Behavior\BuildLiteBehavior [ RunTime:0.000013s ]
INFO: [ app_init ] --END-- [ RunTime:0.000320s ]
INFO: [ app_begin ] --START--
INFO: Run Behavior\ReadHtmlCacheBehavior [ RunTime:0.000453s ]
INFO: [ app_begin ] --END-- [ RunTime:0.000499s ]
NOTIC: [8] Undefined index: HTTP_ACCEPT /www/wwwroot/xbm.mashangbang.top/ThinkPHP/Library/Think/Controller/RestController.class.php 第 118 行.
NOTIC: [8] Undefined index: HTTP_ACCEPT /www/wwwroot/xbm.mashangbang.top/ThinkPHP/Library/Think/Controller/RestController.class.php 第 118 行.
NOTIC: [8] Undefined index: HTTP_ACCEPT /www/wwwroot/xbm.mashangbang.top/ThinkPHP/Library/Think/Controller/RestController.class.php 第 118 行.
NOTIC: [8] Undefined index: HTTP_ACCEPT /www/wwwroot/xbm.mashangbang.top/ThinkPHP/Library/Think/Controller/RestController.class.php 第 118 行.
NOTIC: [8] Undefined index: HTTP_ACCEPT /www/wwwroot/xbm.mashangbang.top/ThinkPHP/Library/Think/Controller/RestController.class.php 第 118 行.
NOTIC: [8] Undefined index: HTTP_ACCEPT /www/wwwroot/xbm.mashangbang.top/ThinkPHP/Library/Think/Controller/RestController.class.php 第 118 行.
NOTIC: [8] Undefined index: HTTP_ACCEPT /www/wwwroot/xbm.mashangbang.top/ThinkPHP/Library/Think/Controller/RestController.class.php 第 118 行.
NOTIC: [8] Undefined index: HTTP_ACCEPT /www/wwwroot/xbm.mashangbang.top/ThinkPHP/Library/Think/Controller/RestController.class.php 第 118 行.
NOTIC: [8] Undefined index: HTTP_ACCEPT /www/wwwroot/xbm.mashangbang.top/ThinkPHP/Library/Think/Controller/RestController.class.php 第 118 行.
NOTIC: [8] Undefined index: HTTP_ACCEPT /www/wwwroot/xbm.mashangbang.top/ThinkPHP/Library/Think/Controller/RestController.class.php 第 118 行.
NOTIC: [8] Undefined index: HTTP_ACCEPT /www/wwwroot/xbm.mashangbang.top/ThinkPHP/Library/Think/Controller/RestController.class.php 第 118 行.
NOTIC: [8] Undefined index: HTTP_ACCEPT /www/wwwroot/xbm.mashangbang.top/ThinkPHP/Library/Think/Controller/RestController.class.php 第 118 行.
NOTIC: [8] Undefined index: HTTP_ACCEPT /www/wwwroot/xbm.mashangbang.top/ThinkPHP/Library/Think/Controller/RestController.class.php 第 118 行.
NOTIC: [8] Undefined index: HTTP_ACCEPT /www/wwwroot/xbm.mashangbang.top/ThinkPHP/Library/Think/Controller/RestController.class.php 第 118 行.
NOTIC: [8] Undefined index: HTTP_ACCEPT /www/wwwroot/xbm.mashangbang.top/ThinkPHP/Library/Think/Controller/RestController.class.php 第 118 行.
NOTIC: [8] Undefined index: HTTP_ACCEPT /www/wwwroot/xbm.mashangbang.top/ThinkPHP/Library/Think/Controller/RestController.class.php 第 118 行.
NOTIC: [8] Undefined index: HTTP_ACCEPT /www/wwwroot/xbm.mashangbang.top/ThinkPHP/Library/Think/Controller/RestController.class.php 第 118 行.
NOTIC: [8] Undefined index: HTTP_ACCEPT /www/wwwroot/xbm.mashangbang.top/ThinkPHP/Library/Think/Controller/RestController.class.php 第 118 行.
NOTIC: [8] Undefined index: HTTP_ACCEPT /www/wwwroot/xbm.mashangbang.top/ThinkPHP/Library/Think/Controller/RestController.class.php 第 118 行.
NOTIC: [8] Undefined index: HTTP_ACCEPT /www/wwwroot/xbm.mashangbang.top/ThinkPHP/Library/Think/Controller/RestController.class.php 第 118 行.
NOTIC: [8] Undefined index: HTTP_ACCEPT /www/wwwroot/xbm.mashangbang.top/ThinkPHP/Library/Think/Controller/RestController.class.php 第 118 行.
NOTIC: [8] Undefined index: HTTP_ACCEPT /www/wwwroot/xbm.mashangbang.top/ThinkPHP/Library/Think/Controller/RestController.class.php 第 118 行.
NOTIC: [8] Undefined index: HTTP_ACCEPT /www/wwwroot/xbm.mashangbang.top/ThinkPHP/Library/Think/Controller/RestController.class.php 第 118 行.
NOTIC: [8] Undefined index: HTTP_ACCEPT /www/wwwroot/xbm.mashangbang.top/ThinkPHP/Library/Think/Controller/RestController.class.php 第 118 行.
NOTIC: [8] Undefined index: HTTP_ACCEPT /www/wwwroot/xbm.mashangbang.top/ThinkPHP/Library/Think/Controller/RestController.class.php 第 118 行.
NOTIC: [8] Undefined index: HTTP_ACCEPT /www/wwwroot/xbm.mashangbang.top/ThinkPHP/Library/Think/Controller/RestController.class.php 第 118 行.
SQL: SHOW COLUMNS FROM `xb_items` [ RunTime:0.0012s ]
NOTIC: [8] Use of undefined constant HTTP_X_FORWARDED_FOR - assumed 'HTTP_X_FORWARDED_FOR' /www/wwwroot/xbm.mashangbang.top/Application/Common/Common/function.php 第 1396 行.
NOTIC: [8] Use of undefined constant HTTP_CLIENT_IP - assumed 'HTTP_CLIENT_IP' /www/wwwroot/xbm.mashangbang.top/Application/Common/Common/function.php 第 1398 行.
NOTIC: [8] Use of undefined constant REMOTE_ADDR - assumed 'REMOTE_ADDR' /www/wwwroot/xbm.mashangbang.top/Application/Common/Common/function.php 第 1401 行.
SQL: SHOW COLUMNS FROM `xb_sys_ipaddress` [ RunTime:0.0005s ]
SQL: SELECT * FROM `xb_sys_ipaddress` WHERE `IpAddress` = '180.140.157.73' LIMIT 1   [ RunTime:0.0002s ]
NOTIC: [8] Undefined index: data /www/wwwroot/xbm.mashangbang.top/Application/Common/Common/function.php 第 1423 行.
NOTIC: [8] Undefined index: data /www/wwwroot/xbm.mashangbang.top/Application/Common/Common/function.php 第 1424 行.
NOTIC: [8] Undefined variable: areid /www/wwwroot/xbm.mashangbang.top/Application/Api/Controller/Home/HomeController.class.php 第 265 行.
SQL: SELECT a.ID,a.Name,a.Logurl,a.AppNumbs,a.Intro,c.Name as Jkdays,a.DayfeeRate,b.Name as TypeName,a.linkType,a.Openurl FROM xb_items a left join xb_items_moneytype b on b.ID=a.MoneytypeID left join xb_items_jktimes c on a.JktimesID=c.ID  WHERE a.IsHot = 1 AND a.Itype = 1 AND a.IsDel = 0 AND a.Status = '1' AND a.Showtype IN ('1','3') AND a.Isshow = '1' ORDER BY a.Sort asc,a.ID desc LIMIT 20   [ RunTime:0.0001s ]

[ 2019-09-06T22:04:24+08:00 ] 180.140.157.73 /api.php/home/home/getcate?client=android&package=com.xbm.app&ver=1.0.0&aid=8
INFO: [ app_init ] --START--
INFO: Run Behavior\BuildLiteBehavior [ RunTime:0.000012s ]
INFO: [ app_init ] --END-- [ RunTime:0.000288s ]
INFO: [ app_begin ] --START--
INFO: Run Behavior\ReadHtmlCacheBehavior [ RunTime:0.000433s ]
INFO: [ app_begin ] --END-- [ RunTime:0.000476s ]
NOTIC: [8] Undefined index: HTTP_ACCEPT /www/wwwroot/xbm.mashangbang.top/ThinkPHP/Library/Think/Controller/RestController.class.php 第 118 行.
NOTIC: [8] Undefined index: HTTP_ACCEPT /www/wwwroot/xbm.mashangbang.top/ThinkPHP/Library/Think/Controller/RestController.class.php 第 118 行.
NOTIC: [8] Undefined index: HTTP_ACCEPT /www/wwwroot/xbm.mashangbang.top/ThinkPHP/Library/Think/Controller/RestController.class.php 第 118 行.
NOTIC: [8] Undefined index: HTTP_ACCEPT /www/wwwroot/xbm.mashangbang.top/ThinkPHP/Library/Think/Controller/RestController.class.php 第 118 行.
NOTIC: [8] Undefined index: HTTP_ACCEPT /www/wwwroot/xbm.mashangbang.top/ThinkPHP/Library/Think/Controller/RestController.class.php 第 118 行.
NOTIC: [8] Undefined index: HTTP_ACCEPT /www/wwwroot/xbm.mashangbang.top/ThinkPHP/Library/Think/Controller/RestController.class.php 第 118 行.
NOTIC: [8] Undefined index: HTTP_ACCEPT /www/wwwroot/xbm.mashangbang.top/ThinkPHP/Library/Think/Controller/RestController.class.php 第 118 行.
NOTIC: [8] Undefined index: HTTP_ACCEPT /www/wwwroot/xbm.mashangbang.top/ThinkPHP/Library/Think/Controller/RestController.class.php 第 118 行.
NOTIC: [8] Undefined index: HTTP_ACCEPT /www/wwwroot/xbm.mashangbang.top/ThinkPHP/Library/Think/Controller/RestController.class.php 第 118 行.
NOTIC: [8] Undefined index: HTTP_ACCEPT /www/wwwroot/xbm.mashangbang.top/ThinkPHP/Library/Think/Controller/RestController.class.php 第 118 行.
NOTIC: [8] Undefined index: HTTP_ACCEPT /www/wwwroot/xbm.mashangbang.top/ThinkPHP/Library/Think/Controller/RestController.class.php 第 118 行.
NOTIC: [8] Undefined index: HTTP_ACCEPT /www/wwwroot/xbm.mashangbang.top/ThinkPHP/Library/Think/Controller/RestController.class.php 第 118 行.
NOTIC: [8] Undefined index: HTTP_ACCEPT /www/wwwroot/xbm.mashangbang.top/ThinkPHP/Library/Think/Controller/RestController.class.php 第 118 行.
NOTIC: [8] Undefined index: HTTP_ACCEPT /www/wwwroot/xbm.mashangbang.top/ThinkPHP/Library/Think/Controller/RestController.class.php 第 118 行.
NOTIC: [8] Undefined index: HTTP_ACCEPT /www/wwwroot/xbm.mashangbang.top/ThinkPHP/Library/Think/Controller/RestController.class.php 第 118 行.
NOTIC: [8] Undefined index: HTTP_ACCEPT /www/wwwroot/xbm.mashangbang.top/ThinkPHP/Library/Think/Controller/RestController.class.php 第 118 行.
NOTIC: [8] Undefined index: HTTP_ACCEPT /www/wwwroot/xbm.mashangbang.top/ThinkPHP/Library/Think/Controller/RestController.class.php 第 118 行.
NOTIC: [8] Undefined index: HTTP_ACCEPT /www/wwwroot/xbm.mashangbang.top/ThinkPHP/Library/Think/Controller/RestController.class.php 第 118 行.
NOTIC: [8] Undefined index: HTTP_ACCEPT /www/wwwroot/xbm.mashangbang.top/ThinkPHP/Library/Think/Controller/RestController.class.php 第 118 行.
NOTIC: [8] Undefined index: HTTP_ACCEPT /www/wwwroot/xbm.mashangbang.top/ThinkPHP/Library/Think/Controller/RestController.class.php 第 118 行.
NOTIC: [8] Undefined index: HTTP_ACCEPT /www/wwwroot/xbm.mashangbang.top/ThinkPHP/Library/Think/Controller/RestController.class.php 第 118 行.
NOTIC: [8] Undefined index: HTTP_ACCEPT /www/wwwroot/xbm.mashangbang.top/ThinkPHP/Library/Think/Controller/RestController.class.php 第 118 行.
NOTIC: [8] Undefined index: HTTP_ACCEPT /www/wwwroot/xbm.mashangbang.top/ThinkPHP/Library/Think/Controller/RestController.class.php 第 118 行.
NOTIC: [8] Undefined index: HTTP_ACCEPT /www/wwwroot/xbm.mashangbang.top/ThinkPHP/Library/Think/Controller/RestController.class.php 第 118 行.
NOTIC: [8] Undefined index: HTTP_ACCEPT /www/wwwroot/xbm.mashangbang.top/ThinkPHP/Library/Think/Controller/RestController.class.php 第 118 行.
NOTIC: [8] Undefined index: HTTP_ACCEPT /www/wwwroot/xbm.mashangbang.top/ThinkPHP/Library/Think/Controller/RestController.class.php 第 118 行.
NOTIC: [8] Undefined index: rows /www/wwwroot/xbm.mashangbang.top/Application/Api/Controller/Home/HomeController.class.php 第 154 行.
SQL: SHOW COLUMNS FROM `xb_items_category` [ RunTime:0.0005s ]
SQL: SELECT `ID`,`Name`,`Imageurl` FROM `xb_items_category` WHERE `ParentID` = 0 AND `IsRec` = 1 AND `Status` = 1 AND `IsDel` = 0 ORDER BY Sort asc,ID desc LIMIT 8   [ RunTime:0.0001s ]
NOTIC: [8] Use of undefined constant HTTP_X_FORWARDED_FOR - assumed 'HTTP_X_FORWARDED_FOR' /www/wwwroot/xbm.mashangbang.top/Application/Common/Common/function.php 第 1396 行.
NOTIC: [8] Use of undefined constant HTTP_CLIENT_IP - assumed 'HTTP_CLIENT_IP' /www/wwwroot/xbm.mashangbang.top/Application/Common/Common/function.php 第 1398 行.
NOTIC: [8] Use of undefined constant REMOTE_ADDR - assumed 'REMOTE_ADDR' /www/wwwroot/xbm.mashangbang.top/Application/Common/Common/function.php 第 1401 行.
SQL: SHOW COLUMNS FROM `xb_sys_ipaddress` [ RunTime:0.0005s ]
SQL: SELECT * FROM `xb_sys_ipaddress` WHERE `IpAddress` = '180.140.157.73' LIMIT 1   [ RunTime:0.0001s ]
NOTIC: [8] Undefined index: data /www/wwwroot/xbm.mashangbang.top/Application/Common/Common/function.php 第 1423 行.
NOTIC: [8] Undefined index: data /www/wwwroot/xbm.mashangbang.top/Application/Common/Common/function.php 第 1424 行.

[ 2019-09-06T22:04:24+08:00 ] 180.140.157.73 /api.php/home/home/getitems?client=android&package=com.xbm.app&ver=1.0.0&isrec=1&rows=4
INFO: [ app_init ] --START--
INFO: Run Behavior\BuildLiteBehavior [ RunTime:0.000012s ]
INFO: [ app_init ] --END-- [ RunTime:0.000301s ]
INFO: [ app_begin ] --START--
INFO: Run Behavior\ReadHtmlCacheBehavior [ RunTime:0.000443s ]
INFO: [ app_begin ] --END-- [ RunTime:0.000516s ]
NOTIC: [8] Undefined index: HTTP_ACCEPT /www/wwwroot/xbm.mashangbang.top/ThinkPHP/Library/Think/Controller/RestController.class.php 第 118 行.
NOTIC: [8] Undefined index: HTTP_ACCEPT /www/wwwroot/xbm.mashangbang.top/ThinkPHP/Library/Think/Controller/RestController.class.php 第 118 行.
NOTIC: [8] Undefined index: HTTP_ACCEPT /www/wwwroot/xbm.mashangbang.top/ThinkPHP/Library/Think/Controller/RestController.class.php 第 118 行.
NOTIC: [8] Undefined index: HTTP_ACCEPT /www/wwwroot/xbm.mashangbang.top/ThinkPHP/Library/Think/Controller/RestController.class.php 第 118 行.
NOTIC: [8] Undefined index: HTTP_ACCEPT /www/wwwroot/xbm.mashangbang.top/ThinkPHP/Library/Think/Controller/RestController.class.php 第 118 行.
NOTIC: [8] Undefined index: HTTP_ACCEPT /www/wwwroot/xbm.mashangbang.top/ThinkPHP/Library/Think/Controller/RestController.class.php 第 118 行.
NOTIC: [8] Undefined index: HTTP_ACCEPT /www/wwwroot/xbm.mashangbang.top/ThinkPHP/Library/Think/Controller/RestController.class.php 第 118 行.
NOTIC: [8] Undefined index: HTTP_ACCEPT /www/wwwroot/xbm.mashangbang.top/ThinkPHP/Library/Think/Controller/RestController.class.php 第 118 行.
NOTIC: [8] Undefined index: HTTP_ACCEPT /www/wwwroot/xbm.mashangbang.top/ThinkPHP/Library/Think/Controller/RestController.class.php 第 118 行.
NOTIC: [8] Undefined index: HTTP_ACCEPT /www/wwwroot/xbm.mashangbang.top/ThinkPHP/Library/Think/Controller/RestController.class.php 第 118 行.
NOTIC: [8] Undefined index: HTTP_ACCEPT /www/wwwroot/xbm.mashangbang.top/ThinkPHP/Library/Think/Controller/RestController.class.php 第 118 行.
NOTIC: [8] Undefined index: HTTP_ACCEPT /www/wwwroot/xbm.mashangbang.top/ThinkPHP/Library/Think/Controller/RestController.class.php 第 118 行.
NOTIC: [8] Undefined index: HTTP_ACCEPT /www/wwwroot/xbm.mashangbang.top/ThinkPHP/Library/Think/Controller/RestController.class.php 第 118 行.
NOTIC: [8] Undefined index: HTTP_ACCEPT /www/wwwroot/xbm.mashangbang.top/ThinkPHP/Library/Think/Controller/RestController.class.php 第 118 行.
NOTIC: [8] Undefined index: HTTP_ACCEPT /www/wwwroot/xbm.mashangbang.top/ThinkPHP/Library/Think/Controller/RestController.class.php 第 118 行.
NOTIC: [8] Undefined index: HTTP_ACCEPT /www/wwwroot/xbm.mashangbang.top/ThinkPHP/Library/Think/Controller/RestController.class.php 第 118 行.
NOTIC: [8] Undefined index: HTTP_ACCEPT /www/wwwroot/xbm.mashangbang.top/ThinkPHP/Library/Think/Controller/RestController.class.php 第 118 行.
NOTIC: [8] Undefined index: HTTP_ACCEPT /www/wwwroot/xbm.mashangbang.top/ThinkPHP/Library/Think/Controller/RestController.class.php 第 118 行.
NOTIC: [8] Undefined index: HTTP_ACCEPT /www/wwwroot/xbm.mashangbang.top/ThinkPHP/Library/Think/Controller/RestController.class.php 第 118 行.
NOTIC: [8] Undefined index: HTTP_ACCEPT /www/wwwroot/xbm.mashangbang.top/ThinkPHP/Library/Think/Controller/RestController.class.php 第 118 行.
NOTIC: [8] Undefined index: HTTP_ACCEPT /www/wwwroot/xbm.mashangbang.top/ThinkPHP/Library/Think/Controller/RestController.class.php 第 118 行.
NOTIC: [8] Undefined index: HTTP_ACCEPT /www/wwwroot/xbm.mashangbang.top/ThinkPHP/Library/Think/Controller/RestController.class.php 第 118 行.
NOTIC: [8] Undefined index: HTTP_ACCEPT /www/wwwroot/xbm.mashangbang.top/ThinkPHP/Library/Think/Controller/RestController.class.php 第 118 行.
NOTIC: [8] Undefined index: HTTP_ACCEPT /www/wwwroot/xbm.mashangbang.top/ThinkPHP/Library/Think/Controller/RestController.class.php 第 118 行.
NOTIC: [8] Undefined index: HTTP_ACCEPT /www/wwwroot/xbm.mashangbang.top/ThinkPHP/Library/Think/Controller/RestController.class.php 第 118 行.
NOTIC: [8] Undefined index: HTTP_ACCEPT /www/wwwroot/xbm.mashangbang.top/ThinkPHP/Library/Think/Controller/RestController.class.php 第 118 行.
SQL: SHOW COLUMNS FROM `xb_items` [ RunTime:0.0011s ]
NOTIC: [8] Use of undefined constant HTTP_X_FORWARDED_FOR - assumed 'HTTP_X_FORWARDED_FOR' /www/wwwroot/xbm.mashangbang.top/Application/Common/Common/function.php 第 1396 行.
NOTIC: [8] Use of undefined constant HTTP_CLIENT_IP - assumed 'HTTP_CLIENT_IP' /www/wwwroot/xbm.mashangbang.top/Application/Common/Common/function.php 第 1398 行.
NOTIC: [8] Use of undefined constant REMOTE_ADDR - assumed 'REMOTE_ADDR' /www/wwwroot/xbm.mashangbang.top/Application/Common/Common/function.php 第 1401 行.
SQL: SHOW COLUMNS FROM `xb_sys_ipaddress` [ RunTime:0.0005s ]
SQL: SELECT * FROM `xb_sys_ipaddress` WHERE `IpAddress` = '180.140.157.73' LIMIT 1   [ RunTime:0.0002s ]
NOTIC: [8] Undefined index: data /www/wwwroot/xbm.mashangbang.top/Application/Common/Common/function.php 第 1423 行.
NOTIC: [8] Undefined index: data /www/wwwroot/xbm.mashangbang.top/Application/Common/Common/function.php 第 1424 行.
NOTIC: [8] Undefined variable: areid /www/wwwroot/xbm.mashangbang.top/Application/Api/Controller/Home/HomeController.class.php 第 248 行.
SQL: SELECT `ID`,`Name`,`Logurl`,`AppNumbs`,`linkType`,`Openurl` FROM `xb_items` WHERE `IsRec` = 1 AND `Itype` = 1 AND `IsDel` = 0 AND `Status` = '1' AND `Showtype` IN ('1','3') AND `Isshow` = '1' ORDER BY Sort asc,ID desc LIMIT 4   [ RunTime:0.0001s ]

[ 2019-09-06T22:04:24+08:00 ] 180.140.157.73 /api.php/center/member/modifyAdd
INFO: [ app_init ] --START--
INFO: Run Behavior\BuildLiteBehavior [ RunTime:0.000009s ]
INFO: [ app_init ] --END-- [ RunTime:0.000262s ]
INFO: [ app_begin ] --START--
INFO: Run Behavior\ReadHtmlCacheBehavior [ RunTime:0.000321s ]
INFO: [ app_begin ] --END-- [ RunTime:0.000353s ]
NOTIC: [8] Undefined index: HTTP_ACCEPT /www/wwwroot/xbm.mashangbang.top/ThinkPHP/Library/Think/Controller/RestController.class.php 第 118 行.
NOTIC: [8] Undefined index: HTTP_ACCEPT /www/wwwroot/xbm.mashangbang.top/ThinkPHP/Library/Think/Controller/RestController.class.php 第 118 行.
NOTIC: [8] Undefined index: HTTP_ACCEPT /www/wwwroot/xbm.mashangbang.top/ThinkPHP/Library/Think/Controller/RestController.class.php 第 118 行.
NOTIC: [8] Undefined index: HTTP_ACCEPT /www/wwwroot/xbm.mashangbang.top/ThinkPHP/Library/Think/Controller/RestController.class.php 第 118 行.
NOTIC: [8] Undefined index: HTTP_ACCEPT /www/wwwroot/xbm.mashangbang.top/ThinkPHP/Library/Think/Controller/RestController.class.php 第 118 行.
NOTIC: [8] Undefined index: HTTP_ACCEPT /www/wwwroot/xbm.mashangbang.top/ThinkPHP/Library/Think/Controller/RestController.class.php 第 118 行.
NOTIC: [8] Undefined index: HTTP_ACCEPT /www/wwwroot/xbm.mashangbang.top/ThinkPHP/Library/Think/Controller/RestController.class.php 第 118 行.
NOTIC: [8] Undefined index: HTTP_ACCEPT /www/wwwroot/xbm.mashangbang.top/ThinkPHP/Library/Think/Controller/RestController.class.php 第 118 行.
NOTIC: [8] Undefined index: HTTP_ACCEPT /www/wwwroot/xbm.mashangbang.top/ThinkPHP/Library/Think/Controller/RestController.class.php 第 118 行.
NOTIC: [8] Undefined index: HTTP_ACCEPT /www/wwwroot/xbm.mashangbang.top/ThinkPHP/Library/Think/Controller/RestController.class.php 第 118 行.
NOTIC: [8] Undefined index: HTTP_ACCEPT /www/wwwroot/xbm.mashangbang.top/ThinkPHP/Library/Think/Controller/RestController.class.php 第 118 行.
NOTIC: [8] Undefined index: HTTP_ACCEPT /www/wwwroot/xbm.mashangbang.top/ThinkPHP/Library/Think/Controller/RestController.class.php 第 118 行.
NOTIC: [8] Undefined index: HTTP_ACCEPT /www/wwwroot/xbm.mashangbang.top/ThinkPHP/Library/Think/Controller/RestController.class.php 第 118 行.
NOTIC: [8] Undefined index: HTTP_ACCEPT /www/wwwroot/xbm.mashangbang.top/ThinkPHP/Library/Think/Controller/RestController.class.php 第 118 行.
NOTIC: [8] Undefined index: HTTP_ACCEPT /www/wwwroot/xbm.mashangbang.top/ThinkPHP/Library/Think/Controller/RestController.class.php 第 118 行.
NOTIC: [8] Undefined index: HTTP_ACCEPT /www/wwwroot/xbm.mashangbang.top/ThinkPHP/Library/Think/Controller/RestController.class.php 第 118 行.
NOTIC: [8] Undefined index: HTTP_ACCEPT /www/wwwroot/xbm.mashangbang.top/ThinkPHP/Library/Think/Controller/RestController.class.php 第 118 行.
NOTIC: [8] Undefined index: HTTP_ACCEPT /www/wwwroot/xbm.mashangbang.top/ThinkPHP/Library/Think/Controller/RestController.class.php 第 118 行.
NOTIC: [8] Undefined index: HTTP_ACCEPT /www/wwwroot/xbm.mashangbang.top/ThinkPHP/Library/Think/Controller/RestController.class.php 第 118 行.
NOTIC: [8] Undefined index: HTTP_ACCEPT /www/wwwroot/xbm.mashangbang.top/ThinkPHP/Library/Think/Controller/RestController.class.php 第 118 行.
NOTIC: [8] Undefined index: HTTP_ACCEPT /www/wwwroot/xbm.mashangbang.top/ThinkPHP/Library/Think/Controller/RestController.class.php 第 118 行.
NOTIC: [8] Undefined index: HTTP_ACCEPT /www/wwwroot/xbm.mashangbang.top/ThinkPHP/Library/Think/Controller/RestController.class.php 第 118 行.
NOTIC: [8] Undefined index: HTTP_ACCEPT /www/wwwroot/xbm.mashangbang.top/ThinkPHP/Library/Think/Controller/RestController.class.php 第 118 行.
NOTIC: [8] Undefined index: HTTP_ACCEPT /www/wwwroot/xbm.mashangbang.top/ThinkPHP/Library/Think/Controller/RestController.class.php 第 118 行.
NOTIC: [8] Undefined index: HTTP_ACCEPT /www/wwwroot/xbm.mashangbang.top/ThinkPHP/Library/Think/Controller/RestController.class.php 第 118 行.
NOTIC: [8] Undefined index: HTTP_ACCEPT /www/wwwroot/xbm.mashangbang.top/ThinkPHP/Library/Think/Controller/RestController.class.php 第 118 行.

