[ 2019-07-05T00:16:00+08:00 ] 39.107.121.196 /api.php/core/public/checkimgcode?client=android&ver=1.0.0&package=com.xbm.app
INFO: [ app_init ] --START--
INFO: Run Behavior\BuildLiteBehavior [ RunTime:0.000009s ]
INFO: [ app_init ] --END-- [ RunTime:0.000223s ]
INFO: [ app_begin ] --START--
INFO: Run Behavior\ReadHtmlCacheBehavior [ RunTime:0.000331s ]
INFO: [ app_begin ] --END-- [ RunTime:0.000364s ]
NOTIC: [8] Undefined index: HTTP_ACCEPT /www/wwwroot/xbm.mashangbang.top/ThinkPHP/Library/Think/Controller/RestController.class.php 第 118 行.
NOTIC: [8] Undefined index: HTTP_ACCEPT /www/wwwroot/xbm.mashangbang.top/ThinkPHP/Library/Think/Controller/RestController.class.php 第 118 行.
NOTIC: [8] Undefined index: HTTP_ACCEPT /www/wwwroot/xbm.mashangbang.top/ThinkPHP/Library/Think/Controller/RestController.class.php 第 118 行.
NOTIC: [8] Undefined index: HTTP_ACCEPT /www/wwwroot/xbm.mashangbang.top/ThinkPHP/Library/Think/Controller/RestController.class.php 第 118 行.
NOTIC: [8] Undefined index: HTTP_ACCEPT /www/wwwroot/xbm.mashangbang.top/ThinkPHP/Library/Think/Controller/RestController.class.php 第 118 行.
NOTIC: [8] Undefined index: HTTP_ACCEPT /www/wwwroot/xbm.mashangbang.top/ThinkPHP/Library/Think/Controller/RestController.class.php 第 118 行.
NOTIC: [8] Undefined index: HTTP_ACCEPT /www/wwwroot/xbm.mashangbang.top/ThinkPHP/Library/Think/Controller/RestController.class.php 第 118 行.
NOTIC: [8] Undefined index: HTTP_ACCEPT /www/wwwroot/xbm.mashangbang.top/ThinkPHP/Library/Think/Controller/RestController.class.php 第 118 行.
NOTIC: [8] Undefined index: HTTP_ACCEPT /www/wwwroot/xbm.mashangbang.top/ThinkPHP/Library/Think/Controller/RestController.class.php 第 118 行.
NOTIC: [8] Undefined index: HTTP_ACCEPT /www/wwwroot/xbm.mashangbang.top/ThinkPHP/Library/Think/Controller/RestController.class.php 第 118 行.
NOTIC: [8] Undefined index: HTTP_ACCEPT /www/wwwroot/xbm.mashangbang.top/ThinkPHP/Library/Think/Controller/RestController.class.php 第 118 行.
NOTIC: [8] Undefined index: HTTP_ACCEPT /www/wwwroot/xbm.mashangbang.top/ThinkPHP/Library/Think/Controller/RestController.class.php 第 118 行.
NOTIC: [8] Undefined index: HTTP_ACCEPT /www/wwwroot/xbm.mashangbang.top/ThinkPHP/Library/Think/Controller/RestController.class.php 第 118 行.
NOTIC: [8] Undefined index: HTTP_ACCEPT /www/wwwroot/xbm.mashangbang.top/ThinkPHP/Library/Think/Controller/RestController.class.php 第 118 行.
NOTIC: [8] Undefined index: HTTP_ACCEPT /www/wwwroot/xbm.mashangbang.top/ThinkPHP/Library/Think/Controller/RestController.class.php 第 118 行.
NOTIC: [8] Undefined index: HTTP_ACCEPT /www/wwwroot/xbm.mashangbang.top/ThinkPHP/Library/Think/Controller/RestController.class.php 第 118 行.
NOTIC: [8] Undefined index: HTTP_ACCEPT /www/wwwroot/xbm.mashangbang.top/ThinkPHP/Library/Think/Controller/RestController.class.php 第 118 行.
NOTIC: [8] Undefined index: HTTP_ACCEPT /www/wwwroot/xbm.mashangbang.top/ThinkPHP/Library/Think/Controller/RestController.class.php 第 118 行.
NOTIC: [8] Undefined index: HTTP_ACCEPT /www/wwwroot/xbm.mashangbang.top/ThinkPHP/Library/Think/Controller/RestController.class.php 第 118 行.
NOTIC: [8] Undefined index: HTTP_ACCEPT /www/wwwroot/xbm.mashangbang.top/ThinkPHP/Library/Think/Controller/RestController.class.php 第 118 行.
NOTIC: [8] Undefined index: HTTP_ACCEPT /www/wwwroot/xbm.mashangbang.top/ThinkPHP/Library/Think/Controller/RestController.class.php 第 118 行.
NOTIC: [8] Undefined index: HTTP_ACCEPT /www/wwwroot/xbm.mashangbang.top/ThinkPHP/Library/Think/Controller/RestController.class.php 第 118 行.
NOTIC: [8] Undefined index: HTTP_ACCEPT /www/wwwroot/xbm.mashangbang.top/ThinkPHP/Library/Think/Controller/RestController.class.php 第 118 行.
NOTIC: [8] Undefined index: HTTP_ACCEPT /www/wwwroot/xbm.mashangbang.top/ThinkPHP/Library/Think/Controller/RestController.class.php 第 118 行.
NOTIC: [8] Undefined index: HTTP_ACCEPT /www/wwwroot/xbm.mashangbang.top/ThinkPHP/Library/Think/Controller/RestController.class.php 第 118 行.
NOTIC: [8] Undefined index: HTTP_ACCEPT /www/wwwroot/xbm.mashangbang.top/ThinkPHP/Library/Think/Controller/RestController.class.php 第 118 行.

[ 2019-07-05T14:26:05+08:00 ] 114.88.121.161 /api.php/center/member/info
INFO: [ app_init ] --START--
INFO: Run Behavior\BuildLiteBehavior [ RunTime:0.000011s ]
INFO: [ app_init ] --END-- [ RunTime:0.000248s ]
INFO: [ app_begin ] --START--
INFO: Run Behavior\ReadHtmlCacheBehavior [ RunTime:0.000336s ]
INFO: [ app_begin ] --END-- [ RunTime:0.000369s ]
NOTIC: [8] Undefined index: 1.0.6 /www/wwwroot/xbm.mashangbang.top/Application/Api/Common/function.php 第 9 行.
SQL: SHOW COLUMNS FROM `xb_mem_info` [ RunTime:0.0007s ]
SQL: SELECT * FROM `xb_mem_info` WHERE `ID` = 41142 AND `Status` = 1 AND `IsDel` = 0 LIMIT 1   [ RunTime:0.0003s ]
SQL: SHOW COLUMNS FROM `xb_mem_money` [ RunTime:0.0004s ]
SQL: SELECT `Money` FROM `xb_mem_money` WHERE `Uid` = 41142 AND `Type` = 0 AND `IsAduit` = 2  [ RunTime:0.0001s ]
SQL: SHOW COLUMNS FROM `xb_mem_balances` [ RunTime:0.0003s ]
SQL: SELECT `Amount` FROM `xb_mem_balances` WHERE `UserID` = 41142 AND `Type` = 0 AND `SruType` <> '5'  [ RunTime:0.0001s ]

[ 2019-07-05T14:26:06+08:00 ] 114.88.121.161 /api.php/home/home/tanimg?client=ios&package=com.xbm.app&ver=1.0.6
INFO: [ app_init ] --START--
INFO: Run Behavior\BuildLiteBehavior [ RunTime:0.000008s ]
INFO: [ app_init ] --END-- [ RunTime:0.000217s ]
INFO: [ app_begin ] --START--
INFO: Run Behavior\ReadHtmlCacheBehavior [ RunTime:0.000311s ]
INFO: [ app_begin ] --END-- [ RunTime:0.000342s ]
NOTIC: [8] Undefined index: 1.0.6 /www/wwwroot/xbm.mashangbang.top/Application/Api/Common/function.php 第 9 行.
SQL: SHOW COLUMNS FROM `xb_sys_basicinfo` [ RunTime:0.0008s ]
SQL: SELECT * FROM `xb_sys_basicinfo` LIMIT 1   [ RunTime:0.0002s ]

[ 2019-07-05T14:26:06+08:00 ] 114.88.121.161 /api.php/Home/home/version?client=ios&package=com.xbm.app&upload=upload&ver=1.0.6
INFO: [ app_init ] --START--
INFO: Run Behavior\BuildLiteBehavior [ RunTime:0.000009s ]
INFO: [ app_init ] --END-- [ RunTime:0.000214s ]
INFO: [ app_begin ] --START--
INFO: Run Behavior\ReadHtmlCacheBehavior [ RunTime:0.000303s ]
INFO: [ app_begin ] --END-- [ RunTime:0.000335s ]
SQL: SHOW COLUMNS FROM `xb_version` [ RunTime:0.0005s ]
SQL: SELECT `ID`,`Ver`,`isForced`,`Url`,`Updates` FROM `xb_version` WHERE `Client` = 'ios' AND `IsDefault` = 1 LIMIT 1   [ RunTime:0.0001s ]

[ 2019-07-05T14:26:06+08:00 ] 114.88.121.161 /api.php/home/home/ads?aid=1&client=ios&num=10&package=com.xbm.app&ver=1.0.6
INFO: [ app_init ] --START--
INFO: Run Behavior\BuildLiteBehavior [ RunTime:0.000013s ]
INFO: [ app_init ] --END-- [ RunTime:0.000297s ]
INFO: [ app_begin ] --START--
INFO: Run Behavior\ReadHtmlCacheBehavior [ RunTime:0.000443s ]
INFO: [ app_begin ] --END-- [ RunTime:0.000488s ]
NOTIC: [8] Undefined index: 1.0.6 /www/wwwroot/xbm.mashangbang.top/Application/Api/Common/function.php 第 9 行.
SQL: SHOW COLUMNS FROM `xb_sys_adcontent` [ RunTime:0.0006s ]
SQL: SELECT `Name`,`Pic`,`Url`,`UrlType`,`SystemClass`,`SystemClassVal`,`productID` FROM `xb_sys_adcontent` WHERE `AdvertisingID` = 1 AND `Status` = 1 ORDER BY Sort asc,ID desc LIMIT 10   [ RunTime:0.0001s ]

[ 2019-07-05T14:26:06+08:00 ] 114.88.121.161 /api.php/Home/home/getcate?client=ios&package=com.xbm.app&rows=8&ver=1.0.6
INFO: [ app_init ] --START--
INFO: Run Behavior\BuildLiteBehavior [ RunTime:0.000012s ]
INFO: [ app_init ] --END-- [ RunTime:0.000288s ]
INFO: [ app_begin ] --START--
INFO: Run Behavior\ReadHtmlCacheBehavior [ RunTime:0.000433s ]
INFO: [ app_begin ] --END-- [ RunTime:0.000475s ]
NOTIC: [8] Undefined index: 1.0.6 /www/wwwroot/xbm.mashangbang.top/Application/Api/Common/function.php 第 9 行.
SQL: SHOW COLUMNS FROM `xb_items_category` [ RunTime:0.0005s ]
SQL: SELECT `ID`,`Name`,`Imageurl` FROM `xb_items_category` WHERE `ParentID` = 0 AND `IsRec` = 1 AND `Status` = 1 AND `IsDel` = 0 ORDER BY Sort asc,ID desc LIMIT 8   [ RunTime:0.0001s ]
NOTIC: [8] Use of undefined constant HTTP_X_FORWARDED_FOR - assumed 'HTTP_X_FORWARDED_FOR' /www/wwwroot/xbm.mashangbang.top/Application/Common/Common/function.php 第 1396 行.
NOTIC: [8] Use of undefined constant HTTP_CLIENT_IP - assumed 'HTTP_CLIENT_IP' /www/wwwroot/xbm.mashangbang.top/Application/Common/Common/function.php 第 1398 行.
NOTIC: [8] Use of undefined constant REMOTE_ADDR - assumed 'REMOTE_ADDR' /www/wwwroot/xbm.mashangbang.top/Application/Common/Common/function.php 第 1401 行.
SQL: SHOW COLUMNS FROM `xb_sys_ipaddress` [ RunTime:0.0009s ]
SQL: SELECT * FROM `xb_sys_ipaddress` WHERE `IpAddress` = '114.88.121.161' LIMIT 1   [ RunTime:0.0003s ]
NOTIC: [8] Undefined index: data /www/wwwroot/xbm.mashangbang.top/Application/Common/Common/function.php 第 1423 行.
NOTIC: [8] Undefined index: data /www/wwwroot/xbm.mashangbang.top/Application/Common/Common/function.php 第 1424 行.

[ 2019-07-05T14:26:06+08:00 ] 114.88.121.161 /api.php/Home/home/getnotice?client=ios&package=com.xbm.app&ver=1.0.6
INFO: [ app_init ] --START--
INFO: Run Behavior\BuildLiteBehavior [ RunTime:0.000012s ]
INFO: [ app_init ] --END-- [ RunTime:0.000288s ]
INFO: [ app_begin ] --START--
INFO: Run Behavior\ReadHtmlCacheBehavior [ RunTime:0.000437s ]
INFO: [ app_begin ] --END-- [ RunTime:0.000480s ]
NOTIC: [8] Undefined index: 1.0.6 /www/wwwroot/xbm.mashangbang.top/Application/Api/Common/function.php 第 9 行.
SQL: SHOW COLUMNS FROM `xb_sys_contentmanagement` [ RunTime:0.0004s ]
SQL: SELECT `Title` FROM `xb_sys_contentmanagement` WHERE `CategoriesID` = 2 ORDER BY Sort asc,ID desc LIMIT 3   [ RunTime:0.0001s ]

[ 2019-07-05T14:26:06+08:00 ] 114.88.121.161 /api.php/Home/home/getitems?client=ios&isrec=1&package=com.xbm.app&rows=4&ver=1.0.6
INFO: [ app_init ] --START--
INFO: Run Behavior\BuildLiteBehavior [ RunTime:0.000013s ]
INFO: [ app_init ] --END-- [ RunTime:0.000304s ]
INFO: [ app_begin ] --START--
INFO: Run Behavior\ReadHtmlCacheBehavior [ RunTime:0.000443s ]
INFO: [ app_begin ] --END-- [ RunTime:0.000487s ]
NOTIC: [8] Undefined index: 1.0.6 /www/wwwroot/xbm.mashangbang.top/Application/Api/Common/function.php 第 9 行.
SQL: SHOW COLUMNS FROM `xb_items` [ RunTime:0.0009s ]
NOTIC: [8] Use of undefined constant HTTP_X_FORWARDED_FOR - assumed 'HTTP_X_FORWARDED_FOR' /www/wwwroot/xbm.mashangbang.top/Application/Common/Common/function.php 第 1396 行.
NOTIC: [8] Use of undefined constant HTTP_CLIENT_IP - assumed 'HTTP_CLIENT_IP' /www/wwwroot/xbm.mashangbang.top/Application/Common/Common/function.php 第 1398 行.
NOTIC: [8] Use of undefined constant REMOTE_ADDR - assumed 'REMOTE_ADDR' /www/wwwroot/xbm.mashangbang.top/Application/Common/Common/function.php 第 1401 行.
SQL: SHOW COLUMNS FROM `xb_sys_ipaddress` [ RunTime:0.0005s ]
SQL: SELECT * FROM `xb_sys_ipaddress` WHERE `IpAddress` = '114.88.121.161' LIMIT 1   [ RunTime:0.0001s ]
NOTIC: [8] Undefined index: data /www/wwwroot/xbm.mashangbang.top/Application/Common/Common/function.php 第 1423 行.
NOTIC: [8] Undefined index: data /www/wwwroot/xbm.mashangbang.top/Application/Common/Common/function.php 第 1424 行.
NOTIC: [8] Undefined variable: areid /www/wwwroot/xbm.mashangbang.top/Application/Api/Controller/Home/HomeController.class.php 第 248 行.
SQL: SELECT `ID`,`Name`,`Logurl`,`AppNumbs`,`linkType`,`Openurl` FROM `xb_items` WHERE `IsRec` = 1 AND `Itype` = 1 AND `IsDel` = 0 AND `Status` = '1' AND `Showtype` IN ('1','3') AND `Isshow` = '1' ORDER BY Sort asc,ID desc LIMIT 4   [ RunTime:0.0005s ]

[ 2019-07-05T14:26:06+08:00 ] 114.88.121.161 /api.php/center/member/isnoreadmsg
INFO: [ app_init ] --START--
INFO: Run Behavior\BuildLiteBehavior [ RunTime:0.000011s ]
INFO: [ app_init ] --END-- [ RunTime:0.000310s ]
INFO: [ app_begin ] --START--
INFO: Run Behavior\ReadHtmlCacheBehavior [ RunTime:0.000420s ]
INFO: [ app_begin ] --END-- [ RunTime:0.000464s ]
NOTIC: [8] Undefined index: 1.0.6 /www/wwwroot/xbm.mashangbang.top/Application/Api/Common/function.php 第 9 行.
SQL: SHOW COLUMNS FROM `xb_mem_message` [ RunTime:0.0004s ]
SQL: SELECT * FROM `xb_mem_message` WHERE (  `UserID` IN (0,'41142') AND `Status` = '1' ) AND `Type` = 0 ORDER BY SendTime desc  [ RunTime:0.0002s ]
SQL: SELECT * FROM `xb_mem_message` WHERE (  `UserID` IN (0,'41142') AND `Status` = '1' ) AND `Type` = 1 ORDER BY SendTime desc  [ RunTime:0.0002s ]

[ 2019-07-05T14:26:06+08:00 ] 114.88.121.161 /api.php/center/member/modifyAdd
INFO: [ app_init ] --START--
INFO: Run Behavior\BuildLiteBehavior [ RunTime:0.000011s ]
INFO: [ app_init ] --END-- [ RunTime:0.000305s ]
INFO: [ app_begin ] --START--
INFO: Run Behavior\ReadHtmlCacheBehavior [ RunTime:0.000451s ]
INFO: [ app_begin ] --END-- [ RunTime:0.000498s ]
NOTIC: [8] Undefined index: 1.0.6 /www/wwwroot/xbm.mashangbang.top/Application/Api/Common/function.php 第 9 行.
SQL: SHOW COLUMNS FROM `xb_mem_info` [ RunTime:0.0005s ]
SQL: UPDATE `xb_mem_info` SET `PhoneType`='ios',`LoginIP`='114.88.121.161',`IpCity`='中国上海市静安区共和新路1868号1幢3层' WHERE `ID` = 41142 [ RunTime:0.0039s ]

[ 2019-07-05T14:26:06+08:00 ] 114.88.121.161 /api.php/Home/home/getitems?client=ios&isrec=0&package=com.xbm.app&rows=100&ver=1.0.6
INFO: [ app_init ] --START--
INFO: Run Behavior\BuildLiteBehavior [ RunTime:0.000010s ]
INFO: [ app_init ] --END-- [ RunTime:0.000236s ]
INFO: [ app_begin ] --START--
INFO: Run Behavior\ReadHtmlCacheBehavior [ RunTime:0.000445s ]
INFO: [ app_begin ] --END-- [ RunTime:0.000491s ]
NOTIC: [8] Undefined index: 1.0.6 /www/wwwroot/xbm.mashangbang.top/Application/Api/Common/function.php 第 9 行.
SQL: SHOW COLUMNS FROM `xb_items` [ RunTime:0.0007s ]
NOTIC: [8] Use of undefined constant HTTP_X_FORWARDED_FOR - assumed 'HTTP_X_FORWARDED_FOR' /www/wwwroot/xbm.mashangbang.top/Application/Common/Common/function.php 第 1396 行.
NOTIC: [8] Use of undefined constant HTTP_CLIENT_IP - assumed 'HTTP_CLIENT_IP' /www/wwwroot/xbm.mashangbang.top/Application/Common/Common/function.php 第 1398 行.
NOTIC: [8] Use of undefined constant REMOTE_ADDR - assumed 'REMOTE_ADDR' /www/wwwroot/xbm.mashangbang.top/Application/Common/Common/function.php 第 1401 行.
SQL: SHOW COLUMNS FROM `xb_sys_ipaddress` [ RunTime:0.0004s ]
SQL: SELECT * FROM `xb_sys_ipaddress` WHERE `IpAddress` = '114.88.121.161' LIMIT 1   [ RunTime:0.0001s ]
NOTIC: [8] Undefined index: data /www/wwwroot/xbm.mashangbang.top/Application/Common/Common/function.php 第 1423 行.
NOTIC: [8] Undefined index: data /www/wwwroot/xbm.mashangbang.top/Application/Common/Common/function.php 第 1424 行.
NOTIC: [8] Undefined variable: areid /www/wwwroot/xbm.mashangbang.top/Application/Api/Controller/Home/HomeController.class.php 第 265 行.
SQL: SELECT a.ID,a.Name,a.Logurl,a.AppNumbs,a.Intro,c.Name as Jkdays,a.DayfeeRate,b.Name as TypeName,a.linkType,a.Openurl FROM xb_items a left join xb_items_moneytype b on b.ID=a.MoneytypeID left join xb_items_jktimes c on a.JktimesID=c.ID  WHERE a.IsHot = 1 AND a.Itype = 1 AND a.IsDel = 0 AND a.Status = '1' AND a.Showtype IN ('1','3') AND a.Isshow = '1' ORDER BY a.Sort asc,a.ID desc LIMIT 20   [ RunTime:0.0005s ]

[ 2019-07-05T14:26:09+08:00 ] 114.88.121.161 /api.php/Home/items/getmoneytype?client=ios&package=com.xbm.app&ver=1.0.6
INFO: [ app_init ] --START--
INFO: Run Behavior\BuildLiteBehavior [ RunTime:0.000013s ]
INFO: [ app_init ] --END-- [ RunTime:0.000320s ]
INFO: [ app_begin ] --START--
INFO: Run Behavior\ReadHtmlCacheBehavior [ RunTime:0.000440s ]
INFO: [ app_begin ] --END-- [ RunTime:0.000485s ]
NOTIC: [8] Undefined index: 1.0.6 /www/wwwroot/xbm.mashangbang.top/Application/Api/Common/function.php 第 9 行.
SQL: SHOW COLUMNS FROM `xb_items_moneytype` [ RunTime:0.0005s ]
SQL: SELECT `ID`,`Name` FROM `xb_items_moneytype` WHERE `IsDel` = 0 AND `Status` = 1 ORDER BY Sort asc,ID desc  [ RunTime:0.0001s ]

[ 2019-07-05T14:26:09+08:00 ] 114.88.121.161 /api.php/Home/items/getjktimes?client=ios&package=com.xbm.app&ver=1.0.6
INFO: [ app_init ] --START--
INFO: Run Behavior\BuildLiteBehavior [ RunTime:0.000012s ]
INFO: [ app_init ] --END-- [ RunTime:0.000315s ]
INFO: [ app_begin ] --START--
INFO: Run Behavior\ReadHtmlCacheBehavior [ RunTime:0.000447s ]
INFO: [ app_begin ] --END-- [ RunTime:0.000490s ]
NOTIC: [8] Undefined index: 1.0.6 /www/wwwroot/xbm.mashangbang.top/Application/Api/Common/function.php 第 9 行.
SQL: SHOW COLUMNS FROM `xb_items_jktimes` [ RunTime:0.0004s ]
SQL: SELECT `ID`,`Name` FROM `xb_items_jktimes` WHERE `IsDel` = 0 AND `Status` = 1 ORDER BY Sort asc  [ RunTime:0.0001s ]

[ 2019-07-05T14:26:09+08:00 ] 114.88.121.161 /api.php/Home/items/getcate?client=ios&package=com.xbm.app&ver=1.0.6
INFO: [ app_init ] --START--
INFO: Run Behavior\BuildLiteBehavior [ RunTime:0.000011s ]
INFO: [ app_init ] --END-- [ RunTime:0.000291s ]
INFO: [ app_begin ] --START--
INFO: Run Behavior\ReadHtmlCacheBehavior [ RunTime:0.000444s ]
INFO: [ app_begin ] --END-- [ RunTime:0.000493s ]
NOTIC: [8] Undefined index: 1.0.6 /www/wwwroot/xbm.mashangbang.top/Application/Api/Common/function.php 第 9 行.
SQL: SHOW COLUMNS FROM `xb_items_category` [ RunTime:0.0004s ]
SQL: SELECT `ID`,`Name` FROM `xb_items_category` WHERE `IsDel` = 0 AND `Status` = 1 ORDER BY Sort asc,ID desc  [ RunTime:0.0001s ]

[ 2019-07-05T14:26:09+08:00 ] 114.88.121.161 /api.php/Home/items/getneed?client=ios&package=com.xbm.app&ver=1.0.6
INFO: [ app_init ] --START--
INFO: Run Behavior\BuildLiteBehavior [ RunTime:0.000007s ]
INFO: [ app_init ] --END-- [ RunTime:0.000209s ]
INFO: [ app_begin ] --START--
INFO: Run Behavior\ReadHtmlCacheBehavior [ RunTime:0.000296s ]
INFO: [ app_begin ] --END-- [ RunTime:0.000326s ]
NOTIC: [8] Undefined index: 1.0.6 /www/wwwroot/xbm.mashangbang.top/Application/Api/Common/function.php 第 9 行.
SQL: SHOW COLUMNS FROM `xb_items_needs` [ RunTime:0.0004s ]
SQL: SELECT `ID`,`Name` FROM `xb_items_needs` WHERE `IsDel` = 0 AND `Status` = 1 ORDER BY Sort asc,ID desc  [ RunTime:0.0001s ]

[ 2019-07-05T14:26:09+08:00 ] 114.88.121.161 /api.php/Home/Items/getitems?cid=0&client=ios&jkday=0&nids=0&package=com.xbm.app&page=0&rows=8&tid=0&ver=1.0.6
INFO: [ app_init ] --START--
INFO: Run Behavior\BuildLiteBehavior [ RunTime:0.000010s ]
INFO: [ app_init ] --END-- [ RunTime:0.000246s ]
INFO: [ app_begin ] --START--
INFO: Run Behavior\ReadHtmlCacheBehavior [ RunTime:0.000320s ]
INFO: [ app_begin ] --END-- [ RunTime:0.000353s ]
NOTIC: [8] Undefined index: 1.0.6 /www/wwwroot/xbm.mashangbang.top/Application/Api/Common/function.php 第 9 行.
SQL: SHOW COLUMNS FROM `xb_items` [ RunTime:0.0008s ]
NOTIC: [8] Use of undefined constant HTTP_X_FORWARDED_FOR - assumed 'HTTP_X_FORWARDED_FOR' /www/wwwroot/xbm.mashangbang.top/Application/Common/Common/function.php 第 1396 行.
NOTIC: [8] Use of undefined constant HTTP_CLIENT_IP - assumed 'HTTP_CLIENT_IP' /www/wwwroot/xbm.mashangbang.top/Application/Common/Common/function.php 第 1398 行.
NOTIC: [8] Use of undefined constant REMOTE_ADDR - assumed 'REMOTE_ADDR' /www/wwwroot/xbm.mashangbang.top/Application/Common/Common/function.php 第 1401 行.
SQL: SHOW COLUMNS FROM `xb_sys_ipaddress` [ RunTime:0.0004s ]
SQL: SELECT * FROM `xb_sys_ipaddress` WHERE `IpAddress` = '114.88.121.161' LIMIT 1   [ RunTime:0.0001s ]
NOTIC: [8] Undefined index: data /www/wwwroot/xbm.mashangbang.top/Application/Common/Common/function.php 第 1423 行.
NOTIC: [8] Undefined index: data /www/wwwroot/xbm.mashangbang.top/Application/Common/Common/function.php 第 1424 行.
NOTIC: [8] Undefined variable: areid /www/wwwroot/xbm.mashangbang.top/Application/Api/Controller/Home/ItemsController.class.php 第 72 行.
SQL: SELECT a.ID,a.Name,a.Openurl,a.linkType,a.Logurl,a.AppNumbs,a.Intro,c.Name as Jkdays,a.DayfeeRate,b.Name as TypeName FROM xb_items a left join xb_items_moneytype b on b.ID=a.MoneytypeID left join xb_items_jktimes c on a.JktimesID=c.ID  WHERE a.Isshow = '1' AND a.Itype = 1 AND a.Showtype IN ('1','3') AND a.IsDel = 0 AND a.Status = '1' ORDER BY a.Sort asc,a.ID desc LIMIT 0,8   [ RunTime:0.0005s ]
NOTIC: [8] Undefined variable: jkday /www/wwwroot/xbm.mashangbang.top/Application/Api/Controller/Home/ItemsController.class.php 第 112 行.
NOTIC: [8] Undefined variable: mtype /www/wwwroot/xbm.mashangbang.top/Application/Api/Controller/Home/ItemsController.class.php 第 115 行.
NOTIC: [8] Undefined variable: jkday /www/wwwroot/xbm.mashangbang.top/Application/Api/Controller/Home/ItemsController.class.php 第 112 行.
NOTIC: [8] Undefined variable: mtype /www/wwwroot/xbm.mashangbang.top/Application/Api/Controller/Home/ItemsController.class.php 第 115 行.

[ 2019-07-05T22:03:31+08:00 ] 101.132.106.40 /api.php/core/public/checkimgcode?client=android&ver=1.0.0&package=com.xbm.app
INFO: [ app_init ] --START--
INFO: Run Behavior\BuildLiteBehavior [ RunTime:0.000009s ]
INFO: [ app_init ] --END-- [ RunTime:0.000237s ]
INFO: [ app_begin ] --START--
INFO: Run Behavior\ReadHtmlCacheBehavior [ RunTime:0.000347s ]
INFO: [ app_begin ] --END-- [ RunTime:0.000379s ]
NOTIC: [8] Undefined index: HTTP_ACCEPT /www/wwwroot/xbm.mashangbang.top/ThinkPHP/Library/Think/Controller/RestController.class.php 第 118 行.
NOTIC: [8] Undefined index: HTTP_ACCEPT /www/wwwroot/xbm.mashangbang.top/ThinkPHP/Library/Think/Controller/RestController.class.php 第 118 行.
NOTIC: [8] Undefined index: HTTP_ACCEPT /www/wwwroot/xbm.mashangbang.top/ThinkPHP/Library/Think/Controller/RestController.class.php 第 118 行.
NOTIC: [8] Undefined index: HTTP_ACCEPT /www/wwwroot/xbm.mashangbang.top/ThinkPHP/Library/Think/Controller/RestController.class.php 第 118 行.
NOTIC: [8] Undefined index: HTTP_ACCEPT /www/wwwroot/xbm.mashangbang.top/ThinkPHP/Library/Think/Controller/RestController.class.php 第 118 行.
NOTIC: [8] Undefined index: HTTP_ACCEPT /www/wwwroot/xbm.mashangbang.top/ThinkPHP/Library/Think/Controller/RestController.class.php 第 118 行.
NOTIC: [8] Undefined index: HTTP_ACCEPT /www/wwwroot/xbm.mashangbang.top/ThinkPHP/Library/Think/Controller/RestController.class.php 第 118 行.
NOTIC: [8] Undefined index: HTTP_ACCEPT /www/wwwroot/xbm.mashangbang.top/ThinkPHP/Library/Think/Controller/RestController.class.php 第 118 行.
NOTIC: [8] Undefined index: HTTP_ACCEPT /www/wwwroot/xbm.mashangbang.top/ThinkPHP/Library/Think/Controller/RestController.class.php 第 118 行.
NOTIC: [8] Undefined index: HTTP_ACCEPT /www/wwwroot/xbm.mashangbang.top/ThinkPHP/Library/Think/Controller/RestController.class.php 第 118 行.
NOTIC: [8] Undefined index: HTTP_ACCEPT /www/wwwroot/xbm.mashangbang.top/ThinkPHP/Library/Think/Controller/RestController.class.php 第 118 行.
NOTIC: [8] Undefined index: HTTP_ACCEPT /www/wwwroot/xbm.mashangbang.top/ThinkPHP/Library/Think/Controller/RestController.class.php 第 118 行.
NOTIC: [8] Undefined index: HTTP_ACCEPT /www/wwwroot/xbm.mashangbang.top/ThinkPHP/Library/Think/Controller/RestController.class.php 第 118 行.
NOTIC: [8] Undefined index: HTTP_ACCEPT /www/wwwroot/xbm.mashangbang.top/ThinkPHP/Library/Think/Controller/RestController.class.php 第 118 行.
NOTIC: [8] Undefined index: HTTP_ACCEPT /www/wwwroot/xbm.mashangbang.top/ThinkPHP/Library/Think/Controller/RestController.class.php 第 118 行.
NOTIC: [8] Undefined index: HTTP_ACCEPT /www/wwwroot/xbm.mashangbang.top/ThinkPHP/Library/Think/Controller/RestController.class.php 第 118 行.
NOTIC: [8] Undefined index: HTTP_ACCEPT /www/wwwroot/xbm.mashangbang.top/ThinkPHP/Library/Think/Controller/RestController.class.php 第 118 行.
NOTIC: [8] Undefined index: HTTP_ACCEPT /www/wwwroot/xbm.mashangbang.top/ThinkPHP/Library/Think/Controller/RestController.class.php 第 118 行.
NOTIC: [8] Undefined index: HTTP_ACCEPT /www/wwwroot/xbm.mashangbang.top/ThinkPHP/Library/Think/Controller/RestController.class.php 第 118 行.
NOTIC: [8] Undefined index: HTTP_ACCEPT /www/wwwroot/xbm.mashangbang.top/ThinkPHP/Library/Think/Controller/RestController.class.php 第 118 行.
NOTIC: [8] Undefined index: HTTP_ACCEPT /www/wwwroot/xbm.mashangbang.top/ThinkPHP/Library/Think/Controller/RestController.class.php 第 118 行.
NOTIC: [8] Undefined index: HTTP_ACCEPT /www/wwwroot/xbm.mashangbang.top/ThinkPHP/Library/Think/Controller/RestController.class.php 第 118 行.
NOTIC: [8] Undefined index: HTTP_ACCEPT /www/wwwroot/xbm.mashangbang.top/ThinkPHP/Library/Think/Controller/RestController.class.php 第 118 行.
NOTIC: [8] Undefined index: HTTP_ACCEPT /www/wwwroot/xbm.mashangbang.top/ThinkPHP/Library/Think/Controller/RestController.class.php 第 118 行.
NOTIC: [8] Undefined index: HTTP_ACCEPT /www/wwwroot/xbm.mashangbang.top/ThinkPHP/Library/Think/Controller/RestController.class.php 第 118 行.
NOTIC: [8] Undefined index: HTTP_ACCEPT /www/wwwroot/xbm.mashangbang.top/ThinkPHP/Library/Think/Controller/RestController.class.php 第 118 行.

[ 2019-07-05T22:27:46+08:00 ] 123.117.172.172 /api.php/center/member/info
INFO: [ app_init ] --START--
INFO: Run Behavior\BuildLiteBehavior [ RunTime:0.000010s ]
INFO: [ app_init ] --END-- [ RunTime:0.000241s ]
INFO: [ app_begin ] --START--
INFO: Run Behavior\ReadHtmlCacheBehavior [ RunTime:0.000311s ]
INFO: [ app_begin ] --END-- [ RunTime:0.000343s ]
NOTIC: [8] Undefined index: 1.0.6 /www/wwwroot/xbm.mashangbang.top/Application/Api/Common/function.php 第 9 行.
SQL: SHOW COLUMNS FROM `xb_mem_info` [ RunTime:0.0007s ]
SQL: SELECT * FROM `xb_mem_info` WHERE `ID` = 40977 AND `Status` = 1 AND `IsDel` = 0 LIMIT 1   [ RunTime:0.0004s ]
SQL: SHOW COLUMNS FROM `xb_mem_money` [ RunTime:0.0004s ]
SQL: SELECT `Money` FROM `xb_mem_money` WHERE `Uid` = 40977 AND `Type` = 0 AND `IsAduit` = 2  [ RunTime:0.0001s ]
SQL: SHOW COLUMNS FROM `xb_mem_balances` [ RunTime:0.0003s ]
SQL: SELECT `Amount` FROM `xb_mem_balances` WHERE `UserID` = 40977 AND `Type` = 0 AND `SruType` <> '5'  [ RunTime:0.0001s ]

[ 2019-07-05T22:27:46+08:00 ] 123.117.172.172 /api.php/Home/home/version?client=ios&package=com.xbm.app&upload=upload&ver=1.0.6
INFO: [ app_init ] --START--
INFO: Run Behavior\BuildLiteBehavior [ RunTime:0.000009s ]
INFO: [ app_init ] --END-- [ RunTime:0.000233s ]
INFO: [ app_begin ] --START--
INFO: Run Behavior\ReadHtmlCacheBehavior [ RunTime:0.000327s ]
INFO: [ app_begin ] --END-- [ RunTime:0.000358s ]
SQL: SHOW COLUMNS FROM `xb_version` [ RunTime:0.0004s ]
SQL: SELECT `ID`,`Ver`,`isForced`,`Url`,`Updates` FROM `xb_version` WHERE `Client` = 'ios' AND `IsDefault` = 1 LIMIT 1   [ RunTime:0.0001s ]

[ 2019-07-05T22:27:46+08:00 ] 123.117.167.113 /api.php/home/home/tanimg?client=ios&package=com.xbm.app&ver=1.0.6
INFO: [ app_init ] --START--
INFO: Run Behavior\BuildLiteBehavior [ RunTime:0.000010s ]
INFO: [ app_init ] --END-- [ RunTime:0.000264s ]
INFO: [ app_begin ] --START--
INFO: Run Behavior\ReadHtmlCacheBehavior [ RunTime:0.000321s ]
INFO: [ app_begin ] --END-- [ RunTime:0.000350s ]
NOTIC: [8] Undefined index: 1.0.6 /www/wwwroot/xbm.mashangbang.top/Application/Api/Common/function.php 第 9 行.
SQL: SHOW COLUMNS FROM `xb_sys_basicinfo` [ RunTime:0.0008s ]
SQL: SELECT * FROM `xb_sys_basicinfo` LIMIT 1   [ RunTime:0.0002s ]

[ 2019-07-05T22:27:47+08:00 ] 123.117.172.172 /api.php/home/home/ads?aid=1&client=ios&num=10&package=com.xbm.app&ver=1.0.6
INFO: [ app_init ] --START--
INFO: Run Behavior\BuildLiteBehavior [ RunTime:0.000013s ]
INFO: [ app_init ] --END-- [ RunTime:0.000325s ]
INFO: [ app_begin ] --START--
INFO: Run Behavior\ReadHtmlCacheBehavior [ RunTime:0.000451s ]
INFO: [ app_begin ] --END-- [ RunTime:0.000495s ]
NOTIC: [8] Undefined index: 1.0.6 /www/wwwroot/xbm.mashangbang.top/Application/Api/Common/function.php 第 9 行.
SQL: SHOW COLUMNS FROM `xb_sys_adcontent` [ RunTime:0.0005s ]
SQL: SELECT `Name`,`Pic`,`Url`,`UrlType`,`SystemClass`,`SystemClassVal`,`productID` FROM `xb_sys_adcontent` WHERE `AdvertisingID` = 1 AND `Status` = 1 ORDER BY Sort asc,ID desc LIMIT 10   [ RunTime:0.0001s ]

[ 2019-07-05T22:27:47+08:00 ] 123.117.172.172 /api.php/Home/home/getnotice?client=ios&package=com.xbm.app&ver=1.0.6
INFO: [ app_init ] --START--
INFO: Run Behavior\BuildLiteBehavior [ RunTime:0.000012s ]
INFO: [ app_init ] --END-- [ RunTime:0.003895s ]
INFO: [ app_begin ] --START--
INFO: Run Behavior\ReadHtmlCacheBehavior [ RunTime:0.000443s ]
INFO: [ app_begin ] --END-- [ RunTime:0.000482s ]
NOTIC: [8] Undefined index: 1.0.6 /www/wwwroot/xbm.mashangbang.top/Application/Api/Common/function.php 第 9 行.
SQL: SHOW COLUMNS FROM `xb_sys_contentmanagement` [ RunTime:0.0004s ]
SQL: SELECT `Title` FROM `xb_sys_contentmanagement` WHERE `CategoriesID` = 2 ORDER BY Sort asc,ID desc LIMIT 3   [ RunTime:0.0001s ]

[ 2019-07-05T22:27:47+08:00 ] 123.117.172.172 /api.php/Home/home/getitems?client=ios&isrec=1&package=com.xbm.app&rows=4&ver=1.0.6
INFO: [ app_init ] --START--
INFO: Run Behavior\BuildLiteBehavior [ RunTime:0.000013s ]
INFO: [ app_init ] --END-- [ RunTime:0.021879s ]
INFO: [ app_begin ] --START--
INFO: Run Behavior\ReadHtmlCacheBehavior [ RunTime:0.000437s ]
INFO: [ app_begin ] --END-- [ RunTime:0.000478s ]
NOTIC: [8] Undefined index: 1.0.6 /www/wwwroot/xbm.mashangbang.top/Application/Api/Common/function.php 第 9 行.
SQL: SHOW COLUMNS FROM `xb_items` [ RunTime:0.0007s ]
NOTIC: [8] Use of undefined constant HTTP_X_FORWARDED_FOR - assumed 'HTTP_X_FORWARDED_FOR' /www/wwwroot/xbm.mashangbang.top/Application/Common/Common/function.php 第 1396 行.
NOTIC: [8] Use of undefined constant HTTP_CLIENT_IP - assumed 'HTTP_CLIENT_IP' /www/wwwroot/xbm.mashangbang.top/Application/Common/Common/function.php 第 1398 行.
NOTIC: [8] Use of undefined constant REMOTE_ADDR - assumed 'REMOTE_ADDR' /www/wwwroot/xbm.mashangbang.top/Application/Common/Common/function.php 第 1401 行.
SQL: SHOW COLUMNS FROM `xb_sys_ipaddress` [ RunTime:0.0004s ]
SQL: SELECT * FROM `xb_sys_ipaddress` WHERE `IpAddress` = '123.117.172.172' LIMIT 1   [ RunTime:0.0002s ]
NOTIC: [8] Undefined index: data /www/wwwroot/xbm.mashangbang.top/Application/Common/Common/function.php 第 1423 行.
NOTIC: [8] Undefined index: data /www/wwwroot/xbm.mashangbang.top/Application/Common/Common/function.php 第 1424 行.
NOTIC: [8] Undefined variable: areid /www/wwwroot/xbm.mashangbang.top/Application/Api/Controller/Home/HomeController.class.php 第 248 行.
SQL: SELECT `ID`,`Name`,`Logurl`,`AppNumbs`,`linkType`,`Openurl` FROM `xb_items` WHERE `IsRec` = 1 AND `Itype` = 1 AND `IsDel` = 0 AND `Status` = '1' AND `Showtype` IN ('1','3') AND `Isshow` = '1' ORDER BY Sort asc,ID desc LIMIT 4   [ RunTime:0.0001s ]

[ 2019-07-05T22:27:47+08:00 ] 123.117.167.113 /api.php/Home/home/getitems?client=ios&isrec=0&package=com.xbm.app&rows=100&ver=1.0.6
INFO: [ app_init ] --START--
INFO: Run Behavior\BuildLiteBehavior [ RunTime:0.000009s ]
INFO: [ app_init ] --END-- [ RunTime:0.000267s ]
INFO: [ app_begin ] --START--
INFO: Run Behavior\ReadHtmlCacheBehavior [ RunTime:0.000442s ]
INFO: [ app_begin ] --END-- [ RunTime:0.000482s ]
NOTIC: [8] Undefined index: 1.0.6 /www/wwwroot/xbm.mashangbang.top/Application/Api/Common/function.php 第 9 行.
SQL: SHOW COLUMNS FROM `xb_items` [ RunTime:0.0007s ]
NOTIC: [8] Use of undefined constant HTTP_X_FORWARDED_FOR - assumed 'HTTP_X_FORWARDED_FOR' /www/wwwroot/xbm.mashangbang.top/Application/Common/Common/function.php 第 1396 行.
NOTIC: [8] Use of undefined constant HTTP_CLIENT_IP - assumed 'HTTP_CLIENT_IP' /www/wwwroot/xbm.mashangbang.top/Application/Common/Common/function.php 第 1398 行.
NOTIC: [8] Use of undefined constant REMOTE_ADDR - assumed 'REMOTE_ADDR' /www/wwwroot/xbm.mashangbang.top/Application/Common/Common/function.php 第 1401 行.
SQL: SHOW COLUMNS FROM `xb_sys_ipaddress` [ RunTime:0.0004s ]
SQL: SELECT * FROM `xb_sys_ipaddress` WHERE `IpAddress` = '123.117.167.113' LIMIT 1   [ RunTime:0.0002s ]
NOTIC: [8] Undefined index: data /www/wwwroot/xbm.mashangbang.top/Application/Common/Common/function.php 第 1423 行.
NOTIC: [8] Undefined index: data /www/wwwroot/xbm.mashangbang.top/Application/Common/Common/function.php 第 1424 行.
NOTIC: [8] Undefined variable: areid /www/wwwroot/xbm.mashangbang.top/Application/Api/Controller/Home/HomeController.class.php 第 265 行.
SQL: SELECT a.ID,a.Name,a.Logurl,a.AppNumbs,a.Intro,c.Name as Jkdays,a.DayfeeRate,b.Name as TypeName,a.linkType,a.Openurl FROM xb_items a left join xb_items_moneytype b on b.ID=a.MoneytypeID left join xb_items_jktimes c on a.JktimesID=c.ID  WHERE a.IsHot = 1 AND a.Itype = 1 AND a.IsDel = 0 AND a.Status = '1' AND a.Showtype IN ('1','3') AND a.Isshow = '1' ORDER BY a.Sort asc,a.ID desc LIMIT 20   [ RunTime:0.0005s ]

[ 2019-07-05T22:27:47+08:00 ] 123.117.167.113 /api.php/Home/home/getcate?client=ios&package=com.xbm.app&rows=8&ver=1.0.6
INFO: [ app_init ] --START--
INFO: Run Behavior\BuildLiteBehavior [ RunTime:0.000012s ]
INFO: [ app_init ] --END-- [ RunTime:0.000298s ]
INFO: [ app_begin ] --START--
INFO: Run Behavior\ReadHtmlCacheBehavior [ RunTime:0.000434s ]
INFO: [ app_begin ] --END-- [ RunTime:0.000489s ]
NOTIC: [8] Undefined index: 1.0.6 /www/wwwroot/xbm.mashangbang.top/Application/Api/Common/function.php 第 9 行.
SQL: SHOW COLUMNS FROM `xb_items_category` [ RunTime:0.0004s ]
SQL: SELECT `ID`,`Name`,`Imageurl` FROM `xb_items_category` WHERE `ParentID` = 0 AND `IsRec` = 1 AND `Status` = 1 AND `IsDel` = 0 ORDER BY Sort asc,ID desc LIMIT 8   [ RunTime:0.0001s ]
NOTIC: [8] Use of undefined constant HTTP_X_FORWARDED_FOR - assumed 'HTTP_X_FORWARDED_FOR' /www/wwwroot/xbm.mashangbang.top/Application/Common/Common/function.php 第 1396 行.
NOTIC: [8] Use of undefined constant HTTP_CLIENT_IP - assumed 'HTTP_CLIENT_IP' /www/wwwroot/xbm.mashangbang.top/Application/Common/Common/function.php 第 1398 行.
NOTIC: [8] Use of undefined constant REMOTE_ADDR - assumed 'REMOTE_ADDR' /www/wwwroot/xbm.mashangbang.top/Application/Common/Common/function.php 第 1401 行.
SQL: SHOW COLUMNS FROM `xb_sys_ipaddress` [ RunTime:0.0004s ]
SQL: SELECT * FROM `xb_sys_ipaddress` WHERE `IpAddress` = '123.117.167.113' LIMIT 1   [ RunTime:0.0001s ]
NOTIC: [8] Undefined index: data /www/wwwroot/xbm.mashangbang.top/Application/Common/Common/function.php 第 1423 行.
NOTIC: [8] Undefined index: data /www/wwwroot/xbm.mashangbang.top/Application/Common/Common/function.php 第 1424 行.

[ 2019-07-05T22:27:47+08:00 ] 123.117.172.172 /api.php/center/member/isnoreadmsg
INFO: [ app_init ] --START--
INFO: Run Behavior\BuildLiteBehavior [ RunTime:0.000011s ]
INFO: [ app_init ] --END-- [ RunTime:0.000290s ]
INFO: [ app_begin ] --START--
INFO: Run Behavior\ReadHtmlCacheBehavior [ RunTime:0.000424s ]
INFO: [ app_begin ] --END-- [ RunTime:0.000467s ]
NOTIC: [8] Undefined index: 1.0.6 /www/wwwroot/xbm.mashangbang.top/Application/Api/Common/function.php 第 9 行.
SQL: SHOW COLUMNS FROM `xb_mem_message` [ RunTime:0.0003s ]
SQL: SELECT * FROM `xb_mem_message` WHERE (  `UserID` IN (0,'40977') AND `Status` = '1' ) AND `Type` = 0 ORDER BY SendTime desc  [ RunTime:0.0002s ]
SQL: SELECT * FROM `xb_mem_message` WHERE (  `UserID` IN (0,'40977') AND `Status` = '1' ) AND `Type` = 1 ORDER BY SendTime desc  [ RunTime:0.0002s ]

[ 2019-07-05T22:27:48+08:00 ] 123.117.167.113 /api.php/center/member/modifyAdd
INFO: [ app_init ] --START--
INFO: Run Behavior\BuildLiteBehavior [ RunTime:0.000009s ]
INFO: [ app_init ] --END-- [ RunTime:0.000225s ]
INFO: [ app_begin ] --START--
INFO: Run Behavior\ReadHtmlCacheBehavior [ RunTime:0.000299s ]
INFO: [ app_begin ] --END-- [ RunTime:0.000329s ]
NOTIC: [8] Undefined index: 1.0.6 /www/wwwroot/xbm.mashangbang.top/Application/Api/Common/function.php 第 9 行.
SQL: SHOW COLUMNS FROM `xb_mem_info` [ RunTime:0.0006s ]
SQL: UPDATE `xb_mem_info` SET `PhoneType`='ios',`LoginIP`='123.117.172.172',`IpCity`='中国北京市朝阳区顺白路731号' WHERE `ID` = 40977 [ RunTime:0.0068s ]

