[ 2019-06-30T12:58:07+08:00 ] 117.101.185.219 /api.php/center/member/info
INFO: [ app_init ] --START--
INFO: Run Behavior\BuildLiteBehavior [ RunTime:0.000009s ]
INFO: [ app_init ] --END-- [ RunTime:0.000242s ]
INFO: [ app_begin ] --START--
INFO: Run Behavior\ReadHtmlCacheBehavior [ RunTime:0.000330s ]
INFO: [ app_begin ] --END-- [ RunTime:0.000363s ]
NOTIC: [8] Undefined index: 1.0.6 /www/wwwroot/xbm.mashangbang.top/Application/Api/Common/function.php 第 9 行.
SQL: SHOW COLUMNS FROM `xb_mem_info` [ RunTime:0.0007s ]
SQL: SELECT * FROM `xb_mem_info` WHERE `ID` = 40968 AND `Status` = 1 AND `IsDel` = 0 LIMIT 1   [ RunTime:0.0004s ]
SQL: SHOW COLUMNS FROM `xb_mem_money` [ RunTime:0.0004s ]
SQL: SELECT `Money` FROM `xb_mem_money` WHERE `Uid` = 40968 AND `Type` = 0 AND `IsAduit` = 2  [ RunTime:0.0001s ]
SQL: SHOW COLUMNS FROM `xb_mem_balances` [ RunTime:0.0003s ]
SQL: SELECT `Amount` FROM `xb_mem_balances` WHERE `UserID` = 40968 AND `Type` = 0 AND `SruType` <> '5'  [ RunTime:0.0001s ]

[ 2019-06-30T12:58:07+08:00 ] 117.101.185.219 /api.php/Home/home/version?client=ios&package=com.xbm.app&upload=upload&ver=1.0.6
INFO: [ app_init ] --START--
INFO: Run Behavior\BuildLiteBehavior [ RunTime:0.000010s ]
INFO: [ app_init ] --END-- [ RunTime:0.000259s ]
INFO: [ app_begin ] --START--
INFO: Run Behavior\ReadHtmlCacheBehavior [ RunTime:0.000328s ]
INFO: [ app_begin ] --END-- [ RunTime:0.000358s ]
SQL: SHOW COLUMNS FROM `xb_version` [ RunTime:0.0005s ]
SQL: SELECT `ID`,`Ver`,`isForced`,`Url`,`Updates` FROM `xb_version` WHERE `Client` = 'ios' AND `IsDefault` = 1 LIMIT 1   [ RunTime:0.0001s ]

[ 2019-06-30T12:58:08+08:00 ] 117.101.185.219 /api.php/home/home/tanimg?client=ios&package=com.xbm.app&ver=1.0.6
INFO: [ app_init ] --START--
INFO: Run Behavior\BuildLiteBehavior [ RunTime:0.000008s ]
INFO: [ app_init ] --END-- [ RunTime:0.000208s ]
INFO: [ app_begin ] --START--
INFO: Run Behavior\ReadHtmlCacheBehavior [ RunTime:0.000300s ]
INFO: [ app_begin ] --END-- [ RunTime:0.000332s ]
NOTIC: [8] Undefined index: 1.0.6 /www/wwwroot/xbm.mashangbang.top/Application/Api/Common/function.php 第 9 行.
SQL: SHOW COLUMNS FROM `xb_sys_basicinfo` [ RunTime:0.0008s ]
SQL: SELECT * FROM `xb_sys_basicinfo` LIMIT 1   [ RunTime:0.0002s ]

[ 2019-06-30T12:58:08+08:00 ] 117.101.185.219 /api.php/center/member/isnoreadmsg
INFO: [ app_init ] --START--
INFO: Run Behavior\BuildLiteBehavior [ RunTime:0.000013s ]
INFO: [ app_init ] --END-- [ RunTime:0.000313s ]
INFO: [ app_begin ] --START--
INFO: Run Behavior\ReadHtmlCacheBehavior [ RunTime:0.000472s ]
INFO: [ app_begin ] --END-- [ RunTime:0.000534s ]
NOTIC: [8] Undefined index: 1.0.6 /www/wwwroot/xbm.mashangbang.top/Application/Api/Common/function.php 第 9 行.
SQL: SHOW COLUMNS FROM `xb_mem_message` [ RunTime:0.0006s ]
SQL: SELECT * FROM `xb_mem_message` WHERE (  `UserID` IN (0,'40968') AND `Status` = '1' ) AND `Type` = 0 ORDER BY SendTime desc  [ RunTime:0.0003s ]
SQL: SELECT * FROM `xb_mem_message` WHERE (  `UserID` IN (0,'40968') AND `Status` = '1' ) AND `Type` = 1 ORDER BY SendTime desc  [ RunTime:0.0003s ]

[ 2019-06-30T12:58:08+08:00 ] 117.101.185.219 /api.php/home/home/ads?aid=1&client=ios&num=10&package=com.xbm.app&ver=1.0.6
INFO: [ app_init ] --START--
INFO: Run Behavior\BuildLiteBehavior [ RunTime:0.000010s ]
INFO: [ app_init ] --END-- [ RunTime:0.000287s ]
INFO: [ app_begin ] --START--
INFO: Run Behavior\ReadHtmlCacheBehavior [ RunTime:0.000442s ]
INFO: [ app_begin ] --END-- [ RunTime:0.000482s ]
NOTIC: [8] Undefined index: 1.0.6 /www/wwwroot/xbm.mashangbang.top/Application/Api/Common/function.php 第 9 行.
SQL: SHOW COLUMNS FROM `xb_sys_adcontent` [ RunTime:0.0004s ]
SQL: SELECT `Name`,`Pic`,`Url`,`UrlType`,`SystemClass`,`SystemClassVal`,`productID` FROM `xb_sys_adcontent` WHERE `AdvertisingID` = 1 AND `Status` = 1 ORDER BY Sort asc,ID desc LIMIT 10   [ RunTime:0.0001s ]

[ 2019-06-30T12:58:08+08:00 ] 117.101.185.219 /api.php/Home/home/getnotice?client=ios&package=com.xbm.app&ver=1.0.6
INFO: [ app_init ] --START--
INFO: Run Behavior\BuildLiteBehavior [ RunTime:0.000011s ]
INFO: [ app_init ] --END-- [ RunTime:0.000287s ]
INFO: [ app_begin ] --START--
INFO: Run Behavior\ReadHtmlCacheBehavior [ RunTime:0.000427s ]
INFO: [ app_begin ] --END-- [ RunTime:0.000468s ]
NOTIC: [8] Undefined index: 1.0.6 /www/wwwroot/xbm.mashangbang.top/Application/Api/Common/function.php 第 9 行.
SQL: SHOW COLUMNS FROM `xb_sys_contentmanagement` [ RunTime:0.0004s ]
SQL: SELECT `Title` FROM `xb_sys_contentmanagement` WHERE `CategoriesID` = 2 ORDER BY Sort asc,ID desc LIMIT 3   [ RunTime:0.0001s ]

[ 2019-06-30T12:58:08+08:00 ] 117.101.185.219 /api.php/Home/home/getitems?client=ios&isrec=0&package=com.xbm.app&rows=100&ver=1.0.6
INFO: [ app_init ] --START--
INFO: Run Behavior\BuildLiteBehavior [ RunTime:0.000011s ]
INFO: [ app_init ] --END-- [ RunTime:0.000284s ]
INFO: [ app_begin ] --START--
INFO: Run Behavior\ReadHtmlCacheBehavior [ RunTime:0.000443s ]
INFO: [ app_begin ] --END-- [ RunTime:0.000485s ]
NOTIC: [8] Undefined index: 1.0.6 /www/wwwroot/xbm.mashangbang.top/Application/Api/Common/function.php 第 9 行.
SQL: SHOW COLUMNS FROM `xb_items` [ RunTime:0.0007s ]
NOTIC: [8] Use of undefined constant HTTP_X_FORWARDED_FOR - assumed 'HTTP_X_FORWARDED_FOR' /www/wwwroot/xbm.mashangbang.top/Application/Common/Common/function.php 第 1396 行.
NOTIC: [8] Use of undefined constant HTTP_CLIENT_IP - assumed 'HTTP_CLIENT_IP' /www/wwwroot/xbm.mashangbang.top/Application/Common/Common/function.php 第 1398 行.
NOTIC: [8] Use of undefined constant REMOTE_ADDR - assumed 'REMOTE_ADDR' /www/wwwroot/xbm.mashangbang.top/Application/Common/Common/function.php 第 1401 行.
SQL: SHOW COLUMNS FROM `xb_sys_ipaddress` [ RunTime:0.0004s ]
SQL: SELECT * FROM `xb_sys_ipaddress` WHERE `IpAddress` = '117.101.185.219' LIMIT 1   [ RunTime:0.0002s ]
NOTIC: [8] Undefined index: data /www/wwwroot/xbm.mashangbang.top/Application/Common/Common/function.php 第 1423 行.
NOTIC: [8] Undefined index: data /www/wwwroot/xbm.mashangbang.top/Application/Common/Common/function.php 第 1424 行.
NOTIC: [8] Undefined variable: areid /www/wwwroot/xbm.mashangbang.top/Application/Api/Controller/Home/HomeController.class.php 第 265 行.
SQL: SELECT a.ID,a.Name,a.Logurl,a.AppNumbs,a.Intro,c.Name as Jkdays,a.DayfeeRate,b.Name as TypeName,a.linkType,a.Openurl FROM xb_items a left join xb_items_moneytype b on b.ID=a.MoneytypeID left join xb_items_jktimes c on a.JktimesID=c.ID  WHERE a.IsHot = 1 AND a.Itype = 1 AND a.IsDel = 0 AND a.Status = '1' AND a.Showtype IN ('1','3') AND a.Isshow = '1' ORDER BY a.Sort asc,a.ID desc LIMIT 20   [ RunTime:0.0005s ]

[ 2019-06-30T12:58:08+08:00 ] 117.101.185.219 /api.php/Home/home/getitems?client=ios&isrec=1&package=com.xbm.app&rows=4&ver=1.0.6
INFO: [ app_init ] --START--
INFO: Run Behavior\BuildLiteBehavior [ RunTime:0.000011s ]
INFO: [ app_init ] --END-- [ RunTime:0.000287s ]
INFO: [ app_begin ] --START--
INFO: Run Behavior\ReadHtmlCacheBehavior [ RunTime:0.000443s ]
INFO: [ app_begin ] --END-- [ RunTime:0.000484s ]
NOTIC: [8] Undefined index: 1.0.6 /www/wwwroot/xbm.mashangbang.top/Application/Api/Common/function.php 第 9 行.
SQL: SHOW COLUMNS FROM `xb_items` [ RunTime:0.0007s ]
NOTIC: [8] Use of undefined constant HTTP_X_FORWARDED_FOR - assumed 'HTTP_X_FORWARDED_FOR' /www/wwwroot/xbm.mashangbang.top/Application/Common/Common/function.php 第 1396 行.
NOTIC: [8] Use of undefined constant HTTP_CLIENT_IP - assumed 'HTTP_CLIENT_IP' /www/wwwroot/xbm.mashangbang.top/Application/Common/Common/function.php 第 1398 行.
NOTIC: [8] Use of undefined constant REMOTE_ADDR - assumed 'REMOTE_ADDR' /www/wwwroot/xbm.mashangbang.top/Application/Common/Common/function.php 第 1401 行.
SQL: SHOW COLUMNS FROM `xb_sys_ipaddress` [ RunTime:0.0004s ]
SQL: SELECT * FROM `xb_sys_ipaddress` WHERE `IpAddress` = '117.101.185.219' LIMIT 1   [ RunTime:0.0001s ]
NOTIC: [8] Undefined index: data /www/wwwroot/xbm.mashangbang.top/Application/Common/Common/function.php 第 1423 行.
NOTIC: [8] Undefined index: data /www/wwwroot/xbm.mashangbang.top/Application/Common/Common/function.php 第 1424 行.
NOTIC: [8] Undefined variable: areid /www/wwwroot/xbm.mashangbang.top/Application/Api/Controller/Home/HomeController.class.php 第 248 行.
SQL: SELECT `ID`,`Name`,`Logurl`,`AppNumbs`,`linkType`,`Openurl` FROM `xb_items` WHERE `IsRec` = 1 AND `Itype` = 1 AND `IsDel` = 0 AND `Status` = '1' AND `Showtype` IN ('1','3') AND `Isshow` = '1' ORDER BY Sort asc,ID desc LIMIT 4   [ RunTime:0.0004s ]

[ 2019-06-30T12:58:08+08:00 ] 117.101.185.219 /api.php/Home/home/getcate?client=ios&package=com.xbm.app&rows=8&ver=1.0.6
INFO: [ app_init ] --START--
INFO: Run Behavior\BuildLiteBehavior [ RunTime:0.000012s ]
INFO: [ app_init ] --END-- [ RunTime:0.000303s ]
INFO: [ app_begin ] --START--
INFO: Run Behavior\ReadHtmlCacheBehavior [ RunTime:0.000435s ]
INFO: [ app_begin ] --END-- [ RunTime:0.000480s ]
NOTIC: [8] Undefined index: 1.0.6 /www/wwwroot/xbm.mashangbang.top/Application/Api/Common/function.php 第 9 行.
SQL: SHOW COLUMNS FROM `xb_items_category` [ RunTime:0.0004s ]
SQL: SELECT `ID`,`Name`,`Imageurl` FROM `xb_items_category` WHERE `ParentID` = 0 AND `IsRec` = 1 AND `Status` = 1 AND `IsDel` = 0 ORDER BY Sort asc,ID desc LIMIT 8   [ RunTime:0.0001s ]
NOTIC: [8] Use of undefined constant HTTP_X_FORWARDED_FOR - assumed 'HTTP_X_FORWARDED_FOR' /www/wwwroot/xbm.mashangbang.top/Application/Common/Common/function.php 第 1396 行.
NOTIC: [8] Use of undefined constant HTTP_CLIENT_IP - assumed 'HTTP_CLIENT_IP' /www/wwwroot/xbm.mashangbang.top/Application/Common/Common/function.php 第 1398 行.
NOTIC: [8] Use of undefined constant REMOTE_ADDR - assumed 'REMOTE_ADDR' /www/wwwroot/xbm.mashangbang.top/Application/Common/Common/function.php 第 1401 行.
SQL: SHOW COLUMNS FROM `xb_sys_ipaddress` [ RunTime:0.0004s ]
SQL: SELECT * FROM `xb_sys_ipaddress` WHERE `IpAddress` = '117.101.185.219' LIMIT 1   [ RunTime:0.0001s ]
NOTIC: [8] Undefined index: data /www/wwwroot/xbm.mashangbang.top/Application/Common/Common/function.php 第 1423 行.
NOTIC: [8] Undefined index: data /www/wwwroot/xbm.mashangbang.top/Application/Common/Common/function.php 第 1424 行.

[ 2019-06-30T12:58:09+08:00 ] 117.101.185.219 /api.php/center/member/modifyAdd
INFO: [ app_init ] --START--
INFO: Run Behavior\BuildLiteBehavior [ RunTime:0.000009s ]
INFO: [ app_init ] --END-- [ RunTime:0.000239s ]
INFO: [ app_begin ] --START--
INFO: Run Behavior\ReadHtmlCacheBehavior [ RunTime:0.000322s ]
INFO: [ app_begin ] --END-- [ RunTime:0.000353s ]
NOTIC: [8] Undefined index: 1.0.6 /www/wwwroot/xbm.mashangbang.top/Application/Api/Common/function.php 第 9 行.
SQL: SHOW COLUMNS FROM `xb_mem_info` [ RunTime:0.0006s ]
SQL: UPDATE `xb_mem_info` SET `PhoneType`='ios',`LoginIP`='111.32.143.114',`IpCity`='中国北京市朝阳区朝阳路与高碑店北路的交叉口' WHERE `ID` = 40968 [ RunTime:0.0043s ]

[ 2019-06-30T12:58:15+08:00 ] 117.101.185.219 /api.php/Home/Items/getcredit?client=ios&isrec=1&package=com.xbm.app&rows=6&ver=1.0.6
INFO: [ app_init ] --START--
INFO: Run Behavior\BuildLiteBehavior [ RunTime:0.000013s ]
INFO: [ app_init ] --END-- [ RunTime:0.000333s ]
INFO: [ app_begin ] --START--
INFO: Run Behavior\ReadHtmlCacheBehavior [ RunTime:0.000445s ]
INFO: [ app_begin ] --END-- [ RunTime:0.000494s ]
NOTIC: [8] Undefined index: 1.0.6 /www/wwwroot/xbm.mashangbang.top/Application/Api/Common/function.php 第 9 行.
SQL: SHOW COLUMNS FROM `xb_items` [ RunTime:0.0011s ]
NOTIC: [8] Use of undefined constant HTTP_X_FORWARDED_FOR - assumed 'HTTP_X_FORWARDED_FOR' /www/wwwroot/xbm.mashangbang.top/Application/Common/Common/function.php 第 1396 行.
NOTIC: [8] Use of undefined constant HTTP_CLIENT_IP - assumed 'HTTP_CLIENT_IP' /www/wwwroot/xbm.mashangbang.top/Application/Common/Common/function.php 第 1398 行.
NOTIC: [8] Use of undefined constant REMOTE_ADDR - assumed 'REMOTE_ADDR' /www/wwwroot/xbm.mashangbang.top/Application/Common/Common/function.php 第 1401 行.
SQL: SHOW COLUMNS FROM `xb_sys_ipaddress` [ RunTime:0.0005s ]
SQL: SELECT * FROM `xb_sys_ipaddress` WHERE `IpAddress` = '117.101.185.219' LIMIT 1   [ RunTime:0.0001s ]
NOTIC: [8] Undefined index: data /www/wwwroot/xbm.mashangbang.top/Application/Common/Common/function.php 第 1423 行.
NOTIC: [8] Undefined index: data /www/wwwroot/xbm.mashangbang.top/Application/Common/Common/function.php 第 1424 行.
NOTIC: [8] Undefined variable: areid /www/wwwroot/xbm.mashangbang.top/Application/Api/Controller/Home/ItemsController.class.php 第 310 行.
SQL: SELECT a.ID,a.Name,a.AppNumbs,a.Intro,a.Logurl,b.BankName FROM xb_items a left join xb_credit_bank b on b.ID=a.BankID  WHERE a.Itype = 2 AND a.IsRec = 1 AND a.IsDel = 0 AND a.Showtype IN ('1','3') AND a.Status = '1' AND a.Isshow = '1' ORDER BY a.Sort asc,a.ID desc LIMIT 6   [ RunTime:0.0004s ]

[ 2019-06-30T12:58:15+08:00 ] 117.101.185.219 /api.php/Home/Items/getbank?client=ios&package=com.xbm.app&ver=1.0.6
INFO: [ app_init ] --START--
INFO: Run Behavior\BuildLiteBehavior [ RunTime:0.000011s ]
INFO: [ app_init ] --END-- [ RunTime:0.000325s ]
INFO: [ app_begin ] --START--
INFO: Run Behavior\ReadHtmlCacheBehavior [ RunTime:0.000433s ]
INFO: [ app_begin ] --END-- [ RunTime:0.000508s ]
NOTIC: [8] Undefined index: 1.0.6 /www/wwwroot/xbm.mashangbang.top/Application/Api/Common/function.php 第 9 行.
NOTIC: [8] Undefined index: rows /www/wwwroot/xbm.mashangbang.top/Application/Api/Controller/Home/ItemsController.class.php 第 352 行.
SQL: SHOW COLUMNS FROM `xb_credit_bank` [ RunTime:0.0004s ]
SQL: SELECT `ID`,`BankName`,`Logurl`,`Intro`,`Desc` FROM `xb_credit_bank` WHERE `IsTui` = 1 AND `Status` = 1 AND `IsDel` = 0 ORDER BY Sort asc,ID desc  [ RunTime:0.0001s ]

[ 2019-06-30T12:58:15+08:00 ] 117.101.185.219 /api.php/Home/Items/getcredit?client=ios&isrec=0&package=com.xbm.app&rows=6&ver=1.0.6
INFO: [ app_init ] --START--
INFO: Run Behavior\BuildLiteBehavior [ RunTime:0.000013s ]
INFO: [ app_init ] --END-- [ RunTime:0.000304s ]
INFO: [ app_begin ] --START--
INFO: Run Behavior\ReadHtmlCacheBehavior [ RunTime:0.000469s ]
INFO: [ app_begin ] --END-- [ RunTime:0.000512s ]
NOTIC: [8] Undefined index: 1.0.6 /www/wwwroot/xbm.mashangbang.top/Application/Api/Common/function.php 第 9 行.
SQL: SHOW COLUMNS FROM `xb_items` [ RunTime:0.0007s ]
NOTIC: [8] Use of undefined constant HTTP_X_FORWARDED_FOR - assumed 'HTTP_X_FORWARDED_FOR' /www/wwwroot/xbm.mashangbang.top/Application/Common/Common/function.php 第 1396 行.
NOTIC: [8] Use of undefined constant HTTP_CLIENT_IP - assumed 'HTTP_CLIENT_IP' /www/wwwroot/xbm.mashangbang.top/Application/Common/Common/function.php 第 1398 行.
NOTIC: [8] Use of undefined constant REMOTE_ADDR - assumed 'REMOTE_ADDR' /www/wwwroot/xbm.mashangbang.top/Application/Common/Common/function.php 第 1401 行.
SQL: SHOW COLUMNS FROM `xb_sys_ipaddress` [ RunTime:0.0004s ]
SQL: SELECT * FROM `xb_sys_ipaddress` WHERE `IpAddress` = '117.101.185.219' LIMIT 1   [ RunTime:0.0001s ]
NOTIC: [8] Undefined index: data /www/wwwroot/xbm.mashangbang.top/Application/Common/Common/function.php 第 1423 行.
NOTIC: [8] Undefined index: data /www/wwwroot/xbm.mashangbang.top/Application/Common/Common/function.php 第 1424 行.
NOTIC: [8] Undefined variable: areid /www/wwwroot/xbm.mashangbang.top/Application/Api/Controller/Home/ItemsController.class.php 第 310 行.
SQL: SELECT a.ID,a.Name,a.AppNumbs,a.Intro,a.Logurl,b.BankName FROM xb_items a left join xb_credit_bank b on b.ID=a.BankID  WHERE a.Itype = 2 AND a.IsHot = 1 AND a.IsRec = 0 AND a.IsDel = 0 AND a.Showtype IN ('1','3') AND a.Status = '1' AND a.Isshow = '1' ORDER BY a.Sort asc,a.ID desc LIMIT 6   [ RunTime:0.0003s ]

[ 2019-06-30T12:58:18+08:00 ] 117.101.185.219 /api.php/Home/items/getmoneytype?client=ios&package=com.xbm.app&ver=1.0.6
INFO: [ app_init ] --START--
INFO: Run Behavior\BuildLiteBehavior [ RunTime:0.000012s ]
INFO: [ app_init ] --END-- [ RunTime:0.000298s ]
INFO: [ app_begin ] --START--
INFO: Run Behavior\ReadHtmlCacheBehavior [ RunTime:0.000439s ]
INFO: [ app_begin ] --END-- [ RunTime:0.000483s ]
NOTIC: [8] Undefined index: 1.0.6 /www/wwwroot/xbm.mashangbang.top/Application/Api/Common/function.php 第 9 行.
SQL: SHOW COLUMNS FROM `xb_items_moneytype` [ RunTime:0.0005s ]
SQL: SELECT `ID`,`Name` FROM `xb_items_moneytype` WHERE `IsDel` = 0 AND `Status` = 1 ORDER BY Sort asc,ID desc  [ RunTime:0.0001s ]

[ 2019-06-30T12:58:18+08:00 ] 117.101.185.219 /api.php/Home/items/getcate?client=ios&package=com.xbm.app&ver=1.0.6
INFO: [ app_init ] --START--
INFO: Run Behavior\BuildLiteBehavior [ RunTime:0.000012s ]
INFO: [ app_init ] --END-- [ RunTime:0.000304s ]
INFO: [ app_begin ] --START--
INFO: Run Behavior\ReadHtmlCacheBehavior [ RunTime:0.000462s ]
INFO: [ app_begin ] --END-- [ RunTime:0.000510s ]
NOTIC: [8] Undefined index: 1.0.6 /www/wwwroot/xbm.mashangbang.top/Application/Api/Common/function.php 第 9 行.
SQL: SHOW COLUMNS FROM `xb_items_category` [ RunTime:0.0004s ]
SQL: SELECT `ID`,`Name` FROM `xb_items_category` WHERE `IsDel` = 0 AND `Status` = 1 ORDER BY Sort asc,ID desc  [ RunTime:0.0001s ]

[ 2019-06-30T12:58:18+08:00 ] 117.101.185.219 /api.php/Home/items/getjktimes?client=ios&package=com.xbm.app&ver=1.0.6
INFO: [ app_init ] --START--
INFO: Run Behavior\BuildLiteBehavior [ RunTime:0.000011s ]
INFO: [ app_init ] --END-- [ RunTime:0.000293s ]
INFO: [ app_begin ] --START--
INFO: Run Behavior\ReadHtmlCacheBehavior [ RunTime:0.000457s ]
INFO: [ app_begin ] --END-- [ RunTime:0.000497s ]
NOTIC: [8] Undefined index: 1.0.6 /www/wwwroot/xbm.mashangbang.top/Application/Api/Common/function.php 第 9 行.
SQL: SHOW COLUMNS FROM `xb_items_jktimes` [ RunTime:0.0004s ]
SQL: SELECT `ID`,`Name` FROM `xb_items_jktimes` WHERE `IsDel` = 0 AND `Status` = 1 ORDER BY Sort asc  [ RunTime:0.0001s ]

[ 2019-06-30T12:58:18+08:00 ] 117.101.185.219 /api.php/Home/items/getneed?client=ios&package=com.xbm.app&ver=1.0.6
INFO: [ app_init ] --START--
INFO: Run Behavior\BuildLiteBehavior [ RunTime:0.000008s ]
INFO: [ app_init ] --END-- [ RunTime:0.000220s ]
INFO: [ app_begin ] --START--
INFO: Run Behavior\ReadHtmlCacheBehavior [ RunTime:0.000307s ]
INFO: [ app_begin ] --END-- [ RunTime:0.000335s ]
NOTIC: [8] Undefined index: 1.0.6 /www/wwwroot/xbm.mashangbang.top/Application/Api/Common/function.php 第 9 行.
SQL: SHOW COLUMNS FROM `xb_items_needs` [ RunTime:0.0004s ]
SQL: SELECT `ID`,`Name` FROM `xb_items_needs` WHERE `IsDel` = 0 AND `Status` = 1 ORDER BY Sort asc,ID desc  [ RunTime:0.0001s ]

[ 2019-06-30T12:58:18+08:00 ] 117.101.185.219 /api.php/Home/Items/getitems?cid=0&client=ios&jkday=0&nids=0&package=com.xbm.app&page=0&rows=8&tid=0&ver=1.0.6
INFO: [ app_init ] --START--
INFO: Run Behavior\BuildLiteBehavior [ RunTime:0.000010s ]
INFO: [ app_init ] --END-- [ RunTime:0.000226s ]
INFO: [ app_begin ] --START--
INFO: Run Behavior\ReadHtmlCacheBehavior [ RunTime:0.000328s ]
INFO: [ app_begin ] --END-- [ RunTime:0.000361s ]
NOTIC: [8] Undefined index: 1.0.6 /www/wwwroot/xbm.mashangbang.top/Application/Api/Common/function.php 第 9 行.
SQL: SHOW COLUMNS FROM `xb_items` [ RunTime:0.0008s ]
NOTIC: [8] Use of undefined constant HTTP_X_FORWARDED_FOR - assumed 'HTTP_X_FORWARDED_FOR' /www/wwwroot/xbm.mashangbang.top/Application/Common/Common/function.php 第 1396 行.
NOTIC: [8] Use of undefined constant HTTP_CLIENT_IP - assumed 'HTTP_CLIENT_IP' /www/wwwroot/xbm.mashangbang.top/Application/Common/Common/function.php 第 1398 行.
NOTIC: [8] Use of undefined constant REMOTE_ADDR - assumed 'REMOTE_ADDR' /www/wwwroot/xbm.mashangbang.top/Application/Common/Common/function.php 第 1401 行.
SQL: SHOW COLUMNS FROM `xb_sys_ipaddress` [ RunTime:0.0004s ]
SQL: SELECT * FROM `xb_sys_ipaddress` WHERE `IpAddress` = '117.101.185.219' LIMIT 1   [ RunTime:0.0001s ]
NOTIC: [8] Undefined index: data /www/wwwroot/xbm.mashangbang.top/Application/Common/Common/function.php 第 1423 行.
NOTIC: [8] Undefined index: data /www/wwwroot/xbm.mashangbang.top/Application/Common/Common/function.php 第 1424 行.
NOTIC: [8] Undefined variable: areid /www/wwwroot/xbm.mashangbang.top/Application/Api/Controller/Home/ItemsController.class.php 第 72 行.
SQL: SELECT a.ID,a.Name,a.Openurl,a.linkType,a.Logurl,a.AppNumbs,a.Intro,c.Name as Jkdays,a.DayfeeRate,b.Name as TypeName FROM xb_items a left join xb_items_moneytype b on b.ID=a.MoneytypeID left join xb_items_jktimes c on a.JktimesID=c.ID  WHERE a.Isshow = '1' AND a.Itype = 1 AND a.Showtype IN ('1','3') AND a.IsDel = 0 AND a.Status = '1' ORDER BY a.Sort asc,a.ID desc LIMIT 0,8   [ RunTime:0.0006s ]
NOTIC: [8] Undefined variable: jkday /www/wwwroot/xbm.mashangbang.top/Application/Api/Controller/Home/ItemsController.class.php 第 112 行.
NOTIC: [8] Undefined variable: mtype /www/wwwroot/xbm.mashangbang.top/Application/Api/Controller/Home/ItemsController.class.php 第 115 行.
NOTIC: [8] Undefined variable: jkday /www/wwwroot/xbm.mashangbang.top/Application/Api/Controller/Home/ItemsController.class.php 第 112 行.
NOTIC: [8] Undefined variable: mtype /www/wwwroot/xbm.mashangbang.top/Application/Api/Controller/Home/ItemsController.class.php 第 115 行.
NOTIC: [8] Undefined variable: jkday /www/wwwroot/xbm.mashangbang.top/Application/Api/Controller/Home/ItemsController.class.php 第 112 行.
NOTIC: [8] Undefined variable: mtype /www/wwwroot/xbm.mashangbang.top/Application/Api/Controller/Home/ItemsController.class.php 第 115 行.
NOTIC: [8] Undefined variable: jkday /www/wwwroot/xbm.mashangbang.top/Application/Api/Controller/Home/ItemsController.class.php 第 112 行.
NOTIC: [8] Undefined variable: mtype /www/wwwroot/xbm.mashangbang.top/Application/Api/Controller/Home/ItemsController.class.php 第 115 行.
NOTIC: [8] Undefined variable: jkday /www/wwwroot/xbm.mashangbang.top/Application/Api/Controller/Home/ItemsController.class.php 第 112 行.
NOTIC: [8] Undefined variable: mtype /www/wwwroot/xbm.mashangbang.top/Application/Api/Controller/Home/ItemsController.class.php 第 115 行.

[ 2019-06-30T12:58:18+08:00 ] 117.101.185.219 /api.php/center/member/info
INFO: [ app_init ] --START--
INFO: Run Behavior\BuildLiteBehavior [ RunTime:0.000008s ]
INFO: [ app_init ] --END-- [ RunTime:0.000208s ]
INFO: [ app_begin ] --START--
INFO: Run Behavior\ReadHtmlCacheBehavior [ RunTime:0.000304s ]
INFO: [ app_begin ] --END-- [ RunTime:0.000334s ]
NOTIC: [8] Undefined index: 1.0.6 /www/wwwroot/xbm.mashangbang.top/Application/Api/Common/function.php 第 9 行.
SQL: SHOW COLUMNS FROM `xb_mem_info` [ RunTime:0.0005s ]
SQL: SELECT * FROM `xb_mem_info` WHERE `ID` = 40968 AND `Status` = 1 AND `IsDel` = 0 LIMIT 1   [ RunTime:0.0003s ]
SQL: SHOW COLUMNS FROM `xb_mem_money` [ RunTime:0.0004s ]
SQL: SELECT `Money` FROM `xb_mem_money` WHERE `Uid` = 40968 AND `Type` = 0 AND `IsAduit` = 2  [ RunTime:0.0001s ]
SQL: SHOW COLUMNS FROM `xb_mem_balances` [ RunTime:0.0003s ]
SQL: SELECT `Amount` FROM `xb_mem_balances` WHERE `UserID` = 40968 AND `Type` = 0 AND `SruType` <> '5'  [ RunTime:0.0001s ]

[ 2019-06-30T12:58:19+08:00 ] 117.101.185.219 /api.php/center/member/isnoreadmsg
INFO: [ app_init ] --START--
INFO: Run Behavior\BuildLiteBehavior [ RunTime:0.000012s ]
INFO: [ app_init ] --END-- [ RunTime:0.000325s ]
INFO: [ app_begin ] --START--
INFO: Run Behavior\ReadHtmlCacheBehavior [ RunTime:0.000442s ]
INFO: [ app_begin ] --END-- [ RunTime:0.000488s ]
NOTIC: [8] Undefined index: 1.0.6 /www/wwwroot/xbm.mashangbang.top/Application/Api/Common/function.php 第 9 行.
SQL: SHOW COLUMNS FROM `xb_mem_message` [ RunTime:0.0006s ]
SQL: SELECT * FROM `xb_mem_message` WHERE (  `UserID` IN (0,'40968') AND `Status` = '1' ) AND `Type` = 0 ORDER BY SendTime desc  [ RunTime:0.0001s ]
SQL: SELECT * FROM `xb_mem_message` WHERE (  `UserID` IN (0,'40968') AND `Status` = '1' ) AND `Type` = 1 ORDER BY SendTime desc  [ RunTime:0.0001s ]

[ 2019-06-30T12:58:19+08:00 ] 117.101.185.219 /api.php/center/member/info
INFO: [ app_init ] --START--
INFO: Run Behavior\BuildLiteBehavior [ RunTime:0.000011s ]
INFO: [ app_init ] --END-- [ RunTime:0.000306s ]
INFO: [ app_begin ] --START--
INFO: Run Behavior\ReadHtmlCacheBehavior [ RunTime:0.000422s ]
INFO: [ app_begin ] --END-- [ RunTime:0.000468s ]
NOTIC: [8] Undefined index: 1.0.6 /www/wwwroot/xbm.mashangbang.top/Application/Api/Common/function.php 第 9 行.
SQL: SHOW COLUMNS FROM `xb_mem_info` [ RunTime:0.0006s ]
SQL: SELECT * FROM `xb_mem_info` WHERE `ID` = 40968 AND `Status` = 1 AND `IsDel` = 0 LIMIT 1   [ RunTime:0.0001s ]
SQL: SHOW COLUMNS FROM `xb_mem_money` [ RunTime:0.0004s ]
SQL: SELECT `Money` FROM `xb_mem_money` WHERE `Uid` = 40968 AND `Type` = 0 AND `IsAduit` = 2  [ RunTime:0.0001s ]
SQL: SHOW COLUMNS FROM `xb_mem_balances` [ RunTime:0.0004s ]
SQL: SELECT `Amount` FROM `xb_mem_balances` WHERE `UserID` = 40968 AND `Type` = 0 AND `SruType` <> '5'  [ RunTime:0.0001s ]

[ 2019-06-30T12:58:19+08:00 ] 117.101.185.219 /api.php/center/member/bankuais
INFO: [ app_init ] --START--
INFO: Run Behavior\BuildLiteBehavior [ RunTime:0.000014s ]
INFO: [ app_init ] --END-- [ RunTime:0.000312s ]
INFO: [ app_begin ] --START--
INFO: Run Behavior\ReadHtmlCacheBehavior [ RunTime:0.000431s ]
INFO: [ app_begin ] --END-- [ RunTime:0.000479s ]
NOTIC: [8] Undefined index: 1.0.6 /www/wwwroot/xbm.mashangbang.top/Application/Api/Common/function.php 第 9 行.
SQL: SHOW COLUMNS FROM `xb_mem_bankuai` [ RunTime:0.0003s ]
SQL: SELECT `ID`,`Name`,`Intro`,`Backurl` FROM `xb_mem_bankuai` WHERE `Status` = 1 AND `IsDel` = 0  [ RunTime:0.0001s ]

