[ 2019-07-16T09:52:31+08:00 ] 58.132.205.66 /admin.php
INFO: [ app_init ] --START--
INFO: Run Behavior\BuildLiteBehavior [ RunTime:0.000010s ]
INFO: [ app_init ] --END-- [ RunTime:0.000256s ]
INFO: [ app_begin ] --START--
INFO: Run Behavior\ReadHtmlCacheBehavior [ RunTime:0.000316s ]
INFO: [ app_begin ] --END-- [ RunTime:0.000347s ]

[ 2019-07-16T09:52:32+08:00 ] 58.132.205.66 /admin.php/System/Login/login.html
INFO: [ app_init ] --START--
INFO: Run Behavior\BuildLiteBehavior [ RunTime:0.000008s ]
INFO: [ app_init ] --END-- [ RunTime:0.000257s ]
INFO: [ app_begin ] --START--
INFO: Run Behavior\ReadHtmlCacheBehavior [ RunTime:0.000321s ]
INFO: [ app_begin ] --END-- [ RunTime:0.000353s ]
SQL: SHOW COLUMNS FROM `xb_sys_basicinfo` [ RunTime:0.0008s ]
SQL: SELECT `MAC` FROM `xb_sys_basicinfo` WHERE ( ID = 1 ) LIMIT 1   [ RunTime:0.0001s ]
INFO: [ view_parse ] --START--
INFO: [ template_filter ] --START--
INFO: Run Behavior\ContentReplaceBehavior [ RunTime:0.000033s ]
INFO: [ template_filter ] --END-- [ RunTime:0.000062s ]
INFO: Run Behavior\ParseTemplateBehavior [ RunTime:0.003780s ]
INFO: [ view_parse ] --END-- [ RunTime:0.003807s ]
INFO: [ view_filter ] --START--
INFO: Run Behavior\WriteHtmlCacheBehavior [ RunTime:0.000142s ]
INFO: [ view_filter ] --END-- [ RunTime:0.000160s ]
INFO: [ app_end ] --START--
INFO: Run Behavior\ShowPageTraceBehavior [ RunTime:0.000350s ]
INFO: [ app_end ] --END-- [ RunTime:0.000377s ]

[ 2019-07-16T09:52:32+08:00 ] 58.132.205.66 /admin.php/System/Login/selfverify.html
INFO: [ app_init ] --START--
INFO: Run Behavior\BuildLiteBehavior [ RunTime:0.000009s ]
INFO: [ app_init ] --END-- [ RunTime:0.000224s ]
INFO: [ app_begin ] --START--
INFO: Run Behavior\ReadHtmlCacheBehavior [ RunTime:0.000319s ]
INFO: [ app_begin ] --END-- [ RunTime:0.000352s ]
INFO: [ app_end ] --START--
INFO: Run Behavior\ShowPageTraceBehavior [ RunTime:0.000359s ]
INFO: [ app_end ] --END-- [ RunTime:0.000394s ]

[ 2019-07-16T09:52:44+08:00 ] 58.132.205.66 /admin.php/System/Login/selfverify.html?0.5296323251861217
INFO: [ app_init ] --START--
INFO: Run Behavior\BuildLiteBehavior [ RunTime:0.000011s ]
INFO: [ app_init ] --END-- [ RunTime:0.000250s ]
INFO: [ app_begin ] --START--
INFO: Run Behavior\ReadHtmlCacheBehavior [ RunTime:0.000318s ]
INFO: [ app_begin ] --END-- [ RunTime:0.000351s ]
INFO: [ app_end ] --START--
INFO: Run Behavior\ShowPageTraceBehavior [ RunTime:0.000359s ]
INFO: [ app_end ] --END-- [ RunTime:0.000396s ]

[ 2019-07-16T09:52:45+08:00 ] 58.132.205.66 /admin.php/System/Login/selfverify.html?0.5296323251861217?0.037664697799925095
INFO: [ app_init ] --START--
INFO: Run Behavior\BuildLiteBehavior [ RunTime:0.000011s ]
INFO: [ app_init ] --END-- [ RunTime:0.000258s ]
INFO: [ app_begin ] --START--
INFO: Run Behavior\ReadHtmlCacheBehavior [ RunTime:0.000302s ]
INFO: [ app_begin ] --END-- [ RunTime:0.000345s ]
INFO: [ app_end ] --START--
INFO: Run Behavior\ShowPageTraceBehavior [ RunTime:0.000356s ]
INFO: [ app_end ] --END-- [ RunTime:0.000391s ]

[ 2019-07-16T09:52:46+08:00 ] 58.132.205.66 /admin.php/System/Login/selfverify.html?0.5296323251861217?0.037664697799925095?0.9856298557008241
INFO: [ app_init ] --START--
INFO: Run Behavior\BuildLiteBehavior [ RunTime:0.000009s ]
INFO: [ app_init ] --END-- [ RunTime:0.000243s ]
INFO: [ app_begin ] --START--
INFO: Run Behavior\ReadHtmlCacheBehavior [ RunTime:0.000311s ]
INFO: [ app_begin ] --END-- [ RunTime:0.000342s ]
INFO: [ app_end ] --START--
INFO: Run Behavior\ShowPageTraceBehavior [ RunTime:0.000356s ]
INFO: [ app_end ] --END-- [ RunTime:0.000391s ]

[ 2019-07-16T09:52:47+08:00 ] 58.132.205.66 /admin.php/System/Login/selfverify.html?0.5296323251861217?0.037664697799925095?0.9856298557008241?0.7274866351637967
INFO: [ app_init ] --START--
INFO: Run Behavior\BuildLiteBehavior [ RunTime:0.000011s ]
INFO: [ app_init ] --END-- [ RunTime:0.000245s ]
INFO: [ app_begin ] --START--
INFO: Run Behavior\ReadHtmlCacheBehavior [ RunTime:0.000342s ]
INFO: [ app_begin ] --END-- [ RunTime:0.000376s ]
INFO: [ app_end ] --START--
INFO: Run Behavior\ShowPageTraceBehavior [ RunTime:0.000376s ]
INFO: [ app_end ] --END-- [ RunTime:0.000411s ]

[ 2019-07-16T09:52:51+08:00 ] 58.132.205.66 /admin.php/System/Login/doLogin.html
INFO: [ app_init ] --START--
INFO: Run Behavior\BuildLiteBehavior [ RunTime:0.000009s ]
INFO: [ app_init ] --END-- [ RunTime:0.000217s ]
INFO: [ app_begin ] --START--
INFO: Run Behavior\ReadHtmlCacheBehavior [ RunTime:0.000336s ]
INFO: [ app_begin ] --END-- [ RunTime:0.000369s ]
SQL: SHOW COLUMNS FROM `xb_sys_administrator` [ RunTime:0.0005s ]
SQL: SELECT * FROM `xb_sys_administrator` WHERE `UserName` = 'admin' AND `Status` = 1 AND `IsDel` = 0 LIMIT 1   [ RunTime:0.0003s ]
SQL: SHOW COLUMNS FROM `xb_sys_role` [ RunTime:0.0004s ]
SQL: SELECT * FROM `xb_sys_role` WHERE `IsDel` = 0 AND `Status` = 1 AND `ID` = 2 LIMIT 1   [ RunTime:0.0001s ]
SQL: UPDATE `xb_sys_administrator` SET `LoginIP`='58.132.205.66' WHERE `ID` = 2 [ RunTime:0.0038s ]
SQL: SHOW COLUMNS FROM `xb_sys_ipaddress` [ RunTime:0.0004s ]
SQL: SELECT * FROM `xb_sys_ipaddress` WHERE `IpAddress` = '58.132.205.66' LIMIT 1   [ RunTime:0.0001s ]
NOTIC: [8] Undefined index: data /www/wwwroot/xbm.mashangbang.top/Application/Common/Common/function.php 第 385 行.
NOTIC: [8] Undefined index: data /www/wwwroot/xbm.mashangbang.top/Application/Common/Common/function.php 第 386 行.
SQL: UPDATE `xb_sys_administrator` SET `IpCity`=NULL,`LoginCount`='2027',`ErrorCount`='0',`LoginTime`='2019-07-16 09:52:51' WHERE `ID` = 2 [ RunTime:0.0061s ]
SQL: SELECT `Name` FROM `xb_sys_role` WHERE `ID` = 2 LIMIT 1   [ RunTime:0.0001s ]

[ 2019-07-16T09:52:51+08:00 ] 58.132.205.66 /admin.php
INFO: [ app_init ] --START--
INFO: Run Behavior\BuildLiteBehavior [ RunTime:0.000010s ]
INFO: [ app_init ] --END-- [ RunTime:0.000242s ]
INFO: [ app_begin ] --START--
INFO: Run Behavior\ReadHtmlCacheBehavior [ RunTime:0.000361s ]
INFO: [ app_begin ] --END-- [ RunTime:0.000396s ]
SQL: SHOW COLUMNS FROM `xb_sys_menu` [ RunTime:0.0005s ]
SQL: SELECT * FROM `xb_sys_menu` WHERE `Url` LIKE 'System/Index%' AND `IsDel` = 0 AND `Status` = 1 LIMIT 1   [ RunTime:0.0001s ]
SQL: SHOW COLUMNS FROM `xb_sys_operationbutton` [ RunTime:0.0004s ]
SQL: SELECT * FROM `xb_sys_operationbutton` WHERE `IsDel` = 0 AND `Status` = 1 AND `EName` = 'index' LIMIT 1   [ RunTime:0.0001s ]
SQL: SHOW COLUMNS FROM `xb_sys_role` [ RunTime:0.0003s ]
SQL: SELECT `ID` FROM `xb_sys_role` WHERE `Status` = 1 AND `IsDel` = 0  [ RunTime:0.0001s ]
SQL: SHOW COLUMNS FROM `xb_sys_rolemenu` [ RunTime:0.0003s ]
SQL: SELECT * FROM `xb_sys_rolemenu` WHERE `ParentID` = 0 AND `RoleID` = 1  [ RunTime:0.0001s ]
SQL: SELECT * FROM `xb_sys_menu` WHERE `ID` = 1 LIMIT 1   [ RunTime:0.0001s ]
SQL: SELECT * FROM `xb_sys_rolemenu` WHERE `ParentID` = 1 AND `RoleID` = 1  [ RunTime:0.0001s ]
SQL: SELECT * FROM `xb_sys_menu` WHERE `ID` = 15 AND `Status` = 1 AND `IsDel` = 0 ORDER BY Sort asc,ID asc LIMIT 1   [ RunTime:0.0001s ]
SQL: SELECT * FROM `xb_sys_rolemenu` WHERE `ParentID` = 15 AND `RoleID` = 1  [ RunTime:0.0001s ]
SQL: SELECT * FROM `xb_sys_menu` WHERE `ID` = 16 AND `Status` = 1 AND `IsDel` = 0 ORDER BY Sort asc,ID asc LIMIT 1   [ RunTime:0.0001s ]
SQL: SELECT * FROM `xb_sys_rolemenu` WHERE `ParentID` = 16 AND `RoleID` = 1  [ RunTime:0.0001s ]
SQL: SELECT * FROM `xb_sys_menu` WHERE `ID` = 17 AND `Status` = 1 AND `IsDel` = 0 ORDER BY Sort asc,ID asc LIMIT 1   [ RunTime:0.0001s ]
SQL: SELECT * FROM `xb_sys_rolemenu` WHERE `ParentID` = 17 AND `RoleID` = 1  [ RunTime:0.0001s ]
SQL: SELECT * FROM `xb_sys_menu` WHERE `ID` = 62 AND `Status` = 1 AND `IsDel` = 0 ORDER BY Sort asc,ID asc LIMIT 1   [ RunTime:0.0001s ]
SQL: SELECT * FROM `xb_sys_rolemenu` WHERE `ParentID` = 62 AND `RoleID` = 1  [ RunTime:0.0001s ]
SQL: SELECT * FROM `xb_sys_menu` WHERE `ID` = 23 AND `Status` = 1 AND `IsDel` = 0 ORDER BY Sort asc,ID asc LIMIT 1   [ RunTime:0.0001s ]
SQL: SELECT * FROM `xb_sys_rolemenu` WHERE `ParentID` = 23 AND `RoleID` = 1  [ RunTime:0.0001s ]
SQL: SELECT * FROM `xb_sys_menu` WHERE `ID` = 26 AND `Status` = 1 AND `IsDel` = 0 ORDER BY Sort asc,ID asc LIMIT 1   [ RunTime:0.0001s ]
SQL: SELECT * FROM `xb_sys_rolemenu` WHERE `ParentID` = 26 AND `RoleID` = 1  [ RunTime:0.0001s ]
SQL: SELECT * FROM `xb_sys_menu` WHERE `ID` = 20 AND `Status` = 1 AND `IsDel` = 0 ORDER BY Sort asc,ID asc LIMIT 1   [ RunTime:0.0001s ]
SQL: SELECT * FROM `xb_sys_rolemenu` WHERE `ParentID` = 20 AND `RoleID` = 1  [ RunTime:0.0001s ]
SQL: SELECT * FROM `xb_sys_menu` WHERE `ID` = 22 AND `Status` = 1 AND `IsDel` = 0 ORDER BY Sort asc,ID asc LIMIT 1   [ RunTime:0.0001s ]
SQL: SELECT * FROM `xb_sys_rolemenu` WHERE `ParentID` = 22 AND `RoleID` = 1  [ RunTime:0.0001s ]
SQL: SELECT * FROM `xb_sys_menu` WHERE `ID` = 27 AND `Status` = 1 AND `IsDel` = 0 ORDER BY Sort asc,ID asc LIMIT 1   [ RunTime:0.0001s ]
SQL: SELECT * FROM `xb_sys_rolemenu` WHERE `ParentID` = 27 AND `RoleID` = 1  [ RunTime:0.0001s ]
SQL: SELECT * FROM `xb_sys_menu` WHERE `ID` = 28 AND `Status` = 1 AND `IsDel` = 0 ORDER BY Sort asc,ID asc LIMIT 1   [ RunTime:0.0001s ]
SQL: SELECT * FROM `xb_sys_rolemenu` WHERE `ParentID` = 28 AND `RoleID` = 1  [ RunTime:0.0001s ]
SQL: SELECT * FROM `xb_sys_menu` WHERE `ID` = 29 AND `Status` = 1 AND `IsDel` = 0 ORDER BY Sort asc,ID asc LIMIT 1   [ RunTime:0.0001s ]
SQL: SELECT * FROM `xb_sys_rolemenu` WHERE `ParentID` = 29 AND `RoleID` = 1  [ RunTime:0.0001s ]
SQL: SELECT * FROM `xb_sys_menu` WHERE `ID` = 18 AND `Status` = 1 AND `IsDel` = 0 ORDER BY Sort asc,ID asc LIMIT 1   [ RunTime:0.0001s ]
SQL: SELECT * FROM `xb_sys_rolemenu` WHERE `ParentID` = 18 AND `RoleID` = 1  [ RunTime:0.0001s ]
SQL: SELECT * FROM `xb_sys_menu` WHERE `ID` = 83 AND `Status` = 1 AND `IsDel` = 0 ORDER BY Sort asc,ID asc LIMIT 1   [ RunTime:0.0001s ]
SQL: SELECT * FROM `xb_sys_rolemenu` WHERE `ParentID` = 83 AND `RoleID` = 1  [ RunTime:0.0001s ]
SQL: SELECT * FROM `xb_sys_menu` WHERE `ID` = 3 AND `Status` = 1 AND `IsDel` = 0 ORDER BY Sort asc,ID asc LIMIT 1   [ RunTime:0.0001s ]
SQL: SELECT * FROM `xb_sys_rolemenu` WHERE `ParentID` = 3 AND `RoleID` = 1  [ RunTime:0.0001s ]
SQL: SELECT * FROM `xb_sys_menu` WHERE `ID` = 2 AND `Status` = 1 AND `IsDel` = 0 ORDER BY Sort asc,ID asc LIMIT 1   [ RunTime:0.0001s ]
SQL: SELECT * FROM `xb_sys_rolemenu` WHERE `ParentID` = 2 AND `RoleID` = 1  [ RunTime:0.0001s ]
SQL: SELECT * FROM `xb_sys_menu` WHERE `ID` = 41 LIMIT 1   [ RunTime:0.0001s ]
SQL: SELECT * FROM `xb_sys_rolemenu` WHERE `ParentID` = 41 AND `RoleID` = 1  [ RunTime:0.0001s ]
SQL: SELECT * FROM `xb_sys_menu` WHERE `ID` = 42 AND `Status` = 1 AND `IsDel` = 0 ORDER BY Sort asc,ID asc LIMIT 1   [ RunTime:0.0001s ]
SQL: SELECT * FROM `xb_sys_rolemenu` WHERE `ParentID` = 42 AND `RoleID` = 1  [ RunTime:0.0001s ]
SQL: SELECT * FROM `xb_sys_menu` WHERE `ID` = 43 AND `Status` = 1 AND `IsDel` = 0 ORDER BY Sort asc,ID asc LIMIT 1   [ RunTime:0.0001s ]
SQL: SELECT * FROM `xb_sys_rolemenu` WHERE `ParentID` = 43 AND `RoleID` = 1  [ RunTime:0.0001s ]
SQL: SELECT * FROM `xb_sys_menu` WHERE `ID` = 30 LIMIT 1   [ RunTime:0.0001s ]
SQL: SELECT * FROM `xb_sys_rolemenu` WHERE `ParentID` = 30 AND `RoleID` = 1  [ RunTime:0.0001s ]
SQL: SELECT * FROM `xb_sys_menu` WHERE `ID` = 88 AND `Status` = 1 AND `IsDel` = 0 ORDER BY Sort asc,ID asc LIMIT 1   [ RunTime:0.0001s ]
SQL: SELECT * FROM `xb_sys_rolemenu` WHERE `ParentID` = 88 AND `RoleID` = 1  [ RunTime:0.0001s ]
SQL: SELECT * FROM `xb_sys_menu` WHERE `ID` = 31 AND `Status` = 1 AND `IsDel` = 0 ORDER BY Sort asc,ID asc LIMIT 1   [ RunTime:0.0001s ]
SQL: SELECT * FROM `xb_sys_rolemenu` WHERE `ParentID` = 31 AND `RoleID` = 1  [ RunTime:0.0001s ]
SQL: SELECT * FROM `xb_sys_menu` WHERE `ID` = 32 AND `Status` = 1 AND `IsDel` = 0 ORDER BY Sort asc,ID asc LIMIT 1   [ RunTime:0.0001s ]
SQL: SELECT * FROM `xb_sys_rolemenu` WHERE `ParentID` = 32 AND `RoleID` = 1  [ RunTime:0.0001s ]
SQL: SELECT * FROM `xb_sys_menu` WHERE `ID` = 89 AND `Status` = 1 AND `IsDel` = 0 ORDER BY Sort asc,ID asc LIMIT 1   [ RunTime:0.0001s ]
SQL: SELECT * FROM `xb_sys_rolemenu` WHERE `ParentID` = 89 AND `RoleID` = 1  [ RunTime:0.0001s ]
SQL: SELECT * FROM `xb_sys_rolemenu` WHERE `ParentID` = 0 AND `RoleID` = 2  [ RunTime:0.0001s ]
SQL: SELECT * FROM `xb_sys_menu` WHERE `ID` = 1 LIMIT 1   [ RunTime:0.0001s ]
SQL: SELECT * FROM `xb_sys_rolemenu` WHERE `ParentID` = 1 AND `RoleID` = 2  [ RunTime:0.0001s ]
SQL: SELECT * FROM `xb_sys_menu` WHERE `ID` = 15 AND `Status` = 1 AND `IsDel` = 0 ORDER BY Sort asc,ID asc LIMIT 1   [ RunTime:0.0001s ]
SQL: SELECT * FROM `xb_sys_rolemenu` WHERE `ParentID` = 15 AND `RoleID` = 2  [ RunTime:0.0001s ]
SQL: SELECT * FROM `xb_sys_menu` WHERE `ID` = 16 AND `Status` = 1 AND `IsDel` = 0 ORDER BY Sort asc,ID asc LIMIT 1   [ RunTime:0.0001s ]
SQL: SELECT * FROM `xb_sys_rolemenu` WHERE `ParentID` = 16 AND `RoleID` = 2  [ RunTime:0.0001s ]
SQL: SELECT * FROM `xb_sys_menu` WHERE `ID` = 17 AND `Status` = 1 AND `IsDel` = 0 ORDER BY Sort asc,ID asc LIMIT 1   [ RunTime:0.0001s ]
SQL: SELECT * FROM `xb_sys_rolemenu` WHERE `ParentID` = 17 AND `RoleID` = 2  [ RunTime:0.0001s ]
SQL: SELECT * FROM `xb_sys_menu` WHERE `ID` = 62 AND `Status` = 1 AND `IsDel` = 0 ORDER BY Sort asc,ID asc LIMIT 1   [ RunTime:0.0001s ]
SQL: SELECT * FROM `xb_sys_rolemenu` WHERE `ParentID` = 62 AND `RoleID` = 2  [ RunTime:0.0001s ]
SQL: SELECT * FROM `xb_sys_menu` WHERE `ID` = 27 AND `Status` = 1 AND `IsDel` = 0 ORDER BY Sort asc,ID asc LIMIT 1   [ RunTime:0.0001s ]
SQL: SELECT * FROM `xb_sys_rolemenu` WHERE `ParentID` = 27 AND `RoleID` = 2  [ RunTime:0.0001s ]
SQL: SELECT * FROM `xb_sys_menu` WHERE `ID` = 28 AND `Status` = 1 AND `IsDel` = 0 ORDER BY Sort asc,ID asc LIMIT 1   [ RunTime:0.0001s ]
SQL: SELECT * FROM `xb_sys_rolemenu` WHERE `ParentID` = 28 AND `RoleID` = 2  [ RunTime:0.0001s ]
SQL: SELECT * FROM `xb_sys_menu` WHERE `ID` = 29 AND `Status` = 1 AND `IsDel` = 0 ORDER BY Sort asc,ID asc LIMIT 1   [ RunTime:0.0001s ]
SQL: SELECT * FROM `xb_sys_rolemenu` WHERE `ParentID` = 29 AND `RoleID` = 2  [ RunTime:0.0001s ]
SQL: SELECT * FROM `xb_sys_menu` WHERE `ID` = 119 LIMIT 1   [ RunTime:0.0001s ]
SQL: SELECT * FROM `xb_sys_rolemenu` WHERE `ParentID` = 119 AND `RoleID` = 2  [ RunTime:0.0001s ]
SQL: SELECT * FROM `xb_sys_menu` WHERE `ID` = 120 AND `Status` = 1 AND `IsDel` = 0 ORDER BY Sort asc,ID asc LIMIT 1   [ RunTime:0.0001s ]
SQL: SELECT * FROM `xb_sys_rolemenu` WHERE `ParentID` = 120 AND `RoleID` = 2  [ RunTime:0.0001s ]
SQL: SELECT * FROM `xb_sys_menu` WHERE `ID` = 130 AND `Status` = 1 AND `IsDel` = 0 ORDER BY Sort asc,ID asc LIMIT 1   [ RunTime:0.0001s ]
SQL: SELECT * FROM `xb_sys_rolemenu` WHERE `ParentID` = 130 AND `RoleID` = 2  [ RunTime:0.0001s ]
SQL: SELECT * FROM `xb_sys_menu` WHERE `ID` = 131 AND `Status` = 1 AND `IsDel` = 0 ORDER BY Sort asc,ID asc LIMIT 1   [ RunTime:0.0001s ]
SQL: SELECT * FROM `xb_sys_rolemenu` WHERE `ParentID` = 131 AND `RoleID` = 2  [ RunTime:0.0001s ]
SQL: SELECT * FROM `xb_sys_menu` WHERE `ID` = 121 AND `Status` = 1 AND `IsDel` = 0 ORDER BY Sort asc,ID asc LIMIT 1   [ RunTime:0.0001s ]
SQL: SELECT * FROM `xb_sys_rolemenu` WHERE `ParentID` = 121 AND `RoleID` = 2  [ RunTime:0.0001s ]
SQL: SELECT * FROM `xb_sys_menu` WHERE `ID` = 122 AND `Status` = 1 AND `IsDel` = 0 ORDER BY Sort asc,ID asc LIMIT 1   [ RunTime:0.0001s ]
SQL: SELECT * FROM `xb_sys_rolemenu` WHERE `ParentID` = 122 AND `RoleID` = 2  [ RunTime:0.0001s ]
SQL: SELECT * FROM `xb_sys_menu` WHERE `ID` = 123 AND `Status` = 1 AND `IsDel` = 0 ORDER BY Sort asc,ID asc LIMIT 1   [ RunTime:0.0001s ]
SQL: SELECT * FROM `xb_sys_rolemenu` WHERE `ParentID` = 123 AND `RoleID` = 2  [ RunTime:0.0001s ]
SQL: SELECT * FROM `xb_sys_menu` WHERE `ID` = 124 AND `Status` = 1 AND `IsDel` = 0 ORDER BY Sort asc,ID asc LIMIT 1   [ RunTime:0.0001s ]
SQL: SELECT * FROM `xb_sys_rolemenu` WHERE `ParentID` = 124 AND `RoleID` = 2  [ RunTime:0.0001s ]
SQL: SELECT * FROM `xb_sys_menu` WHERE `ID` = 143 AND `Status` = 1 AND `IsDel` = 0 ORDER BY Sort asc,ID asc LIMIT 1   [ RunTime:0.0001s ]
SQL: SELECT * FROM `xb_sys_rolemenu` WHERE `ParentID` = 143 AND `RoleID` = 2  [ RunTime:0.0001s ]
SQL: SELECT * FROM `xb_sys_menu` WHERE `ID` = 132 AND `Status` = 1 AND `IsDel` = 0 ORDER BY Sort asc,ID asc LIMIT 1   [ RunTime:0.0001s ]
SQL: SELECT * FROM `xb_sys_rolemenu` WHERE `ParentID` = 132 AND `RoleID` = 2  [ RunTime:0.0001s ]
SQL: SELECT * FROM `xb_sys_menu` WHERE `ID` = 126 AND `Status` = 1 AND `IsDel` = 0 ORDER BY Sort asc,ID asc LIMIT 1   [ RunTime:0.0001s ]
SQL: SELECT * FROM `xb_sys_rolemenu` WHERE `ParentID` = 126 AND `RoleID` = 2  [ RunTime:0.0001s ]
SQL: SELECT * FROM `xb_sys_menu` WHERE `ID` = 127 AND `Status` = 1 AND `IsDel` = 0 ORDER BY Sort asc,ID asc LIMIT 1   [ RunTime:0.0001s ]
SQL: SELECT * FROM `xb_sys_rolemenu` WHERE `ParentID` = 127 AND `RoleID` = 2  [ RunTime:0.0001s ]
SQL: SELECT * FROM `xb_sys_menu` WHERE `ID` = 128 AND `Status` = 1 AND `IsDel` = 0 ORDER BY Sort asc,ID asc LIMIT 1   [ RunTime:0.0001s ]
SQL: SELECT * FROM `xb_sys_rolemenu` WHERE `ParentID` = 128 AND `RoleID` = 2  [ RunTime:0.0001s ]
SQL: SELECT * FROM `xb_sys_menu` WHERE `ID` = 129 AND `Status` = 1 AND `IsDel` = 0 ORDER BY Sort asc,ID asc LIMIT 1   [ RunTime:0.0001s ]
SQL: SELECT * FROM `xb_sys_rolemenu` WHERE `ParentID` = 129 AND `RoleID` = 2  [ RunTime:0.0001s ]
SQL: SELECT * FROM `xb_sys_menu` WHERE `ID` = 155 AND `Status` = 1 AND `IsDel` = 0 ORDER BY Sort asc,ID asc LIMIT 1   [ RunTime:0.0001s ]
SQL: SELECT * FROM `xb_sys_rolemenu` WHERE `ParentID` = 155 AND `RoleID` = 2  [ RunTime:0.0001s ]
SQL: SELECT * FROM `xb_sys_menu` WHERE `ID` = 156 LIMIT 1   [ RunTime:0.0001s ]
SQL: SELECT * FROM `xb_sys_rolemenu` WHERE `ParentID` = 156 AND `RoleID` = 2  [ RunTime:0.0001s ]
SQL: SELECT * FROM `xb_sys_menu` WHERE `ID` = 157 AND `Status` = 1 AND `IsDel` = 0 ORDER BY Sort asc,ID asc LIMIT 1   [ RunTime:0.0001s ]
SQL: SELECT * FROM `xb_sys_rolemenu` WHERE `ParentID` = 157 AND `RoleID` = 2  [ RunTime:0.0001s ]
SQL: SELECT * FROM `xb_sys_menu` WHERE `ID` = 158 AND `Status` = 1 AND `IsDel` = 0 ORDER BY Sort asc,ID asc LIMIT 1   [ RunTime:0.0001s ]
SQL: SELECT * FROM `xb_sys_rolemenu` WHERE `ParentID` = 158 AND `RoleID` = 2  [ RunTime:0.0001s ]
SQL: SELECT * FROM `xb_sys_menu` WHERE `ID` = 90 LIMIT 1   [ RunTime:0.0001s ]
SQL: SELECT * FROM `xb_sys_rolemenu` WHERE `ParentID` = 90 AND `RoleID` = 2  [ RunTime:0.0001s ]
SQL: SELECT * FROM `xb_sys_menu` WHERE `ID` = 110 AND `Status` = 1 AND `IsDel` = 0 ORDER BY Sort asc,ID asc LIMIT 1   [ RunTime:0.0001s ]
SQL: SELECT * FROM `xb_sys_rolemenu` WHERE `ParentID` = 110 AND `RoleID` = 2  [ RunTime:0.0001s ]
SQL: SELECT * FROM `xb_sys_menu` WHERE `ID` = 159 AND `Status` = 1 AND `IsDel` = 0 ORDER BY Sort asc,ID asc LIMIT 1   [ RunTime:0.0001s ]
SQL: SELECT * FROM `xb_sys_rolemenu` WHERE `ParentID` = 159 AND `RoleID` = 2  [ RunTime:0.0001s ]
SQL: SELECT * FROM `xb_sys_menu` WHERE `ID` = 135 AND `Status` = 1 AND `IsDel` = 0 ORDER BY Sort asc,ID asc LIMIT 1   [ RunTime:0.0001s ]
SQL: SELECT * FROM `xb_sys_rolemenu` WHERE `ParentID` = 135 AND `RoleID` = 2  [ RunTime:0.0001s ]
SQL: SELECT * FROM `xb_sys_menu` WHERE `ID` = 140 LIMIT 1   [ RunTime:0.0001s ]
SQL: SELECT * FROM `xb_sys_rolemenu` WHERE `ParentID` = 140 AND `RoleID` = 2  [ RunTime:0.0001s ]
SQL: SELECT * FROM `xb_sys_menu` WHERE `ID` = 144 AND `Status` = 1 AND `IsDel` = 0 ORDER BY Sort asc,ID asc LIMIT 1   [ RunTime:0.0001s ]
SQL: SELECT * FROM `xb_sys_rolemenu` WHERE `ParentID` = 144 AND `RoleID` = 2  [ RunTime:0.0001s ]
SQL: SELECT * FROM `xb_sys_menu` WHERE `ID` = 145 AND `Status` = 1 AND `IsDel` = 0 ORDER BY Sort asc,ID asc LIMIT 1   [ RunTime:0.0001s ]
SQL: SELECT * FROM `xb_sys_rolemenu` WHERE `ParentID` = 145 AND `RoleID` = 2  [ RunTime:0.0001s ]
SQL: SELECT * FROM `xb_sys_menu` WHERE `ID` = 146 AND `Status` = 1 AND `IsDel` = 0 ORDER BY Sort asc,ID asc LIMIT 1   [ RunTime:0.0001s ]
SQL: SELECT * FROM `xb_sys_rolemenu` WHERE `ParentID` = 146 AND `RoleID` = 2  [ RunTime:0.0001s ]
SQL: SELECT * FROM `xb_sys_menu` WHERE `ID` = 42 LIMIT 1   [ RunTime:0.0001s ]
SQL: SELECT * FROM `xb_sys_rolemenu` WHERE `ParentID` = 42 AND `RoleID` = 2  [ RunTime:0.0001s ]
SQL: SELECT * FROM `xb_sys_menu` WHERE `ID` = 41 AND `Status` = 1 AND `IsDel` = 0 ORDER BY Sort asc,ID asc LIMIT 1   [ RunTime:0.0001s ]
SQL: SELECT * FROM `xb_sys_rolemenu` WHERE `ParentID` = 41 AND `RoleID` = 2  [ RunTime:0.0001s ]
SQL: SELECT * FROM `xb_sys_menu` WHERE `ID` = 43 AND `Status` = 1 AND `IsDel` = 0 ORDER BY Sort asc,ID asc LIMIT 1   [ RunTime:0.0001s ]
SQL: SELECT * FROM `xb_sys_rolemenu` WHERE `ParentID` = 43 AND `RoleID` = 2  [ RunTime:0.0001s ]
SQL: SELECT * FROM `xb_sys_menu` WHERE `ID` = 30 LIMIT 1   [ RunTime:0.0001s ]
SQL: SELECT * FROM `xb_sys_rolemenu` WHERE `ParentID` = 30 AND `RoleID` = 2  [ RunTime:0.0001s ]
SQL: SELECT * FROM `xb_sys_menu` WHERE `ID` = 88 AND `Status` = 1 AND `IsDel` = 0 ORDER BY Sort asc,ID asc LIMIT 1   [ RunTime:0.0001s ]
SQL: SELECT * FROM `xb_sys_rolemenu` WHERE `ParentID` = 88 AND `RoleID` = 2  [ RunTime:0.0001s ]
SQL: SELECT * FROM `xb_sys_menu` WHERE `ID` = 148 LIMIT 1   [ RunTime:0.0001s ]
SQL: SELECT * FROM `xb_sys_rolemenu` WHERE `ParentID` = 148 AND `RoleID` = 2  [ RunTime:0.0001s ]
SQL: SELECT * FROM `xb_sys_menu` WHERE `ID` = 152 AND `Status` = 1 AND `IsDel` = 0 ORDER BY Sort asc,ID asc LIMIT 1   [ RunTime:0.0001s ]
SQL: SELECT * FROM `xb_sys_rolemenu` WHERE `ParentID` = 152 AND `RoleID` = 2  [ RunTime:0.0001s ]
SQL: SELECT * FROM `xb_sys_menu` WHERE `ID` = 153 AND `Status` = 1 AND `IsDel` = 0 ORDER BY Sort asc,ID asc LIMIT 1   [ RunTime:0.0001s ]
SQL: SELECT * FROM `xb_sys_rolemenu` WHERE `ParentID` = 153 AND `RoleID` = 2  [ RunTime:0.0001s ]
SQL: SELECT * FROM `xb_sys_menu` WHERE `ID` = 149 AND `Status` = 1 AND `IsDel` = 0 ORDER BY Sort asc,ID asc LIMIT 1   [ RunTime:0.0001s ]
SQL: SELECT * FROM `xb_sys_rolemenu` WHERE `ParentID` = 149 AND `RoleID` = 2  [ RunTime:0.0001s ]
SQL: SELECT * FROM `xb_sys_menu` WHERE `ID` = 150 AND `Status` = 1 AND `IsDel` = 0 ORDER BY Sort asc,ID asc LIMIT 1   [ RunTime:0.0001s ]
SQL: SELECT * FROM `xb_sys_rolemenu` WHERE `ParentID` = 150 AND `RoleID` = 2  [ RunTime:0.0001s ]
SQL: SELECT * FROM `xb_sys_menu` WHERE `ID` = 151 AND `Status` = 1 AND `IsDel` = 0 ORDER BY Sort asc,ID asc LIMIT 1   [ RunTime:0.0001s ]
SQL: SELECT * FROM `xb_sys_rolemenu` WHERE `ParentID` = 151 AND `RoleID` = 2  [ RunTime:0.0001s ]
SQL: SELECT * FROM `xb_sys_menu` WHERE `ID` = 154 AND `Status` = 1 AND `IsDel` = 0 ORDER BY Sort asc,ID asc LIMIT 1   [ RunTime:0.0001s ]
SQL: SELECT * FROM `xb_sys_rolemenu` WHERE `ParentID` = 154 AND `RoleID` = 2  [ RunTime:0.0001s ]
SQL: SELECT * FROM `xb_sys_menu` WHERE `ID` = 115 LIMIT 1   [ RunTime:0.0001s ]
SQL: SELECT * FROM `xb_sys_rolemenu` WHERE `ParentID` = 115 AND `RoleID` = 2  [ RunTime:0.0001s ]
SQL: SELECT * FROM `xb_sys_menu` WHERE `ID` = 118 AND `Status` = 1 AND `IsDel` = 0 ORDER BY Sort asc,ID asc LIMIT 1   [ RunTime:0.0001s ]
SQL: SELECT * FROM `xb_sys_rolemenu` WHERE `ParentID` = 118 AND `RoleID` = 2  [ RunTime:0.0001s ]
SQL: SELECT * FROM `xb_sys_rolemenu` WHERE `ParentID` = 0 AND `RoleID` = 9  [ RunTime:0.0001s ]
SQL: SELECT * FROM `xb_sys_menu` WHERE `ID` = 140 LIMIT 1   [ RunTime:0.0001s ]
SQL: SELECT * FROM `xb_sys_rolemenu` WHERE `ParentID` = 140 AND `RoleID` = 9  [ RunTime:0.0001s ]
SQL: SELECT * FROM `xb_sys_menu` WHERE `ID` = 145 AND `Status` = 1 AND `IsDel` = 0 ORDER BY Sort asc,ID asc LIMIT 1   [ RunTime:0.0001s ]
SQL: SELECT * FROM `xb_sys_rolemenu` WHERE `ParentID` = 145 AND `RoleID` = 9  [ RunTime:0.0001s ]
INFO: [ view_parse ] --START--
INFO: [ template_filter ] --START--
INFO: Run Behavior\ContentReplaceBehavior [ RunTime:0.000064s ]
INFO: [ template_filter ] --END-- [ RunTime:0.000092s ]
INFO: Run Behavior\ParseTemplateBehavior [ RunTime:0.006934s ]
INFO: [ view_parse ] --END-- [ RunTime:0.006961s ]
INFO: [ view_filter ] --START--
INFO: Run Behavior\WriteHtmlCacheBehavior [ RunTime:0.000146s ]
INFO: [ view_filter ] --END-- [ RunTime:0.000166s ]
INFO: [ app_end ] --START--
INFO: Run Behavior\ShowPageTraceBehavior [ RunTime:0.000342s ]
INFO: [ app_end ] --END-- [ RunTime:0.000372s ]

[ 2019-07-16T09:52:52+08:00 ] 58.132.205.66 /admin.php/System/Basicinfo/home.html
INFO: [ app_init ] --START--
INFO: Run Behavior\BuildLiteBehavior [ RunTime:0.000009s ]
INFO: [ app_init ] --END-- [ RunTime:0.000225s ]
INFO: [ app_begin ] --START--
INFO: Run Behavior\ReadHtmlCacheBehavior [ RunTime:0.000304s ]
INFO: [ app_begin ] --END-- [ RunTime:0.000335s ]
SQL: SHOW COLUMNS FROM `xb_sys_menu` [ RunTime:0.0005s ]
SQL: SELECT * FROM `xb_sys_menu` WHERE `Url` LIKE 'System/Basicinfo%' AND `IsDel` = 0 AND `Status` = 1 LIMIT 1   [ RunTime:0.0001s ]
SQL: SHOW COLUMNS FROM `xb_sys_operationbutton` [ RunTime:0.0004s ]
SQL: SELECT * FROM `xb_sys_operationbutton` WHERE `IsDel` = 0 AND `Status` = 1 AND `EName` = 'home' LIMIT 1   [ RunTime:0.0001s ]
SQL: select VERSION() [ RunTime:0.0001s ]
INFO: [ view_parse ] --START--
INFO: [ template_filter ] --START--
INFO: Run Behavior\ContentReplaceBehavior [ RunTime:0.000034s ]
INFO: [ template_filter ] --END-- [ RunTime:0.000060s ]
INFO: Run Behavior\ParseTemplateBehavior [ RunTime:0.003885s ]
INFO: [ view_parse ] --END-- [ RunTime:0.003914s ]
INFO: [ view_filter ] --START--
INFO: Run Behavior\WriteHtmlCacheBehavior [ RunTime:0.000139s ]
INFO: [ view_filter ] --END-- [ RunTime:0.000157s ]
INFO: [ app_end ] --START--
INFO: Run Behavior\ShowPageTraceBehavior [ RunTime:0.000336s ]
INFO: [ app_end ] --END-- [ RunTime:0.000359s ]

[ 2019-07-16T09:53:01+08:00 ] 58.132.205.66 /admin.php/Operation/Tuiguangrecord/index
INFO: [ app_init ] --START--
INFO: Run Behavior\BuildLiteBehavior [ RunTime:0.000011s ]
INFO: [ app_init ] --END-- [ RunTime:0.000256s ]
INFO: [ app_begin ] --START--
INFO: Run Behavior\ReadHtmlCacheBehavior [ RunTime:0.000345s ]
INFO: [ app_begin ] --END-- [ RunTime:0.000381s ]
SQL: SHOW COLUMNS FROM `xb_sys_menu` [ RunTime:0.0005s ]
SQL: SELECT * FROM `xb_sys_menu` WHERE `Url` LIKE 'Operation/Tuiguangrecord%' AND `IsDel` = 0 AND `Status` = 1 LIMIT 1   [ RunTime:0.0001s ]
SQL: SHOW COLUMNS FROM `xb_sys_operationbutton` [ RunTime:0.0004s ]
SQL: SELECT * FROM `xb_sys_operationbutton` WHERE `IsDel` = 0 AND `Status` = 1 AND `EName` = 'index' LIMIT 1   [ RunTime:0.0001s ]
SQL: SHOW COLUMNS FROM `xb_tg_admin` [ RunTime:0.0004s ]
SQL: SELECT `ID` FROM `xb_tg_admin` WHERE `UserName` = 'admin' LIMIT 1   [ RunTime:0.0001s ]
SQL: SELECT `ID`,`Name` FROM `xb_tg_admin` WHERE `Status` = 1 AND `IsDel` = 0  [ RunTime:0.0001s ]
INFO: [ view_parse ] --START--
INFO: [ template_filter ] --START--
INFO: Run Behavior\ContentReplaceBehavior [ RunTime:0.000031s ]
INFO: [ template_filter ] --END-- [ RunTime:0.000061s ]
INFO: [ view_parse ] --START--
INFO: [ template_filter ] --START--
INFO: Run Behavior\ContentReplaceBehavior [ RunTime:0.000018s ]
INFO: [ template_filter ] --END-- [ RunTime:-0.001833s ]
INFO: Run Behavior\ParseTemplateBehavior [ RunTime:0.001281s ]
INFO: [ view_parse ] --END-- [ RunTime:0.001331s ]
INFO: [ view_filter ] --START--
INFO: Run Behavior\WriteHtmlCacheBehavior [ RunTime:0.000154s ]
INFO: [ view_filter ] --END-- [ RunTime:0.000174s ]
INFO: Run Behavior\ParseTemplateBehavior [ RunTime:0.001645s ]
INFO: [ view_parse ] --END-- [ RunTime:0.001331s ]
INFO: [ view_filter ] --START--
INFO: Run Behavior\WriteHtmlCacheBehavior [ RunTime:0.000004s ]
INFO: [ view_filter ] --END-- [ RunTime:-0.000171s ]
INFO: [ app_end ] --START--
INFO: Run Behavior\ShowPageTraceBehavior [ RunTime:0.000322s ]
INFO: [ app_end ] --END-- [ RunTime:0.000350s ]

[ 2019-07-16T09:53:01+08:00 ] 58.132.205.66 /admin.php/Operation/Tuiguangrecord/DataList
INFO: [ app_init ] --START--
INFO: Run Behavior\BuildLiteBehavior [ RunTime:0.000010s ]
INFO: [ app_init ] --END-- [ RunTime:0.000230s ]
INFO: [ app_begin ] --START--
INFO: Run Behavior\ReadHtmlCacheBehavior [ RunTime:0.000311s ]
INFO: [ app_begin ] --END-- [ RunTime:0.000341s ]
SQL: SHOW COLUMNS FROM `xb_sys_menu` [ RunTime:0.0005s ]
SQL: SELECT * FROM `xb_sys_menu` WHERE `Url` LIKE 'Operation/Tuiguangrecord%' AND `IsDel` = 0 AND `Status` = 1 LIMIT 1   [ RunTime:0.0001s ]
SQL: SHOW COLUMNS FROM `xb_sys_operationbutton` [ RunTime:0.0004s ]
SQL: SELECT * FROM `xb_sys_operationbutton` WHERE `IsDel` = 0 AND `Status` = 1 AND `EName` = 'DataList' LIMIT 1   [ RunTime:0.0001s ]
SQL: SHOW COLUMNS FROM `xb_tg_admin` [ RunTime:0.0004s ]
SQL: SELECT `ID` FROM `xb_tg_admin` WHERE `UserName` = 'admin' LIMIT 1   [ RunTime:0.0001s ]
SQL: SHOW COLUMNS FROM `xb_mem_info` [ RunTime:0.0005s ]
SQL: SELECT * FROM `xb_mem_info` WHERE `IsDel` = 0 ORDER BY Sort asc,ID desc LIMIT 0,20   [ RunTime:0.0006s ]
SQL: SELECT COUNT(*) AS tp_count FROM `xb_mem_info` WHERE `IsDel` = 0 LIMIT 1   [ RunTime:0.0002s ]
SQL: SELECT `Name` FROM `xb_tg_admin` WHERE `ID` = 95 LIMIT 1   [ RunTime:0.0001s ]
SQL: SELECT `Name` FROM `xb_tg_admin` WHERE `ID` = 93 LIMIT 1   [ RunTime:0.0001s ]
SQL: SELECT `Name` FROM `xb_tg_admin` WHERE `ID` = 95 LIMIT 1   [ RunTime:0.0000s ]
SQL: SELECT `Name` FROM `xb_tg_admin` WHERE `ID` = 95 LIMIT 1   [ RunTime:0.0001s ]
SQL: SELECT `Name` FROM `xb_tg_admin` WHERE `ID` = 95 LIMIT 1   [ RunTime:0.0000s ]
SQL: SELECT `Name` FROM `xb_tg_admin` WHERE `ID` = 95 LIMIT 1   [ RunTime:0.0000s ]
SQL: SELECT `Name` FROM `xb_tg_admin` WHERE `ID` = 95 LIMIT 1   [ RunTime:0.0000s ]
SQL: SELECT `Name` FROM `xb_tg_admin` WHERE `ID` = 95 LIMIT 1   [ RunTime:0.0000s ]
SQL: SELECT `Name` FROM `xb_tg_admin` WHERE `ID` = 95 LIMIT 1   [ RunTime:0.0000s ]
SQL: SELECT `Name` FROM `xb_tg_admin` WHERE `ID` = 95 LIMIT 1   [ RunTime:0.0001s ]
SQL: SELECT `Name` FROM `xb_tg_admin` WHERE `ID` = 95 LIMIT 1   [ RunTime:0.0000s ]
SQL: SELECT `Name` FROM `xb_tg_admin` WHERE `ID` = 95 LIMIT 1   [ RunTime:0.0000s ]
SQL: SELECT `Name` FROM `xb_tg_admin` WHERE `ID` = 95 LIMIT 1   [ RunTime:0.0000s ]
SQL: SELECT `Name` FROM `xb_tg_admin` WHERE `ID` = 95 LIMIT 1   [ RunTime:0.0001s ]
SQL: SELECT `Name` FROM `xb_tg_admin` WHERE `ID` = 95 LIMIT 1   [ RunTime:0.0000s ]

[ 2019-07-16T09:53:10+08:00 ] 58.132.205.66 /admin.php/Operation/Tuiguangrecord/DataList
INFO: [ app_init ] --START--
INFO: Run Behavior\BuildLiteBehavior [ RunTime:0.000012s ]
INFO: [ app_init ] --END-- [ RunTime:0.000257s ]
INFO: [ app_begin ] --START--
INFO: Run Behavior\ReadHtmlCacheBehavior [ RunTime:0.000318s ]
INFO: [ app_begin ] --END-- [ RunTime:0.000348s ]
SQL: SHOW COLUMNS FROM `xb_sys_menu` [ RunTime:0.0005s ]
SQL: SELECT * FROM `xb_sys_menu` WHERE `Url` LIKE 'Operation/Tuiguangrecord%' AND `IsDel` = 0 AND `Status` = 1 LIMIT 1   [ RunTime:0.0001s ]
SQL: SHOW COLUMNS FROM `xb_sys_operationbutton` [ RunTime:0.0004s ]
SQL: SELECT * FROM `xb_sys_operationbutton` WHERE `IsDel` = 0 AND `Status` = 1 AND `EName` = 'DataList' LIMIT 1   [ RunTime:0.0001s ]
SQL: SHOW COLUMNS FROM `xb_tg_admin` [ RunTime:0.0004s ]
SQL: SELECT `ID` FROM `xb_tg_admin` WHERE `UserName` = 'admin' LIMIT 1   [ RunTime:0.0001s ]
SQL: SHOW COLUMNS FROM `xb_mem_info` [ RunTime:0.0005s ]
SQL: SELECT * FROM `xb_mem_info` WHERE `RegTime` BETWEEN '2019-07-15' AND '2019-07-16' AND `IsDel` = 0 ORDER BY Sort asc,ID desc LIMIT 0,20   [ RunTime:0.0004s ]
SQL: SELECT COUNT(*) AS tp_count FROM `xb_mem_info` WHERE `RegTime` BETWEEN '2019-07-15' AND '2019-07-16' AND `IsDel` = 0 LIMIT 1   [ RunTime:0.0002s ]

[ 2019-07-16T09:53:18+08:00 ] 58.132.205.66 /admin.php/Operation/Tuiguangrecord/DataList
INFO: [ app_init ] --START--
INFO: Run Behavior\BuildLiteBehavior [ RunTime:0.000010s ]
INFO: [ app_init ] --END-- [ RunTime:0.000267s ]
INFO: [ app_begin ] --START--
INFO: Run Behavior\ReadHtmlCacheBehavior [ RunTime:0.000316s ]
INFO: [ app_begin ] --END-- [ RunTime:0.000346s ]
SQL: SHOW COLUMNS FROM `xb_sys_menu` [ RunTime:0.0005s ]
SQL: SELECT * FROM `xb_sys_menu` WHERE `Url` LIKE 'Operation/Tuiguangrecord%' AND `IsDel` = 0 AND `Status` = 1 LIMIT 1   [ RunTime:0.0001s ]
SQL: SHOW COLUMNS FROM `xb_sys_operationbutton` [ RunTime:0.0004s ]
SQL: SELECT * FROM `xb_sys_operationbutton` WHERE `IsDel` = 0 AND `Status` = 1 AND `EName` = 'DataList' LIMIT 1   [ RunTime:0.0001s ]
SQL: SHOW COLUMNS FROM `xb_tg_admin` [ RunTime:0.0004s ]
SQL: SELECT `ID` FROM `xb_tg_admin` WHERE `UserName` = 'admin' LIMIT 1   [ RunTime:0.0001s ]
SQL: SHOW COLUMNS FROM `xb_mem_info` [ RunTime:0.0005s ]
SQL: SELECT * FROM `xb_mem_info` WHERE `RegTime` BETWEEN '2019-07-14' AND '2019-07-15' AND `IsDel` = 0 ORDER BY Sort asc,ID desc LIMIT 0,20   [ RunTime:0.0004s ]
SQL: SELECT COUNT(*) AS tp_count FROM `xb_mem_info` WHERE `RegTime` BETWEEN '2019-07-14' AND '2019-07-15' AND `IsDel` = 0 LIMIT 1   [ RunTime:0.0003s ]

[ 2019-07-16T09:53:24+08:00 ] 58.132.205.66 /admin.php/Operation/Tuiguangrecord/DataList
INFO: [ app_init ] --START--
INFO: Run Behavior\BuildLiteBehavior [ RunTime:0.000010s ]
INFO: [ app_init ] --END-- [ RunTime:0.000255s ]
INFO: [ app_begin ] --START--
INFO: Run Behavior\ReadHtmlCacheBehavior [ RunTime:0.000310s ]
INFO: [ app_begin ] --END-- [ RunTime:0.000340s ]
SQL: SHOW COLUMNS FROM `xb_sys_menu` [ RunTime:0.0005s ]
SQL: SELECT * FROM `xb_sys_menu` WHERE `Url` LIKE 'Operation/Tuiguangrecord%' AND `IsDel` = 0 AND `Status` = 1 LIMIT 1   [ RunTime:0.0001s ]
SQL: SHOW COLUMNS FROM `xb_sys_operationbutton` [ RunTime:0.0004s ]
SQL: SELECT * FROM `xb_sys_operationbutton` WHERE `IsDel` = 0 AND `Status` = 1 AND `EName` = 'DataList' LIMIT 1   [ RunTime:0.0001s ]
SQL: SHOW COLUMNS FROM `xb_tg_admin` [ RunTime:0.0003s ]
SQL: SELECT `ID` FROM `xb_tg_admin` WHERE `UserName` = 'admin' LIMIT 1   [ RunTime:0.0001s ]
SQL: SHOW COLUMNS FROM `xb_mem_info` [ RunTime:0.0005s ]
SQL: SELECT * FROM `xb_mem_info` WHERE `RegTime` BETWEEN '2019-07-13' AND '2019-07-14' AND `IsDel` = 0 ORDER BY Sort asc,ID desc LIMIT 0,20   [ RunTime:0.0004s ]
SQL: SELECT COUNT(*) AS tp_count FROM `xb_mem_info` WHERE `RegTime` BETWEEN '2019-07-13' AND '2019-07-14' AND `IsDel` = 0 LIMIT 1   [ RunTime:0.0003s ]

[ 2019-07-16T09:53:33+08:00 ] 58.132.205.66 /admin.php/Operation/Tuiguangrecord/DataList
INFO: [ app_init ] --START--
INFO: Run Behavior\BuildLiteBehavior [ RunTime:0.000010s ]
INFO: [ app_init ] --END-- [ RunTime:0.000249s ]
INFO: [ app_begin ] --START--
INFO: Run Behavior\ReadHtmlCacheBehavior [ RunTime:0.000307s ]
INFO: [ app_begin ] --END-- [ RunTime:0.000337s ]
SQL: SHOW COLUMNS FROM `xb_sys_menu` [ RunTime:0.0005s ]
SQL: SELECT * FROM `xb_sys_menu` WHERE `Url` LIKE 'Operation/Tuiguangrecord%' AND `IsDel` = 0 AND `Status` = 1 LIMIT 1   [ RunTime:0.0001s ]
SQL: SHOW COLUMNS FROM `xb_sys_operationbutton` [ RunTime:0.0004s ]
SQL: SELECT * FROM `xb_sys_operationbutton` WHERE `IsDel` = 0 AND `Status` = 1 AND `EName` = 'DataList' LIMIT 1   [ RunTime:0.0001s ]
SQL: SHOW COLUMNS FROM `xb_tg_admin` [ RunTime:0.0004s ]
SQL: SELECT `ID` FROM `xb_tg_admin` WHERE `UserName` = 'admin' LIMIT 1   [ RunTime:0.0001s ]
SQL: SHOW COLUMNS FROM `xb_mem_info` [ RunTime:0.0006s ]
SQL: SELECT * FROM `xb_mem_info` WHERE `RegTime` BETWEEN '2019-07-15' AND '2019-07-16' AND `IsDel` = 0 ORDER BY Sort asc,ID desc LIMIT 0,20   [ RunTime:0.0001s ]
SQL: SELECT COUNT(*) AS tp_count FROM `xb_mem_info` WHERE `RegTime` BETWEEN '2019-07-15' AND '2019-07-16' AND `IsDel` = 0 LIMIT 1   [ RunTime:0.0001s ]

[ 2019-07-16T09:53:53+08:00 ] 58.132.205.66 /admin.php/Members/MemInfo/index
INFO: [ app_init ] --START--
INFO: Run Behavior\BuildLiteBehavior [ RunTime:0.000010s ]
INFO: [ app_init ] --END-- [ RunTime:0.000242s ]
INFO: [ app_begin ] --START--
INFO: Run Behavior\ReadHtmlCacheBehavior [ RunTime:0.000327s ]
INFO: [ app_begin ] --END-- [ RunTime:0.000358s ]
SQL: SHOW COLUMNS FROM `xb_sys_menu` [ RunTime:0.0005s ]
SQL: SELECT * FROM `xb_sys_menu` WHERE `Url` LIKE 'Members/MemInfo%' AND `IsDel` = 0 AND `Status` = 1 LIMIT 1   [ RunTime:0.0001s ]
SQL: SHOW COLUMNS FROM `xb_sys_operationbutton` [ RunTime:0.0004s ]
SQL: SELECT * FROM `xb_sys_operationbutton` WHERE `IsDel` = 0 AND `Status` = 1 AND `EName` = 'index' LIMIT 1   [ RunTime:0.0001s ]
SQL: SHOW COLUMNS FROM `xb_mem_levels` [ RunTime:0.0003s ]
SQL: SELECT `ID`,`Name` FROM `xb_mem_levels`  [ RunTime:0.0001s ]
INFO: [ view_parse ] --START--
INFO: [ template_filter ] --START--
INFO: Run Behavior\ContentReplaceBehavior [ RunTime:0.000054s ]
INFO: [ template_filter ] --END-- [ RunTime:0.000082s ]
INFO: [ view_parse ] --START--
INFO: [ template_filter ] --START--
INFO: Run Behavior\ContentReplaceBehavior [ RunTime:0.000018s ]
INFO: [ template_filter ] --END-- [ RunTime:-0.001740s ]
INFO: Run Behavior\ParseTemplateBehavior [ RunTime:0.001283s ]
INFO: [ view_parse ] --END-- [ RunTime:0.001311s ]
INFO: [ view_filter ] --START--
INFO: Run Behavior\WriteHtmlCacheBehavior [ RunTime:0.000137s ]
INFO: [ view_filter ] --END-- [ RunTime:0.000155s ]
INFO: Run Behavior\ParseTemplateBehavior [ RunTime:0.001619s ]
INFO: [ view_parse ] --END-- [ RunTime:0.001311s ]
INFO: [ view_filter ] --START--
INFO: Run Behavior\WriteHtmlCacheBehavior [ RunTime:0.000004s ]
INFO: [ view_filter ] --END-- [ RunTime:-0.000173s ]
INFO: [ app_end ] --START--
INFO: Run Behavior\ShowPageTraceBehavior [ RunTime:0.000351s ]
INFO: [ app_end ] --END-- [ RunTime:0.000378s ]

[ 2019-07-16T09:53:53+08:00 ] 58.132.205.66 /admin.php/Members/MemInfo/DataList
INFO: [ app_init ] --START--
INFO: Run Behavior\BuildLiteBehavior [ RunTime:0.000010s ]
INFO: [ app_init ] --END-- [ RunTime:0.000228s ]
INFO: [ app_begin ] --START--
INFO: Run Behavior\ReadHtmlCacheBehavior [ RunTime:0.000303s ]
INFO: [ app_begin ] --END-- [ RunTime:0.000333s ]
SQL: SHOW COLUMNS FROM `xb_sys_menu` [ RunTime:0.0005s ]
SQL: SELECT * FROM `xb_sys_menu` WHERE `Url` LIKE 'Members/MemInfo%' AND `IsDel` = 0 AND `Status` = 1 LIMIT 1   [ RunTime:0.0001s ]
SQL: SHOW COLUMNS FROM `xb_sys_operationbutton` [ RunTime:0.0004s ]
SQL: SELECT * FROM `xb_sys_operationbutton` WHERE `IsDel` = 0 AND `Status` = 1 AND `EName` = 'DataList' LIMIT 1   [ RunTime:0.0001s ]
SQL: SHOW COLUMNS FROM `xb_mem_levels` [ RunTime:0.0003s ]
SQL: SELECT `ID`,`Name` FROM `xb_mem_levels`  [ RunTime:0.0001s ]
SQL: SHOW COLUMNS FROM `xb_mem_info` [ RunTime:0.0005s ]
SQL: SELECT * FROM `xb_mem_info` WHERE `IsDel` = 0 AND `Referee` = 0 ORDER BY Sort asc,ID desc LIMIT 0,10   [ RunTime:0.0005s ]
SQL: SELECT COUNT(*) AS tp_count FROM `xb_mem_info` WHERE `IsDel` = 0 AND `Referee` = 0 LIMIT 1   [ RunTime:0.0002s ]
SQL: SELECT * FROM `xb_mem_info` WHERE `Referee` = 41166 AND `IsDel` = 0 LIMIT 1   [ RunTime:0.0005s ]
SQL: SELECT * FROM `xb_mem_info` WHERE `Referee` = 41165 AND `IsDel` = 0 LIMIT 1   [ RunTime:0.0005s ]
SQL: SELECT * FROM `xb_mem_info` WHERE `Referee` = 41164 AND `IsDel` = 0 LIMIT 1   [ RunTime:0.0005s ]
SQL: SELECT * FROM `xb_mem_info` WHERE `Referee` = 41163 AND `IsDel` = 0 LIMIT 1   [ RunTime:0.0005s ]
SQL: SELECT * FROM `xb_mem_info` WHERE `Referee` = 41162 AND `IsDel` = 0 LIMIT 1   [ RunTime:0.0005s ]
SQL: SELECT * FROM `xb_mem_info` WHERE `Referee` = 41161 AND `IsDel` = 0 LIMIT 1   [ RunTime:0.0005s ]
SQL: SELECT * FROM `xb_mem_info` WHERE `Referee` = 41160 AND `IsDel` = 0 LIMIT 1   [ RunTime:0.0005s ]
SQL: SELECT * FROM `xb_mem_info` WHERE `Referee` = 41159 AND `IsDel` = 0 LIMIT 1   [ RunTime:0.0005s ]
SQL: SELECT * FROM `xb_mem_info` WHERE `Referee` = 41158 AND `IsDel` = 0 LIMIT 1   [ RunTime:0.0005s ]
SQL: SELECT * FROM `xb_mem_info` WHERE `Referee` = 41157 AND `IsDel` = 0 LIMIT 1   [ RunTime:0.0005s ]

[ 2019-07-16T09:54:02+08:00 ] 58.132.205.66 /admin.php/Statistics/channel/index
INFO: [ app_init ] --START--
INFO: Run Behavior\BuildLiteBehavior [ RunTime:0.000010s ]
INFO: [ app_init ] --END-- [ RunTime:0.000268s ]
INFO: [ app_begin ] --START--
INFO: Run Behavior\ReadHtmlCacheBehavior [ RunTime:0.000318s ]
INFO: [ app_begin ] --END-- [ RunTime:0.000374s ]
SQL: SHOW COLUMNS FROM `xb_tg_admin` [ RunTime:0.0005s ]
SQL: select * from xb_tg_admin where Status = 1 and IsDel = 0 [ RunTime:0.0001s ]
INFO: [ view_parse ] --START--
INFO: [ template_filter ] --START--
INFO: Run Behavior\ContentReplaceBehavior [ RunTime:0.000031s ]
INFO: [ template_filter ] --END-- [ RunTime:0.000058s ]
INFO: [ view_parse ] --START--
INFO: [ template_filter ] --START--
INFO: Run Behavior\ContentReplaceBehavior [ RunTime:0.000019s ]
INFO: [ template_filter ] --END-- [ RunTime:-0.003212s ]
INFO: Run Behavior\ParseTemplateBehavior [ RunTime:0.001352s ]
INFO: [ view_parse ] --END-- [ RunTime:0.001389s ]
INFO: [ view_filter ] --START--
INFO: Run Behavior\WriteHtmlCacheBehavior [ RunTime:0.000156s ]
INFO: [ view_filter ] --END-- [ RunTime:0.000176s ]
INFO: Run Behavior\ParseTemplateBehavior [ RunTime:0.001733s ]
INFO: [ view_parse ] --END-- [ RunTime:0.001389s ]
INFO: [ view_filter ] --START--
INFO: Run Behavior\WriteHtmlCacheBehavior [ RunTime:0.000005s ]
INFO: [ view_filter ] --END-- [ RunTime:-0.000190s ]
INFO: [ app_end ] --START--
INFO: Run Behavior\ShowPageTraceBehavior [ RunTime:0.000338s ]
INFO: [ app_end ] --END-- [ RunTime:0.000376s ]

[ 2019-07-16T09:54:03+08:00 ] 58.132.205.66 /admin.php/Statistics/channel/DataList
INFO: [ app_init ] --START--
INFO: Run Behavior\BuildLiteBehavior [ RunTime:0.000023s ]
INFO: [ app_init ] --END-- [ RunTime:0.000252s ]
INFO: [ app_begin ] --START--
INFO: Run Behavior\ReadHtmlCacheBehavior [ RunTime:0.000318s ]
INFO: [ app_begin ] --END-- [ RunTime:0.000349s ]
WARN: 全部
SQL: SHOW COLUMNS FROM `xb_tg_admin` [ RunTime:0.0005s ]
SQL: select Name as channelName from xb_tg_admin where Status = 1 and IsDel = 0 order by UpdateTime desc [ RunTime:0.0001s ]
SQL: select Name as channelName from xb_tg_admin where Status = 1 and IsDel = 0 order by UpdateTime desc [ RunTime:0.0001s ]
SQL: SHOW COLUMNS FROM `xb_channel_statistics` [ RunTime:0.0004s ]
SQL: select sum(PV) PV,sum(UV) UV,sum(registerNum) registerNum,sum(aliveNum) aliveNum,sum(applyNum) applyNum,sum(newNum) newNum,sum(SumMoney) SumMoney from xb_channel_statistics where channelName = '李付' [ RunTime:0.0002s ]
NOTIC: [8] Undefined index: CPA /www/wwwroot/xbm.mashangbang.top/Application/Admin/Controller/Statistics/ChannelController.class.php 第 145 行.
SQL: select sum(PV) PV,sum(UV) UV,sum(registerNum) registerNum,sum(aliveNum) aliveNum,sum(applyNum) applyNum,sum(newNum) newNum,sum(SumMoney) SumMoney from xb_channel_statistics where channelName = '巨岁妹' [ RunTime:0.0002s ]
NOTIC: [8] Undefined index: CPA /www/wwwroot/xbm.mashangbang.top/Application/Admin/Controller/Statistics/ChannelController.class.php 第 145 行.
SQL: select sum(PV) PV,sum(UV) UV,sum(registerNum) registerNum,sum(aliveNum) aliveNum,sum(applyNum) applyNum,sum(newNum) newNum,sum(SumMoney) SumMoney from xb_channel_statistics where channelName = 'zhangjun' [ RunTime:0.0002s ]
NOTIC: [8] Undefined index: CPA /www/wwwroot/xbm.mashangbang.top/Application/Admin/Controller/Statistics/ChannelController.class.php 第 145 行.
SQL: select sum(PV) PV,sum(UV) UV,sum(registerNum) registerNum,sum(aliveNum) aliveNum,sum(applyNum) applyNum,sum(newNum) newNum,sum(SumMoney) SumMoney from xb_channel_statistics where channelName = '渠道1' [ RunTime:0.0002s ]
NOTIC: [8] Undefined index: CPA /www/wwwroot/xbm.mashangbang.top/Application/Admin/Controller/Statistics/ChannelController.class.php 第 145 行.
NOTIC: [8] Undefined index: CPA /www/wwwroot/xbm.mashangbang.top/Application/Admin/Controller/Statistics/ChannelController.class.php 第 177 行.
SQL: select sum(PV) PV,sum(UV) UV,sum(registerNum) registerNum,sum(aliveNum) aliveNum,sum(applyNum) applyNum,sum(newNum) newNum,sum(SumMoney) SumMoney from xb_channel_statistics where channelName = '自然流量' [ RunTime:0.0002s ]

[ 2019-07-16T13:44:41+08:00 ] 58.132.205.66 /admin.php/Operation/Tuiguangrecord/DataList
INFO: [ app_init ] --START--
INFO: Run Behavior\BuildLiteBehavior [ RunTime:0.000011s ]
INFO: [ app_init ] --END-- [ RunTime:0.000232s ]
INFO: [ app_begin ] --START--
INFO: Run Behavior\ReadHtmlCacheBehavior [ RunTime:0.000355s ]
INFO: [ app_begin ] --END-- [ RunTime:0.000387s ]
SQL: SHOW COLUMNS FROM `xb_sys_menu` [ RunTime:0.0005s ]
SQL: SELECT * FROM `xb_sys_menu` WHERE `Url` LIKE 'Operation/Tuiguangrecord%' AND `IsDel` = 0 AND `Status` = 1 LIMIT 1   [ RunTime:0.0001s ]
SQL: SHOW COLUMNS FROM `xb_sys_operationbutton` [ RunTime:0.0004s ]
SQL: SELECT * FROM `xb_sys_operationbutton` WHERE `IsDel` = 0 AND `Status` = 1 AND `EName` = 'DataList' LIMIT 1   [ RunTime:0.0001s ]
SQL: SHOW COLUMNS FROM `xb_tg_admin` [ RunTime:0.0004s ]
SQL: SELECT `ID` FROM `xb_tg_admin` WHERE `UserName` = 'admin' LIMIT 1   [ RunTime:0.0001s ]
SQL: SHOW COLUMNS FROM `xb_mem_info` [ RunTime:0.0005s ]
SQL: SELECT * FROM `xb_mem_info` WHERE `RegTime` BETWEEN '2019-07-14' AND '2019-07-16' AND `IsDel` = 0 ORDER BY Sort asc,ID desc LIMIT 0,20   [ RunTime:0.0004s ]
SQL: SELECT COUNT(*) AS tp_count FROM `xb_mem_info` WHERE `RegTime` BETWEEN '2019-07-14' AND '2019-07-16' AND `IsDel` = 0 LIMIT 1   [ RunTime:0.0002s ]

[ 2019-07-16T13:44:49+08:00 ] 58.132.205.66 /admin.php/Operation/Tuiguangrecord/DataList
INFO: [ app_init ] --START--
INFO: Run Behavior\BuildLiteBehavior [ RunTime:0.000011s ]
INFO: [ app_init ] --END-- [ RunTime:0.000244s ]
INFO: [ app_begin ] --START--
INFO: Run Behavior\ReadHtmlCacheBehavior [ RunTime:0.000306s ]
INFO: [ app_begin ] --END-- [ RunTime:0.000337s ]
SQL: SHOW COLUMNS FROM `xb_sys_menu` [ RunTime:0.0005s ]
SQL: SELECT * FROM `xb_sys_menu` WHERE `Url` LIKE 'Operation/Tuiguangrecord%' AND `IsDel` = 0 AND `Status` = 1 LIMIT 1   [ RunTime:0.0001s ]
SQL: SHOW COLUMNS FROM `xb_sys_operationbutton` [ RunTime:0.0004s ]
SQL: SELECT * FROM `xb_sys_operationbutton` WHERE `IsDel` = 0 AND `Status` = 1 AND `EName` = 'DataList' LIMIT 1   [ RunTime:0.0001s ]
SQL: SHOW COLUMNS FROM `xb_tg_admin` [ RunTime:0.0004s ]
SQL: SELECT `ID` FROM `xb_tg_admin` WHERE `UserName` = 'admin' LIMIT 1   [ RunTime:0.0001s ]
SQL: SHOW COLUMNS FROM `xb_mem_info` [ RunTime:0.0005s ]
SQL: SELECT * FROM `xb_mem_info` WHERE `RegTime` BETWEEN '2019-07-11' AND '2019-07-16' AND `IsDel` = 0 ORDER BY Sort asc,ID desc LIMIT 0,20   [ RunTime:0.0004s ]
SQL: SELECT COUNT(*) AS tp_count FROM `xb_mem_info` WHERE `RegTime` BETWEEN '2019-07-11' AND '2019-07-16' AND `IsDel` = 0 LIMIT 1   [ RunTime:0.0002s ]

