[ 2019-06-23T15:35:36+08:00 ] 112.254.20.119 /admin.php
INFO: [ app_init ] --START--
INFO: Run Behavior\BuildLiteBehavior [ RunTime:0.000010s ]
INFO: [ app_init ] --END-- [ RunTime:0.000259s ]
INFO: [ app_begin ] --START--
INFO: Run Behavior\ReadHtmlCacheBehavior [ RunTime:0.000311s ]
INFO: [ app_begin ] --END-- [ RunTime:0.000344s ]

[ 2019-06-23T15:35:36+08:00 ] 112.254.20.119 /admin.php/System/Login/login.html
INFO: [ app_init ] --START--
INFO: Run Behavior\BuildLiteBehavior [ RunTime:0.000009s ]
INFO: [ app_init ] --END-- [ RunTime:0.000220s ]
INFO: [ app_begin ] --START--
INFO: Run Behavior\ReadHtmlCacheBehavior [ RunTime:0.000322s ]
INFO: [ app_begin ] --END-- [ RunTime:0.000353s ]
SQL: SHOW COLUMNS FROM `xb_sys_basicinfo` [ RunTime:0.0009s ]
SQL: SELECT `MAC` FROM `xb_sys_basicinfo` WHERE ( ID = 1 ) LIMIT 1   [ RunTime:0.0001s ]
INFO: [ view_parse ] --START--
INFO: [ template_filter ] --START--
INFO: Run Behavior\ContentReplaceBehavior [ RunTime:0.000033s ]
INFO: [ template_filter ] --END-- [ RunTime:0.000062s ]
INFO: Run Behavior\ParseTemplateBehavior [ RunTime:0.003807s ]
INFO: [ view_parse ] --END-- [ RunTime:0.003835s ]
INFO: [ view_filter ] --START--
INFO: Run Behavior\WriteHtmlCacheBehavior [ RunTime:0.000147s ]
INFO: [ view_filter ] --END-- [ RunTime:0.000165s ]
INFO: [ app_end ] --START--
INFO: Run Behavior\ShowPageTraceBehavior [ RunTime:0.000326s ]
INFO: [ app_end ] --END-- [ RunTime:0.000346s ]

[ 2019-06-23T15:35:36+08:00 ] 112.254.20.119 /admin.php/System/Login/selfverify.html
INFO: [ app_init ] --START--
INFO: Run Behavior\BuildLiteBehavior [ RunTime:0.000009s ]
INFO: [ app_init ] --END-- [ RunTime:0.000222s ]
INFO: [ app_begin ] --START--
INFO: Run Behavior\ReadHtmlCacheBehavior [ RunTime:0.000341s ]
INFO: [ app_begin ] --END-- [ RunTime:0.000373s ]
INFO: [ app_end ] --START--
INFO: Run Behavior\ShowPageTraceBehavior [ RunTime:0.000334s ]
INFO: [ app_end ] --END-- [ RunTime:0.000368s ]

[ 2019-06-23T15:35:42+08:00 ] 112.254.20.119 /admin.php/System/Login/selfverify.html?0.9280767660125546
INFO: [ app_init ] --START--
INFO: Run Behavior\BuildLiteBehavior [ RunTime:0.000010s ]
INFO: [ app_init ] --END-- [ RunTime:0.000254s ]
INFO: [ app_begin ] --START--
INFO: Run Behavior\ReadHtmlCacheBehavior [ RunTime:0.000312s ]
INFO: [ app_begin ] --END-- [ RunTime:0.000343s ]
INFO: [ app_end ] --START--
INFO: Run Behavior\ShowPageTraceBehavior [ RunTime:0.000364s ]
INFO: [ app_end ] --END-- [ RunTime:0.000399s ]

[ 2019-06-23T15:35:45+08:00 ] 112.254.20.119 /admin.php/System/Login/doLogin.html
INFO: [ app_init ] --START--
INFO: Run Behavior\BuildLiteBehavior [ RunTime:0.000011s ]
INFO: [ app_init ] --END-- [ RunTime:0.000243s ]
INFO: [ app_begin ] --START--
INFO: Run Behavior\ReadHtmlCacheBehavior [ RunTime:0.000305s ]
INFO: [ app_begin ] --END-- [ RunTime:0.000336s ]
SQL: SHOW COLUMNS FROM `xb_sys_administrator` [ RunTime:0.0005s ]
SQL: SELECT * FROM `xb_sys_administrator` WHERE `UserName` = 'admin' AND `Status` = 1 AND `IsDel` = 0 LIMIT 1   [ RunTime:0.0003s ]
SQL: SHOW COLUMNS FROM `xb_sys_role` [ RunTime:0.0004s ]
SQL: SELECT * FROM `xb_sys_role` WHERE `IsDel` = 0 AND `Status` = 1 AND `ID` = 2 LIMIT 1   [ RunTime:0.0001s ]
SQL: UPDATE `xb_sys_administrator` SET `LoginIP`='112.254.20.119' WHERE `ID` = 2 [ RunTime:0.0037s ]
SQL: SHOW COLUMNS FROM `xb_sys_ipaddress` [ RunTime:0.0004s ]
SQL: SELECT * FROM `xb_sys_ipaddress` WHERE `IpAddress` = '112.254.20.119' LIMIT 1   [ RunTime:0.0001s ]
NOTIC: [8] Undefined index: data /www/wwwroot/xbm.mashangbang.top/Application/Common/Common/function.php 第 385 行.
NOTIC: [8] Undefined index: data /www/wwwroot/xbm.mashangbang.top/Application/Common/Common/function.php 第 386 行.
SQL: UPDATE `xb_sys_administrator` SET `IpCity`=NULL,`LoginCount`='1974',`ErrorCount`='0',`LoginTime`='2019-06-23 15:35:45' WHERE `ID` = 2 [ RunTime:0.0035s ]
SQL: SELECT `Name` FROM `xb_sys_role` WHERE `ID` = 2 LIMIT 1   [ RunTime:0.0001s ]

[ 2019-06-23T15:35:45+08:00 ] 112.254.20.119 /admin.php
INFO: [ app_init ] --START--
INFO: Run Behavior\BuildLiteBehavior [ RunTime:0.000009s ]
INFO: [ app_init ] --END-- [ RunTime:0.000222s ]
INFO: [ app_begin ] --START--
INFO: Run Behavior\ReadHtmlCacheBehavior [ RunTime:0.000315s ]
INFO: [ app_begin ] --END-- [ RunTime:0.000347s ]
SQL: SHOW COLUMNS FROM `xb_sys_menu` [ RunTime:0.0004s ]
SQL: SELECT * FROM `xb_sys_menu` WHERE `Url` LIKE 'System/Index%' AND `IsDel` = 0 AND `Status` = 1 LIMIT 1   [ RunTime:0.0001s ]
SQL: SHOW COLUMNS FROM `xb_sys_operationbutton` [ RunTime:0.0004s ]
SQL: SELECT * FROM `xb_sys_operationbutton` WHERE `IsDel` = 0 AND `Status` = 1 AND `EName` = 'index' LIMIT 1   [ RunTime:0.0001s ]
SQL: SHOW COLUMNS FROM `xb_sys_role` [ RunTime:0.0003s ]
SQL: SELECT `ID` FROM `xb_sys_role` WHERE `Status` = 1 AND `IsDel` = 0  [ RunTime:0.0001s ]
SQL: SHOW COLUMNS FROM `xb_sys_rolemenu` [ RunTime:0.0003s ]
SQL: SELECT * FROM `xb_sys_rolemenu` WHERE `ParentID` = 0 AND `RoleID` = 1  [ RunTime:0.0001s ]
SQL: SELECT * FROM `xb_sys_menu` WHERE `ID` = 1 LIMIT 1   [ RunTime:0.0001s ]
SQL: SELECT * FROM `xb_sys_rolemenu` WHERE `ParentID` = 1 AND `RoleID` = 1  [ RunTime:0.0001s ]
SQL: SELECT * FROM `xb_sys_menu` WHERE `ID` = 15 AND `Status` = 1 AND `IsDel` = 0 ORDER BY Sort asc,ID asc LIMIT 1   [ RunTime:0.0001s ]
SQL: SELECT * FROM `xb_sys_rolemenu` WHERE `ParentID` = 15 AND `RoleID` = 1  [ RunTime:0.0001s ]
SQL: SELECT * FROM `xb_sys_menu` WHERE `ID` = 16 AND `Status` = 1 AND `IsDel` = 0 ORDER BY Sort asc,ID asc LIMIT 1   [ RunTime:0.0001s ]
SQL: SELECT * FROM `xb_sys_rolemenu` WHERE `ParentID` = 16 AND `RoleID` = 1  [ RunTime:0.0001s ]
SQL: SELECT * FROM `xb_sys_menu` WHERE `ID` = 17 AND `Status` = 1 AND `IsDel` = 0 ORDER BY Sort asc,ID asc LIMIT 1   [ RunTime:0.0001s ]
SQL: SELECT * FROM `xb_sys_rolemenu` WHERE `ParentID` = 17 AND `RoleID` = 1  [ RunTime:0.0001s ]
SQL: SELECT * FROM `xb_sys_menu` WHERE `ID` = 62 AND `Status` = 1 AND `IsDel` = 0 ORDER BY Sort asc,ID asc LIMIT 1   [ RunTime:0.0001s ]
SQL: SELECT * FROM `xb_sys_rolemenu` WHERE `ParentID` = 62 AND `RoleID` = 1  [ RunTime:0.0001s ]
SQL: SELECT * FROM `xb_sys_menu` WHERE `ID` = 23 AND `Status` = 1 AND `IsDel` = 0 ORDER BY Sort asc,ID asc LIMIT 1   [ RunTime:0.0001s ]
SQL: SELECT * FROM `xb_sys_rolemenu` WHERE `ParentID` = 23 AND `RoleID` = 1  [ RunTime:0.0001s ]
SQL: SELECT * FROM `xb_sys_menu` WHERE `ID` = 26 AND `Status` = 1 AND `IsDel` = 0 ORDER BY Sort asc,ID asc LIMIT 1   [ RunTime:0.0001s ]
SQL: SELECT * FROM `xb_sys_rolemenu` WHERE `ParentID` = 26 AND `RoleID` = 1  [ RunTime:0.0001s ]
SQL: SELECT * FROM `xb_sys_menu` WHERE `ID` = 20 AND `Status` = 1 AND `IsDel` = 0 ORDER BY Sort asc,ID asc LIMIT 1   [ RunTime:0.0001s ]
SQL: SELECT * FROM `xb_sys_rolemenu` WHERE `ParentID` = 20 AND `RoleID` = 1  [ RunTime:0.0001s ]
SQL: SELECT * FROM `xb_sys_menu` WHERE `ID` = 22 AND `Status` = 1 AND `IsDel` = 0 ORDER BY Sort asc,ID asc LIMIT 1   [ RunTime:0.0001s ]
SQL: SELECT * FROM `xb_sys_rolemenu` WHERE `ParentID` = 22 AND `RoleID` = 1  [ RunTime:0.0001s ]
SQL: SELECT * FROM `xb_sys_menu` WHERE `ID` = 27 AND `Status` = 1 AND `IsDel` = 0 ORDER BY Sort asc,ID asc LIMIT 1   [ RunTime:0.0001s ]
SQL: SELECT * FROM `xb_sys_rolemenu` WHERE `ParentID` = 27 AND `RoleID` = 1  [ RunTime:0.0001s ]
SQL: SELECT * FROM `xb_sys_menu` WHERE `ID` = 28 AND `Status` = 1 AND `IsDel` = 0 ORDER BY Sort asc,ID asc LIMIT 1   [ RunTime:0.0001s ]
SQL: SELECT * FROM `xb_sys_rolemenu` WHERE `ParentID` = 28 AND `RoleID` = 1  [ RunTime:0.0001s ]
SQL: SELECT * FROM `xb_sys_menu` WHERE `ID` = 29 AND `Status` = 1 AND `IsDel` = 0 ORDER BY Sort asc,ID asc LIMIT 1   [ RunTime:0.0001s ]
SQL: SELECT * FROM `xb_sys_rolemenu` WHERE `ParentID` = 29 AND `RoleID` = 1  [ RunTime:0.0001s ]
SQL: SELECT * FROM `xb_sys_menu` WHERE `ID` = 18 AND `Status` = 1 AND `IsDel` = 0 ORDER BY Sort asc,ID asc LIMIT 1   [ RunTime:0.0001s ]
SQL: SELECT * FROM `xb_sys_rolemenu` WHERE `ParentID` = 18 AND `RoleID` = 1  [ RunTime:0.0001s ]
SQL: SELECT * FROM `xb_sys_menu` WHERE `ID` = 83 AND `Status` = 1 AND `IsDel` = 0 ORDER BY Sort asc,ID asc LIMIT 1   [ RunTime:0.0001s ]
SQL: SELECT * FROM `xb_sys_rolemenu` WHERE `ParentID` = 83 AND `RoleID` = 1  [ RunTime:0.0001s ]
SQL: SELECT * FROM `xb_sys_menu` WHERE `ID` = 3 AND `Status` = 1 AND `IsDel` = 0 ORDER BY Sort asc,ID asc LIMIT 1   [ RunTime:0.0001s ]
SQL: SELECT * FROM `xb_sys_rolemenu` WHERE `ParentID` = 3 AND `RoleID` = 1  [ RunTime:0.0001s ]
SQL: SELECT * FROM `xb_sys_menu` WHERE `ID` = 2 AND `Status` = 1 AND `IsDel` = 0 ORDER BY Sort asc,ID asc LIMIT 1   [ RunTime:0.0001s ]
SQL: SELECT * FROM `xb_sys_rolemenu` WHERE `ParentID` = 2 AND `RoleID` = 1  [ RunTime:0.0001s ]
SQL: SELECT * FROM `xb_sys_menu` WHERE `ID` = 41 LIMIT 1   [ RunTime:0.0001s ]
SQL: SELECT * FROM `xb_sys_rolemenu` WHERE `ParentID` = 41 AND `RoleID` = 1  [ RunTime:0.0001s ]
SQL: SELECT * FROM `xb_sys_menu` WHERE `ID` = 42 AND `Status` = 1 AND `IsDel` = 0 ORDER BY Sort asc,ID asc LIMIT 1   [ RunTime:0.0001s ]
SQL: SELECT * FROM `xb_sys_rolemenu` WHERE `ParentID` = 42 AND `RoleID` = 1  [ RunTime:0.0001s ]
SQL: SELECT * FROM `xb_sys_menu` WHERE `ID` = 43 AND `Status` = 1 AND `IsDel` = 0 ORDER BY Sort asc,ID asc LIMIT 1   [ RunTime:0.0001s ]
SQL: SELECT * FROM `xb_sys_rolemenu` WHERE `ParentID` = 43 AND `RoleID` = 1  [ RunTime:0.0001s ]
SQL: SELECT * FROM `xb_sys_menu` WHERE `ID` = 30 LIMIT 1   [ RunTime:0.0001s ]
SQL: SELECT * FROM `xb_sys_rolemenu` WHERE `ParentID` = 30 AND `RoleID` = 1  [ RunTime:0.0001s ]
SQL: SELECT * FROM `xb_sys_menu` WHERE `ID` = 88 AND `Status` = 1 AND `IsDel` = 0 ORDER BY Sort asc,ID asc LIMIT 1   [ RunTime:0.0001s ]
SQL: SELECT * FROM `xb_sys_rolemenu` WHERE `ParentID` = 88 AND `RoleID` = 1  [ RunTime:0.0001s ]
SQL: SELECT * FROM `xb_sys_menu` WHERE `ID` = 31 AND `Status` = 1 AND `IsDel` = 0 ORDER BY Sort asc,ID asc LIMIT 1   [ RunTime:0.0001s ]
SQL: SELECT * FROM `xb_sys_rolemenu` WHERE `ParentID` = 31 AND `RoleID` = 1  [ RunTime:0.0001s ]
SQL: SELECT * FROM `xb_sys_menu` WHERE `ID` = 32 AND `Status` = 1 AND `IsDel` = 0 ORDER BY Sort asc,ID asc LIMIT 1   [ RunTime:0.0001s ]
SQL: SELECT * FROM `xb_sys_rolemenu` WHERE `ParentID` = 32 AND `RoleID` = 1  [ RunTime:0.0001s ]
SQL: SELECT * FROM `xb_sys_menu` WHERE `ID` = 89 AND `Status` = 1 AND `IsDel` = 0 ORDER BY Sort asc,ID asc LIMIT 1   [ RunTime:0.0001s ]
SQL: SELECT * FROM `xb_sys_rolemenu` WHERE `ParentID` = 89 AND `RoleID` = 1  [ RunTime:0.0001s ]
SQL: SELECT * FROM `xb_sys_rolemenu` WHERE `ParentID` = 0 AND `RoleID` = 2  [ RunTime:0.0001s ]
SQL: SELECT * FROM `xb_sys_menu` WHERE `ID` = 1 LIMIT 1   [ RunTime:0.0001s ]
SQL: SELECT * FROM `xb_sys_rolemenu` WHERE `ParentID` = 1 AND `RoleID` = 2  [ RunTime:0.0001s ]
SQL: SELECT * FROM `xb_sys_menu` WHERE `ID` = 15 AND `Status` = 1 AND `IsDel` = 0 ORDER BY Sort asc,ID asc LIMIT 1   [ RunTime:0.0001s ]
SQL: SELECT * FROM `xb_sys_rolemenu` WHERE `ParentID` = 15 AND `RoleID` = 2  [ RunTime:0.0001s ]
SQL: SELECT * FROM `xb_sys_menu` WHERE `ID` = 16 AND `Status` = 1 AND `IsDel` = 0 ORDER BY Sort asc,ID asc LIMIT 1   [ RunTime:0.0001s ]
SQL: SELECT * FROM `xb_sys_rolemenu` WHERE `ParentID` = 16 AND `RoleID` = 2  [ RunTime:0.0001s ]
SQL: SELECT * FROM `xb_sys_menu` WHERE `ID` = 17 AND `Status` = 1 AND `IsDel` = 0 ORDER BY Sort asc,ID asc LIMIT 1   [ RunTime:0.0001s ]
SQL: SELECT * FROM `xb_sys_rolemenu` WHERE `ParentID` = 17 AND `RoleID` = 2  [ RunTime:0.0001s ]
SQL: SELECT * FROM `xb_sys_menu` WHERE `ID` = 62 AND `Status` = 1 AND `IsDel` = 0 ORDER BY Sort asc,ID asc LIMIT 1   [ RunTime:0.0001s ]
SQL: SELECT * FROM `xb_sys_rolemenu` WHERE `ParentID` = 62 AND `RoleID` = 2  [ RunTime:0.0001s ]
SQL: SELECT * FROM `xb_sys_menu` WHERE `ID` = 27 AND `Status` = 1 AND `IsDel` = 0 ORDER BY Sort asc,ID asc LIMIT 1   [ RunTime:0.0001s ]
SQL: SELECT * FROM `xb_sys_rolemenu` WHERE `ParentID` = 27 AND `RoleID` = 2  [ RunTime:0.0001s ]
SQL: SELECT * FROM `xb_sys_menu` WHERE `ID` = 28 AND `Status` = 1 AND `IsDel` = 0 ORDER BY Sort asc,ID asc LIMIT 1   [ RunTime:0.0001s ]
SQL: SELECT * FROM `xb_sys_rolemenu` WHERE `ParentID` = 28 AND `RoleID` = 2  [ RunTime:0.0001s ]
SQL: SELECT * FROM `xb_sys_menu` WHERE `ID` = 29 AND `Status` = 1 AND `IsDel` = 0 ORDER BY Sort asc,ID asc LIMIT 1   [ RunTime:0.0001s ]
SQL: SELECT * FROM `xb_sys_rolemenu` WHERE `ParentID` = 29 AND `RoleID` = 2  [ RunTime:0.0001s ]
SQL: SELECT * FROM `xb_sys_menu` WHERE `ID` = 3 AND `Status` = 1 AND `IsDel` = 0 ORDER BY Sort asc,ID asc LIMIT 1   [ RunTime:0.0001s ]
SQL: SELECT * FROM `xb_sys_rolemenu` WHERE `ParentID` = 3 AND `RoleID` = 2  [ RunTime:0.0001s ]
SQL: SELECT * FROM `xb_sys_menu` WHERE `ID` = 119 LIMIT 1   [ RunTime:0.0001s ]
SQL: SELECT * FROM `xb_sys_rolemenu` WHERE `ParentID` = 119 AND `RoleID` = 2  [ RunTime:0.0001s ]
SQL: SELECT * FROM `xb_sys_menu` WHERE `ID` = 120 AND `Status` = 1 AND `IsDel` = 0 ORDER BY Sort asc,ID asc LIMIT 1   [ RunTime:0.0001s ]
SQL: SELECT * FROM `xb_sys_rolemenu` WHERE `ParentID` = 120 AND `RoleID` = 2  [ RunTime:0.0001s ]
SQL: SELECT * FROM `xb_sys_menu` WHERE `ID` = 130 AND `Status` = 1 AND `IsDel` = 0 ORDER BY Sort asc,ID asc LIMIT 1   [ RunTime:0.0001s ]
SQL: SELECT * FROM `xb_sys_rolemenu` WHERE `ParentID` = 130 AND `RoleID` = 2  [ RunTime:0.0001s ]
SQL: SELECT * FROM `xb_sys_menu` WHERE `ID` = 131 AND `Status` = 1 AND `IsDel` = 0 ORDER BY Sort asc,ID asc LIMIT 1   [ RunTime:0.0001s ]
SQL: SELECT * FROM `xb_sys_rolemenu` WHERE `ParentID` = 131 AND `RoleID` = 2  [ RunTime:0.0001s ]
SQL: SELECT * FROM `xb_sys_menu` WHERE `ID` = 121 AND `Status` = 1 AND `IsDel` = 0 ORDER BY Sort asc,ID asc LIMIT 1   [ RunTime:0.0001s ]
SQL: SELECT * FROM `xb_sys_rolemenu` WHERE `ParentID` = 121 AND `RoleID` = 2  [ RunTime:0.0001s ]
SQL: SELECT * FROM `xb_sys_menu` WHERE `ID` = 122 AND `Status` = 1 AND `IsDel` = 0 ORDER BY Sort asc,ID asc LIMIT 1   [ RunTime:0.0001s ]
SQL: SELECT * FROM `xb_sys_rolemenu` WHERE `ParentID` = 122 AND `RoleID` = 2  [ RunTime:0.0001s ]
SQL: SELECT * FROM `xb_sys_menu` WHERE `ID` = 123 AND `Status` = 1 AND `IsDel` = 0 ORDER BY Sort asc,ID asc LIMIT 1   [ RunTime:0.0001s ]
SQL: SELECT * FROM `xb_sys_rolemenu` WHERE `ParentID` = 123 AND `RoleID` = 2  [ RunTime:0.0001s ]
SQL: SELECT * FROM `xb_sys_menu` WHERE `ID` = 124 AND `Status` = 1 AND `IsDel` = 0 ORDER BY Sort asc,ID asc LIMIT 1   [ RunTime:0.0001s ]
SQL: SELECT * FROM `xb_sys_rolemenu` WHERE `ParentID` = 124 AND `RoleID` = 2  [ RunTime:0.0001s ]
SQL: SELECT * FROM `xb_sys_menu` WHERE `ID` = 143 AND `Status` = 1 AND `IsDel` = 0 ORDER BY Sort asc,ID asc LIMIT 1   [ RunTime:0.0001s ]
SQL: SELECT * FROM `xb_sys_rolemenu` WHERE `ParentID` = 143 AND `RoleID` = 2  [ RunTime:0.0001s ]
SQL: SELECT * FROM `xb_sys_menu` WHERE `ID` = 132 AND `Status` = 1 AND `IsDel` = 0 ORDER BY Sort asc,ID asc LIMIT 1   [ RunTime:0.0001s ]
SQL: SELECT * FROM `xb_sys_rolemenu` WHERE `ParentID` = 132 AND `RoleID` = 2  [ RunTime:0.0001s ]
SQL: SELECT * FROM `xb_sys_menu` WHERE `ID` = 126 AND `Status` = 1 AND `IsDel` = 0 ORDER BY Sort asc,ID asc LIMIT 1   [ RunTime:0.0001s ]
SQL: SELECT * FROM `xb_sys_rolemenu` WHERE `ParentID` = 126 AND `RoleID` = 2  [ RunTime:0.0001s ]
SQL: SELECT * FROM `xb_sys_menu` WHERE `ID` = 127 AND `Status` = 1 AND `IsDel` = 0 ORDER BY Sort asc,ID asc LIMIT 1   [ RunTime:0.0001s ]
SQL: SELECT * FROM `xb_sys_rolemenu` WHERE `ParentID` = 127 AND `RoleID` = 2  [ RunTime:0.0001s ]
SQL: SELECT * FROM `xb_sys_menu` WHERE `ID` = 128 AND `Status` = 1 AND `IsDel` = 0 ORDER BY Sort asc,ID asc LIMIT 1   [ RunTime:0.0001s ]
SQL: SELECT * FROM `xb_sys_rolemenu` WHERE `ParentID` = 128 AND `RoleID` = 2  [ RunTime:0.0001s ]
SQL: SELECT * FROM `xb_sys_menu` WHERE `ID` = 129 AND `Status` = 1 AND `IsDel` = 0 ORDER BY Sort asc,ID asc LIMIT 1   [ RunTime:0.0001s ]
SQL: SELECT * FROM `xb_sys_rolemenu` WHERE `ParentID` = 129 AND `RoleID` = 2  [ RunTime:0.0001s ]
SQL: SELECT * FROM `xb_sys_menu` WHERE `ID` = 155 AND `Status` = 1 AND `IsDel` = 0 ORDER BY Sort asc,ID asc LIMIT 1   [ RunTime:0.0001s ]
SQL: SELECT * FROM `xb_sys_rolemenu` WHERE `ParentID` = 155 AND `RoleID` = 2  [ RunTime:0.0001s ]
SQL: SELECT * FROM `xb_sys_menu` WHERE `ID` = 156 LIMIT 1   [ RunTime:0.0001s ]
SQL: SELECT * FROM `xb_sys_rolemenu` WHERE `ParentID` = 156 AND `RoleID` = 2  [ RunTime:0.0001s ]
SQL: SELECT * FROM `xb_sys_menu` WHERE `ID` = 157 AND `Status` = 1 AND `IsDel` = 0 ORDER BY Sort asc,ID asc LIMIT 1   [ RunTime:0.0001s ]
SQL: SELECT * FROM `xb_sys_rolemenu` WHERE `ParentID` = 157 AND `RoleID` = 2  [ RunTime:0.0001s ]
SQL: SELECT * FROM `xb_sys_menu` WHERE `ID` = 158 AND `Status` = 1 AND `IsDel` = 0 ORDER BY Sort asc,ID asc LIMIT 1   [ RunTime:0.0001s ]
SQL: SELECT * FROM `xb_sys_rolemenu` WHERE `ParentID` = 158 AND `RoleID` = 2  [ RunTime:0.0001s ]
SQL: SELECT * FROM `xb_sys_menu` WHERE `ID` = 90 LIMIT 1   [ RunTime:0.0001s ]
SQL: SELECT * FROM `xb_sys_rolemenu` WHERE `ParentID` = 90 AND `RoleID` = 2  [ RunTime:0.0001s ]
SQL: SELECT * FROM `xb_sys_menu` WHERE `ID` = 159 AND `Status` = 1 AND `IsDel` = 0 ORDER BY Sort asc,ID asc LIMIT 1   [ RunTime:0.0001s ]
SQL: SELECT * FROM `xb_sys_rolemenu` WHERE `ParentID` = 159 AND `RoleID` = 2  [ RunTime:0.0001s ]
SQL: SELECT * FROM `xb_sys_menu` WHERE `ID` = 110 AND `Status` = 1 AND `IsDel` = 0 ORDER BY Sort asc,ID asc LIMIT 1   [ RunTime:0.0001s ]
SQL: SELECT * FROM `xb_sys_rolemenu` WHERE `ParentID` = 110 AND `RoleID` = 2  [ RunTime:0.0001s ]
SQL: SELECT * FROM `xb_sys_menu` WHERE `ID` = 135 AND `Status` = 1 AND `IsDel` = 0 ORDER BY Sort asc,ID asc LIMIT 1   [ RunTime:0.0001s ]
SQL: SELECT * FROM `xb_sys_rolemenu` WHERE `ParentID` = 135 AND `RoleID` = 2  [ RunTime:0.0001s ]
SQL: SELECT * FROM `xb_sys_menu` WHERE `ID` = 140 LIMIT 1   [ RunTime:0.0001s ]
SQL: SELECT * FROM `xb_sys_rolemenu` WHERE `ParentID` = 140 AND `RoleID` = 2  [ RunTime:0.0001s ]
SQL: SELECT * FROM `xb_sys_menu` WHERE `ID` = 144 AND `Status` = 1 AND `IsDel` = 0 ORDER BY Sort asc,ID asc LIMIT 1   [ RunTime:0.0001s ]
SQL: SELECT * FROM `xb_sys_rolemenu` WHERE `ParentID` = 144 AND `RoleID` = 2  [ RunTime:0.0001s ]
SQL: SELECT * FROM `xb_sys_menu` WHERE `ID` = 145 AND `Status` = 1 AND `IsDel` = 0 ORDER BY Sort asc,ID asc LIMIT 1   [ RunTime:0.0001s ]
SQL: SELECT * FROM `xb_sys_rolemenu` WHERE `ParentID` = 145 AND `RoleID` = 2  [ RunTime:0.0001s ]
SQL: SELECT * FROM `xb_sys_menu` WHERE `ID` = 146 AND `Status` = 1 AND `IsDel` = 0 ORDER BY Sort asc,ID asc LIMIT 1   [ RunTime:0.0001s ]
SQL: SELECT * FROM `xb_sys_rolemenu` WHERE `ParentID` = 146 AND `RoleID` = 2  [ RunTime:0.0001s ]
SQL: SELECT * FROM `xb_sys_menu` WHERE `ID` = 42 LIMIT 1   [ RunTime:0.0001s ]
SQL: SELECT * FROM `xb_sys_rolemenu` WHERE `ParentID` = 42 AND `RoleID` = 2  [ RunTime:0.0001s ]
SQL: SELECT * FROM `xb_sys_menu` WHERE `ID` = 41 AND `Status` = 1 AND `IsDel` = 0 ORDER BY Sort asc,ID asc LIMIT 1   [ RunTime:0.0001s ]
SQL: SELECT * FROM `xb_sys_rolemenu` WHERE `ParentID` = 41 AND `RoleID` = 2  [ RunTime:0.0001s ]
SQL: SELECT * FROM `xb_sys_menu` WHERE `ID` = 43 AND `Status` = 1 AND `IsDel` = 0 ORDER BY Sort asc,ID asc LIMIT 1   [ RunTime:0.0001s ]
SQL: SELECT * FROM `xb_sys_rolemenu` WHERE `ParentID` = 43 AND `RoleID` = 2  [ RunTime:0.0001s ]
SQL: SELECT * FROM `xb_sys_menu` WHERE `ID` = 30 LIMIT 1   [ RunTime:0.0001s ]
SQL: SELECT * FROM `xb_sys_rolemenu` WHERE `ParentID` = 30 AND `RoleID` = 2  [ RunTime:0.0001s ]
SQL: SELECT * FROM `xb_sys_menu` WHERE `ID` = 88 AND `Status` = 1 AND `IsDel` = 0 ORDER BY Sort asc,ID asc LIMIT 1   [ RunTime:0.0001s ]
SQL: SELECT * FROM `xb_sys_rolemenu` WHERE `ParentID` = 88 AND `RoleID` = 2  [ RunTime:0.0001s ]
SQL: SELECT * FROM `xb_sys_menu` WHERE `ID` = 148 LIMIT 1   [ RunTime:0.0001s ]
SQL: SELECT * FROM `xb_sys_rolemenu` WHERE `ParentID` = 148 AND `RoleID` = 2  [ RunTime:0.0001s ]
SQL: SELECT * FROM `xb_sys_menu` WHERE `ID` = 152 AND `Status` = 1 AND `IsDel` = 0 ORDER BY Sort asc,ID asc LIMIT 1   [ RunTime:0.0001s ]
SQL: SELECT * FROM `xb_sys_rolemenu` WHERE `ParentID` = 152 AND `RoleID` = 2  [ RunTime:0.0001s ]
SQL: SELECT * FROM `xb_sys_menu` WHERE `ID` = 153 AND `Status` = 1 AND `IsDel` = 0 ORDER BY Sort asc,ID asc LIMIT 1   [ RunTime:0.0001s ]
SQL: SELECT * FROM `xb_sys_rolemenu` WHERE `ParentID` = 153 AND `RoleID` = 2  [ RunTime:0.0001s ]
SQL: SELECT * FROM `xb_sys_menu` WHERE `ID` = 149 AND `Status` = 1 AND `IsDel` = 0 ORDER BY Sort asc,ID asc LIMIT 1   [ RunTime:0.0001s ]
SQL: SELECT * FROM `xb_sys_rolemenu` WHERE `ParentID` = 149 AND `RoleID` = 2  [ RunTime:0.0001s ]
SQL: SELECT * FROM `xb_sys_menu` WHERE `ID` = 150 AND `Status` = 1 AND `IsDel` = 0 ORDER BY Sort asc,ID asc LIMIT 1   [ RunTime:0.0001s ]
SQL: SELECT * FROM `xb_sys_rolemenu` WHERE `ParentID` = 150 AND `RoleID` = 2  [ RunTime:0.0001s ]
SQL: SELECT * FROM `xb_sys_menu` WHERE `ID` = 151 AND `Status` = 1 AND `IsDel` = 0 ORDER BY Sort asc,ID asc LIMIT 1   [ RunTime:0.0001s ]
SQL: SELECT * FROM `xb_sys_rolemenu` WHERE `ParentID` = 151 AND `RoleID` = 2  [ RunTime:0.0001s ]
SQL: SELECT * FROM `xb_sys_menu` WHERE `ID` = 154 AND `Status` = 1 AND `IsDel` = 0 ORDER BY Sort asc,ID asc LIMIT 1   [ RunTime:0.0001s ]
SQL: SELECT * FROM `xb_sys_rolemenu` WHERE `ParentID` = 154 AND `RoleID` = 2  [ RunTime:0.0001s ]
SQL: SELECT * FROM `xb_sys_menu` WHERE `ID` = 115 LIMIT 1   [ RunTime:0.0001s ]
SQL: SELECT * FROM `xb_sys_rolemenu` WHERE `ParentID` = 115 AND `RoleID` = 2  [ RunTime:0.0001s ]
SQL: SELECT * FROM `xb_sys_menu` WHERE `ID` = 118 AND `Status` = 1 AND `IsDel` = 0 ORDER BY Sort asc,ID asc LIMIT 1   [ RunTime:0.0001s ]
SQL: SELECT * FROM `xb_sys_rolemenu` WHERE `ParentID` = 118 AND `RoleID` = 2  [ RunTime:0.0001s ]
SQL: SELECT * FROM `xb_sys_rolemenu` WHERE `ParentID` = 0 AND `RoleID` = 9  [ RunTime:0.0001s ]
SQL: SELECT * FROM `xb_sys_menu` WHERE `ID` = 140 LIMIT 1   [ RunTime:0.0001s ]
SQL: SELECT * FROM `xb_sys_rolemenu` WHERE `ParentID` = 140 AND `RoleID` = 9  [ RunTime:0.0001s ]
SQL: SELECT * FROM `xb_sys_menu` WHERE `ID` = 145 AND `Status` = 1 AND `IsDel` = 0 ORDER BY Sort asc,ID asc LIMIT 1   [ RunTime:0.0001s ]
SQL: SELECT * FROM `xb_sys_rolemenu` WHERE `ParentID` = 145 AND `RoleID` = 9  [ RunTime:0.0001s ]
INFO: [ view_parse ] --START--
INFO: [ template_filter ] --START--
INFO: Run Behavior\ContentReplaceBehavior [ RunTime:0.000060s ]
INFO: [ template_filter ] --END-- [ RunTime:0.000094s ]
INFO: Run Behavior\ParseTemplateBehavior [ RunTime:0.006751s ]
INFO: [ view_parse ] --END-- [ RunTime:0.006778s ]
INFO: [ view_filter ] --START--
INFO: Run Behavior\WriteHtmlCacheBehavior [ RunTime:0.000169s ]
INFO: [ view_filter ] --END-- [ RunTime:0.000190s ]
INFO: [ app_end ] --START--
INFO: Run Behavior\ShowPageTraceBehavior [ RunTime:0.000337s ]
INFO: [ app_end ] --END-- [ RunTime:0.000367s ]

[ 2019-06-23T15:35:45+08:00 ] 112.254.20.119 /admin.php/System/Basicinfo/home.html
INFO: [ app_init ] --START--
INFO: Run Behavior\BuildLiteBehavior [ RunTime:0.000009s ]
INFO: [ app_init ] --END-- [ RunTime:0.000239s ]
INFO: [ app_begin ] --START--
INFO: Run Behavior\ReadHtmlCacheBehavior [ RunTime:0.000354s ]
INFO: [ app_begin ] --END-- [ RunTime:0.000390s ]
SQL: SHOW COLUMNS FROM `xb_sys_menu` [ RunTime:0.0005s ]
SQL: SELECT * FROM `xb_sys_menu` WHERE `Url` LIKE 'System/Basicinfo%' AND `IsDel` = 0 AND `Status` = 1 LIMIT 1   [ RunTime:0.0001s ]
SQL: SHOW COLUMNS FROM `xb_sys_operationbutton` [ RunTime:0.0004s ]
SQL: SELECT * FROM `xb_sys_operationbutton` WHERE `IsDel` = 0 AND `Status` = 1 AND `EName` = 'home' LIMIT 1   [ RunTime:0.0001s ]
SQL: select VERSION() [ RunTime:0.0001s ]
INFO: [ view_parse ] --START--
INFO: [ template_filter ] --START--
INFO: Run Behavior\ContentReplaceBehavior [ RunTime:0.000044s ]
INFO: [ template_filter ] --END-- [ RunTime:0.000076s ]
INFO: Run Behavior\ParseTemplateBehavior [ RunTime:0.004544s ]
INFO: [ view_parse ] --END-- [ RunTime:0.004575s ]
INFO: [ view_filter ] --START--
INFO: Run Behavior\WriteHtmlCacheBehavior [ RunTime:0.000140s ]
INFO: [ view_filter ] --END-- [ RunTime:0.000159s ]
INFO: [ app_end ] --START--
INFO: Run Behavior\ShowPageTraceBehavior [ RunTime:0.000331s ]
INFO: [ app_end ] --END-- [ RunTime:0.000354s ]

[ 2019-06-23T15:35:50+08:00 ] 112.254.20.119 /admin.php/Statistics/product/index
INFO: [ app_init ] --START--
INFO: Run Behavior\BuildLiteBehavior [ RunTime:0.000010s ]
INFO: [ app_init ] --END-- [ RunTime:0.000239s ]
INFO: [ app_begin ] --START--
INFO: Run Behavior\ReadHtmlCacheBehavior [ RunTime:0.000340s ]
INFO: [ app_begin ] --END-- [ RunTime:0.000373s ]
SQL: SHOW COLUMNS FROM `xb_sys_menu` [ RunTime:0.0005s ]
SQL: SELECT * FROM `xb_sys_menu` WHERE `Url` LIKE 'Statistics/product%' AND `IsDel` = 0 AND `Status` = 1 LIMIT 1   [ RunTime:0.0001s ]
SQL: SHOW COLUMNS FROM `xb_sys_operationbutton` [ RunTime:0.0004s ]
SQL: SELECT * FROM `xb_sys_operationbutton` WHERE `IsDel` = 0 AND `Status` = 1 AND `EName` = 'index' LIMIT 1   [ RunTime:0.0001s ]
INFO: [ view_parse ] --START--
INFO: [ template_filter ] --START--
INFO: Run Behavior\ContentReplaceBehavior [ RunTime:0.000030s ]
INFO: [ template_filter ] --END-- [ RunTime:0.000063s ]
INFO: [ view_parse ] --START--
INFO: [ template_filter ] --START--
INFO: Run Behavior\ContentReplaceBehavior [ RunTime:0.000018s ]
INFO: [ template_filter ] --END-- [ RunTime:-0.001646s ]
INFO: Run Behavior\ParseTemplateBehavior [ RunTime:0.001293s ]
INFO: [ view_parse ] --END-- [ RunTime:0.001320s ]
INFO: [ view_filter ] --START--
INFO: Run Behavior\WriteHtmlCacheBehavior [ RunTime:0.000152s ]
INFO: [ view_filter ] --END-- [ RunTime:0.000171s ]
INFO: Run Behavior\ParseTemplateBehavior [ RunTime:0.001641s ]
INFO: [ view_parse ] --END-- [ RunTime:0.001320s ]
INFO: [ view_filter ] --START--
INFO: Run Behavior\WriteHtmlCacheBehavior [ RunTime:0.000004s ]
INFO: [ view_filter ] --END-- [ RunTime:-0.000169s ]
INFO: [ app_end ] --START--
INFO: Run Behavior\ShowPageTraceBehavior [ RunTime:0.000307s ]
INFO: [ app_end ] --END-- [ RunTime:0.000328s ]

[ 2019-06-23T15:35:50+08:00 ] 112.254.20.119 /admin.php/Statistics/product/DataList
INFO: [ app_init ] --START--
INFO: Run Behavior\BuildLiteBehavior [ RunTime:0.000010s ]
INFO: [ app_init ] --END-- [ RunTime:0.000240s ]
INFO: [ app_begin ] --START--
INFO: Run Behavior\ReadHtmlCacheBehavior [ RunTime:0.000306s ]
INFO: [ app_begin ] --END-- [ RunTime:0.000337s ]
SQL: SHOW COLUMNS FROM `xb_sys_menu` [ RunTime:0.0004s ]
SQL: SELECT * FROM `xb_sys_menu` WHERE `Url` LIKE 'Statistics/product%' AND `IsDel` = 0 AND `Status` = 1 LIMIT 1   [ RunTime:0.0001s ]
SQL: SHOW COLUMNS FROM `xb_sys_operationbutton` [ RunTime:0.0004s ]
SQL: SELECT * FROM `xb_sys_operationbutton` WHERE `IsDel` = 0 AND `Status` = 1 AND `EName` = 'DataList' LIMIT 1   [ RunTime:0.0001s ]
SQL: SHOW COLUMNS FROM `xb_product_statistics` [ RunTime:0.0004s ]
SQL: select distinct productName from xb_product_statistics [ RunTime:0.0002s ]
SQL: select sum(PV) PV,sum(UV) UV,sum(registerNum) registerNum,productId from xb_product_statistics where productName = '快钱包' [ RunTime:0.0002s ]
NOTIC: [8] Undefined index: CPA /www/wwwroot/xbm.mashangbang.top/Application/Admin/Controller/Statistics/ProductController.class.php 第 109 行.
NOTIC: [8] Undefined index: CPA /www/wwwroot/xbm.mashangbang.top/Application/Admin/Controller/Statistics/ProductController.class.php 第 111 行.
SQL: select price from xb_item_price where itemId = 174 and 0 >= num order by num desc [ RunTime:0.0002s ]
NOTIC: [8] Undefined index: CPA /www/wwwroot/xbm.mashangbang.top/Application/Admin/Controller/Statistics/ProductController.class.php 第 132 行.

[ 2019-06-23T15:35:55+08:00 ] 112.254.20.119 /admin.php/Statistics/channel/index
INFO: [ app_init ] --START--
INFO: Run Behavior\BuildLiteBehavior [ RunTime:0.000010s ]
INFO: [ app_init ] --END-- [ RunTime:0.000253s ]
INFO: [ app_begin ] --START--
INFO: Run Behavior\ReadHtmlCacheBehavior [ RunTime:0.000312s ]
INFO: [ app_begin ] --END-- [ RunTime:0.000345s ]
SQL: SHOW COLUMNS FROM `xb_tg_admin` [ RunTime:0.0005s ]
SQL: select * from xb_tg_admin where Status = 1 and IsDel = 0 [ RunTime:0.0001s ]
INFO: [ view_parse ] --START--
INFO: [ template_filter ] --START--
INFO: Run Behavior\ContentReplaceBehavior [ RunTime:0.000031s ]
INFO: [ template_filter ] --END-- [ RunTime:0.000059s ]
INFO: [ view_parse ] --START--
INFO: [ template_filter ] --START--
INFO: Run Behavior\ContentReplaceBehavior [ RunTime:0.000019s ]
INFO: [ template_filter ] --END-- [ RunTime:-0.003204s ]
INFO: Run Behavior\ParseTemplateBehavior [ RunTime:0.001359s ]
INFO: [ view_parse ] --END-- [ RunTime:0.001396s ]
INFO: [ view_filter ] --START--
INFO: Run Behavior\WriteHtmlCacheBehavior [ RunTime:0.000148s ]
INFO: [ view_filter ] --END-- [ RunTime:0.000168s ]
INFO: Run Behavior\ParseTemplateBehavior [ RunTime:0.001726s ]
INFO: [ view_parse ] --END-- [ RunTime:0.001396s ]
INFO: [ view_filter ] --START--
INFO: Run Behavior\WriteHtmlCacheBehavior [ RunTime:0.000004s ]
INFO: [ view_filter ] --END-- [ RunTime:-0.000186s ]
INFO: [ app_end ] --START--
INFO: Run Behavior\ShowPageTraceBehavior [ RunTime:0.000338s ]
INFO: [ app_end ] --END-- [ RunTime:0.000362s ]

[ 2019-06-23T15:35:55+08:00 ] 112.254.20.119 /admin.php/Statistics/channel/DataList
INFO: [ app_init ] --START--
INFO: Run Behavior\BuildLiteBehavior [ RunTime:0.000008s ]
INFO: [ app_init ] --END-- [ RunTime:0.000223s ]
INFO: [ app_begin ] --START--
INFO: Run Behavior\ReadHtmlCacheBehavior [ RunTime:0.000325s ]
INFO: [ app_begin ] --END-- [ RunTime:0.000355s ]
SQL: SHOW COLUMNS FROM `xb_tg_admin` [ RunTime:0.0005s ]
SQL: select Name as channelName from xb_tg_admin where Status = 1 and IsDel = 0 order by UpdateTime desc [ RunTime:0.0001s ]
SQL: SHOW COLUMNS FROM `xb_channel_statistics` [ RunTime:0.0004s ]
SQL: select sum(PV) PV,sum(UV) UV,sum(registerNum) registerNum,sum(aliveNum) aliveNum,sum(applyNum) applyNum,sum(newNum) newNum,sum(SumMoney) SumMoney from xb_channel_statistics where channelName = 'test' [ RunTime:0.0002s ]
SQL: select sum(PV) PV,sum(UV) UV,sum(registerNum) registerNum,sum(aliveNum) aliveNum,sum(applyNum) applyNum,sum(newNum) newNum,sum(SumMoney) SumMoney from xb_channel_statistics where channelName = '自然流量' [ RunTime:0.0002s ]

[ 2019-06-23T15:35:56+08:00 ] 112.254.20.119 /admin.php/Statistics/product/index
INFO: [ app_init ] --START--
INFO: Run Behavior\BuildLiteBehavior [ RunTime:0.000010s ]
INFO: [ app_init ] --END-- [ RunTime:0.000243s ]
INFO: [ app_begin ] --START--
INFO: Run Behavior\ReadHtmlCacheBehavior [ RunTime:0.000310s ]
INFO: [ app_begin ] --END-- [ RunTime:0.000341s ]
SQL: SHOW COLUMNS FROM `xb_sys_menu` [ RunTime:0.0005s ]
SQL: SELECT * FROM `xb_sys_menu` WHERE `Url` LIKE 'Statistics/product%' AND `IsDel` = 0 AND `Status` = 1 LIMIT 1   [ RunTime:0.0001s ]
SQL: SHOW COLUMNS FROM `xb_sys_operationbutton` [ RunTime:0.0004s ]
SQL: SELECT * FROM `xb_sys_operationbutton` WHERE `IsDel` = 0 AND `Status` = 1 AND `EName` = 'index' LIMIT 1   [ RunTime:0.0001s ]
INFO: [ view_parse ] --START--
INFO: [ template_filter ] --START--
INFO: Run Behavior\ContentReplaceBehavior [ RunTime:0.000028s ]
INFO: [ template_filter ] --END-- [ RunTime:0.000055s ]
INFO: [ view_parse ] --START--
INFO: [ template_filter ] --START--
INFO: Run Behavior\ContentReplaceBehavior [ RunTime:0.000019s ]
INFO: [ template_filter ] --END-- [ RunTime:-0.001648s ]
INFO: Run Behavior\ParseTemplateBehavior [ RunTime:0.001300s ]
INFO: [ view_parse ] --END-- [ RunTime:0.001343s ]
INFO: [ view_filter ] --START--
INFO: Run Behavior\WriteHtmlCacheBehavior [ RunTime:0.000143s ]
INFO: [ view_filter ] --END-- [ RunTime:0.000163s ]
INFO: Run Behavior\ParseTemplateBehavior [ RunTime:0.001662s ]
INFO: [ view_parse ] --END-- [ RunTime:0.001343s ]
INFO: [ view_filter ] --START--
INFO: Run Behavior\WriteHtmlCacheBehavior [ RunTime:0.000004s ]
INFO: [ view_filter ] --END-- [ RunTime:-0.000172s ]
INFO: [ app_end ] --START--
INFO: Run Behavior\ShowPageTraceBehavior [ RunTime:0.000340s ]
INFO: [ app_end ] --END-- [ RunTime:0.000361s ]

[ 2019-06-23T15:35:57+08:00 ] 112.254.20.119 /admin.php/Statistics/product/DataList
INFO: [ app_init ] --START--
INFO: Run Behavior\BuildLiteBehavior [ RunTime:0.000011s ]
INFO: [ app_init ] --END-- [ RunTime:0.000231s ]
INFO: [ app_begin ] --START--
INFO: Run Behavior\ReadHtmlCacheBehavior [ RunTime:0.000312s ]
INFO: [ app_begin ] --END-- [ RunTime:0.000343s ]
SQL: SHOW COLUMNS FROM `xb_sys_menu` [ RunTime:0.0005s ]
SQL: SELECT * FROM `xb_sys_menu` WHERE `Url` LIKE 'Statistics/product%' AND `IsDel` = 0 AND `Status` = 1 LIMIT 1   [ RunTime:0.0001s ]
SQL: SHOW COLUMNS FROM `xb_sys_operationbutton` [ RunTime:0.0004s ]
SQL: SELECT * FROM `xb_sys_operationbutton` WHERE `IsDel` = 0 AND `Status` = 1 AND `EName` = 'DataList' LIMIT 1   [ RunTime:0.0001s ]
SQL: SHOW COLUMNS FROM `xb_product_statistics` [ RunTime:0.0004s ]
SQL: select distinct productName from xb_product_statistics [ RunTime:0.0001s ]
SQL: select sum(PV) PV,sum(UV) UV,sum(registerNum) registerNum,productId from xb_product_statistics where productName = '快钱包' [ RunTime:0.0000s ]
NOTIC: [8] Undefined index: CPA /www/wwwroot/xbm.mashangbang.top/Application/Admin/Controller/Statistics/ProductController.class.php 第 109 行.
NOTIC: [8] Undefined index: CPA /www/wwwroot/xbm.mashangbang.top/Application/Admin/Controller/Statistics/ProductController.class.php 第 111 行.
SQL: select price from xb_item_price where itemId = 174 and 0 >= num order by num desc [ RunTime:0.0000s ]
NOTIC: [8] Undefined index: CPA /www/wwwroot/xbm.mashangbang.top/Application/Admin/Controller/Statistics/ProductController.class.php 第 132 行.

[ 2019-06-23T15:35:58+08:00 ] 112.254.20.119 /admin.php/Statistics/channel/index
INFO: [ app_init ] --START--
INFO: Run Behavior\BuildLiteBehavior [ RunTime:0.000020s ]
INFO: [ app_init ] --END-- [ RunTime:0.000250s ]
INFO: [ app_begin ] --START--
INFO: Run Behavior\ReadHtmlCacheBehavior [ RunTime:0.000310s ]
INFO: [ app_begin ] --END-- [ RunTime:0.000342s ]
SQL: SHOW COLUMNS FROM `xb_tg_admin` [ RunTime:0.0005s ]
SQL: select * from xb_tg_admin where Status = 1 and IsDel = 0 [ RunTime:0.0001s ]
INFO: [ view_parse ] --START--
INFO: [ template_filter ] --START--
INFO: Run Behavior\ContentReplaceBehavior [ RunTime:0.000030s ]
INFO: [ template_filter ] --END-- [ RunTime:0.000058s ]
INFO: [ view_parse ] --START--
INFO: [ template_filter ] --START--
INFO: Run Behavior\ContentReplaceBehavior [ RunTime:0.000019s ]
INFO: [ template_filter ] --END-- [ RunTime:-0.003017s ]
INFO: Run Behavior\ParseTemplateBehavior [ RunTime:0.001288s ]
INFO: [ view_parse ] --END-- [ RunTime:0.001319s ]
INFO: [ view_filter ] --START--
INFO: Run Behavior\WriteHtmlCacheBehavior [ RunTime:0.000173s ]
INFO: [ view_filter ] --END-- [ RunTime:0.000193s ]
INFO: Run Behavior\ParseTemplateBehavior [ RunTime:0.001673s ]
INFO: [ view_parse ] --END-- [ RunTime:0.001319s ]
INFO: [ view_filter ] --START--
INFO: Run Behavior\WriteHtmlCacheBehavior [ RunTime:0.000004s ]
INFO: [ view_filter ] --END-- [ RunTime:-0.000183s ]
INFO: [ app_end ] --START--
INFO: Run Behavior\ShowPageTraceBehavior [ RunTime:0.000325s ]
INFO: [ app_end ] --END-- [ RunTime:0.000363s ]

[ 2019-06-23T15:35:59+08:00 ] 112.254.20.119 /admin.php/Statistics/channel/DataList
INFO: [ app_init ] --START--
INFO: Run Behavior\BuildLiteBehavior [ RunTime:0.000009s ]
INFO: [ app_init ] --END-- [ RunTime:0.000225s ]
INFO: [ app_begin ] --START--
INFO: Run Behavior\ReadHtmlCacheBehavior [ RunTime:0.000330s ]
INFO: [ app_begin ] --END-- [ RunTime:0.000361s ]
SQL: SHOW COLUMNS FROM `xb_tg_admin` [ RunTime:0.0005s ]
SQL: select Name as channelName from xb_tg_admin where Status = 1 and IsDel = 0 order by UpdateTime desc [ RunTime:0.0001s ]
SQL: SHOW COLUMNS FROM `xb_channel_statistics` [ RunTime:0.0004s ]
SQL: select sum(PV) PV,sum(UV) UV,sum(registerNum) registerNum,sum(aliveNum) aliveNum,sum(applyNum) applyNum,sum(newNum) newNum,sum(SumMoney) SumMoney from xb_channel_statistics where channelName = 'test' [ RunTime:0.0001s ]
SQL: select sum(PV) PV,sum(UV) UV,sum(registerNum) registerNum,sum(aliveNum) aliveNum,sum(applyNum) applyNum,sum(newNum) newNum,sum(SumMoney) SumMoney from xb_channel_statistics where channelName = '自然流量' [ RunTime:0.0001s ]

[ 2019-06-23T15:36:10+08:00 ] 112.254.20.119 /admin.php/Members/Memmessage/index
INFO: [ app_init ] --START--
INFO: Run Behavior\BuildLiteBehavior [ RunTime:0.000010s ]
INFO: [ app_init ] --END-- [ RunTime:0.000221s ]
INFO: [ app_begin ] --START--
INFO: Run Behavior\ReadHtmlCacheBehavior [ RunTime:0.000311s ]
INFO: [ app_begin ] --END-- [ RunTime:0.000344s ]
SQL: SHOW COLUMNS FROM `xb_sys_menu` [ RunTime:0.0005s ]
SQL: SELECT * FROM `xb_sys_menu` WHERE `Url` LIKE 'Members/Memmessage%' AND `IsDel` = 0 AND `Status` = 1 LIMIT 1   [ RunTime:0.0001s ]
SQL: SHOW COLUMNS FROM `xb_sys_operationbutton` [ RunTime:0.0004s ]
SQL: SELECT * FROM `xb_sys_operationbutton` WHERE `IsDel` = 0 AND `Status` = 1 AND `EName` = 'index' LIMIT 1   [ RunTime:0.0001s ]
INFO: [ view_parse ] --START--
INFO: [ template_filter ] --START--
INFO: Run Behavior\ContentReplaceBehavior [ RunTime:0.000030s ]
INFO: [ template_filter ] --END-- [ RunTime:0.000059s ]
SQL: SELECT `ID` FROM `xb_sys_menu` WHERE ( Url='Members/Memmessage/index' ) LIMIT 1   [ RunTime:0.0001s ]
SQL: SHOW COLUMNS FROM `xb_sys_rolemenu` [ RunTime:0.0003s ]
SQL: SELECT `ButtonID` FROM `xb_sys_rolemenu` WHERE ( RoleID=2 and MenuID=135 ) LIMIT 1   [ RunTime:0.0002s ]
SQL: SELECT * FROM `xb_sys_operationbutton` WHERE `ID` = 2 LIMIT 1   [ RunTime:0.0001s ]
SQL: SELECT * FROM `xb_sys_operationbutton` WHERE `ID` = 1 LIMIT 1   [ RunTime:0.0001s ]
SQL: SELECT * FROM `xb_sys_operationbutton` WHERE `ID` = 7 LIMIT 1   [ RunTime:0.0001s ]
INFO: [ view_parse ] --START--
INFO: [ template_filter ] --START--
INFO: Run Behavior\ContentReplaceBehavior [ RunTime:0.000019s ]
INFO: [ template_filter ] --END-- [ RunTime:-0.003167s ]
INFO: Run Behavior\ParseTemplateBehavior [ RunTime:0.001304s ]
INFO: [ view_parse ] --END-- [ RunTime:0.001333s ]
INFO: [ view_filter ] --START--
INFO: Run Behavior\WriteHtmlCacheBehavior [ RunTime:0.000139s ]
INFO: [ view_filter ] --END-- [ RunTime:0.000157s ]
SQL: SELECT `ID` FROM `xb_sys_menu` WHERE ( Url='Members/Memmessage/index' ) LIMIT 1   [ RunTime:0.0001s ]
SQL: SELECT `ButtonID` FROM `xb_sys_rolemenu` WHERE ( RoleID=2 and MenuID=135 ) LIMIT 1   [ RunTime:0.0001s ]
SQL: SELECT * FROM `xb_sys_operationbutton` WHERE `ID` = 2 LIMIT 1   [ RunTime:0.0001s ]
SQL: SHOW COLUMNS FROM `xb_sys_menubutton` [ RunTime:0.0004s ]
SQL: SELECT * FROM `xb_sys_menubutton` WHERE ( MenuID=135 and ButtonID=2 ) LIMIT 1   [ RunTime:0.0003s ]
SQL: SELECT * FROM `xb_sys_operationbutton` WHERE `ID` = 1 LIMIT 1   [ RunTime:0.0001s ]
SQL: SELECT * FROM `xb_sys_menubutton` WHERE ( MenuID=135 and ButtonID=1 ) LIMIT 1   [ RunTime:0.0002s ]
SQL: SELECT * FROM `xb_sys_operationbutton` WHERE `ID` = 7 LIMIT 1   [ RunTime:0.0001s ]
SQL: SELECT * FROM `xb_sys_menubutton` WHERE ( MenuID=135 and ButtonID=7 ) LIMIT 1   [ RunTime:0.0002s ]
INFO: Run Behavior\ParseTemplateBehavior [ RunTime:0.003914s ]
INFO: [ view_parse ] --END-- [ RunTime:0.001333s ]
INFO: [ view_filter ] --START--
INFO: Run Behavior\WriteHtmlCacheBehavior [ RunTime:0.000006s ]
INFO: [ view_filter ] --END-- [ RunTime:-0.002448s ]
INFO: [ app_end ] --START--
INFO: Run Behavior\ShowPageTraceBehavior [ RunTime:0.000349s ]
INFO: [ app_end ] --END-- [ RunTime:0.000371s ]

[ 2019-06-23T15:36:10+08:00 ] 112.254.20.119 /admin.php/Members/Memmessage/DataList
INFO: [ app_init ] --START--
INFO: Run Behavior\BuildLiteBehavior [ RunTime:0.000008s ]
INFO: [ app_init ] --END-- [ RunTime:0.000235s ]
INFO: [ app_begin ] --START--
INFO: Run Behavior\ReadHtmlCacheBehavior [ RunTime:0.000307s ]
INFO: [ app_begin ] --END-- [ RunTime:0.000337s ]
SQL: SHOW COLUMNS FROM `xb_sys_menu` [ RunTime:0.0004s ]
SQL: SELECT * FROM `xb_sys_menu` WHERE `Url` LIKE 'Members/Memmessage%' AND `IsDel` = 0 AND `Status` = 1 LIMIT 1   [ RunTime:0.0001s ]
SQL: SHOW COLUMNS FROM `xb_sys_operationbutton` [ RunTime:0.0004s ]
SQL: SELECT * FROM `xb_sys_operationbutton` WHERE `IsDel` = 0 AND `Status` = 1 AND `EName` = 'DataList' LIMIT 1   [ RunTime:0.0001s ]
NOTIC: [8] Undefined variable: where /www/wwwroot/xbm.mashangbang.top/Application/Admin/Controller/Members/MemmessageController.class.php 第 85 行.
SQL: SHOW COLUMNS FROM `xb_mem_message` [ RunTime:0.0004s ]
SQL: SELECT * FROM `xb_mem_message` ORDER BY ID desc LIMIT 0,20   [ RunTime:0.0001s ]
SQL: SELECT COUNT(*) AS tp_count FROM `xb_mem_message` LIMIT 1   [ RunTime:0.0000s ]

[ 2019-06-23T15:36:11+08:00 ] 112.254.20.119 /admin.php/Members/MemInfoDetail/index
INFO: [ app_init ] --START--
INFO: Run Behavior\BuildLiteBehavior [ RunTime:0.000010s ]
INFO: [ app_init ] --END-- [ RunTime:0.000249s ]
INFO: [ app_begin ] --START--
INFO: Run Behavior\ReadHtmlCacheBehavior [ RunTime:0.000336s ]
INFO: [ app_begin ] --END-- [ RunTime:0.000373s ]
SQL: SHOW COLUMNS FROM `xb_sys_menu` [ RunTime:0.0005s ]
SQL: SELECT * FROM `xb_sys_menu` WHERE `Url` LIKE 'Members/MemInfoDetail%' AND `IsDel` = 0 AND `Status` = 1 LIMIT 1   [ RunTime:0.0001s ]
SQL: SHOW COLUMNS FROM `xb_sys_operationbutton` [ RunTime:0.0004s ]
SQL: SELECT * FROM `xb_sys_operationbutton` WHERE `IsDel` = 0 AND `Status` = 1 AND `EName` = 'index' LIMIT 1   [ RunTime:0.0001s ]
INFO: [ view_parse ] --START--
INFO: [ template_filter ] --START--
INFO: Run Behavior\ContentReplaceBehavior [ RunTime:0.000029s ]
INFO: [ template_filter ] --END-- [ RunTime:0.000059s ]
INFO: [ view_parse ] --START--
INFO: [ template_filter ] --START--
INFO: Run Behavior\ContentReplaceBehavior [ RunTime:0.000019s ]
INFO: [ template_filter ] --END-- [ RunTime:-0.001681s ]
INFO: Run Behavior\ParseTemplateBehavior [ RunTime:0.001371s ]
INFO: [ view_parse ] --END-- [ RunTime:0.001404s ]
INFO: [ view_filter ] --START--
INFO: Run Behavior\WriteHtmlCacheBehavior [ RunTime:0.000138s ]
INFO: [ view_filter ] --END-- [ RunTime:0.000157s ]
INFO: Run Behavior\ParseTemplateBehavior [ RunTime:0.001701s ]
INFO: [ view_parse ] --END-- [ RunTime:0.001404s ]
INFO: [ view_filter ] --START--
INFO: Run Behavior\WriteHtmlCacheBehavior [ RunTime:0.000004s ]
INFO: [ view_filter ] --END-- [ RunTime:-0.000162s ]
INFO: [ app_end ] --START--
INFO: Run Behavior\ShowPageTraceBehavior [ RunTime:0.000400s ]
INFO: [ app_end ] --END-- [ RunTime:0.000425s ]

[ 2019-06-23T15:36:11+08:00 ] 112.254.20.119 /admin.php/Members/MemInfoDetail/DataList
INFO: [ app_init ] --START--
INFO: Run Behavior\BuildLiteBehavior [ RunTime:0.000009s ]
INFO: [ app_init ] --END-- [ RunTime:0.000215s ]
INFO: [ app_begin ] --START--
INFO: Run Behavior\ReadHtmlCacheBehavior [ RunTime:0.000313s ]
INFO: [ app_begin ] --END-- [ RunTime:0.000343s ]
SQL: SHOW COLUMNS FROM `xb_sys_menu` [ RunTime:0.0004s ]
SQL: SELECT * FROM `xb_sys_menu` WHERE `Url` LIKE 'Members/MemInfoDetail%' AND `IsDel` = 0 AND `Status` = 1 LIMIT 1   [ RunTime:0.0001s ]
SQL: SHOW COLUMNS FROM `xb_sys_operationbutton` [ RunTime:0.0004s ]
SQL: SELECT * FROM `xb_sys_operationbutton` WHERE `IsDel` = 0 AND `Status` = 1 AND `EName` = 'DataList' LIMIT 1   [ RunTime:0.0001s ]
SQL: SHOW COLUMNS FROM `xb_mem_ed` [ RunTime:0.0004s ]
SQL: SELECT * FROM `xb_mem_ed` WHERE `isDel` = 0 ORDER BY createDate desc LIMIT 0,10   [ RunTime:0.0002s ]
SQL: SELECT COUNT(*) AS tp_count FROM `xb_mem_ed` WHERE `isDel` = 0 LIMIT 1   [ RunTime:0.0001s ]

[ 2019-06-23T15:36:23+08:00 ] 112.254.20.119 /admin.php/Operation/Tgadmin/index
INFO: [ app_init ] --START--
INFO: Run Behavior\BuildLiteBehavior [ RunTime:0.000009s ]
INFO: [ app_init ] --END-- [ RunTime:0.000251s ]
INFO: [ app_begin ] --START--
INFO: Run Behavior\ReadHtmlCacheBehavior [ RunTime:0.000315s ]
INFO: [ app_begin ] --END-- [ RunTime:0.000347s ]
SQL: SHOW COLUMNS FROM `xb_sys_menu` [ RunTime:0.0005s ]
SQL: SELECT * FROM `xb_sys_menu` WHERE `Url` LIKE 'Operation/Tgadmin%' AND `IsDel` = 0 AND `Status` = 1 LIMIT 1   [ RunTime:0.0001s ]
SQL: SHOW COLUMNS FROM `xb_sys_operationbutton` [ RunTime:0.0004s ]
SQL: SELECT * FROM `xb_sys_operationbutton` WHERE `IsDel` = 0 AND `Status` = 1 AND `EName` = 'index' LIMIT 1   [ RunTime:0.0001s ]
INFO: [ view_parse ] --START--
INFO: [ template_filter ] --START--
INFO: Run Behavior\ContentReplaceBehavior [ RunTime:0.000037s ]
INFO: [ template_filter ] --END-- [ RunTime:0.000066s ]
INFO: [ view_parse ] --START--
INFO: [ template_filter ] --START--
INFO: Run Behavior\ContentReplaceBehavior [ RunTime:0.000018s ]
INFO: [ template_filter ] --END-- [ RunTime:-0.001655s ]
INFO: Run Behavior\ParseTemplateBehavior [ RunTime:0.001302s ]
INFO: [ view_parse ] --END-- [ RunTime:0.001330s ]
INFO: [ view_filter ] --START--
INFO: Run Behavior\WriteHtmlCacheBehavior [ RunTime:0.000153s ]
INFO: [ view_filter ] --END-- [ RunTime:0.000172s ]
INFO: Run Behavior\ParseTemplateBehavior [ RunTime:0.001655s ]
INFO: [ view_parse ] --END-- [ RunTime:0.001330s ]
INFO: [ view_filter ] --START--
INFO: Run Behavior\WriteHtmlCacheBehavior [ RunTime:0.000005s ]
INFO: [ view_filter ] --END-- [ RunTime:-0.000172s ]
INFO: [ app_end ] --START--
INFO: Run Behavior\ShowPageTraceBehavior [ RunTime:0.000315s ]
INFO: [ app_end ] --END-- [ RunTime:0.000336s ]

[ 2019-06-23T15:36:23+08:00 ] 112.254.20.119 /admin.php/Operation/Tgadmin/DataList
INFO: [ app_init ] --START--
INFO: Run Behavior\BuildLiteBehavior [ RunTime:0.000008s ]
INFO: [ app_init ] --END-- [ RunTime:0.000240s ]
INFO: [ app_begin ] --START--
INFO: Run Behavior\ReadHtmlCacheBehavior [ RunTime:0.000324s ]
INFO: [ app_begin ] --END-- [ RunTime:0.000357s ]
SQL: SHOW COLUMNS FROM `xb_sys_menu` [ RunTime:0.0004s ]
SQL: SELECT * FROM `xb_sys_menu` WHERE `Url` LIKE 'Operation/Tgadmin%' AND `IsDel` = 0 AND `Status` = 1 LIMIT 1   [ RunTime:0.0001s ]
SQL: SHOW COLUMNS FROM `xb_sys_operationbutton` [ RunTime:0.0004s ]
SQL: SELECT * FROM `xb_sys_operationbutton` WHERE `IsDel` = 0 AND `Status` = 1 AND `EName` = 'DataList' LIMIT 1   [ RunTime:0.0001s ]
SQL: SHOW COLUMNS FROM `xb_tg_admin` [ RunTime:0.0004s ]
SQL: SELECT * FROM `xb_tg_admin` WHERE `IsDel` = 0 ORDER BY Sort asc,ID desc LIMIT 0,20   [ RunTime:0.0001s ]
SQL: SELECT COUNT(*) AS tp_count FROM `xb_tg_admin` WHERE `IsDel` = 0 LIMIT 1   [ RunTime:0.0001s ]
SQL: SHOW COLUMNS FROM `xb_sys_administrator` [ RunTime:0.0004s ]
SQL: SELECT `UserName` FROM `xb_sys_administrator` WHERE `ID` = 2 LIMIT 1   [ RunTime:0.0002s ]

[ 2019-06-23T15:36:25+08:00 ] 112.254.20.119 /admin.php/Operation/Tuiguangtj/index
INFO: [ app_init ] --START--
INFO: Run Behavior\BuildLiteBehavior [ RunTime:0.000010s ]
INFO: [ app_init ] --END-- [ RunTime:0.000259s ]
INFO: [ app_begin ] --START--
INFO: Run Behavior\ReadHtmlCacheBehavior [ RunTime:0.000325s ]
INFO: [ app_begin ] --END-- [ RunTime:0.000365s ]
SQL: SHOW COLUMNS FROM `xb_sys_menu` [ RunTime:0.0005s ]
SQL: SELECT * FROM `xb_sys_menu` WHERE `Url` LIKE 'Operation/Tuiguangtj%' AND `IsDel` = 0 AND `Status` = 1 LIMIT 1   [ RunTime:0.0001s ]
SQL: SHOW COLUMNS FROM `xb_sys_operationbutton` [ RunTime:0.0004s ]
SQL: SELECT * FROM `xb_sys_operationbutton` WHERE `IsDel` = 0 AND `Status` = 1 AND `EName` = 'index' LIMIT 1   [ RunTime:0.0001s ]
SQL: SHOW COLUMNS FROM `xb_sys_administrator` [ RunTime:0.0004s ]
SQL: SELECT `ID` FROM `xb_sys_administrator` WHERE `UserName` = 'admin' AND `IsDel` = 0 LIMIT 1   [ RunTime:0.0002s ]
SQL: SHOW COLUMNS FROM `xb_user_channel` [ RunTime:0.0003s ]
SQL: SELECT b.ID,b.Name FROM xb_user_channel a left join xb_tg_admin b on a.channelId=b.ID  WHERE `userId` = '2'  [ RunTime:0.0001s ]
INFO: [ view_parse ] --START--
INFO: [ template_filter ] --START--
INFO: Run Behavior\ContentReplaceBehavior [ RunTime:0.000031s ]
INFO: [ template_filter ] --END-- [ RunTime:0.000058s ]
INFO: [ view_parse ] --START--
INFO: [ template_filter ] --START--
INFO: Run Behavior\ContentReplaceBehavior [ RunTime:0.000018s ]
INFO: [ template_filter ] --END-- [ RunTime:-0.001805s ]
INFO: Run Behavior\ParseTemplateBehavior [ RunTime:0.001296s ]
INFO: [ view_parse ] --END-- [ RunTime:0.001324s ]
INFO: [ view_filter ] --START--
INFO: Run Behavior\WriteHtmlCacheBehavior [ RunTime:0.000139s ]
INFO: [ view_filter ] --END-- [ RunTime:0.000157s ]
INFO: Run Behavior\ParseTemplateBehavior [ RunTime:0.001654s ]
INFO: [ view_parse ] --END-- [ RunTime:0.001324s ]
INFO: [ view_filter ] --START--
INFO: Run Behavior\WriteHtmlCacheBehavior [ RunTime:0.000005s ]
INFO: [ view_filter ] --END-- [ RunTime:-0.000194s ]
INFO: [ app_end ] --START--
INFO: Run Behavior\ShowPageTraceBehavior [ RunTime:0.000315s ]
INFO: [ app_end ] --END-- [ RunTime:0.000338s ]

[ 2019-06-23T15:36:25+08:00 ] 112.254.20.119 /admin.php/Operation/Tuiguangtj/DataList
INFO: [ app_init ] --START--
INFO: Run Behavior\BuildLiteBehavior [ RunTime:0.000009s ]
INFO: [ app_init ] --END-- [ RunTime:0.000213s ]
INFO: [ app_begin ] --START--
INFO: Run Behavior\ReadHtmlCacheBehavior [ RunTime:0.000313s ]
INFO: [ app_begin ] --END-- [ RunTime:0.000341s ]
SQL: SHOW COLUMNS FROM `xb_sys_menu` [ RunTime:0.0004s ]
SQL: SELECT * FROM `xb_sys_menu` WHERE `Url` LIKE 'Operation/Tuiguangtj%' AND `IsDel` = 0 AND `Status` = 1 LIMIT 1   [ RunTime:0.0001s ]
SQL: SHOW COLUMNS FROM `xb_sys_operationbutton` [ RunTime:0.0004s ]
SQL: SELECT * FROM `xb_sys_operationbutton` WHERE `IsDel` = 0 AND `Status` = 1 AND `EName` = 'DataList' LIMIT 1   [ RunTime:0.0001s ]
SQL: SHOW COLUMNS FROM `xb_sys_administrator` [ RunTime:0.0004s ]
SQL: SELECT `ID` FROM `xb_sys_administrator` WHERE `UserName` = 'admin' AND `IsDel` = 0 LIMIT 1   [ RunTime:0.0001s ]
SQL: SHOW COLUMNS FROM `xb_user_channel` [ RunTime:0.0003s ]
SQL: SELECT b.ID FROM xb_user_channel a left join xb_tg_admin b on a.channelId=b.ID  WHERE `userId` = '2'  [ RunTime:0.0001s ]
SQL: SHOW COLUMNS FROM `xb_tg_form` [ RunTime:0.0003s ]
SQL: SELECT distinct createDate FROM `xb_tg_form` WHERE `enable` = 1 AND `channelId` IN (null,null,null,null,null,null,null,null) ORDER BY createDate desc LIMIT 0,20   [ RunTime:0.0001s ]
SQL: SELECT COUNT(*) AS tp_count FROM `xb_tg_form` WHERE `enable` = 1 AND `channelId` IN (null,null,null,null,null,null,null,null) LIMIT 1   [ RunTime:0.0001s ]
SQL: SELECT SUM(ios) AS tp_sum FROM `xb_tg_form` WHERE `enable` = 1 AND `channelId` IN (null,null,null,null,null,null,null,null) LIMIT 1   [ RunTime:0.0001s ]
SQL: SELECT SUM(android) AS tp_sum FROM `xb_tg_form` WHERE `enable` = 1 AND `channelId` IN (null,null,null,null,null,null,null,null) LIMIT 1   [ RunTime:0.0000s ]
SQL: SELECT SUM(num) AS tp_sum FROM `xb_tg_form` WHERE `enable` = 1 AND `channelId` IN (null,null,null,null,null,null,null,null) LIMIT 1   [ RunTime:0.0001s ]

[ 2019-06-23T15:36:27+08:00 ] 112.254.20.119 /admin.php/Operation/Tuiguangrecord/index
INFO: [ app_init ] --START--
INFO: Run Behavior\BuildLiteBehavior [ RunTime:0.000010s ]
INFO: [ app_init ] --END-- [ RunTime:0.000233s ]
INFO: [ app_begin ] --START--
INFO: Run Behavior\ReadHtmlCacheBehavior [ RunTime:0.000314s ]
INFO: [ app_begin ] --END-- [ RunTime:0.000344s ]
SQL: SHOW COLUMNS FROM `xb_sys_menu` [ RunTime:0.0005s ]
SQL: SELECT * FROM `xb_sys_menu` WHERE `Url` LIKE 'Operation/Tuiguangrecord%' AND `IsDel` = 0 AND `Status` = 1 LIMIT 1   [ RunTime:0.0001s ]
SQL: SHOW COLUMNS FROM `xb_sys_operationbutton` [ RunTime:0.0004s ]
SQL: SELECT * FROM `xb_sys_operationbutton` WHERE `IsDel` = 0 AND `Status` = 1 AND `EName` = 'index' LIMIT 1   [ RunTime:0.0001s ]
SQL: SHOW COLUMNS FROM `xb_tg_admin` [ RunTime:0.0004s ]
SQL: SELECT `ID` FROM `xb_tg_admin` WHERE `UserName` = 'admin' LIMIT 1   [ RunTime:0.0001s ]
SQL: SELECT `ID`,`Name` FROM `xb_tg_admin` WHERE `Status` = 1 AND `IsDel` = 0  [ RunTime:0.0001s ]
INFO: [ view_parse ] --START--
INFO: [ template_filter ] --START--
INFO: Run Behavior\ContentReplaceBehavior [ RunTime:0.000030s ]
INFO: [ template_filter ] --END-- [ RunTime:0.000057s ]
INFO: [ view_parse ] --START--
INFO: [ template_filter ] --START--
INFO: Run Behavior\ContentReplaceBehavior [ RunTime:0.000037s ]
INFO: [ template_filter ] --END-- [ RunTime:-0.001747s ]
INFO: Run Behavior\ParseTemplateBehavior [ RunTime:0.001284s ]
INFO: [ view_parse ] --END-- [ RunTime:0.001315s ]
INFO: [ view_filter ] --START--
INFO: Run Behavior\WriteHtmlCacheBehavior [ RunTime:0.000136s ]
INFO: [ view_filter ] --END-- [ RunTime:0.000155s ]
INFO: Run Behavior\ParseTemplateBehavior [ RunTime:0.001618s ]
INFO: [ view_parse ] --END-- [ RunTime:0.001315s ]
INFO: [ view_filter ] --START--
INFO: Run Behavior\WriteHtmlCacheBehavior [ RunTime:0.000004s ]
INFO: [ view_filter ] --END-- [ RunTime:-0.000171s ]
INFO: [ app_end ] --START--
INFO: Run Behavior\ShowPageTraceBehavior [ RunTime:0.000322s ]
INFO: [ app_end ] --END-- [ RunTime:0.000342s ]

[ 2019-06-23T15:36:27+08:00 ] 112.254.20.119 /admin.php/Operation/Tuiguangrecord/DataList
INFO: [ app_init ] --START--
INFO: Run Behavior\BuildLiteBehavior [ RunTime:0.000010s ]
INFO: [ app_init ] --END-- [ RunTime:0.000263s ]
INFO: [ app_begin ] --START--
INFO: Run Behavior\ReadHtmlCacheBehavior [ RunTime:0.000316s ]
INFO: [ app_begin ] --END-- [ RunTime:0.000368s ]
SQL: SHOW COLUMNS FROM `xb_sys_menu` [ RunTime:0.0004s ]
SQL: SELECT * FROM `xb_sys_menu` WHERE `Url` LIKE 'Operation/Tuiguangrecord%' AND `IsDel` = 0 AND `Status` = 1 LIMIT 1   [ RunTime:0.0001s ]
SQL: SHOW COLUMNS FROM `xb_sys_operationbutton` [ RunTime:0.0004s ]
SQL: SELECT * FROM `xb_sys_operationbutton` WHERE `IsDel` = 0 AND `Status` = 1 AND `EName` = 'DataList' LIMIT 1   [ RunTime:0.0001s ]
SQL: SHOW COLUMNS FROM `xb_tg_admin` [ RunTime:0.0004s ]
SQL: SELECT `ID` FROM `xb_tg_admin` WHERE `UserName` = 'admin' LIMIT 1   [ RunTime:0.0001s ]
SQL: SHOW COLUMNS FROM `xb_mem_info` [ RunTime:0.0005s ]
SQL: SELECT * FROM `xb_mem_info` WHERE `IsDel` = 0 ORDER BY Sort asc,ID desc LIMIT 0,20   [ RunTime:0.0004s ]
SQL: SELECT COUNT(*) AS tp_count FROM `xb_mem_info` WHERE `IsDel` = 0 LIMIT 1   [ RunTime:0.0002s ]

[ 2019-06-23T15:36:28+08:00 ] 112.254.20.119 /admin.php/Operation/Tuiguangtj/index
INFO: [ app_init ] --START--
INFO: Run Behavior\BuildLiteBehavior [ RunTime:0.000011s ]
INFO: [ app_init ] --END-- [ RunTime:0.000240s ]
INFO: [ app_begin ] --START--
INFO: Run Behavior\ReadHtmlCacheBehavior [ RunTime:0.000326s ]
INFO: [ app_begin ] --END-- [ RunTime:0.000359s ]
SQL: SHOW COLUMNS FROM `xb_sys_menu` [ RunTime:0.0005s ]
SQL: SELECT * FROM `xb_sys_menu` WHERE `Url` LIKE 'Operation/Tuiguangtj%' AND `IsDel` = 0 AND `Status` = 1 LIMIT 1   [ RunTime:0.0001s ]
SQL: SHOW COLUMNS FROM `xb_sys_operationbutton` [ RunTime:0.0004s ]
SQL: SELECT * FROM `xb_sys_operationbutton` WHERE `IsDel` = 0 AND `Status` = 1 AND `EName` = 'index' LIMIT 1   [ RunTime:0.0001s ]
SQL: SHOW COLUMNS FROM `xb_sys_administrator` [ RunTime:0.0004s ]
SQL: SELECT `ID` FROM `xb_sys_administrator` WHERE `UserName` = 'admin' AND `IsDel` = 0 LIMIT 1   [ RunTime:0.0001s ]
SQL: SHOW COLUMNS FROM `xb_user_channel` [ RunTime:0.0003s ]
SQL: SELECT b.ID,b.Name FROM xb_user_channel a left join xb_tg_admin b on a.channelId=b.ID  WHERE `userId` = '2'  [ RunTime:0.0001s ]
INFO: [ view_parse ] --START--
INFO: [ template_filter ] --START--
INFO: Run Behavior\ContentReplaceBehavior [ RunTime:0.000033s ]
INFO: [ template_filter ] --END-- [ RunTime:0.000061s ]
INFO: [ view_parse ] --START--
INFO: [ template_filter ] --START--
INFO: Run Behavior\ContentReplaceBehavior [ RunTime:0.000020s ]
INFO: [ template_filter ] --END-- [ RunTime:-0.001853s ]
INFO: Run Behavior\ParseTemplateBehavior [ RunTime:0.001359s ]
INFO: [ view_parse ] --END-- [ RunTime:0.001389s ]
INFO: [ view_filter ] --START--
INFO: Run Behavior\WriteHtmlCacheBehavior [ RunTime:0.000144s ]
INFO: [ view_filter ] --END-- [ RunTime:0.000163s ]
INFO: Run Behavior\ParseTemplateBehavior [ RunTime:0.001722s ]
INFO: [ view_parse ] --END-- [ RunTime:0.001389s ]
INFO: [ view_filter ] --START--
INFO: Run Behavior\WriteHtmlCacheBehavior [ RunTime:0.000005s ]
INFO: [ view_filter ] --END-- [ RunTime:-0.000189s ]
INFO: [ app_end ] --START--
INFO: Run Behavior\ShowPageTraceBehavior [ RunTime:0.000323s ]
INFO: [ app_end ] --END-- [ RunTime:0.000358s ]

[ 2019-06-23T15:36:28+08:00 ] 112.254.20.119 /admin.php/Operation/Tuiguangtj/DataList
INFO: [ app_init ] --START--
INFO: Run Behavior\BuildLiteBehavior [ RunTime:0.000009s ]
INFO: [ app_init ] --END-- [ RunTime:0.000252s ]
INFO: [ app_begin ] --START--
INFO: Run Behavior\ReadHtmlCacheBehavior [ RunTime:0.000321s ]
INFO: [ app_begin ] --END-- [ RunTime:0.000352s ]
SQL: SHOW COLUMNS FROM `xb_sys_menu` [ RunTime:0.0005s ]
SQL: SELECT * FROM `xb_sys_menu` WHERE `Url` LIKE 'Operation/Tuiguangtj%' AND `IsDel` = 0 AND `Status` = 1 LIMIT 1   [ RunTime:0.0001s ]
SQL: SHOW COLUMNS FROM `xb_sys_operationbutton` [ RunTime:0.0004s ]
SQL: SELECT * FROM `xb_sys_operationbutton` WHERE `IsDel` = 0 AND `Status` = 1 AND `EName` = 'DataList' LIMIT 1   [ RunTime:0.0001s ]
SQL: SHOW COLUMNS FROM `xb_sys_administrator` [ RunTime:0.0004s ]
SQL: SELECT `ID` FROM `xb_sys_administrator` WHERE `UserName` = 'admin' AND `IsDel` = 0 LIMIT 1   [ RunTime:0.0001s ]
SQL: SHOW COLUMNS FROM `xb_user_channel` [ RunTime:0.0003s ]
SQL: SELECT b.ID FROM xb_user_channel a left join xb_tg_admin b on a.channelId=b.ID  WHERE `userId` = '2'  [ RunTime:0.0001s ]
SQL: SHOW COLUMNS FROM `xb_tg_form` [ RunTime:0.0003s ]
SQL: SELECT distinct createDate FROM `xb_tg_form` WHERE `enable` = 1 AND `channelId` IN (null,null,null,null,null,null,null,null) ORDER BY createDate desc LIMIT 0,20   [ RunTime:0.0001s ]
SQL: SELECT COUNT(*) AS tp_count FROM `xb_tg_form` WHERE `enable` = 1 AND `channelId` IN (null,null,null,null,null,null,null,null) LIMIT 1   [ RunTime:0.0001s ]
SQL: SELECT SUM(ios) AS tp_sum FROM `xb_tg_form` WHERE `enable` = 1 AND `channelId` IN (null,null,null,null,null,null,null,null) LIMIT 1   [ RunTime:0.0000s ]
SQL: SELECT SUM(android) AS tp_sum FROM `xb_tg_form` WHERE `enable` = 1 AND `channelId` IN (null,null,null,null,null,null,null,null) LIMIT 1   [ RunTime:0.0001s ]
SQL: SELECT SUM(num) AS tp_sum FROM `xb_tg_form` WHERE `enable` = 1 AND `channelId` IN (null,null,null,null,null,null,null,null) LIMIT 1   [ RunTime:0.0001s ]

[ 2019-06-23T15:37:14+08:00 ] 112.254.20.119 /admin.php/Statistics/product/index
INFO: [ app_init ] --START--
INFO: Run Behavior\BuildLiteBehavior [ RunTime:0.000011s ]
INFO: [ app_init ] --END-- [ RunTime:0.000235s ]
INFO: [ app_begin ] --START--
INFO: Run Behavior\ReadHtmlCacheBehavior [ RunTime:0.000324s ]
INFO: [ app_begin ] --END-- [ RunTime:0.000357s ]
SQL: SHOW COLUMNS FROM `xb_sys_menu` [ RunTime:0.0005s ]
SQL: SELECT * FROM `xb_sys_menu` WHERE `Url` LIKE 'Statistics/product%' AND `IsDel` = 0 AND `Status` = 1 LIMIT 1   [ RunTime:0.0001s ]
SQL: SHOW COLUMNS FROM `xb_sys_operationbutton` [ RunTime:0.0004s ]
SQL: SELECT * FROM `xb_sys_operationbutton` WHERE `IsDel` = 0 AND `Status` = 1 AND `EName` = 'index' LIMIT 1   [ RunTime:0.0001s ]
INFO: [ view_parse ] --START--
INFO: [ template_filter ] --START--
INFO: Run Behavior\ContentReplaceBehavior [ RunTime:0.000038s ]
INFO: [ template_filter ] --END-- [ RunTime:0.000065s ]
INFO: [ view_parse ] --START--
INFO: [ template_filter ] --START--
INFO: Run Behavior\ContentReplaceBehavior [ RunTime:0.000018s ]
INFO: [ template_filter ] --END-- [ RunTime:-0.001717s ]
INFO: Run Behavior\ParseTemplateBehavior [ RunTime:0.001364s ]
INFO: [ view_parse ] --END-- [ RunTime:0.001393s ]
INFO: [ view_filter ] --START--
INFO: Run Behavior\WriteHtmlCacheBehavior [ RunTime:0.000144s ]
INFO: [ view_filter ] --END-- [ RunTime:0.000163s ]
INFO: Run Behavior\ParseTemplateBehavior [ RunTime:0.001715s ]
INFO: [ view_parse ] --END-- [ RunTime:0.001393s ]
INFO: [ view_filter ] --START--
INFO: Run Behavior\WriteHtmlCacheBehavior [ RunTime:0.000005s ]
INFO: [ view_filter ] --END-- [ RunTime:-0.000179s ]
INFO: [ app_end ] --START--
INFO: Run Behavior\ShowPageTraceBehavior [ RunTime:0.000319s ]
INFO: [ app_end ] --END-- [ RunTime:0.000339s ]

[ 2019-06-23T15:37:14+08:00 ] 112.254.20.119 /admin.php/Statistics/product/DataList
INFO: [ app_init ] --START--
INFO: Run Behavior\BuildLiteBehavior [ RunTime:0.000008s ]
INFO: [ app_init ] --END-- [ RunTime:0.000243s ]
INFO: [ app_begin ] --START--
INFO: Run Behavior\ReadHtmlCacheBehavior [ RunTime:0.000333s ]
INFO: [ app_begin ] --END-- [ RunTime:0.000367s ]
SQL: SHOW COLUMNS FROM `xb_sys_menu` [ RunTime:0.0005s ]
SQL: SELECT * FROM `xb_sys_menu` WHERE `Url` LIKE 'Statistics/product%' AND `IsDel` = 0 AND `Status` = 1 LIMIT 1   [ RunTime:0.0001s ]
SQL: SHOW COLUMNS FROM `xb_sys_operationbutton` [ RunTime:0.0004s ]
SQL: SELECT * FROM `xb_sys_operationbutton` WHERE `IsDel` = 0 AND `Status` = 1 AND `EName` = 'DataList' LIMIT 1   [ RunTime:0.0001s ]
SQL: SHOW COLUMNS FROM `xb_product_statistics` [ RunTime:0.0004s ]
SQL: select distinct productName from xb_product_statistics [ RunTime:0.0001s ]
SQL: select sum(PV) PV,sum(UV) UV,sum(registerNum) registerNum,productId from xb_product_statistics where productName = '快钱包' [ RunTime:0.0001s ]
NOTIC: [8] Undefined index: CPA /www/wwwroot/xbm.mashangbang.top/Application/Admin/Controller/Statistics/ProductController.class.php 第 109 行.
NOTIC: [8] Undefined index: CPA /www/wwwroot/xbm.mashangbang.top/Application/Admin/Controller/Statistics/ProductController.class.php 第 111 行.
SQL: select price from xb_item_price where itemId = 174 and 0 >= num order by num desc [ RunTime:0.0001s ]
NOTIC: [8] Undefined index: CPA /www/wwwroot/xbm.mashangbang.top/Application/Admin/Controller/Statistics/ProductController.class.php 第 132 行.

[ 2019-06-23T15:37:17+08:00 ] 112.254.20.119 /admin.php/Statistics/channel/index
INFO: [ app_init ] --START--
INFO: Run Behavior\BuildLiteBehavior [ RunTime:0.000010s ]
INFO: [ app_init ] --END-- [ RunTime:0.000258s ]
INFO: [ app_begin ] --START--
INFO: Run Behavior\ReadHtmlCacheBehavior [ RunTime:0.000322s ]
INFO: [ app_begin ] --END-- [ RunTime:0.000366s ]
SQL: SHOW COLUMNS FROM `xb_tg_admin` [ RunTime:0.0005s ]
SQL: select * from xb_tg_admin where Status = 1 and IsDel = 0 [ RunTime:0.0001s ]
INFO: [ view_parse ] --START--
INFO: [ template_filter ] --START--
INFO: Run Behavior\ContentReplaceBehavior [ RunTime:0.000031s ]
INFO: [ template_filter ] --END-- [ RunTime:0.000057s ]
INFO: [ view_parse ] --START--
INFO: [ template_filter ] --START--
INFO: Run Behavior\ContentReplaceBehavior [ RunTime:0.000016s ]
INFO: [ template_filter ] --END-- [ RunTime:-0.002944s ]
INFO: Run Behavior\ParseTemplateBehavior [ RunTime:0.001246s ]
INFO: [ view_parse ] --END-- [ RunTime:0.001276s ]
INFO: [ view_filter ] --START--
INFO: Run Behavior\WriteHtmlCacheBehavior [ RunTime:0.000138s ]
INFO: [ view_filter ] --END-- [ RunTime:0.000156s ]
INFO: Run Behavior\ParseTemplateBehavior [ RunTime:0.001595s ]
INFO: [ view_parse ] --END-- [ RunTime:0.001276s ]
INFO: [ view_filter ] --START--
INFO: Run Behavior\WriteHtmlCacheBehavior [ RunTime:0.000005s ]
INFO: [ view_filter ] --END-- [ RunTime:-0.000192s ]
INFO: [ app_end ] --START--
INFO: Run Behavior\ShowPageTraceBehavior [ RunTime:0.000340s ]
INFO: [ app_end ] --END-- [ RunTime:0.000361s ]

[ 2019-06-23T15:37:17+08:00 ] 112.254.20.119 /admin.php/Statistics/channel/DataList
INFO: [ app_init ] --START--
INFO: Run Behavior\BuildLiteBehavior [ RunTime:0.000010s ]
INFO: [ app_init ] --END-- [ RunTime:0.000215s ]
INFO: [ app_begin ] --START--
INFO: Run Behavior\ReadHtmlCacheBehavior [ RunTime:0.000298s ]
INFO: [ app_begin ] --END-- [ RunTime:0.000327s ]
SQL: SHOW COLUMNS FROM `xb_tg_admin` [ RunTime:0.0005s ]
SQL: select Name as channelName from xb_tg_admin where Status = 1 and IsDel = 0 order by UpdateTime desc [ RunTime:0.0001s ]
SQL: SHOW COLUMNS FROM `xb_channel_statistics` [ RunTime:0.0004s ]
SQL: select sum(PV) PV,sum(UV) UV,sum(registerNum) registerNum,sum(aliveNum) aliveNum,sum(applyNum) applyNum,sum(newNum) newNum,sum(SumMoney) SumMoney from xb_channel_statistics where channelName = 'test' [ RunTime:0.0001s ]
SQL: select sum(PV) PV,sum(UV) UV,sum(registerNum) registerNum,sum(aliveNum) aliveNum,sum(applyNum) applyNum,sum(newNum) newNum,sum(SumMoney) SumMoney from xb_channel_statistics where channelName = '自然流量' [ RunTime:0.0001s ]

[ 2019-06-23T15:37:19+08:00 ] 112.254.20.119 /admin.php/Statistics/channel/index
INFO: [ app_init ] --START--
INFO: Run Behavior\BuildLiteBehavior [ RunTime:0.000010s ]
INFO: [ app_init ] --END-- [ RunTime:0.000240s ]
INFO: [ app_begin ] --START--
INFO: Run Behavior\ReadHtmlCacheBehavior [ RunTime:0.000317s ]
INFO: [ app_begin ] --END-- [ RunTime:0.000351s ]
SQL: SHOW COLUMNS FROM `xb_tg_admin` [ RunTime:0.0005s ]
SQL: select * from xb_tg_admin where Status = 1 and IsDel = 0 [ RunTime:0.0001s ]
INFO: [ view_parse ] --START--
INFO: [ template_filter ] --START--
INFO: Run Behavior\ContentReplaceBehavior [ RunTime:0.000032s ]
INFO: [ template_filter ] --END-- [ RunTime:0.000060s ]
INFO: [ view_parse ] --START--
INFO: [ template_filter ] --START--
INFO: Run Behavior\ContentReplaceBehavior [ RunTime:0.000019s ]
INFO: [ template_filter ] --END-- [ RunTime:-0.003235s ]
INFO: Run Behavior\ParseTemplateBehavior [ RunTime:0.001325s ]
INFO: [ view_parse ] --END-- [ RunTime:0.001381s ]
INFO: [ view_filter ] --START--
INFO: Run Behavior\WriteHtmlCacheBehavior [ RunTime:0.000148s ]
INFO: [ view_filter ] --END-- [ RunTime:0.000168s ]
INFO: Run Behavior\ParseTemplateBehavior [ RunTime:0.001695s ]
INFO: [ view_parse ] --END-- [ RunTime:0.001381s ]
INFO: [ view_filter ] --START--
INFO: Run Behavior\WriteHtmlCacheBehavior [ RunTime:0.000004s ]
INFO: [ view_filter ] --END-- [ RunTime:-0.000189s ]
INFO: [ app_end ] --START--
INFO: Run Behavior\ShowPageTraceBehavior [ RunTime:0.000376s ]
INFO: [ app_end ] --END-- [ RunTime:0.000414s ]

[ 2019-06-23T15:37:19+08:00 ] 112.254.20.119 /admin.php/Statistics/channel/DataList
INFO: [ app_init ] --START--
INFO: Run Behavior\BuildLiteBehavior [ RunTime:0.000010s ]
INFO: [ app_init ] --END-- [ RunTime:0.000241s ]
INFO: [ app_begin ] --START--
INFO: Run Behavior\ReadHtmlCacheBehavior [ RunTime:0.000326s ]
INFO: [ app_begin ] --END-- [ RunTime:0.000356s ]
SQL: SHOW COLUMNS FROM `xb_tg_admin` [ RunTime:0.0005s ]
SQL: select Name as channelName from xb_tg_admin where Status = 1 and IsDel = 0 order by UpdateTime desc [ RunTime:0.0001s ]
SQL: SHOW COLUMNS FROM `xb_channel_statistics` [ RunTime:0.0004s ]
SQL: select sum(PV) PV,sum(UV) UV,sum(registerNum) registerNum,sum(aliveNum) aliveNum,sum(applyNum) applyNum,sum(newNum) newNum,sum(SumMoney) SumMoney from xb_channel_statistics where channelName = 'test' [ RunTime:0.0001s ]
SQL: select sum(PV) PV,sum(UV) UV,sum(registerNum) registerNum,sum(aliveNum) aliveNum,sum(applyNum) applyNum,sum(newNum) newNum,sum(SumMoney) SumMoney from xb_channel_statistics where channelName = '自然流量' [ RunTime:0.0001s ]

[ 2019-06-23T15:37:29+08:00 ] 112.254.20.119 /admin.php/Members/MemInfo/index
INFO: [ app_init ] --START--
INFO: Run Behavior\BuildLiteBehavior [ RunTime:0.000010s ]
INFO: [ app_init ] --END-- [ RunTime:0.000242s ]
INFO: [ app_begin ] --START--
INFO: Run Behavior\ReadHtmlCacheBehavior [ RunTime:0.000329s ]
INFO: [ app_begin ] --END-- [ RunTime:0.000361s ]
SQL: SHOW COLUMNS FROM `xb_sys_menu` [ RunTime:0.0005s ]
SQL: SELECT * FROM `xb_sys_menu` WHERE `Url` LIKE 'Members/MemInfo%' AND `IsDel` = 0 AND `Status` = 1 LIMIT 1   [ RunTime:0.0001s ]
SQL: SHOW COLUMNS FROM `xb_sys_operationbutton` [ RunTime:0.0004s ]
SQL: SELECT * FROM `xb_sys_operationbutton` WHERE `IsDel` = 0 AND `Status` = 1 AND `EName` = 'index' LIMIT 1   [ RunTime:0.0001s ]
SQL: SHOW COLUMNS FROM `xb_mem_levels` [ RunTime:0.0003s ]
SQL: SELECT `ID`,`Name` FROM `xb_mem_levels`  [ RunTime:0.0001s ]
INFO: [ view_parse ] --START--
INFO: [ template_filter ] --START--
INFO: Run Behavior\ContentReplaceBehavior [ RunTime:0.000032s ]
INFO: [ template_filter ] --END-- [ RunTime:0.000060s ]
INFO: [ view_parse ] --START--
INFO: [ template_filter ] --START--
INFO: Run Behavior\ContentReplaceBehavior [ RunTime:0.000018s ]
INFO: [ template_filter ] --END-- [ RunTime:-0.001731s ]
INFO: Run Behavior\ParseTemplateBehavior [ RunTime:0.001285s ]
INFO: [ view_parse ] --END-- [ RunTime:0.001331s ]
INFO: [ view_filter ] --START--
INFO: Run Behavior\WriteHtmlCacheBehavior [ RunTime:0.000140s ]
INFO: [ view_filter ] --END-- [ RunTime:0.000158s ]
INFO: Run Behavior\ParseTemplateBehavior [ RunTime:0.001634s ]
INFO: [ view_parse ] --END-- [ RunTime:0.001331s ]
INFO: [ view_filter ] --START--
INFO: Run Behavior\WriteHtmlCacheBehavior [ RunTime:0.000004s ]
INFO: [ view_filter ] --END-- [ RunTime:-0.000184s ]
INFO: [ app_end ] --START--
INFO: Run Behavior\ShowPageTraceBehavior [ RunTime:0.000353s ]
INFO: [ app_end ] --END-- [ RunTime:0.000378s ]

[ 2019-06-23T15:37:29+08:00 ] 112.254.20.119 /admin.php/Members/MemInfo/DataList
INFO: [ app_init ] --START--
INFO: Run Behavior\BuildLiteBehavior [ RunTime:0.000009s ]
INFO: [ app_init ] --END-- [ RunTime:0.000262s ]
INFO: [ app_begin ] --START--
INFO: Run Behavior\ReadHtmlCacheBehavior [ RunTime:0.000335s ]
INFO: [ app_begin ] --END-- [ RunTime:0.000370s ]
SQL: SHOW COLUMNS FROM `xb_sys_menu` [ RunTime:0.0004s ]
SQL: SELECT * FROM `xb_sys_menu` WHERE `Url` LIKE 'Members/MemInfo%' AND `IsDel` = 0 AND `Status` = 1 LIMIT 1   [ RunTime:0.0001s ]
SQL: SHOW COLUMNS FROM `xb_sys_operationbutton` [ RunTime:0.0004s ]
SQL: SELECT * FROM `xb_sys_operationbutton` WHERE `IsDel` = 0 AND `Status` = 1 AND `EName` = 'DataList' LIMIT 1   [ RunTime:0.0001s ]
SQL: SHOW COLUMNS FROM `xb_mem_levels` [ RunTime:0.0003s ]
SQL: SELECT `ID`,`Name` FROM `xb_mem_levels`  [ RunTime:0.0001s ]
SQL: SHOW COLUMNS FROM `xb_mem_info` [ RunTime:0.0005s ]
SQL: SELECT * FROM `xb_mem_info` WHERE `IsDel` = 0 AND `Referee` = 0 ORDER BY Sort asc,ID desc LIMIT 0,10   [ RunTime:0.0004s ]
SQL: SELECT COUNT(*) AS tp_count FROM `xb_mem_info` WHERE `IsDel` = 0 AND `Referee` = 0 LIMIT 1   [ RunTime:0.0002s ]
SQL: SELECT * FROM `xb_mem_info` WHERE `Referee` = 40972 AND `IsDel` = 0 LIMIT 1   [ RunTime:0.0002s ]
SQL: SELECT * FROM `xb_mem_info` WHERE `Referee` = 40971 AND `IsDel` = 0 LIMIT 1   [ RunTime:0.0002s ]
SQL: SELECT * FROM `xb_mem_info` WHERE `Referee` = 40970 AND `IsDel` = 0 LIMIT 1   [ RunTime:0.0002s ]
SQL: SELECT * FROM `xb_mem_info` WHERE `Referee` = 40969 AND `IsDel` = 0 LIMIT 1   [ RunTime:0.0002s ]
SQL: SELECT * FROM `xb_mem_info` WHERE `Referee` = 40968 AND `IsDel` = 0 LIMIT 1   [ RunTime:0.0002s ]
SQL: SELECT * FROM `xb_mem_info` WHERE `Referee` = 40967 AND `IsDel` = 0 LIMIT 1   [ RunTime:0.0002s ]

[ 2019-06-23T15:37:30+08:00 ] 112.254.20.119 /admin.php/Members/MemInfoDetail/index
INFO: [ app_init ] --START--
INFO: Run Behavior\BuildLiteBehavior [ RunTime:0.000009s ]
INFO: [ app_init ] --END-- [ RunTime:0.000235s ]
INFO: [ app_begin ] --START--
INFO: Run Behavior\ReadHtmlCacheBehavior [ RunTime:0.000327s ]
INFO: [ app_begin ] --END-- [ RunTime:0.000360s ]
SQL: SHOW COLUMNS FROM `xb_sys_menu` [ RunTime:0.0005s ]
SQL: SELECT * FROM `xb_sys_menu` WHERE `Url` LIKE 'Members/MemInfoDetail%' AND `IsDel` = 0 AND `Status` = 1 LIMIT 1   [ RunTime:0.0001s ]
SQL: SHOW COLUMNS FROM `xb_sys_operationbutton` [ RunTime:0.0004s ]
SQL: SELECT * FROM `xb_sys_operationbutton` WHERE `IsDel` = 0 AND `Status` = 1 AND `EName` = 'index' LIMIT 1   [ RunTime:0.0001s ]
INFO: [ view_parse ] --START--
INFO: [ template_filter ] --START--
INFO: Run Behavior\ContentReplaceBehavior [ RunTime:0.000031s ]
INFO: [ template_filter ] --END-- [ RunTime:0.000059s ]
INFO: [ view_parse ] --START--
INFO: [ template_filter ] --START--
INFO: Run Behavior\ContentReplaceBehavior [ RunTime:0.000020s ]
INFO: [ template_filter ] --END-- [ RunTime:-0.001683s ]
INFO: Run Behavior\ParseTemplateBehavior [ RunTime:0.001313s ]
INFO: [ view_parse ] --END-- [ RunTime:0.001342s ]
INFO: [ view_filter ] --START--
INFO: Run Behavior\WriteHtmlCacheBehavior [ RunTime:0.000142s ]
INFO: [ view_filter ] --END-- [ RunTime:0.000161s ]
INFO: Run Behavior\ParseTemplateBehavior [ RunTime:0.001669s ]
INFO: [ view_parse ] --END-- [ RunTime:0.001342s ]
INFO: [ view_filter ] --START--
INFO: Run Behavior\WriteHtmlCacheBehavior [ RunTime:0.000005s ]
INFO: [ view_filter ] --END-- [ RunTime:-0.000186s ]
INFO: [ app_end ] --START--
INFO: Run Behavior\ShowPageTraceBehavior [ RunTime:0.000341s ]
INFO: [ app_end ] --END-- [ RunTime:0.000364s ]

[ 2019-06-23T15:37:30+08:00 ] 112.254.20.119 /admin.php/Members/MemInfoDetail/DataList
INFO: [ app_init ] --START--
INFO: Run Behavior\BuildLiteBehavior [ RunTime:0.000017s ]
INFO: [ app_init ] --END-- [ RunTime:0.000224s ]
INFO: [ app_begin ] --START--
INFO: Run Behavior\ReadHtmlCacheBehavior [ RunTime:0.000307s ]
INFO: [ app_begin ] --END-- [ RunTime:0.000337s ]
SQL: SHOW COLUMNS FROM `xb_sys_menu` [ RunTime:0.0004s ]
SQL: SELECT * FROM `xb_sys_menu` WHERE `Url` LIKE 'Members/MemInfoDetail%' AND `IsDel` = 0 AND `Status` = 1 LIMIT 1   [ RunTime:0.0001s ]
SQL: SHOW COLUMNS FROM `xb_sys_operationbutton` [ RunTime:0.0004s ]
SQL: SELECT * FROM `xb_sys_operationbutton` WHERE `IsDel` = 0 AND `Status` = 1 AND `EName` = 'DataList' LIMIT 1   [ RunTime:0.0001s ]
SQL: SHOW COLUMNS FROM `xb_mem_ed` [ RunTime:0.0004s ]
SQL: SELECT * FROM `xb_mem_ed` WHERE `isDel` = 0 ORDER BY createDate desc LIMIT 0,10   [ RunTime:0.0001s ]
SQL: SELECT COUNT(*) AS tp_count FROM `xb_mem_ed` WHERE `isDel` = 0 LIMIT 1   [ RunTime:0.0001s ]

[ 2019-06-23T15:37:31+08:00 ] 112.254.20.119 /admin.php/Members/MemInfo/index
INFO: [ app_init ] --START--
INFO: Run Behavior\BuildLiteBehavior [ RunTime:0.000009s ]
INFO: [ app_init ] --END-- [ RunTime:0.000236s ]
INFO: [ app_begin ] --START--
INFO: Run Behavior\ReadHtmlCacheBehavior [ RunTime:0.000322s ]
INFO: [ app_begin ] --END-- [ RunTime:0.000353s ]
SQL: SHOW COLUMNS FROM `xb_sys_menu` [ RunTime:0.0005s ]
SQL: SELECT * FROM `xb_sys_menu` WHERE `Url` LIKE 'Members/MemInfo%' AND `IsDel` = 0 AND `Status` = 1 LIMIT 1   [ RunTime:0.0001s ]
SQL: SHOW COLUMNS FROM `xb_sys_operationbutton` [ RunTime:0.0004s ]
SQL: SELECT * FROM `xb_sys_operationbutton` WHERE `IsDel` = 0 AND `Status` = 1 AND `EName` = 'index' LIMIT 1   [ RunTime:0.0001s ]
SQL: SHOW COLUMNS FROM `xb_mem_levels` [ RunTime:0.0003s ]
SQL: SELECT `ID`,`Name` FROM `xb_mem_levels`  [ RunTime:0.0001s ]
INFO: [ view_parse ] --START--
INFO: [ template_filter ] --START--
INFO: Run Behavior\ContentReplaceBehavior [ RunTime:0.000032s ]
INFO: [ template_filter ] --END-- [ RunTime:0.000059s ]
INFO: [ view_parse ] --START--
INFO: [ template_filter ] --START--
INFO: Run Behavior\ContentReplaceBehavior [ RunTime:0.000019s ]
INFO: [ template_filter ] --END-- [ RunTime:-0.001743s ]
INFO: Run Behavior\ParseTemplateBehavior [ RunTime:0.001259s ]
INFO: [ view_parse ] --END-- [ RunTime:0.001289s ]
INFO: [ view_filter ] --START--
INFO: Run Behavior\WriteHtmlCacheBehavior [ RunTime:0.000136s ]
INFO: [ view_filter ] --END-- [ RunTime:0.000154s ]
INFO: Run Behavior\ParseTemplateBehavior [ RunTime:0.001603s ]
INFO: [ view_parse ] --END-- [ RunTime:0.001289s ]
INFO: [ view_filter ] --START--
INFO: Run Behavior\WriteHtmlCacheBehavior [ RunTime:0.000005s ]
INFO: [ view_filter ] --END-- [ RunTime:-0.000180s ]
INFO: [ app_end ] --START--
INFO: Run Behavior\ShowPageTraceBehavior [ RunTime:0.000360s ]
INFO: [ app_end ] --END-- [ RunTime:0.000392s ]

[ 2019-06-23T15:37:32+08:00 ] 112.254.20.119 /admin.php/Members/MemInfo/DataList
INFO: [ app_init ] --START--
INFO: Run Behavior\BuildLiteBehavior [ RunTime:0.000009s ]
INFO: [ app_init ] --END-- [ RunTime:0.000229s ]
INFO: [ app_begin ] --START--
INFO: Run Behavior\ReadHtmlCacheBehavior [ RunTime:0.000320s ]
INFO: [ app_begin ] --END-- [ RunTime:0.000350s ]
SQL: SHOW COLUMNS FROM `xb_sys_menu` [ RunTime:0.0005s ]
SQL: SELECT * FROM `xb_sys_menu` WHERE `Url` LIKE 'Members/MemInfo%' AND `IsDel` = 0 AND `Status` = 1 LIMIT 1   [ RunTime:0.0001s ]
SQL: SHOW COLUMNS FROM `xb_sys_operationbutton` [ RunTime:0.0004s ]
SQL: SELECT * FROM `xb_sys_operationbutton` WHERE `IsDel` = 0 AND `Status` = 1 AND `EName` = 'DataList' LIMIT 1   [ RunTime:0.0001s ]
SQL: SHOW COLUMNS FROM `xb_mem_levels` [ RunTime:0.0003s ]
SQL: SELECT `ID`,`Name` FROM `xb_mem_levels`  [ RunTime:0.0001s ]
SQL: SHOW COLUMNS FROM `xb_mem_info` [ RunTime:0.0005s ]
SQL: SELECT * FROM `xb_mem_info` WHERE `IsDel` = 0 AND `Referee` = 0 ORDER BY Sort asc,ID desc LIMIT 0,10   [ RunTime:0.0001s ]
SQL: SELECT COUNT(*) AS tp_count FROM `xb_mem_info` WHERE `IsDel` = 0 AND `Referee` = 0 LIMIT 1   [ RunTime:0.0001s ]
SQL: SELECT * FROM `xb_mem_info` WHERE `Referee` = 40972 AND `IsDel` = 0 LIMIT 1   [ RunTime:0.0001s ]
SQL: SELECT * FROM `xb_mem_info` WHERE `Referee` = 40971 AND `IsDel` = 0 LIMIT 1   [ RunTime:0.0001s ]
SQL: SELECT * FROM `xb_mem_info` WHERE `Referee` = 40970 AND `IsDel` = 0 LIMIT 1   [ RunTime:0.0001s ]
SQL: SELECT * FROM `xb_mem_info` WHERE `Referee` = 40969 AND `IsDel` = 0 LIMIT 1   [ RunTime:0.0001s ]
SQL: SELECT * FROM `xb_mem_info` WHERE `Referee` = 40968 AND `IsDel` = 0 LIMIT 1   [ RunTime:0.0001s ]
SQL: SELECT * FROM `xb_mem_info` WHERE `Referee` = 40967 AND `IsDel` = 0 LIMIT 1   [ RunTime:0.0001s ]

[ 2019-06-23T15:37:32+08:00 ] 112.254.20.119 /admin.php/Members/Memmessage/index
INFO: [ app_init ] --START--
INFO: Run Behavior\BuildLiteBehavior [ RunTime:0.000009s ]
INFO: [ app_init ] --END-- [ RunTime:0.000239s ]
INFO: [ app_begin ] --START--
INFO: Run Behavior\ReadHtmlCacheBehavior [ RunTime:0.000337s ]
INFO: [ app_begin ] --END-- [ RunTime:0.000374s ]
SQL: SHOW COLUMNS FROM `xb_sys_menu` [ RunTime:0.0004s ]
SQL: SELECT * FROM `xb_sys_menu` WHERE `Url` LIKE 'Members/Memmessage%' AND `IsDel` = 0 AND `Status` = 1 LIMIT 1   [ RunTime:0.0001s ]
SQL: SHOW COLUMNS FROM `xb_sys_operationbutton` [ RunTime:0.0004s ]
SQL: SELECT * FROM `xb_sys_operationbutton` WHERE `IsDel` = 0 AND `Status` = 1 AND `EName` = 'index' LIMIT 1   [ RunTime:0.0001s ]
INFO: [ view_parse ] --START--
INFO: [ template_filter ] --START--
INFO: Run Behavior\ContentReplaceBehavior [ RunTime:0.000029s ]
INFO: [ template_filter ] --END-- [ RunTime:0.000059s ]
INFO: [ view_parse ] --START--
INFO: [ template_filter ] --START--
INFO: Run Behavior\ContentReplaceBehavior [ RunTime:0.000020s ]
INFO: [ template_filter ] --END-- [ RunTime:-0.001691s ]
INFO: Run Behavior\ParseTemplateBehavior [ RunTime:0.001355s ]
INFO: [ view_parse ] --END-- [ RunTime:0.001388s ]
INFO: [ view_filter ] --START--
INFO: Run Behavior\WriteHtmlCacheBehavior [ RunTime:0.000140s ]
INFO: [ view_filter ] --END-- [ RunTime:0.000158s ]
INFO: Run Behavior\ParseTemplateBehavior [ RunTime:0.001715s ]
INFO: [ view_parse ] --END-- [ RunTime:0.001388s ]
INFO: [ view_filter ] --START--
INFO: Run Behavior\WriteHtmlCacheBehavior [ RunTime:0.000005s ]
INFO: [ view_filter ] --END-- [ RunTime:-0.000191s ]
INFO: [ app_end ] --START--
INFO: Run Behavior\ShowPageTraceBehavior [ RunTime:0.000335s ]
INFO: [ app_end ] --END-- [ RunTime:0.000358s ]

[ 2019-06-23T15:37:32+08:00 ] 112.254.20.119 /admin.php/Members/Memmessage/DataList
INFO: [ app_init ] --START--
INFO: Run Behavior\BuildLiteBehavior [ RunTime:0.000010s ]
INFO: [ app_init ] --END-- [ RunTime:0.000230s ]
INFO: [ app_begin ] --START--
INFO: Run Behavior\ReadHtmlCacheBehavior [ RunTime:0.000300s ]
INFO: [ app_begin ] --END-- [ RunTime:0.000329s ]
SQL: SHOW COLUMNS FROM `xb_sys_menu` [ RunTime:0.0004s ]
SQL: SELECT * FROM `xb_sys_menu` WHERE `Url` LIKE 'Members/Memmessage%' AND `IsDel` = 0 AND `Status` = 1 LIMIT 1   [ RunTime:0.0004s ]
SQL: SHOW COLUMNS FROM `xb_sys_operationbutton` [ RunTime:0.0004s ]
SQL: SELECT * FROM `xb_sys_operationbutton` WHERE `IsDel` = 0 AND `Status` = 1 AND `EName` = 'DataList' LIMIT 1   [ RunTime:0.0001s ]
NOTIC: [8] Undefined variable: where /www/wwwroot/xbm.mashangbang.top/Application/Admin/Controller/Members/MemmessageController.class.php 第 85 行.
SQL: SHOW COLUMNS FROM `xb_mem_message` [ RunTime:0.0003s ]
SQL: SELECT * FROM `xb_mem_message` ORDER BY ID desc LIMIT 0,20   [ RunTime:0.0001s ]
SQL: SELECT COUNT(*) AS tp_count FROM `xb_mem_message` LIMIT 1   [ RunTime:0.0001s ]

[ 2019-06-23T15:37:33+08:00 ] 112.254.20.119 /admin.php/Members/MemInfoDetail/index
INFO: [ app_init ] --START--
INFO: Run Behavior\BuildLiteBehavior [ RunTime:0.000010s ]
INFO: [ app_init ] --END-- [ RunTime:0.000236s ]
INFO: [ app_begin ] --START--
INFO: Run Behavior\ReadHtmlCacheBehavior [ RunTime:0.000325s ]
INFO: [ app_begin ] --END-- [ RunTime:0.000356s ]
SQL: SHOW COLUMNS FROM `xb_sys_menu` [ RunTime:0.0005s ]
SQL: SELECT * FROM `xb_sys_menu` WHERE `Url` LIKE 'Members/MemInfoDetail%' AND `IsDel` = 0 AND `Status` = 1 LIMIT 1   [ RunTime:0.0001s ]
SQL: SHOW COLUMNS FROM `xb_sys_operationbutton` [ RunTime:0.0004s ]
SQL: SELECT * FROM `xb_sys_operationbutton` WHERE `IsDel` = 0 AND `Status` = 1 AND `EName` = 'index' LIMIT 1   [ RunTime:0.0001s ]
INFO: [ view_parse ] --START--
INFO: [ template_filter ] --START--
INFO: Run Behavior\ContentReplaceBehavior [ RunTime:0.000044s ]
INFO: [ template_filter ] --END-- [ RunTime:0.000073s ]
INFO: [ view_parse ] --START--
INFO: [ template_filter ] --START--
INFO: Run Behavior\ContentReplaceBehavior [ RunTime:0.000017s ]
INFO: [ template_filter ] --END-- [ RunTime:-0.001607s ]
INFO: Run Behavior\ParseTemplateBehavior [ RunTime:0.001303s ]
INFO: [ view_parse ] --END-- [ RunTime:0.001332s ]
INFO: [ view_filter ] --START--
INFO: Run Behavior\WriteHtmlCacheBehavior [ RunTime:0.000139s ]
INFO: [ view_filter ] --END-- [ RunTime:0.000157s ]
INFO: Run Behavior\ParseTemplateBehavior [ RunTime:0.001659s ]
INFO: [ view_parse ] --END-- [ RunTime:0.001332s ]
INFO: [ view_filter ] --START--
INFO: Run Behavior\WriteHtmlCacheBehavior [ RunTime:0.000006s ]
INFO: [ view_filter ] --END-- [ RunTime:-0.000196s ]
INFO: [ app_end ] --START--
INFO: Run Behavior\ShowPageTraceBehavior [ RunTime:0.000320s ]
INFO: [ app_end ] --END-- [ RunTime:0.000345s ]

[ 2019-06-23T15:37:33+08:00 ] 112.254.20.119 /admin.php/Members/MemInfoDetail/DataList
INFO: [ app_init ] --START--
INFO: Run Behavior\BuildLiteBehavior [ RunTime:0.000009s ]
INFO: [ app_init ] --END-- [ RunTime:0.000249s ]
INFO: [ app_begin ] --START--
INFO: Run Behavior\ReadHtmlCacheBehavior [ RunTime:0.000335s ]
INFO: [ app_begin ] --END-- [ RunTime:0.000370s ]
SQL: SHOW COLUMNS FROM `xb_sys_menu` [ RunTime:0.0004s ]
SQL: SELECT * FROM `xb_sys_menu` WHERE `Url` LIKE 'Members/MemInfoDetail%' AND `IsDel` = 0 AND `Status` = 1 LIMIT 1   [ RunTime:0.0001s ]
SQL: SHOW COLUMNS FROM `xb_sys_operationbutton` [ RunTime:0.0004s ]
SQL: SELECT * FROM `xb_sys_operationbutton` WHERE `IsDel` = 0 AND `Status` = 1 AND `EName` = 'DataList' LIMIT 1   [ RunTime:0.0001s ]
SQL: SHOW COLUMNS FROM `xb_mem_ed` [ RunTime:0.0004s ]
SQL: SELECT * FROM `xb_mem_ed` WHERE `isDel` = 0 ORDER BY createDate desc LIMIT 0,10   [ RunTime:0.0001s ]
SQL: SELECT COUNT(*) AS tp_count FROM `xb_mem_ed` WHERE `isDel` = 0 LIMIT 1   [ RunTime:0.0001s ]

[ 2019-06-23T15:37:41+08:00 ] 112.254.20.119 /admin.php/Operation/Tgadmin/index
INFO: [ app_init ] --START--
INFO: Run Behavior\BuildLiteBehavior [ RunTime:0.000009s ]
INFO: [ app_init ] --END-- [ RunTime:0.000232s ]
INFO: [ app_begin ] --START--
INFO: Run Behavior\ReadHtmlCacheBehavior [ RunTime:0.000317s ]
INFO: [ app_begin ] --END-- [ RunTime:0.000349s ]
SQL: SHOW COLUMNS FROM `xb_sys_menu` [ RunTime:0.0005s ]
SQL: SELECT * FROM `xb_sys_menu` WHERE `Url` LIKE 'Operation/Tgadmin%' AND `IsDel` = 0 AND `Status` = 1 LIMIT 1   [ RunTime:0.0001s ]
SQL: SHOW COLUMNS FROM `xb_sys_operationbutton` [ RunTime:0.0004s ]
SQL: SELECT * FROM `xb_sys_operationbutton` WHERE `IsDel` = 0 AND `Status` = 1 AND `EName` = 'index' LIMIT 1   [ RunTime:0.0001s ]
INFO: [ view_parse ] --START--
INFO: [ template_filter ] --START--
INFO: Run Behavior\ContentReplaceBehavior [ RunTime:0.000029s ]
INFO: [ template_filter ] --END-- [ RunTime:0.000057s ]
INFO: [ view_parse ] --START--
INFO: [ template_filter ] --START--
INFO: Run Behavior\ContentReplaceBehavior [ RunTime:0.000018s ]
INFO: [ template_filter ] --END-- [ RunTime:-0.001668s ]
INFO: Run Behavior\ParseTemplateBehavior [ RunTime:0.001301s ]
INFO: [ view_parse ] --END-- [ RunTime:0.001329s ]
INFO: [ view_filter ] --START--
INFO: Run Behavior\WriteHtmlCacheBehavior [ RunTime:0.000136s ]
INFO: [ view_filter ] --END-- [ RunTime:0.000154s ]
INFO: Run Behavior\ParseTemplateBehavior [ RunTime:0.001635s ]
INFO: [ view_parse ] --END-- [ RunTime:0.001329s ]
INFO: [ view_filter ] --START--
INFO: Run Behavior\WriteHtmlCacheBehavior [ RunTime:0.000006s ]
INFO: [ view_filter ] --END-- [ RunTime:-0.000170s ]
INFO: [ app_end ] --START--
INFO: Run Behavior\ShowPageTraceBehavior [ RunTime:0.000329s ]
INFO: [ app_end ] --END-- [ RunTime:0.000350s ]

[ 2019-06-23T15:37:42+08:00 ] 112.254.20.119 /admin.php/Operation/Tgadmin/DataList
INFO: [ app_init ] --START--
INFO: Run Behavior\BuildLiteBehavior [ RunTime:0.000010s ]
INFO: [ app_init ] --END-- [ RunTime:0.000245s ]
INFO: [ app_begin ] --START--
INFO: Run Behavior\ReadHtmlCacheBehavior [ RunTime:0.000314s ]
INFO: [ app_begin ] --END-- [ RunTime:0.000343s ]
SQL: SHOW COLUMNS FROM `xb_sys_menu` [ RunTime:0.0004s ]
SQL: SELECT * FROM `xb_sys_menu` WHERE `Url` LIKE 'Operation/Tgadmin%' AND `IsDel` = 0 AND `Status` = 1 LIMIT 1   [ RunTime:0.0001s ]
SQL: SHOW COLUMNS FROM `xb_sys_operationbutton` [ RunTime:0.0004s ]
SQL: SELECT * FROM `xb_sys_operationbutton` WHERE `IsDel` = 0 AND `Status` = 1 AND `EName` = 'DataList' LIMIT 1   [ RunTime:0.0001s ]
SQL: SHOW COLUMNS FROM `xb_tg_admin` [ RunTime:0.0004s ]
SQL: SELECT * FROM `xb_tg_admin` WHERE `IsDel` = 0 ORDER BY Sort asc,ID desc LIMIT 0,20   [ RunTime:0.0001s ]
SQL: SELECT COUNT(*) AS tp_count FROM `xb_tg_admin` WHERE `IsDel` = 0 LIMIT 1   [ RunTime:0.0000s ]
SQL: SHOW COLUMNS FROM `xb_sys_administrator` [ RunTime:0.0004s ]
SQL: SELECT `UserName` FROM `xb_sys_administrator` WHERE `ID` = 2 LIMIT 1   [ RunTime:0.0001s ]

[ 2019-06-23T15:37:44+08:00 ] 112.254.20.119 /admin.php/Operation/Tuiguangtj/index
INFO: [ app_init ] --START--
INFO: Run Behavior\BuildLiteBehavior [ RunTime:0.000009s ]
INFO: [ app_init ] --END-- [ RunTime:0.000231s ]
INFO: [ app_begin ] --START--
INFO: Run Behavior\ReadHtmlCacheBehavior [ RunTime:0.000310s ]
INFO: [ app_begin ] --END-- [ RunTime:0.000341s ]
SQL: SHOW COLUMNS FROM `xb_sys_menu` [ RunTime:0.0005s ]
SQL: SELECT * FROM `xb_sys_menu` WHERE `Url` LIKE 'Operation/Tuiguangtj%' AND `IsDel` = 0 AND `Status` = 1 LIMIT 1   [ RunTime:0.0001s ]
SQL: SHOW COLUMNS FROM `xb_sys_operationbutton` [ RunTime:0.0004s ]
SQL: SELECT * FROM `xb_sys_operationbutton` WHERE `IsDel` = 0 AND `Status` = 1 AND `EName` = 'index' LIMIT 1   [ RunTime:0.0001s ]
SQL: SHOW COLUMNS FROM `xb_sys_administrator` [ RunTime:0.0004s ]
SQL: SELECT `ID` FROM `xb_sys_administrator` WHERE `UserName` = 'admin' AND `IsDel` = 0 LIMIT 1   [ RunTime:0.0001s ]
SQL: SHOW COLUMNS FROM `xb_user_channel` [ RunTime:0.0003s ]
SQL: SELECT b.ID,b.Name FROM xb_user_channel a left join xb_tg_admin b on a.channelId=b.ID  WHERE `userId` = '2'  [ RunTime:0.0001s ]
INFO: [ view_parse ] --START--
INFO: [ template_filter ] --START--
INFO: Run Behavior\ContentReplaceBehavior [ RunTime:0.000031s ]
INFO: [ template_filter ] --END-- [ RunTime:0.000058s ]
INFO: [ view_parse ] --START--
INFO: [ template_filter ] --START--
INFO: Run Behavior\ContentReplaceBehavior [ RunTime:0.000019s ]
INFO: [ template_filter ] --END-- [ RunTime:-0.001764s ]
INFO: Run Behavior\ParseTemplateBehavior [ RunTime:0.001274s ]
INFO: [ view_parse ] --END-- [ RunTime:0.001304s ]
INFO: [ view_filter ] --START--
INFO: Run Behavior\WriteHtmlCacheBehavior [ RunTime:0.000138s ]
INFO: [ view_filter ] --END-- [ RunTime:0.000170s ]
INFO: Run Behavior\ParseTemplateBehavior [ RunTime:0.001640s ]
INFO: [ view_parse ] --END-- [ RunTime:0.001304s ]
INFO: [ view_filter ] --START--
INFO: Run Behavior\WriteHtmlCacheBehavior [ RunTime:0.000005s ]
INFO: [ view_filter ] --END-- [ RunTime:-0.000187s ]
INFO: [ app_end ] --START--
INFO: Run Behavior\ShowPageTraceBehavior [ RunTime:0.000311s ]
INFO: [ app_end ] --END-- [ RunTime:0.000331s ]

[ 2019-06-23T15:37:44+08:00 ] 112.254.20.119 /admin.php/Operation/Tuiguangtj/DataList
INFO: [ app_init ] --START--
INFO: Run Behavior\BuildLiteBehavior [ RunTime:0.000009s ]
INFO: [ app_init ] --END-- [ RunTime:0.000223s ]
INFO: [ app_begin ] --START--
INFO: Run Behavior\ReadHtmlCacheBehavior [ RunTime:0.000296s ]
INFO: [ app_begin ] --END-- [ RunTime:0.000326s ]
SQL: SHOW COLUMNS FROM `xb_sys_menu` [ RunTime:0.0004s ]
SQL: SELECT * FROM `xb_sys_menu` WHERE `Url` LIKE 'Operation/Tuiguangtj%' AND `IsDel` = 0 AND `Status` = 1 LIMIT 1   [ RunTime:0.0001s ]
SQL: SHOW COLUMNS FROM `xb_sys_operationbutton` [ RunTime:0.0004s ]
SQL: SELECT * FROM `xb_sys_operationbutton` WHERE `IsDel` = 0 AND `Status` = 1 AND `EName` = 'DataList' LIMIT 1   [ RunTime:0.0001s ]
SQL: SHOW COLUMNS FROM `xb_sys_administrator` [ RunTime:0.0004s ]
SQL: SELECT `ID` FROM `xb_sys_administrator` WHERE `UserName` = 'admin' AND `IsDel` = 0 LIMIT 1   [ RunTime:0.0001s ]
SQL: SHOW COLUMNS FROM `xb_user_channel` [ RunTime:0.0003s ]
SQL: SELECT b.ID FROM xb_user_channel a left join xb_tg_admin b on a.channelId=b.ID  WHERE `userId` = '2'  [ RunTime:0.0001s ]
SQL: SHOW COLUMNS FROM `xb_tg_form` [ RunTime:0.0003s ]
SQL: SELECT distinct createDate FROM `xb_tg_form` WHERE `enable` = 1 AND `channelId` IN (null,null,null,null,null,null,null,null) ORDER BY createDate desc LIMIT 0,20   [ RunTime:0.0001s ]
SQL: SELECT COUNT(*) AS tp_count FROM `xb_tg_form` WHERE `enable` = 1 AND `channelId` IN (null,null,null,null,null,null,null,null) LIMIT 1   [ RunTime:0.0001s ]
SQL: SELECT SUM(ios) AS tp_sum FROM `xb_tg_form` WHERE `enable` = 1 AND `channelId` IN (null,null,null,null,null,null,null,null) LIMIT 1   [ RunTime:0.0001s ]
SQL: SELECT SUM(android) AS tp_sum FROM `xb_tg_form` WHERE `enable` = 1 AND `channelId` IN (null,null,null,null,null,null,null,null) LIMIT 1   [ RunTime:0.0001s ]
SQL: SELECT SUM(num) AS tp_sum FROM `xb_tg_form` WHERE `enable` = 1 AND `channelId` IN (null,null,null,null,null,null,null,null) LIMIT 1   [ RunTime:0.0000s ]

[ 2019-06-23T15:37:48+08:00 ] 112.254.20.119 /admin.php/Operation/Tuiguangrecord/index
INFO: [ app_init ] --START--
INFO: Run Behavior\BuildLiteBehavior [ RunTime:0.000011s ]
INFO: [ app_init ] --END-- [ RunTime:0.000236s ]
INFO: [ app_begin ] --START--
INFO: Run Behavior\ReadHtmlCacheBehavior [ RunTime:0.000320s ]
INFO: [ app_begin ] --END-- [ RunTime:0.000353s ]
SQL: SHOW COLUMNS FROM `xb_sys_menu` [ RunTime:0.0005s ]
SQL: SELECT * FROM `xb_sys_menu` WHERE `Url` LIKE 'Operation/Tuiguangrecord%' AND `IsDel` = 0 AND `Status` = 1 LIMIT 1   [ RunTime:0.0001s ]
SQL: SHOW COLUMNS FROM `xb_sys_operationbutton` [ RunTime:0.0004s ]
SQL: SELECT * FROM `xb_sys_operationbutton` WHERE `IsDel` = 0 AND `Status` = 1 AND `EName` = 'index' LIMIT 1   [ RunTime:0.0001s ]
SQL: SHOW COLUMNS FROM `xb_tg_admin` [ RunTime:0.0003s ]
SQL: SELECT `ID` FROM `xb_tg_admin` WHERE `UserName` = 'admin' LIMIT 1   [ RunTime:0.0001s ]
SQL: SELECT `ID`,`Name` FROM `xb_tg_admin` WHERE `Status` = 1 AND `IsDel` = 0  [ RunTime:0.0001s ]
INFO: [ view_parse ] --START--
INFO: [ template_filter ] --START--
INFO: Run Behavior\ContentReplaceBehavior [ RunTime:0.000031s ]
INFO: [ template_filter ] --END-- [ RunTime:0.000057s ]
INFO: [ view_parse ] --START--
INFO: [ template_filter ] --START--
INFO: Run Behavior\ContentReplaceBehavior [ RunTime:0.000018s ]
INFO: [ template_filter ] --END-- [ RunTime:-0.001769s ]
INFO: Run Behavior\ParseTemplateBehavior [ RunTime:0.001285s ]
INFO: [ view_parse ] --END-- [ RunTime:0.001315s ]
INFO: [ view_filter ] --START--
INFO: Run Behavior\WriteHtmlCacheBehavior [ RunTime:0.000152s ]
INFO: [ view_filter ] --END-- [ RunTime:0.000171s ]
INFO: Run Behavior\ParseTemplateBehavior [ RunTime:0.001641s ]
INFO: [ view_parse ] --END-- [ RunTime:0.001315s ]
INFO: [ view_filter ] --START--
INFO: Run Behavior\WriteHtmlCacheBehavior [ RunTime:0.000004s ]
INFO: [ view_filter ] --END-- [ RunTime:-0.000177s ]
INFO: [ app_end ] --START--
INFO: Run Behavior\ShowPageTraceBehavior [ RunTime:0.000311s ]
INFO: [ app_end ] --END-- [ RunTime:0.000332s ]

[ 2019-06-23T15:37:48+08:00 ] 112.254.20.119 /admin.php/Operation/Tuiguangrecord/DataList
INFO: [ app_init ] --START--
INFO: Run Behavior\BuildLiteBehavior [ RunTime:0.000008s ]
INFO: [ app_init ] --END-- [ RunTime:0.000210s ]
INFO: [ app_begin ] --START--
INFO: Run Behavior\ReadHtmlCacheBehavior [ RunTime:0.000298s ]
INFO: [ app_begin ] --END-- [ RunTime:0.000326s ]
SQL: SHOW COLUMNS FROM `xb_sys_menu` [ RunTime:0.0004s ]
SQL: SELECT * FROM `xb_sys_menu` WHERE `Url` LIKE 'Operation/Tuiguangrecord%' AND `IsDel` = 0 AND `Status` = 1 LIMIT 1   [ RunTime:0.0001s ]
SQL: SHOW COLUMNS FROM `xb_sys_operationbutton` [ RunTime:0.0004s ]
SQL: SELECT * FROM `xb_sys_operationbutton` WHERE `IsDel` = 0 AND `Status` = 1 AND `EName` = 'DataList' LIMIT 1   [ RunTime:0.0001s ]
SQL: SHOW COLUMNS FROM `xb_tg_admin` [ RunTime:0.0004s ]
SQL: SELECT `ID` FROM `xb_tg_admin` WHERE `UserName` = 'admin' LIMIT 1   [ RunTime:0.0001s ]
SQL: SHOW COLUMNS FROM `xb_mem_info` [ RunTime:0.0005s ]
SQL: SELECT * FROM `xb_mem_info` WHERE `IsDel` = 0 ORDER BY Sort asc,ID desc LIMIT 0,20   [ RunTime:0.0001s ]
SQL: SELECT COUNT(*) AS tp_count FROM `xb_mem_info` WHERE `IsDel` = 0 LIMIT 1   [ RunTime:0.0001s ]

