[ 2019-07-08T13:14:15+08:00 ] 58.132.205.66 /admin.php
INFO: [ app_init ] --START--
INFO: Run Behavior\BuildLiteBehavior [ RunTime:0.000011s ]
INFO: [ app_init ] --END-- [ RunTime:0.000331s ]
INFO: [ app_begin ] --START--
INFO: Run Behavior\ReadHtmlCacheBehavior [ RunTime:0.000452s ]
INFO: [ app_begin ] --END-- [ RunTime:0.000497s ]

[ 2019-07-08T13:14:15+08:00 ] 58.132.205.66 /admin.php/System/Login/login.html
INFO: [ app_init ] --START--
INFO: Run Behavior\BuildLiteBehavior [ RunTime:0.000008s ]
INFO: [ app_init ] --END-- [ RunTime:0.000217s ]
INFO: [ app_begin ] --START--
INFO: Run Behavior\ReadHtmlCacheBehavior [ RunTime:0.000326s ]
INFO: [ app_begin ] --END-- [ RunTime:0.000359s ]
SQL: SHOW COLUMNS FROM `xb_sys_basicinfo` [ RunTime:0.0008s ]
SQL: SELECT `MAC` FROM `xb_sys_basicinfo` WHERE ( ID = 1 ) LIMIT 1   [ RunTime:0.0001s ]
INFO: [ view_parse ] --START--
INFO: [ template_filter ] --START--
INFO: Run Behavior\ContentReplaceBehavior [ RunTime:0.000034s ]
INFO: [ template_filter ] --END-- [ RunTime:0.000062s ]
INFO: Run Behavior\ParseTemplateBehavior [ RunTime:0.003804s ]
INFO: [ view_parse ] --END-- [ RunTime:0.003831s ]
INFO: [ view_filter ] --START--
INFO: Run Behavior\WriteHtmlCacheBehavior [ RunTime:0.000149s ]
INFO: [ view_filter ] --END-- [ RunTime:0.000169s ]
INFO: [ app_end ] --START--
INFO: Run Behavior\ShowPageTraceBehavior [ RunTime:0.000331s ]
INFO: [ app_end ] --END-- [ RunTime:0.000354s ]

[ 2019-07-08T13:14:17+08:00 ] 58.132.205.66 /admin.php/System/Login/selfverify.html
INFO: [ app_init ] --START--
INFO: Run Behavior\BuildLiteBehavior [ RunTime:0.000010s ]
INFO: [ app_init ] --END-- [ RunTime:0.000237s ]
INFO: [ app_begin ] --START--
INFO: Run Behavior\ReadHtmlCacheBehavior [ RunTime:0.000355s ]
INFO: [ app_begin ] --END-- [ RunTime:0.000386s ]
INFO: [ app_end ] --START--
INFO: Run Behavior\ShowPageTraceBehavior [ RunTime:0.000347s ]
INFO: [ app_end ] --END-- [ RunTime:0.000381s ]

[ 2019-07-08T13:14:30+08:00 ] 58.132.205.66 /admin.php/System/Login/doLogin.html
INFO: [ app_init ] --START--
INFO: Run Behavior\BuildLiteBehavior [ RunTime:0.000010s ]
INFO: [ app_init ] --END-- [ RunTime:0.000223s ]
INFO: [ app_begin ] --START--
INFO: Run Behavior\ReadHtmlCacheBehavior [ RunTime:0.000316s ]
INFO: [ app_begin ] --END-- [ RunTime:0.000346s ]
SQL: SHOW COLUMNS FROM `xb_sys_administrator` [ RunTime:0.0005s ]
SQL: SELECT * FROM `xb_sys_administrator` WHERE `UserName` = 'admin' AND `Status` = 1 AND `IsDel` = 0 LIMIT 1   [ RunTime:0.0003s ]
SQL: SHOW COLUMNS FROM `xb_sys_role` [ RunTime:0.0004s ]
SQL: SELECT * FROM `xb_sys_role` WHERE `IsDel` = 0 AND `Status` = 1 AND `ID` = 2 LIMIT 1   [ RunTime:0.0001s ]
SQL: UPDATE `xb_sys_administrator` SET `LoginIP`='58.132.205.66' WHERE `ID` = 2 [ RunTime:0.0035s ]
SQL: SHOW COLUMNS FROM `xb_sys_ipaddress` [ RunTime:0.0004s ]
SQL: SELECT * FROM `xb_sys_ipaddress` WHERE `IpAddress` = '58.132.205.66' LIMIT 1   [ RunTime:0.0001s ]
NOTIC: [8] Undefined index: data /www/wwwroot/xbm.mashangbang.top/Application/Common/Common/function.php 第 385 行.
NOTIC: [8] Undefined index: data /www/wwwroot/xbm.mashangbang.top/Application/Common/Common/function.php 第 386 行.
SQL: UPDATE `xb_sys_administrator` SET `IpCity`=NULL,`LoginCount`='2021',`ErrorCount`='0',`LoginTime`='2019-07-08 13:14:30' WHERE `ID` = 2 [ RunTime:0.0031s ]
SQL: SELECT `Name` FROM `xb_sys_role` WHERE `ID` = 2 LIMIT 1   [ RunTime:0.0001s ]

[ 2019-07-08T13:14:31+08:00 ] 58.132.205.66 /admin.php
INFO: [ app_init ] --START--
INFO: Run Behavior\BuildLiteBehavior [ RunTime:0.000008s ]
INFO: [ app_init ] --END-- [ RunTime:0.000231s ]
INFO: [ app_begin ] --START--
INFO: Run Behavior\ReadHtmlCacheBehavior [ RunTime:0.000317s ]
INFO: [ app_begin ] --END-- [ RunTime:0.000350s ]
SQL: SHOW COLUMNS FROM `xb_sys_menu` [ RunTime:0.0004s ]
SQL: SELECT * FROM `xb_sys_menu` WHERE `Url` LIKE 'System/Index%' AND `IsDel` = 0 AND `Status` = 1 LIMIT 1   [ RunTime:0.0001s ]
SQL: SHOW COLUMNS FROM `xb_sys_operationbutton` [ RunTime:0.0004s ]
SQL: SELECT * FROM `xb_sys_operationbutton` WHERE `IsDel` = 0 AND `Status` = 1 AND `EName` = 'index' LIMIT 1   [ RunTime:0.0001s ]
SQL: SHOW COLUMNS FROM `xb_sys_role` [ RunTime:0.0003s ]
SQL: SELECT `ID` FROM `xb_sys_role` WHERE `Status` = 1 AND `IsDel` = 0  [ RunTime:0.0001s ]
SQL: SHOW COLUMNS FROM `xb_sys_rolemenu` [ RunTime:0.0003s ]
SQL: SELECT * FROM `xb_sys_rolemenu` WHERE `ParentID` = 0 AND `RoleID` = 1  [ RunTime:0.0001s ]
SQL: SELECT * FROM `xb_sys_menu` WHERE `ID` = 1 LIMIT 1   [ RunTime:0.0001s ]
SQL: SELECT * FROM `xb_sys_rolemenu` WHERE `ParentID` = 1 AND `RoleID` = 1  [ RunTime:0.0001s ]
SQL: SELECT * FROM `xb_sys_menu` WHERE `ID` = 15 AND `Status` = 1 AND `IsDel` = 0 ORDER BY Sort asc,ID asc LIMIT 1   [ RunTime:0.0001s ]
SQL: SELECT * FROM `xb_sys_rolemenu` WHERE `ParentID` = 15 AND `RoleID` = 1  [ RunTime:0.0001s ]
SQL: SELECT * FROM `xb_sys_menu` WHERE `ID` = 16 AND `Status` = 1 AND `IsDel` = 0 ORDER BY Sort asc,ID asc LIMIT 1   [ RunTime:0.0001s ]
SQL: SELECT * FROM `xb_sys_rolemenu` WHERE `ParentID` = 16 AND `RoleID` = 1  [ RunTime:0.0001s ]
SQL: SELECT * FROM `xb_sys_menu` WHERE `ID` = 17 AND `Status` = 1 AND `IsDel` = 0 ORDER BY Sort asc,ID asc LIMIT 1   [ RunTime:0.0001s ]
SQL: SELECT * FROM `xb_sys_rolemenu` WHERE `ParentID` = 17 AND `RoleID` = 1  [ RunTime:0.0001s ]
SQL: SELECT * FROM `xb_sys_menu` WHERE `ID` = 62 AND `Status` = 1 AND `IsDel` = 0 ORDER BY Sort asc,ID asc LIMIT 1   [ RunTime:0.0001s ]
SQL: SELECT * FROM `xb_sys_rolemenu` WHERE `ParentID` = 62 AND `RoleID` = 1  [ RunTime:0.0001s ]
SQL: SELECT * FROM `xb_sys_menu` WHERE `ID` = 23 AND `Status` = 1 AND `IsDel` = 0 ORDER BY Sort asc,ID asc LIMIT 1   [ RunTime:0.0001s ]
SQL: SELECT * FROM `xb_sys_rolemenu` WHERE `ParentID` = 23 AND `RoleID` = 1  [ RunTime:0.0001s ]
SQL: SELECT * FROM `xb_sys_menu` WHERE `ID` = 26 AND `Status` = 1 AND `IsDel` = 0 ORDER BY Sort asc,ID asc LIMIT 1   [ RunTime:0.0001s ]
SQL: SELECT * FROM `xb_sys_rolemenu` WHERE `ParentID` = 26 AND `RoleID` = 1  [ RunTime:0.0001s ]
SQL: SELECT * FROM `xb_sys_menu` WHERE `ID` = 20 AND `Status` = 1 AND `IsDel` = 0 ORDER BY Sort asc,ID asc LIMIT 1   [ RunTime:0.0001s ]
SQL: SELECT * FROM `xb_sys_rolemenu` WHERE `ParentID` = 20 AND `RoleID` = 1  [ RunTime:0.0001s ]
SQL: SELECT * FROM `xb_sys_menu` WHERE `ID` = 22 AND `Status` = 1 AND `IsDel` = 0 ORDER BY Sort asc,ID asc LIMIT 1   [ RunTime:0.0001s ]
SQL: SELECT * FROM `xb_sys_rolemenu` WHERE `ParentID` = 22 AND `RoleID` = 1  [ RunTime:0.0001s ]
SQL: SELECT * FROM `xb_sys_menu` WHERE `ID` = 27 AND `Status` = 1 AND `IsDel` = 0 ORDER BY Sort asc,ID asc LIMIT 1   [ RunTime:0.0001s ]
SQL: SELECT * FROM `xb_sys_rolemenu` WHERE `ParentID` = 27 AND `RoleID` = 1  [ RunTime:0.0001s ]
SQL: SELECT * FROM `xb_sys_menu` WHERE `ID` = 28 AND `Status` = 1 AND `IsDel` = 0 ORDER BY Sort asc,ID asc LIMIT 1   [ RunTime:0.0001s ]
SQL: SELECT * FROM `xb_sys_rolemenu` WHERE `ParentID` = 28 AND `RoleID` = 1  [ RunTime:0.0001s ]
SQL: SELECT * FROM `xb_sys_menu` WHERE `ID` = 29 AND `Status` = 1 AND `IsDel` = 0 ORDER BY Sort asc,ID asc LIMIT 1   [ RunTime:0.0001s ]
SQL: SELECT * FROM `xb_sys_rolemenu` WHERE `ParentID` = 29 AND `RoleID` = 1  [ RunTime:0.0001s ]
SQL: SELECT * FROM `xb_sys_menu` WHERE `ID` = 18 AND `Status` = 1 AND `IsDel` = 0 ORDER BY Sort asc,ID asc LIMIT 1   [ RunTime:0.0001s ]
SQL: SELECT * FROM `xb_sys_rolemenu` WHERE `ParentID` = 18 AND `RoleID` = 1  [ RunTime:0.0001s ]
SQL: SELECT * FROM `xb_sys_menu` WHERE `ID` = 83 AND `Status` = 1 AND `IsDel` = 0 ORDER BY Sort asc,ID asc LIMIT 1   [ RunTime:0.0001s ]
SQL: SELECT * FROM `xb_sys_rolemenu` WHERE `ParentID` = 83 AND `RoleID` = 1  [ RunTime:0.0001s ]
SQL: SELECT * FROM `xb_sys_menu` WHERE `ID` = 3 AND `Status` = 1 AND `IsDel` = 0 ORDER BY Sort asc,ID asc LIMIT 1   [ RunTime:0.0001s ]
SQL: SELECT * FROM `xb_sys_rolemenu` WHERE `ParentID` = 3 AND `RoleID` = 1  [ RunTime:0.0001s ]
SQL: SELECT * FROM `xb_sys_menu` WHERE `ID` = 2 AND `Status` = 1 AND `IsDel` = 0 ORDER BY Sort asc,ID asc LIMIT 1   [ RunTime:0.0001s ]
SQL: SELECT * FROM `xb_sys_rolemenu` WHERE `ParentID` = 2 AND `RoleID` = 1  [ RunTime:0.0001s ]
SQL: SELECT * FROM `xb_sys_menu` WHERE `ID` = 41 LIMIT 1   [ RunTime:0.0001s ]
SQL: SELECT * FROM `xb_sys_rolemenu` WHERE `ParentID` = 41 AND `RoleID` = 1  [ RunTime:0.0001s ]
SQL: SELECT * FROM `xb_sys_menu` WHERE `ID` = 42 AND `Status` = 1 AND `IsDel` = 0 ORDER BY Sort asc,ID asc LIMIT 1   [ RunTime:0.0001s ]
SQL: SELECT * FROM `xb_sys_rolemenu` WHERE `ParentID` = 42 AND `RoleID` = 1  [ RunTime:0.0001s ]
SQL: SELECT * FROM `xb_sys_menu` WHERE `ID` = 43 AND `Status` = 1 AND `IsDel` = 0 ORDER BY Sort asc,ID asc LIMIT 1   [ RunTime:0.0001s ]
SQL: SELECT * FROM `xb_sys_rolemenu` WHERE `ParentID` = 43 AND `RoleID` = 1  [ RunTime:0.0001s ]
SQL: SELECT * FROM `xb_sys_menu` WHERE `ID` = 30 LIMIT 1   [ RunTime:0.0001s ]
SQL: SELECT * FROM `xb_sys_rolemenu` WHERE `ParentID` = 30 AND `RoleID` = 1  [ RunTime:0.0001s ]
SQL: SELECT * FROM `xb_sys_menu` WHERE `ID` = 88 AND `Status` = 1 AND `IsDel` = 0 ORDER BY Sort asc,ID asc LIMIT 1   [ RunTime:0.0001s ]
SQL: SELECT * FROM `xb_sys_rolemenu` WHERE `ParentID` = 88 AND `RoleID` = 1  [ RunTime:0.0001s ]
SQL: SELECT * FROM `xb_sys_menu` WHERE `ID` = 31 AND `Status` = 1 AND `IsDel` = 0 ORDER BY Sort asc,ID asc LIMIT 1   [ RunTime:0.0001s ]
SQL: SELECT * FROM `xb_sys_rolemenu` WHERE `ParentID` = 31 AND `RoleID` = 1  [ RunTime:0.0001s ]
SQL: SELECT * FROM `xb_sys_menu` WHERE `ID` = 32 AND `Status` = 1 AND `IsDel` = 0 ORDER BY Sort asc,ID asc LIMIT 1   [ RunTime:0.0001s ]
SQL: SELECT * FROM `xb_sys_rolemenu` WHERE `ParentID` = 32 AND `RoleID` = 1  [ RunTime:0.0001s ]
SQL: SELECT * FROM `xb_sys_menu` WHERE `ID` = 89 AND `Status` = 1 AND `IsDel` = 0 ORDER BY Sort asc,ID asc LIMIT 1   [ RunTime:0.0001s ]
SQL: SELECT * FROM `xb_sys_rolemenu` WHERE `ParentID` = 89 AND `RoleID` = 1  [ RunTime:0.0001s ]
SQL: SELECT * FROM `xb_sys_rolemenu` WHERE `ParentID` = 0 AND `RoleID` = 2  [ RunTime:0.0001s ]
SQL: SELECT * FROM `xb_sys_menu` WHERE `ID` = 1 LIMIT 1   [ RunTime:0.0001s ]
SQL: SELECT * FROM `xb_sys_rolemenu` WHERE `ParentID` = 1 AND `RoleID` = 2  [ RunTime:0.0001s ]
SQL: SELECT * FROM `xb_sys_menu` WHERE `ID` = 15 AND `Status` = 1 AND `IsDel` = 0 ORDER BY Sort asc,ID asc LIMIT 1   [ RunTime:0.0001s ]
SQL: SELECT * FROM `xb_sys_rolemenu` WHERE `ParentID` = 15 AND `RoleID` = 2  [ RunTime:0.0001s ]
SQL: SELECT * FROM `xb_sys_menu` WHERE `ID` = 16 AND `Status` = 1 AND `IsDel` = 0 ORDER BY Sort asc,ID asc LIMIT 1   [ RunTime:0.0001s ]
SQL: SELECT * FROM `xb_sys_rolemenu` WHERE `ParentID` = 16 AND `RoleID` = 2  [ RunTime:0.0001s ]
SQL: SELECT * FROM `xb_sys_menu` WHERE `ID` = 17 AND `Status` = 1 AND `IsDel` = 0 ORDER BY Sort asc,ID asc LIMIT 1   [ RunTime:0.0001s ]
SQL: SELECT * FROM `xb_sys_rolemenu` WHERE `ParentID` = 17 AND `RoleID` = 2  [ RunTime:0.0001s ]
SQL: SELECT * FROM `xb_sys_menu` WHERE `ID` = 62 AND `Status` = 1 AND `IsDel` = 0 ORDER BY Sort asc,ID asc LIMIT 1   [ RunTime:0.0001s ]
SQL: SELECT * FROM `xb_sys_rolemenu` WHERE `ParentID` = 62 AND `RoleID` = 2  [ RunTime:0.0001s ]
SQL: SELECT * FROM `xb_sys_menu` WHERE `ID` = 27 AND `Status` = 1 AND `IsDel` = 0 ORDER BY Sort asc,ID asc LIMIT 1   [ RunTime:0.0001s ]
SQL: SELECT * FROM `xb_sys_rolemenu` WHERE `ParentID` = 27 AND `RoleID` = 2  [ RunTime:0.0001s ]
SQL: SELECT * FROM `xb_sys_menu` WHERE `ID` = 28 AND `Status` = 1 AND `IsDel` = 0 ORDER BY Sort asc,ID asc LIMIT 1   [ RunTime:0.0001s ]
SQL: SELECT * FROM `xb_sys_rolemenu` WHERE `ParentID` = 28 AND `RoleID` = 2  [ RunTime:0.0001s ]
SQL: SELECT * FROM `xb_sys_menu` WHERE `ID` = 29 AND `Status` = 1 AND `IsDel` = 0 ORDER BY Sort asc,ID asc LIMIT 1   [ RunTime:0.0001s ]
SQL: SELECT * FROM `xb_sys_rolemenu` WHERE `ParentID` = 29 AND `RoleID` = 2  [ RunTime:0.0001s ]
SQL: SELECT * FROM `xb_sys_menu` WHERE `ID` = 119 LIMIT 1   [ RunTime:0.0001s ]
SQL: SELECT * FROM `xb_sys_rolemenu` WHERE `ParentID` = 119 AND `RoleID` = 2  [ RunTime:0.0001s ]
SQL: SELECT * FROM `xb_sys_menu` WHERE `ID` = 120 AND `Status` = 1 AND `IsDel` = 0 ORDER BY Sort asc,ID asc LIMIT 1   [ RunTime:0.0001s ]
SQL: SELECT * FROM `xb_sys_rolemenu` WHERE `ParentID` = 120 AND `RoleID` = 2  [ RunTime:0.0001s ]
SQL: SELECT * FROM `xb_sys_menu` WHERE `ID` = 130 AND `Status` = 1 AND `IsDel` = 0 ORDER BY Sort asc,ID asc LIMIT 1   [ RunTime:0.0001s ]
SQL: SELECT * FROM `xb_sys_rolemenu` WHERE `ParentID` = 130 AND `RoleID` = 2  [ RunTime:0.0001s ]
SQL: SELECT * FROM `xb_sys_menu` WHERE `ID` = 131 AND `Status` = 1 AND `IsDel` = 0 ORDER BY Sort asc,ID asc LIMIT 1   [ RunTime:0.0001s ]
SQL: SELECT * FROM `xb_sys_rolemenu` WHERE `ParentID` = 131 AND `RoleID` = 2  [ RunTime:0.0001s ]
SQL: SELECT * FROM `xb_sys_menu` WHERE `ID` = 121 AND `Status` = 1 AND `IsDel` = 0 ORDER BY Sort asc,ID asc LIMIT 1   [ RunTime:0.0001s ]
SQL: SELECT * FROM `xb_sys_rolemenu` WHERE `ParentID` = 121 AND `RoleID` = 2  [ RunTime:0.0001s ]
SQL: SELECT * FROM `xb_sys_menu` WHERE `ID` = 122 AND `Status` = 1 AND `IsDel` = 0 ORDER BY Sort asc,ID asc LIMIT 1   [ RunTime:0.0001s ]
SQL: SELECT * FROM `xb_sys_rolemenu` WHERE `ParentID` = 122 AND `RoleID` = 2  [ RunTime:0.0001s ]
SQL: SELECT * FROM `xb_sys_menu` WHERE `ID` = 123 AND `Status` = 1 AND `IsDel` = 0 ORDER BY Sort asc,ID asc LIMIT 1   [ RunTime:0.0001s ]
SQL: SELECT * FROM `xb_sys_rolemenu` WHERE `ParentID` = 123 AND `RoleID` = 2  [ RunTime:0.0001s ]
SQL: SELECT * FROM `xb_sys_menu` WHERE `ID` = 124 AND `Status` = 1 AND `IsDel` = 0 ORDER BY Sort asc,ID asc LIMIT 1   [ RunTime:0.0001s ]
SQL: SELECT * FROM `xb_sys_rolemenu` WHERE `ParentID` = 124 AND `RoleID` = 2  [ RunTime:0.0001s ]
SQL: SELECT * FROM `xb_sys_menu` WHERE `ID` = 143 AND `Status` = 1 AND `IsDel` = 0 ORDER BY Sort asc,ID asc LIMIT 1   [ RunTime:0.0001s ]
SQL: SELECT * FROM `xb_sys_rolemenu` WHERE `ParentID` = 143 AND `RoleID` = 2  [ RunTime:0.0001s ]
SQL: SELECT * FROM `xb_sys_menu` WHERE `ID` = 132 AND `Status` = 1 AND `IsDel` = 0 ORDER BY Sort asc,ID asc LIMIT 1   [ RunTime:0.0001s ]
SQL: SELECT * FROM `xb_sys_rolemenu` WHERE `ParentID` = 132 AND `RoleID` = 2  [ RunTime:0.0001s ]
SQL: SELECT * FROM `xb_sys_menu` WHERE `ID` = 126 AND `Status` = 1 AND `IsDel` = 0 ORDER BY Sort asc,ID asc LIMIT 1   [ RunTime:0.0001s ]
SQL: SELECT * FROM `xb_sys_rolemenu` WHERE `ParentID` = 126 AND `RoleID` = 2  [ RunTime:0.0001s ]
SQL: SELECT * FROM `xb_sys_menu` WHERE `ID` = 127 AND `Status` = 1 AND `IsDel` = 0 ORDER BY Sort asc,ID asc LIMIT 1   [ RunTime:0.0001s ]
SQL: SELECT * FROM `xb_sys_rolemenu` WHERE `ParentID` = 127 AND `RoleID` = 2  [ RunTime:0.0001s ]
SQL: SELECT * FROM `xb_sys_menu` WHERE `ID` = 128 AND `Status` = 1 AND `IsDel` = 0 ORDER BY Sort asc,ID asc LIMIT 1   [ RunTime:0.0001s ]
SQL: SELECT * FROM `xb_sys_rolemenu` WHERE `ParentID` = 128 AND `RoleID` = 2  [ RunTime:0.0001s ]
SQL: SELECT * FROM `xb_sys_menu` WHERE `ID` = 129 AND `Status` = 1 AND `IsDel` = 0 ORDER BY Sort asc,ID asc LIMIT 1   [ RunTime:0.0001s ]
SQL: SELECT * FROM `xb_sys_rolemenu` WHERE `ParentID` = 129 AND `RoleID` = 2  [ RunTime:0.0001s ]
SQL: SELECT * FROM `xb_sys_menu` WHERE `ID` = 155 AND `Status` = 1 AND `IsDel` = 0 ORDER BY Sort asc,ID asc LIMIT 1   [ RunTime:0.0001s ]
SQL: SELECT * FROM `xb_sys_rolemenu` WHERE `ParentID` = 155 AND `RoleID` = 2  [ RunTime:0.0001s ]
SQL: SELECT * FROM `xb_sys_menu` WHERE `ID` = 156 LIMIT 1   [ RunTime:0.0001s ]
SQL: SELECT * FROM `xb_sys_rolemenu` WHERE `ParentID` = 156 AND `RoleID` = 2  [ RunTime:0.0001s ]
SQL: SELECT * FROM `xb_sys_menu` WHERE `ID` = 157 AND `Status` = 1 AND `IsDel` = 0 ORDER BY Sort asc,ID asc LIMIT 1   [ RunTime:0.0001s ]
SQL: SELECT * FROM `xb_sys_rolemenu` WHERE `ParentID` = 157 AND `RoleID` = 2  [ RunTime:0.0001s ]
SQL: SELECT * FROM `xb_sys_menu` WHERE `ID` = 158 AND `Status` = 1 AND `IsDel` = 0 ORDER BY Sort asc,ID asc LIMIT 1   [ RunTime:0.0001s ]
SQL: SELECT * FROM `xb_sys_rolemenu` WHERE `ParentID` = 158 AND `RoleID` = 2  [ RunTime:0.0001s ]
SQL: SELECT * FROM `xb_sys_menu` WHERE `ID` = 90 LIMIT 1   [ RunTime:0.0001s ]
SQL: SELECT * FROM `xb_sys_rolemenu` WHERE `ParentID` = 90 AND `RoleID` = 2  [ RunTime:0.0001s ]
SQL: SELECT * FROM `xb_sys_menu` WHERE `ID` = 110 AND `Status` = 1 AND `IsDel` = 0 ORDER BY Sort asc,ID asc LIMIT 1   [ RunTime:0.0001s ]
SQL: SELECT * FROM `xb_sys_rolemenu` WHERE `ParentID` = 110 AND `RoleID` = 2  [ RunTime:0.0001s ]
SQL: SELECT * FROM `xb_sys_menu` WHERE `ID` = 159 AND `Status` = 1 AND `IsDel` = 0 ORDER BY Sort asc,ID asc LIMIT 1   [ RunTime:0.0001s ]
SQL: SELECT * FROM `xb_sys_rolemenu` WHERE `ParentID` = 159 AND `RoleID` = 2  [ RunTime:0.0001s ]
SQL: SELECT * FROM `xb_sys_menu` WHERE `ID` = 135 AND `Status` = 1 AND `IsDel` = 0 ORDER BY Sort asc,ID asc LIMIT 1   [ RunTime:0.0001s ]
SQL: SELECT * FROM `xb_sys_rolemenu` WHERE `ParentID` = 135 AND `RoleID` = 2  [ RunTime:0.0001s ]
SQL: SELECT * FROM `xb_sys_menu` WHERE `ID` = 140 LIMIT 1   [ RunTime:0.0001s ]
SQL: SELECT * FROM `xb_sys_rolemenu` WHERE `ParentID` = 140 AND `RoleID` = 2  [ RunTime:0.0001s ]
SQL: SELECT * FROM `xb_sys_menu` WHERE `ID` = 144 AND `Status` = 1 AND `IsDel` = 0 ORDER BY Sort asc,ID asc LIMIT 1   [ RunTime:0.0001s ]
SQL: SELECT * FROM `xb_sys_rolemenu` WHERE `ParentID` = 144 AND `RoleID` = 2  [ RunTime:0.0001s ]
SQL: SELECT * FROM `xb_sys_menu` WHERE `ID` = 145 AND `Status` = 1 AND `IsDel` = 0 ORDER BY Sort asc,ID asc LIMIT 1   [ RunTime:0.0001s ]
SQL: SELECT * FROM `xb_sys_rolemenu` WHERE `ParentID` = 145 AND `RoleID` = 2  [ RunTime:0.0001s ]
SQL: SELECT * FROM `xb_sys_menu` WHERE `ID` = 146 AND `Status` = 1 AND `IsDel` = 0 ORDER BY Sort asc,ID asc LIMIT 1   [ RunTime:0.0001s ]
SQL: SELECT * FROM `xb_sys_rolemenu` WHERE `ParentID` = 146 AND `RoleID` = 2  [ RunTime:0.0001s ]
SQL: SELECT * FROM `xb_sys_menu` WHERE `ID` = 42 LIMIT 1   [ RunTime:0.0001s ]
SQL: SELECT * FROM `xb_sys_rolemenu` WHERE `ParentID` = 42 AND `RoleID` = 2  [ RunTime:0.0001s ]
SQL: SELECT * FROM `xb_sys_menu` WHERE `ID` = 41 AND `Status` = 1 AND `IsDel` = 0 ORDER BY Sort asc,ID asc LIMIT 1   [ RunTime:0.0001s ]
SQL: SELECT * FROM `xb_sys_rolemenu` WHERE `ParentID` = 41 AND `RoleID` = 2  [ RunTime:0.0001s ]
SQL: SELECT * FROM `xb_sys_menu` WHERE `ID` = 43 AND `Status` = 1 AND `IsDel` = 0 ORDER BY Sort asc,ID asc LIMIT 1   [ RunTime:0.0001s ]
SQL: SELECT * FROM `xb_sys_rolemenu` WHERE `ParentID` = 43 AND `RoleID` = 2  [ RunTime:0.0001s ]
SQL: SELECT * FROM `xb_sys_menu` WHERE `ID` = 30 LIMIT 1   [ RunTime:0.0001s ]
SQL: SELECT * FROM `xb_sys_rolemenu` WHERE `ParentID` = 30 AND `RoleID` = 2  [ RunTime:0.0001s ]
SQL: SELECT * FROM `xb_sys_menu` WHERE `ID` = 88 AND `Status` = 1 AND `IsDel` = 0 ORDER BY Sort asc,ID asc LIMIT 1   [ RunTime:0.0001s ]
SQL: SELECT * FROM `xb_sys_rolemenu` WHERE `ParentID` = 88 AND `RoleID` = 2  [ RunTime:0.0001s ]
SQL: SELECT * FROM `xb_sys_menu` WHERE `ID` = 148 LIMIT 1   [ RunTime:0.0001s ]
SQL: SELECT * FROM `xb_sys_rolemenu` WHERE `ParentID` = 148 AND `RoleID` = 2  [ RunTime:0.0001s ]
SQL: SELECT * FROM `xb_sys_menu` WHERE `ID` = 152 AND `Status` = 1 AND `IsDel` = 0 ORDER BY Sort asc,ID asc LIMIT 1   [ RunTime:0.0001s ]
SQL: SELECT * FROM `xb_sys_rolemenu` WHERE `ParentID` = 152 AND `RoleID` = 2  [ RunTime:0.0001s ]
SQL: SELECT * FROM `xb_sys_menu` WHERE `ID` = 153 AND `Status` = 1 AND `IsDel` = 0 ORDER BY Sort asc,ID asc LIMIT 1   [ RunTime:0.0001s ]
SQL: SELECT * FROM `xb_sys_rolemenu` WHERE `ParentID` = 153 AND `RoleID` = 2  [ RunTime:0.0001s ]
SQL: SELECT * FROM `xb_sys_menu` WHERE `ID` = 149 AND `Status` = 1 AND `IsDel` = 0 ORDER BY Sort asc,ID asc LIMIT 1   [ RunTime:0.0001s ]
SQL: SELECT * FROM `xb_sys_rolemenu` WHERE `ParentID` = 149 AND `RoleID` = 2  [ RunTime:0.0001s ]
SQL: SELECT * FROM `xb_sys_menu` WHERE `ID` = 150 AND `Status` = 1 AND `IsDel` = 0 ORDER BY Sort asc,ID asc LIMIT 1   [ RunTime:0.0001s ]
SQL: SELECT * FROM `xb_sys_rolemenu` WHERE `ParentID` = 150 AND `RoleID` = 2  [ RunTime:0.0001s ]
SQL: SELECT * FROM `xb_sys_menu` WHERE `ID` = 151 AND `Status` = 1 AND `IsDel` = 0 ORDER BY Sort asc,ID asc LIMIT 1   [ RunTime:0.0001s ]
SQL: SELECT * FROM `xb_sys_rolemenu` WHERE `ParentID` = 151 AND `RoleID` = 2  [ RunTime:0.0001s ]
SQL: SELECT * FROM `xb_sys_menu` WHERE `ID` = 154 AND `Status` = 1 AND `IsDel` = 0 ORDER BY Sort asc,ID asc LIMIT 1   [ RunTime:0.0001s ]
SQL: SELECT * FROM `xb_sys_rolemenu` WHERE `ParentID` = 154 AND `RoleID` = 2  [ RunTime:0.0001s ]
SQL: SELECT * FROM `xb_sys_menu` WHERE `ID` = 115 LIMIT 1   [ RunTime:0.0001s ]
SQL: SELECT * FROM `xb_sys_rolemenu` WHERE `ParentID` = 115 AND `RoleID` = 2  [ RunTime:0.0001s ]
SQL: SELECT * FROM `xb_sys_menu` WHERE `ID` = 118 AND `Status` = 1 AND `IsDel` = 0 ORDER BY Sort asc,ID asc LIMIT 1   [ RunTime:0.0001s ]
SQL: SELECT * FROM `xb_sys_rolemenu` WHERE `ParentID` = 118 AND `RoleID` = 2  [ RunTime:0.0001s ]
SQL: SELECT * FROM `xb_sys_rolemenu` WHERE `ParentID` = 0 AND `RoleID` = 9  [ RunTime:0.0001s ]
SQL: SELECT * FROM `xb_sys_menu` WHERE `ID` = 140 LIMIT 1   [ RunTime:0.0001s ]
SQL: SELECT * FROM `xb_sys_rolemenu` WHERE `ParentID` = 140 AND `RoleID` = 9  [ RunTime:0.0001s ]
SQL: SELECT * FROM `xb_sys_menu` WHERE `ID` = 145 AND `Status` = 1 AND `IsDel` = 0 ORDER BY Sort asc,ID asc LIMIT 1   [ RunTime:0.0001s ]
SQL: SELECT * FROM `xb_sys_rolemenu` WHERE `ParentID` = 145 AND `RoleID` = 9  [ RunTime:0.0001s ]
INFO: [ view_parse ] --START--
INFO: [ template_filter ] --START--
INFO: Run Behavior\ContentReplaceBehavior [ RunTime:0.000061s ]
INFO: [ template_filter ] --END-- [ RunTime:0.000089s ]
INFO: Run Behavior\ParseTemplateBehavior [ RunTime:0.006812s ]
INFO: [ view_parse ] --END-- [ RunTime:0.006841s ]
INFO: [ view_filter ] --START--
INFO: Run Behavior\WriteHtmlCacheBehavior [ RunTime:0.000147s ]
INFO: [ view_filter ] --END-- [ RunTime:0.000167s ]
INFO: [ app_end ] --START--
INFO: Run Behavior\ShowPageTraceBehavior [ RunTime:0.000345s ]
INFO: [ app_end ] --END-- [ RunTime:0.000371s ]

[ 2019-07-08T13:14:34+08:00 ] 58.132.205.66 /admin.php/System/Basicinfo/home.html
INFO: [ app_init ] --START--
INFO: Run Behavior\BuildLiteBehavior [ RunTime:0.000010s ]
INFO: [ app_init ] --END-- [ RunTime:0.000236s ]
INFO: [ app_begin ] --START--
INFO: Run Behavior\ReadHtmlCacheBehavior [ RunTime:0.000314s ]
INFO: [ app_begin ] --END-- [ RunTime:0.000345s ]
SQL: SHOW COLUMNS FROM `xb_sys_menu` [ RunTime:0.0005s ]
SQL: SELECT * FROM `xb_sys_menu` WHERE `Url` LIKE 'System/Basicinfo%' AND `IsDel` = 0 AND `Status` = 1 LIMIT 1   [ RunTime:0.0001s ]
SQL: SHOW COLUMNS FROM `xb_sys_operationbutton` [ RunTime:0.0004s ]
SQL: SELECT * FROM `xb_sys_operationbutton` WHERE `IsDel` = 0 AND `Status` = 1 AND `EName` = 'home' LIMIT 1   [ RunTime:0.0001s ]
SQL: select VERSION() [ RunTime:0.0001s ]
INFO: [ view_parse ] --START--
INFO: [ template_filter ] --START--
INFO: Run Behavior\ContentReplaceBehavior [ RunTime:0.000040s ]
INFO: [ template_filter ] --END-- [ RunTime:0.000089s ]
INFO: Run Behavior\ParseTemplateBehavior [ RunTime:0.003936s ]
INFO: [ view_parse ] --END-- [ RunTime:0.003963s ]
INFO: [ view_filter ] --START--
INFO: Run Behavior\WriteHtmlCacheBehavior [ RunTime:0.000144s ]
INFO: [ view_filter ] --END-- [ RunTime:0.000163s ]
INFO: [ app_end ] --START--
INFO: Run Behavior\ShowPageTraceBehavior [ RunTime:0.000360s ]
INFO: [ app_end ] --END-- [ RunTime:0.000383s ]

[ 2019-07-08T16:54:29+08:00 ] 58.132.205.66 /admin.php/Items/Product/index
INFO: [ app_init ] --START--
INFO: Run Behavior\BuildLiteBehavior [ RunTime:0.000008s ]
INFO: [ app_init ] --END-- [ RunTime:0.000216s ]
INFO: [ app_begin ] --START--
INFO: Run Behavior\ReadHtmlCacheBehavior [ RunTime:0.000304s ]
INFO: [ app_begin ] --END-- [ RunTime:0.000337s ]
SQL: SHOW COLUMNS FROM `xb_sys_menu` [ RunTime:0.0005s ]
SQL: SELECT * FROM `xb_sys_menu` WHERE `Url` LIKE 'Items/Product%' AND `IsDel` = 0 AND `Status` = 1 LIMIT 1   [ RunTime:0.0001s ]
SQL: SHOW COLUMNS FROM `xb_sys_operationbutton` [ RunTime:0.0004s ]
SQL: SELECT * FROM `xb_sys_operationbutton` WHERE `IsDel` = 0 AND `Status` = 1 AND `EName` = 'index' LIMIT 1   [ RunTime:0.0001s ]
SQL: SHOW COLUMNS FROM `xb_items_category` [ RunTime:0.0003s ]
SQL: SELECT * FROM `xb_items_category` WHERE `IsDel` = 0 ORDER BY Sort asc,ID desc  [ RunTime:0.0001s ]
SQL: SHOW COLUMNS FROM `xb_items_moneytype` [ RunTime:0.0003s ]
SQL: SELECT * FROM `xb_items_moneytype` WHERE `IsDel` = 0 ORDER BY Sort asc,ID desc  [ RunTime:0.0001s ]
SQL: SHOW COLUMNS FROM `xb_items_jktimes` [ RunTime:0.0003s ]
SQL: SELECT * FROM `xb_items_jktimes` WHERE `IsDel` = 0 ORDER BY Sort asc,ID asc  [ RunTime:0.0001s ]
INFO: [ view_parse ] --START--
INFO: [ template_filter ] --START--
INFO: Run Behavior\ContentReplaceBehavior [ RunTime:0.000037s ]
INFO: [ template_filter ] --END-- [ RunTime:0.000063s ]
INFO: [ view_parse ] --START--
INFO: [ template_filter ] --START--
INFO: Run Behavior\ContentReplaceBehavior [ RunTime:0.000016s ]
INFO: [ template_filter ] --END-- [ RunTime:-0.001964s ]
INFO: Run Behavior\ParseTemplateBehavior [ RunTime:0.001225s ]
INFO: [ view_parse ] --END-- [ RunTime:0.001254s ]
INFO: [ view_filter ] --START--
INFO: Run Behavior\WriteHtmlCacheBehavior [ RunTime:0.000137s ]
INFO: [ view_filter ] --END-- [ RunTime:0.000154s ]
INFO: Run Behavior\ParseTemplateBehavior [ RunTime:0.001572s ]
INFO: [ view_parse ] --END-- [ RunTime:0.001254s ]
INFO: [ view_filter ] --START--
INFO: Run Behavior\WriteHtmlCacheBehavior [ RunTime:0.000004s ]
INFO: [ view_filter ] --END-- [ RunTime:-0.000184s ]
INFO: [ app_end ] --START--
INFO: Run Behavior\ShowPageTraceBehavior [ RunTime:0.000348s ]
INFO: [ app_end ] --END-- [ RunTime:0.000374s ]

[ 2019-07-08T16:54:30+08:00 ] 58.132.205.66 /admin.php/Items/Product/DataList
INFO: [ app_init ] --START--
INFO: Run Behavior\BuildLiteBehavior [ RunTime:0.000008s ]
INFO: [ app_init ] --END-- [ RunTime:0.000215s ]
INFO: [ app_begin ] --START--
INFO: Run Behavior\ReadHtmlCacheBehavior [ RunTime:0.000294s ]
INFO: [ app_begin ] --END-- [ RunTime:0.000322s ]
SQL: SHOW COLUMNS FROM `xb_sys_menu` [ RunTime:0.0004s ]
SQL: SELECT * FROM `xb_sys_menu` WHERE `Url` LIKE 'Items/Product%' AND `IsDel` = 0 AND `Status` = 1 LIMIT 1   [ RunTime:0.0001s ]
SQL: SHOW COLUMNS FROM `xb_sys_operationbutton` [ RunTime:0.0004s ]
SQL: SELECT * FROM `xb_sys_operationbutton` WHERE `IsDel` = 0 AND `Status` = 1 AND `EName` = 'DataList' LIMIT 1   [ RunTime:0.0001s ]
SQL: SHOW COLUMNS FROM `xb_items` [ RunTime:0.0007s ]
SQL: SELECT * FROM `xb_items` WHERE `IsDel` = 0 AND `Itype` = 1 ORDER BY Sort asc,ID desc LIMIT 0,20   [ RunTime:0.0002s ]
SQL: SELECT COUNT(*) AS tp_count FROM `xb_items` WHERE `IsDel` = 0 AND `Itype` = 1 LIMIT 1   [ RunTime:0.0001s ]
SQL: SHOW COLUMNS FROM `xb_sys_administrator` [ RunTime:0.0003s ]
SQL: SELECT `UserName` FROM `xb_sys_administrator` WHERE `ID` = 2 LIMIT 1   [ RunTime:0.0002s ]
SQL: SELECT `UserName` FROM `xb_sys_administrator` WHERE `ID` = 2 LIMIT 1   [ RunTime:0.0001s ]

[ 2019-07-08T16:54:34+08:00 ] 58.132.205.66 /admin.php/Items/Product/del/
INFO: [ app_init ] --START--
INFO: Run Behavior\BuildLiteBehavior [ RunTime:0.000009s ]
INFO: [ app_init ] --END-- [ RunTime:0.000236s ]
INFO: [ app_begin ] --START--
INFO: Run Behavior\ReadHtmlCacheBehavior [ RunTime:0.000323s ]
INFO: [ app_begin ] --END-- [ RunTime:0.000353s ]
SQL: SHOW COLUMNS FROM `xb_sys_menu` [ RunTime:0.0005s ]
SQL: SELECT `ID` FROM `xb_sys_menu` WHERE `Url` LIKE 'Items/Product%' LIMIT 1   [ RunTime:0.0001s ]
SQL: SHOW COLUMNS FROM `xb_sys_rolemenu` [ RunTime:0.0004s ]
SQL: SELECT `ButtonID` FROM `xb_sys_rolemenu` WHERE `RoleID` = 2 AND `MenuID` = 120 LIMIT 1   [ RunTime:0.0001s ]
SQL: SHOW COLUMNS FROM `xb_sys_operationbutton` [ RunTime:0.0003s ]
SQL: SELECT `EName` FROM `xb_sys_operationbutton` WHERE `ID` = 2 LIMIT 1   [ RunTime:0.0001s ]
SQL: SELECT `EName` FROM `xb_sys_operationbutton` WHERE `ID` = 7 LIMIT 1   [ RunTime:0.0001s ]
SQL: SELECT `EName` FROM `xb_sys_operationbutton` WHERE `ID` = 9 LIMIT 1   [ RunTime:0.0000s ]
SQL: SELECT `EName` FROM `xb_sys_operationbutton` WHERE `ID` = 4 LIMIT 1   [ RunTime:0.0000s ]
SQL: SELECT * FROM `xb_sys_menu` WHERE `Url` LIKE 'Items/Product%' AND `IsDel` = 0 AND `Status` = 1 LIMIT 1   [ RunTime:0.0001s ]
SQL: SELECT * FROM `xb_sys_operationbutton` WHERE `IsDel` = 0 AND `Status` = 1 AND `EName` = 'del' LIMIT 1   [ RunTime:0.0001s ]
SQL: SHOW COLUMNS FROM `xb_sys_ipaddress` [ RunTime:0.0003s ]
SQL: SELECT * FROM `xb_sys_ipaddress` WHERE `IpAddress` = '58.132.205.66' LIMIT 1   [ RunTime:0.0001s ]
NOTIC: [8] Undefined index: data /www/wwwroot/xbm.mashangbang.top/Application/Common/Common/function.php 第 385 行.
NOTIC: [8] Undefined index: data /www/wwwroot/xbm.mashangbang.top/Application/Common/Common/function.php 第 386 行.
SQL: SHOW COLUMNS FROM `xb_sys_log` [ RunTime:0.0004s ]
SQL: INSERT INTO `xb_sys_log` (`UserID`,`UserName`,`TrueName`,`DateTime`,`IP`,`IPCity`,`URL`,`ControllerName`,`Des`,`Type`) VALUES ('2','admin','超级管理员','2019-07-08 16:54:34','58.132.205.66',NULL,'http://xbm.mashangbang.top:80/admin.php/Items/Product','del','管理员:超级管理员,在 [平台网贷] 的栏目中执行了 [删除] 操作！','删除') [ RunTime:0.0041s ]
SQL: SHOW COLUMNS FROM `xb_items` [ RunTime:0.0007s ]
SQL: UPDATE `xb_items` SET `IsDel`='1' WHERE `ID` IN ('176','188') [ RunTime:0.0031s ]

[ 2019-07-08T16:54:35+08:00 ] 58.132.205.66 /admin.php/Items/Product/DataList
INFO: [ app_init ] --START--
INFO: Run Behavior\BuildLiteBehavior [ RunTime:0.000010s ]
INFO: [ app_init ] --END-- [ RunTime:0.000242s ]
INFO: [ app_begin ] --START--
INFO: Run Behavior\ReadHtmlCacheBehavior [ RunTime:0.000311s ]
INFO: [ app_begin ] --END-- [ RunTime:0.000342s ]
SQL: SHOW COLUMNS FROM `xb_sys_menu` [ RunTime:0.0005s ]
SQL: SELECT * FROM `xb_sys_menu` WHERE `Url` LIKE 'Items/Product%' AND `IsDel` = 0 AND `Status` = 1 LIMIT 1   [ RunTime:0.0001s ]
SQL: SHOW COLUMNS FROM `xb_sys_operationbutton` [ RunTime:0.0004s ]
SQL: SELECT * FROM `xb_sys_operationbutton` WHERE `IsDel` = 0 AND `Status` = 1 AND `EName` = 'DataList' LIMIT 1   [ RunTime:0.0001s ]
SQL: SHOW COLUMNS FROM `xb_items` [ RunTime:0.0007s ]
SQL: SELECT * FROM `xb_items` WHERE `IsDel` = 0 AND `Itype` = 1 ORDER BY Sort asc,ID desc LIMIT 0,20   [ RunTime:0.0005s ]
SQL: SELECT COUNT(*) AS tp_count FROM `xb_items` WHERE `IsDel` = 0 AND `Itype` = 1 LIMIT 1   [ RunTime:0.0003s ]

[ 2019-07-08T16:55:05+08:00 ] 58.132.205.66 /admin.php/Credit/Items/index
INFO: [ app_init ] --START--
INFO: Run Behavior\BuildLiteBehavior [ RunTime:0.000009s ]
INFO: [ app_init ] --END-- [ RunTime:0.000245s ]
INFO: [ app_begin ] --START--
INFO: Run Behavior\ReadHtmlCacheBehavior [ RunTime:0.000316s ]
INFO: [ app_begin ] --END-- [ RunTime:0.000347s ]
SQL: SHOW COLUMNS FROM `xb_sys_menu` [ RunTime:0.0005s ]
SQL: SELECT * FROM `xb_sys_menu` WHERE `Url` LIKE 'Credit/Items%' AND `IsDel` = 0 AND `Status` = 1 LIMIT 1   [ RunTime:0.0001s ]
SQL: SHOW COLUMNS FROM `xb_sys_operationbutton` [ RunTime:0.0004s ]
SQL: SELECT * FROM `xb_sys_operationbutton` WHERE `IsDel` = 0 AND `Status` = 1 AND `EName` = 'index' LIMIT 1   [ RunTime:0.0001s ]
SQL: SHOW COLUMNS FROM `xb_credit_bank` [ RunTime:0.0003s ]
SQL: SELECT * FROM `xb_credit_bank` WHERE `IsDel` = 0 ORDER BY Sort asc,ID desc  [ RunTime:0.0003s ]
SQL: SHOW COLUMNS FROM `xb_credit_katype` [ RunTime:0.0003s ]
SQL: SELECT * FROM `xb_credit_katype` WHERE `IsDel` = 0 ORDER BY Sort asc,ID desc  [ RunTime:0.0001s ]
INFO: [ view_parse ] --START--
INFO: [ template_filter ] --START--
INFO: Run Behavior\ContentReplaceBehavior [ RunTime:0.000035s ]
INFO: [ template_filter ] --END-- [ RunTime:0.000062s ]
SQL: SELECT `ID` FROM `xb_sys_menu` WHERE ( Url='Credit/Items/index' ) LIMIT 1   [ RunTime:0.0001s ]
SQL: SHOW COLUMNS FROM `xb_sys_rolemenu` [ RunTime:0.0003s ]
SQL: SELECT `ButtonID` FROM `xb_sys_rolemenu` WHERE ( RoleID=2 and MenuID=130 ) LIMIT 1   [ RunTime:0.0002s ]
SQL: SELECT * FROM `xb_sys_operationbutton` WHERE `ID` = 1 LIMIT 1   [ RunTime:0.0001s ]
SQL: SELECT * FROM `xb_sys_operationbutton` WHERE `ID` = 2 LIMIT 1   [ RunTime:0.0001s ]
SQL: SELECT * FROM `xb_sys_operationbutton` WHERE `ID` = 7 LIMIT 1   [ RunTime:0.0001s ]
SQL: SELECT * FROM `xb_sys_operationbutton` WHERE `ID` = 9 LIMIT 1   [ RunTime:0.0001s ]
SQL: SELECT * FROM `xb_sys_operationbutton` WHERE `ID` = 4 LIMIT 1   [ RunTime:0.0001s ]
SQL: SELECT * FROM `xb_sys_operationbutton` WHERE `ID` = 14 LIMIT 1   [ RunTime:0.0001s ]
INFO: [ view_parse ] --START--
INFO: [ template_filter ] --START--
INFO: Run Behavior\ContentReplaceBehavior [ RunTime:0.000028s ]
INFO: [ template_filter ] --END-- [ RunTime:-0.003665s ]
INFO: Run Behavior\ParseTemplateBehavior [ RunTime:0.001281s ]
INFO: [ view_parse ] --END-- [ RunTime:0.001310s ]
INFO: [ view_filter ] --START--
INFO: Run Behavior\WriteHtmlCacheBehavior [ RunTime:0.000138s ]
INFO: [ view_filter ] --END-- [ RunTime:0.000157s ]
SQL: SELECT `ID` FROM `xb_sys_menu` WHERE ( Url='Credit/Items/index' ) LIMIT 1   [ RunTime:0.0001s ]
SQL: SELECT `ButtonID` FROM `xb_sys_rolemenu` WHERE ( RoleID=2 and MenuID=130 ) LIMIT 1   [ RunTime:0.0001s ]
SQL: SELECT * FROM `xb_sys_operationbutton` WHERE `ID` = 1 LIMIT 1   [ RunTime:0.0001s ]
SQL: SHOW COLUMNS FROM `xb_sys_menubutton` [ RunTime:0.0003s ]
SQL: SELECT * FROM `xb_sys_menubutton` WHERE ( MenuID=130 and ButtonID=1 ) LIMIT 1   [ RunTime:0.0001s ]
SQL: SELECT * FROM `xb_sys_operationbutton` WHERE `ID` = 2 LIMIT 1   [ RunTime:0.0001s ]
SQL: SELECT * FROM `xb_sys_menubutton` WHERE ( MenuID=130 and ButtonID=2 ) LIMIT 1   [ RunTime:0.0001s ]
SQL: SELECT * FROM `xb_sys_operationbutton` WHERE `ID` = 7 LIMIT 1   [ RunTime:0.0001s ]
SQL: SELECT * FROM `xb_sys_menubutton` WHERE ( MenuID=130 and ButtonID=7 ) LIMIT 1   [ RunTime:0.0001s ]
SQL: SELECT * FROM `xb_sys_operationbutton` WHERE `ID` = 9 LIMIT 1   [ RunTime:0.0001s ]
SQL: SELECT * FROM `xb_sys_menubutton` WHERE ( MenuID=130 and ButtonID=9 ) LIMIT 1   [ RunTime:0.0001s ]
SQL: SELECT * FROM `xb_sys_operationbutton` WHERE `ID` = 4 LIMIT 1   [ RunTime:0.0001s ]
SQL: SELECT * FROM `xb_sys_menubutton` WHERE ( MenuID=130 and ButtonID=4 ) LIMIT 1   [ RunTime:0.0001s ]
SQL: SELECT * FROM `xb_sys_operationbutton` WHERE `ID` = 14 LIMIT 1   [ RunTime:0.0001s ]
SQL: SELECT * FROM `xb_sys_menubutton` WHERE ( MenuID=130 and ButtonID=14 ) LIMIT 1   [ RunTime:0.0001s ]
INFO: Run Behavior\ParseTemplateBehavior [ RunTime:0.004133s ]
INFO: [ view_parse ] --END-- [ RunTime:0.001310s ]
INFO: [ view_filter ] --START--
INFO: Run Behavior\WriteHtmlCacheBehavior [ RunTime:0.000006s ]
INFO: [ view_filter ] --END-- [ RunTime:-0.002688s ]
INFO: [ app_end ] --START--
INFO: Run Behavior\ShowPageTraceBehavior [ RunTime:0.000341s ]
INFO: [ app_end ] --END-- [ RunTime:0.000368s ]

[ 2019-07-08T16:55:05+08:00 ] 58.132.205.66 /admin.php/Credit/Items/DataList
INFO: [ app_init ] --START--
INFO: Run Behavior\BuildLiteBehavior [ RunTime:0.000011s ]
INFO: [ app_init ] --END-- [ RunTime:0.000238s ]
INFO: [ app_begin ] --START--
INFO: Run Behavior\ReadHtmlCacheBehavior [ RunTime:0.000324s ]
INFO: [ app_begin ] --END-- [ RunTime:0.000357s ]
SQL: SHOW COLUMNS FROM `xb_sys_menu` [ RunTime:0.0005s ]
SQL: SELECT * FROM `xb_sys_menu` WHERE `Url` LIKE 'Credit/Items%' AND `IsDel` = 0 AND `Status` = 1 LIMIT 1   [ RunTime:0.0001s ]
SQL: SHOW COLUMNS FROM `xb_sys_operationbutton` [ RunTime:0.0004s ]
SQL: SELECT * FROM `xb_sys_operationbutton` WHERE `IsDel` = 0 AND `Status` = 1 AND `EName` = 'DataList' LIMIT 1   [ RunTime:0.0001s ]
SQL: SHOW COLUMNS FROM `xb_items` [ RunTime:0.0007s ]
SQL: SELECT * FROM `xb_items` WHERE `IsDel` = 0 AND `Itype` = 2 ORDER BY Sort asc,ID desc LIMIT 0,20   [ RunTime:0.0004s ]
SQL: SELECT COUNT(*) AS tp_count FROM `xb_items` WHERE `IsDel` = 0 AND `Itype` = 2 LIMIT 1   [ RunTime:0.0002s ]
SQL: SHOW COLUMNS FROM `xb_credit_bank` [ RunTime:0.0004s ]
SQL: SELECT `BankName` FROM `xb_credit_bank` WHERE `ID` = 4 LIMIT 1   [ RunTime:0.0001s ]
SQL: SHOW COLUMNS FROM `xb_credit_subject` [ RunTime:0.0003s ]
SQL: SELECT `Name` FROM `xb_credit_subject` WHERE `ID` = 9 LIMIT 1   [ RunTime:0.0001s ]
SQL: SHOW COLUMNS FROM `xb_credit_katype` [ RunTime:0.0003s ]
SQL: SELECT `Name` FROM `xb_credit_katype` WHERE `ID` = 3 LIMIT 1   [ RunTime:0.0001s ]
SQL: SHOW COLUMNS FROM `xb_credit_bitype` [ RunTime:0.0003s ]
SQL: SELECT `Name` FROM `xb_credit_bitype` WHERE `ID` = 1 LIMIT 1   [ RunTime:0.0001s ]
SQL: SHOW COLUMNS FROM `xb_credit_yearfee` [ RunTime:0.0003s ]
SQL: SELECT `Name` FROM `xb_credit_yearfee` WHERE `ID` = 2 LIMIT 1   [ RunTime:0.0001s ]
SQL: SHOW COLUMNS FROM `xb_sys_administrator` [ RunTime:0.0003s ]
SQL: SELECT `UserName` FROM `xb_sys_administrator` WHERE `ID` = 2 LIMIT 1   [ RunTime:0.0001s ]
SQL: SELECT `BankName` FROM `xb_credit_bank` WHERE `ID` = 15 LIMIT 1   [ RunTime:0.0001s ]
SQL: SELECT `Name` FROM `xb_credit_subject` WHERE `ID` = 9 LIMIT 1   [ RunTime:0.0001s ]
SQL: SELECT `Name` FROM `xb_credit_katype` WHERE `ID` = 3 LIMIT 1   [ RunTime:0.0001s ]
SQL: SELECT `Name` FROM `xb_credit_bitype` WHERE `ID` = 1 LIMIT 1   [ RunTime:0.0000s ]
SQL: SELECT `Name` FROM `xb_credit_yearfee` WHERE `ID` = 6 LIMIT 1   [ RunTime:0.0000s ]
SQL: SELECT `UserName` FROM `xb_sys_administrator` WHERE `ID` = 2 LIMIT 1   [ RunTime:0.0000s ]

[ 2019-07-08T16:55:09+08:00 ] 58.132.205.66 /admin.php/Credit/Items/del/
INFO: [ app_init ] --START--
INFO: Run Behavior\BuildLiteBehavior [ RunTime:0.000010s ]
INFO: [ app_init ] --END-- [ RunTime:0.000266s ]
INFO: [ app_begin ] --START--
INFO: Run Behavior\ReadHtmlCacheBehavior [ RunTime:0.000317s ]
INFO: [ app_begin ] --END-- [ RunTime:0.000346s ]
SQL: SHOW COLUMNS FROM `xb_sys_menu` [ RunTime:0.0005s ]
SQL: SELECT `ID` FROM `xb_sys_menu` WHERE `Url` LIKE 'Credit/Items%' LIMIT 1   [ RunTime:0.0001s ]
SQL: SHOW COLUMNS FROM `xb_sys_rolemenu` [ RunTime:0.0003s ]
SQL: SELECT `ButtonID` FROM `xb_sys_rolemenu` WHERE `RoleID` = 2 AND `MenuID` = 130 LIMIT 1   [ RunTime:0.0002s ]
SQL: SHOW COLUMNS FROM `xb_sys_operationbutton` [ RunTime:0.0003s ]
SQL: SELECT `EName` FROM `xb_sys_operationbutton` WHERE `ID` = 1 LIMIT 1   [ RunTime:0.0001s ]
SQL: SELECT `EName` FROM `xb_sys_operationbutton` WHERE `ID` = 2 LIMIT 1   [ RunTime:0.0001s ]
SQL: SELECT `EName` FROM `xb_sys_operationbutton` WHERE `ID` = 7 LIMIT 1   [ RunTime:0.0001s ]
SQL: SELECT `EName` FROM `xb_sys_operationbutton` WHERE `ID` = 9 LIMIT 1   [ RunTime:0.0001s ]
SQL: SELECT `EName` FROM `xb_sys_operationbutton` WHERE `ID` = 4 LIMIT 1   [ RunTime:0.0001s ]
SQL: SELECT * FROM `xb_sys_menu` WHERE `Url` LIKE 'Credit/Items%' AND `IsDel` = 0 AND `Status` = 1 LIMIT 1   [ RunTime:0.0001s ]
SQL: SELECT * FROM `xb_sys_operationbutton` WHERE `IsDel` = 0 AND `Status` = 1 AND `EName` = 'del' LIMIT 1   [ RunTime:0.0001s ]
SQL: SHOW COLUMNS FROM `xb_sys_ipaddress` [ RunTime:0.0004s ]
SQL: SELECT * FROM `xb_sys_ipaddress` WHERE `IpAddress` = '58.132.205.66' LIMIT 1   [ RunTime:0.0001s ]
NOTIC: [8] Undefined index: data /www/wwwroot/xbm.mashangbang.top/Application/Common/Common/function.php 第 385 行.
NOTIC: [8] Undefined index: data /www/wwwroot/xbm.mashangbang.top/Application/Common/Common/function.php 第 386 行.
SQL: SHOW COLUMNS FROM `xb_sys_log` [ RunTime:0.0004s ]
SQL: INSERT INTO `xb_sys_log` (`UserID`,`UserName`,`TrueName`,`DateTime`,`IP`,`IPCity`,`URL`,`ControllerName`,`Des`,`Type`) VALUES ('2','admin','超级管理员','2019-07-08 16:55:09','58.132.205.66',NULL,'http://xbm.mashangbang.top:80/admin.php/Credit/Items','del','管理员:超级管理员,在 [卡贷管理] 的栏目中执行了 [删除] 操作！','删除') [ RunTime:0.0037s ]
SQL: SHOW COLUMNS FROM `xb_items` [ RunTime:0.0007s ]
SQL: UPDATE `xb_items` SET `IsDel`='1' WHERE `ID` IN ('172','173') [ RunTime:0.0030s ]

[ 2019-07-08T16:55:09+08:00 ] 58.132.205.66 /admin.php/Credit/Items/DataList
INFO: [ app_init ] --START--
INFO: Run Behavior\BuildLiteBehavior [ RunTime:0.000010s ]
INFO: [ app_init ] --END-- [ RunTime:0.000264s ]
INFO: [ app_begin ] --START--
INFO: Run Behavior\ReadHtmlCacheBehavior [ RunTime:0.000321s ]
INFO: [ app_begin ] --END-- [ RunTime:0.000351s ]
SQL: SHOW COLUMNS FROM `xb_sys_menu` [ RunTime:0.0005s ]
SQL: SELECT * FROM `xb_sys_menu` WHERE `Url` LIKE 'Credit/Items%' AND `IsDel` = 0 AND `Status` = 1 LIMIT 1   [ RunTime:0.0001s ]
SQL: SHOW COLUMNS FROM `xb_sys_operationbutton` [ RunTime:0.0004s ]
SQL: SELECT * FROM `xb_sys_operationbutton` WHERE `IsDel` = 0 AND `Status` = 1 AND `EName` = 'DataList' LIMIT 1   [ RunTime:0.0001s ]
SQL: SHOW COLUMNS FROM `xb_items` [ RunTime:0.0007s ]
SQL: SELECT * FROM `xb_items` WHERE `IsDel` = 0 AND `Itype` = 2 ORDER BY Sort asc,ID desc LIMIT 0,20   [ RunTime:0.0004s ]
SQL: SELECT COUNT(*) AS tp_count FROM `xb_items` WHERE `IsDel` = 0 AND `Itype` = 2 LIMIT 1   [ RunTime:0.0002s ]

